#
# A fatal error has been detected by the Java Runtime Environment:
#
#  SIGSEGV (0xb) at pc=0x8a13bac2, pid=5324, tid=2293762880
#
# JRE version: Java(TM) SE Runtime Environment (7.0_51-b13) (build 1.7.0_51-b13)
# Java VM: Java HotSpot(TM) Server VM (24.51-b03 mixed mode linux-x86 )
# Problematic frame:
# C  [libopenal.so+0x1bac2]  alcCreateContext+0xd2
#
# Failed to write core dump. Core dumps have been disabled. To enable core dumping, try "ulimit -c unlimited" before starting Java again
#
# If you would like to submit a bug report, please visit:
#   http://bugreport.sun.com/bugreport/crash.jsp
# The crash happened outside the Java Virtual Machine in native code.
# See problematic frame for where to report the bug.
#

---------------  T H R E A D  ---------------

Current thread (0x88a6b400):  JavaThread "jME3 Audio Thread" daemon [_thread_in_native, id=5356, stack(0x88b30000,0x88b81000)]

siginfo:si_signo=SIGSEGV: si_errno=0, si_code=2 (SEGV_ACCERR), si_addr=0x8b1ed004

Registers:
EAX=0x8b1ed004, EBX=0x8a16fff4, ECX=0x000000ff, EDX=0x00000001
ESP=0x88b7fd10, EBP=0x8b1ecffc, ESI=0x8a039ac0, EDI=0x00000001
EIP=0x8a13bac2, EFLAGS=0x00210293, CR2=0x8b1ed004

Top of Stack: (sp=0x88b7fd10)
0x88b7fd10:   8dd9af34 8dd9af24 8dd9af24 fffffffe
0x88b7fd20:   00000000 00000000 00000000 b35eab59
0x88b7fd30:   00000008 b7081b68 8fa47a50 00000004
0x88b7fd40:   00000000 9098c515 00014cd7 00000000
0x88b7fd50:   0000000d 8dd9af14 88b7fe1c b35f5314
0x88b7fd60:   b6ab488e 000000ff b6f58cb6 88b7fd7c
0x88b7fd70:   b7118c18 88b800b0 88a54968 88b7fdbc
0x88b7fd80:   b6cd02ee 88b7fda8 00000004 0000ac44 

Instructions: (pc=0x8a13bac2)
0x8a13baa2:   8d b6 00 00 00 00 8b 55 00 81 fa 11 10 00 00 74
0x8a13bab2:   3b 81 fa 03 00 02 00 75 07 8b 50 fc 89 54 24 78
0x8a13bac2:   8b 10 89 c5 83 c0 08 85 d2 74 3a 81 fa 07 10 00
0x8a13bad2:   00 75 d3 8b 50 fc 89 54 24 7c 83 8e cc 00 00 00 

Register to memory mapping:

EAX=0x8b1ed004 is an unknown value
EBX=0x8a16fff4: <offset 0x4fff4> in /home/nicolas/git_repo/arkanoide2/libopenal.so at 0x8a120000
ECX=0x000000ff is an unknown value
EDX=0x00000001 is an unknown value
ESP=0x88b7fd10 is pointing into the stack for thread: 0x88a6b400
EBP=0x8b1ecffc is an unknown value
ESI=0x8a039ac0 is an unknown value
EDI=0x00000001 is an unknown value


Stack: [0x88b30000,0x88b81000],  sp=0x88b7fd10,  free space=319k
Native frames: (J=compiled Java code, j=interpreted, Vv=VM code, C=native code)
C  [libopenal.so+0x1bac2]  alcCreateContext+0xd2

Java frames: (J=compiled Java code, j=interpreted, Vv=VM code)
j  org.lwjgl.openal.ALC10.nalcCreateContext(JJ)J+0
j  org.lwjgl.openal.ALC10.alcCreateContext(Lorg/lwjgl/openal/ALCdevice;Ljava/nio/IntBuffer;)Lorg/lwjgl/openal/ALCcontext;+8
j  org.lwjgl.openal.AL.init(Ljava/lang/String;IIZZ)V+69
j  org.lwjgl.openal.AL.create(Ljava/lang/String;IIZZ)V+227
j  org.lwjgl.openal.AL.create(Ljava/lang/String;IIZ)V+5
j  org.lwjgl.openal.AL.create()V+6
j  com.jme3.audio.lwjgl.LwjglAudioRenderer.initInThread()V+6
j  com.jme3.audio.lwjgl.LwjglAudioRenderer.run()V+1
j  java.lang.Thread.run()V+11
v  ~StubRoutines::call_stub

---------------  P R O C E S S  ---------------

Java Threads: ( => current thread )
=>0x88a6b400 JavaThread "jME3 Audio Thread" daemon [_thread_in_native, id=5356, stack(0x88b30000,0x88b81000)]
  0x8d5dec00 JavaThread "process reaper" daemon [_thread_blocked, id=5352, stack(0x8a33a000,0x8a353000)]
  0xb6608400 JavaThread "DestroyJavaVM" [_thread_blocked, id=5328, stack(0xb67d9000,0xb682a000)]
  0x8d5d0400 JavaThread "LWJGL Renderer Thread" [_thread_blocked, id=5350, stack(0x8a3af000,0x8a400000)]
  0x8b15cc00 JavaThread "Image Fetcher 0" daemon [_thread_blocked, id=5349, stack(0x8a5ca000,0x8a61b000)]
  0x8db26c00 JavaThread "Timer-0" daemon [_thread_blocked, id=5345, stack(0x8d186000,0x8d1d7000)]
  0x8d5a0800 JavaThread "AWT-EventQueue-0" [_thread_blocked, id=5344, stack(0x8d1d7000,0x8d228000)]
  0x8d59f800 JavaThread "AWT-Shutdown" [_thread_blocked, id=5343, stack(0x8d228000,0x8d279000)]
  0x8d59d400 JavaThread "AWT-XAWT" daemon [_thread_in_native, id=5342, stack(0x8d279000,0x8d2ca000)]
  0x8d588c00 JavaThread "Java2D Disposer" daemon [_thread_blocked, id=5341, stack(0x8d2ca000,0x8d31b000)]
  0x8df9a000 JavaThread "Service Thread" daemon [_thread_blocked, id=5339, stack(0x8d6fc000,0x8d74d000)]
  0x8df98400 JavaThread "C2 CompilerThread1" daemon [_thread_blocked, id=5338, stack(0x8d74d000,0x8d7ce000)]
  0x8df96400 JavaThread "C2 CompilerThread0" daemon [_thread_blocked, id=5337, stack(0x8dc2e000,0x8dcaf000)]
  0x8df94c00 JavaThread "Signal Dispatcher" daemon [_thread_blocked, id=5336, stack(0x8dcaf000,0x8dd00000)]
  0x8df85000 JavaThread "Finalizer" daemon [_thread_blocked, id=5335, stack(0x8f72e000,0x8f77f000)]
  0x8df82800 JavaThread "Reference Handler" daemon [_thread_blocked, id=5334, stack(0x8de2e000,0x8de7f000)]

Other Threads:
  0x8df81000 VMThread [stack: 0x8de7f000,0x8df00000] [id=5333]
  0x8df9c400 WatcherThread [stack: 0x8d67b000,0x8d6fc000] [id=5340]

VM state:not at safepoint (normal execution)

VM Mutex/Monitor currently owned by a thread: None

Heap
 PSYoungGen      total 17664K, used 4934K [0xa8d80000, 0xaa000000, 0xb3500000)
  eden space 16384K, 22% used [0xa8d80000,0xa91147f0,0xa9d80000)
  from space 1280K, 99% used [0xa9ec0000,0xa9ffd0b0,0xaa000000)
  to   space 1280K, 0% used [0xa9d80000,0xa9d80000,0xa9ec0000)
 ParOldGen       total 21248K, used 5802K [0x93f00000, 0x953c0000, 0xa8d80000)
  object space 21248K, 27% used [0x93f00000,0x944aa8f0,0x953c0000)
 PSPermGen       total 16384K, used 12238K [0x8ff00000, 0x90f00000, 0x93f00000)
  object space 16384K, 74% used [0x8ff00000,0x90af3a88,0x90f00000)

Card table byte_map: [0x8fde4000,0x8ff00000] byte_map_base: 0x8f964800

Polling page: 0xb773b000

Code Cache  [0xb35e2000, 0xb3822000, 0xb65e2000)
 total_blobs=369 nmethods=76 adapters=247 free_code_cache=48654Kb largest_free_block=49802944

Compilation events (10 events):
Event: 2,715 Thread 0x8df98400 nmethod 72 0xb3658bc8 code [0xb3658cc0, 0xb3658d30]
Event: 2,721 Thread 0x8df96400 nmethod 69 0xb365af48 code [0xb365b0c0, 0xb365b598]
Event: 2,823 Thread 0x8df98400   73             sun.nio.cs.UTF_8$Decoder::decodeArrayLoop (543 bytes)
Event: 2,833 Thread 0x8df96400   74             java.util.regex.Matcher::reset (83 bytes)
Event: 2,836 Thread 0x8df96400 nmethod 74 0xb365ba88 code [0xb365bb80, 0xb365bcb0]
Event: 2,850 Thread 0x8df98400 nmethod 73 0xb36617c8 code [0xb36619e0, 0xb366251c]
Event: 2,850 Thread 0x8df96400   75             java.lang.String::startsWith (7 bytes)
Event: 2,852 Thread 0x8df96400 nmethod 75 0xb365aa88 code [0xb365ab80, 0xb365acd0]
Event: 2,866 Thread 0x8df98400   76             sun.misc.MetaIndex::mayContain (51 bytes)
Event: 2,873 Thread 0x8df98400 nmethod 76 0xb365f8c8 code [0xb365f9e0, 0xb365fc3c]

GC Heap History (4 events):
Event: 0,745 GC heap before
{Heap before GC invocations=1 (full 0):
 PSYoungGen      total 9472K, used 8192K [0xa8d80000, 0xa9800000, 0xb3500000)
  eden space 8192K, 100% used [0xa8d80000,0xa9580000,0xa9580000)
  from space 1280K, 0% used [0xa96c0000,0xa96c0000,0xa9800000)
  to   space 1280K, 0% used [0xa9580000,0xa9580000,0xa96c0000)
 ParOldGen       total 21248K, used 0K [0x93f00000, 0x953c0000, 0xa8d80000)
  object space 21248K, 0% used [0x93f00000,0x93f00000,0x953c0000)
 PSPermGen       total 16384K, used 8101K [0x8ff00000, 0x90f00000, 0x93f00000)
  object space 16384K, 49% used [0x8ff00000,0x906e9590,0x90f00000)
Event: 0,756 GC heap after
Heap after GC invocations=1 (full 0):
 PSYoungGen      total 9472K, used 1264K [0xa8d80000, 0xaa000000, 0xb3500000)
  eden space 8192K, 0% used [0xa8d80000,0xa8d80000,0xa9580000)
  from space 1280K, 98% used [0xa9580000,0xa96bc060,0xa96c0000)
  to   space 1280K, 0% used [0xa9ec0000,0xa9ec0000,0xaa000000)
 ParOldGen       total 21248K, used 3866K [0x93f00000, 0x953c0000, 0xa8d80000)
  object space 21248K, 18% used [0x93f00000,0x942c68c0,0x953c0000)
 PSPermGen       total 16384K, used 8101K [0x8ff00000, 0x90f00000, 0x93f00000)
  object space 16384K, 49% used [0x8ff00000,0x906e9590,0x90f00000)
}
Event: 2,751 GC heap before
{Heap before GC invocations=2 (full 0):
 PSYoungGen      total 9472K, used 9449K [0xa8d80000, 0xaa000000, 0xb3500000)
  eden space 8192K, 99% used [0xa8d80000,0xa957e550,0xa9580000)
  from space 1280K, 98% used [0xa9580000,0xa96bc060,0xa96c0000)
  to   space 1280K, 0% used [0xa9ec0000,0xa9ec0000,0xaa000000)
 ParOldGen       total 21248K, used 3866K [0x93f00000, 0x953c0000, 0xa8d80000)
  object space 21248K, 18% used [0x93f00000,0x942c68c0,0x953c0000)
 PSPermGen       total 16384K, used 11399K [0x8ff00000, 0x90f00000, 0x93f00000)
  object space 16384K, 69% used [0x8ff00000,0x90a21fc8,0x90f00000)
Event: 2,764 GC heap after
Heap after GC invocations=2 (full 0):
 PSYoungGen      total 17664K, used 1268K [0xa8d80000, 0xaa000000, 0xb3500000)
  eden space 16384K, 0% used [0xa8d80000,0xa8d80000,0xa9d80000)
  from space 1280K, 99% used [0xa9ec0000,0xa9ffd0b0,0xaa000000)
  to   space 1280K, 0% used [0xa9d80000,0xa9d80000,0xa9ec0000)
 ParOldGen       total 21248K, used 5802K [0x93f00000, 0x953c0000, 0xa8d80000)
  object space 21248K, 27% used [0x93f00000,0x944aa8f0,0x953c0000)
 PSPermGen       total 16384K, used 11399K [0x8ff00000, 0x90f00000, 0x93f00000)
  object space 16384K, 69% used [0x8ff00000,0x90a21fc8,0x90f00000)
}

Deoptimization events (10 events):
Event: 0,499 Thread 0x8d5a0800 Uncommon trap: reason=class_check action=maybe_recompile pc=0xb363cefc method=java.util.Properties$LineReader.readLine()I @ 62
Event: 0,720 Thread 0x8d5a0800 Uncommon trap: reason=class_check action=maybe_recompile pc=0xb3639a0c method=java.lang.String.equals(Ljava/lang/Object;)Z @ 8
Event: 0,720 Thread 0x8d5a0800 Uncommon trap: reason=class_check action=maybe_recompile pc=0xb3639a0c method=java.lang.String.equals(Ljava/lang/Object;)Z @ 8
Event: 0,720 Thread 0x8d5a0800 Uncommon trap: reason=class_check action=maybe_recompile pc=0xb3639a0c method=java.lang.String.equals(Ljava/lang/Object;)Z @ 8
Event: 0,720 Thread 0x8d5a0800 Uncommon trap: reason=class_check action=maybe_recompile pc=0xb3639a0c method=java.lang.String.equals(Ljava/lang/Object;)Z @ 8
Event: 2,059 Thread 0x8d5a0800 Uncommon trap: reason=class_check action=maybe_recompile pc=0xb363cefc method=java.util.Properties$LineReader.readLine()I @ 62
Event: 2,059 Thread 0x8d5a0800 Uncommon trap: reason=class_check action=maybe_recompile pc=0xb363cefc method=java.util.Properties$LineReader.readLine()I @ 62
Event: 2,152 Thread 0x8d59d400 Uncommon trap: reason=unreached action=reinterpret pc=0xb364c744 method=java.util.TreeMap.getEntry(Ljava/lang/Object;)Ljava/util/TreeMap$Entry; @ 4
Event: 2,210 Thread 0xb6608400 Uncommon trap: reason=unreached action=reinterpret pc=0xb3641e10 method=java.lang.AbstractStringBuilder.append(Ljava/lang/String;)Ljava/lang/AbstractStringBuilder; @ 1
Event: 2,211 Thread 0xb6608400 Uncommon trap: reason=unreached action=reinterpret pc=0xb3643f50 method=java.lang.AbstractStringBuilder.append(Ljava/lang/String;)Ljava/lang/AbstractStringBuilder; @ 1

Internal exceptions (10 events):
Event: 2,881 Thread 0x88a6b400 Threw 0xa90ee5f0 at /HUDSON/workspace/7u-2-build-linux-i586/jdk7u51/527/hotspot/src/share/vm/prims/jni.cpp:743
Event: 2,881 Thread 0x88a6b400 Threw 0xa90eea60 at /HUDSON/workspace/7u-2-build-linux-i586/jdk7u51/527/hotspot/src/share/vm/prims/jni.cpp:743
Event: 2,881 Thread 0x88a6b400 Threw 0xa90eee28 at /HUDSON/workspace/7u-2-build-linux-i586/jdk7u51/527/hotspot/src/share/vm/prims/jni.cpp:743
Event: 2,881 Thread 0x88a6b400 Threw 0xa90ef270 at /HUDSON/workspace/7u-2-build-linux-i586/jdk7u51/527/hotspot/src/share/vm/prims/jni.cpp:743
Event: 2,882 Thread 0x88a6b400 Threw 0xa90ef700 at /HUDSON/workspace/7u-2-build-linux-i586/jdk7u51/527/hotspot/src/share/vm/prims/jni.cpp:743
Event: 2,882 Thread 0x88a6b400 Threw 0xa90efe10 at /HUDSON/workspace/7u-2-build-linux-i586/jdk7u51/527/hotspot/src/share/vm/prims/jvm.cpp:1244
Event: 2,884 Thread 0x88a6b400 Threw 0xa90fa330 at /HUDSON/workspace/7u-2-build-linux-i586/jdk7u51/527/hotspot/src/share/vm/prims/jvm.cpp:1244
Event: 2,891 Thread 0x88a6b400 Threw 0xa9100720 at /HUDSON/workspace/7u-2-build-linux-i586/jdk7u51/527/hotspot/src/share/vm/prims/jvm.cpp:1244
Event: 2,891 Thread 0x88a6b400 Threw 0xa9103c30 at /HUDSON/workspace/7u-2-build-linux-i586/jdk7u51/527/hotspot/src/share/vm/prims/jvm.cpp:1244
Event: 2,892 Thread 0x88a6b400 Threw 0xa9106b40 at /HUDSON/workspace/7u-2-build-linux-i586/jdk7u51/527/hotspot/src/share/vm/prims/jvm.cpp:1244

Events (10 events):
Event: 2,882 loading class 0x88a56328
Event: 2,882 loading class 0x88a56328 done
Event: 2,884 loading class 0x88a56378
Event: 2,884 loading class 0x88a56378 done
Event: 2,891 loading class 0x8b1de8c0
Event: 2,891 loading class 0x8b1de8c0 done
Event: 2,891 loading class 0x8b1a2348
Event: 2,891 loading class 0x8b1a2348 done
Event: 2,892 loading class 0x8b1de8f0
Event: 2,892 loading class 0x8b1de8f0 done


Dynamic libraries:
08048000-08049000 r-xp 00000000 08:06 164736     /home/nicolas/jmonkeyplatform/jdk/bin/java
08049000-0804a000 rw-p 00000000 08:06 164736     /home/nicolas/jmonkeyplatform/jdk/bin/java
08d79000-08e18000 rw-p 00000000 00:00 0          [heap]
84038000-88039000 rw-s 00000000 00:12 168977     /run/shm/pulse-shm-2529101897
88039000-8803a000 ---p 00000000 00:00 0 
8803a000-8883a000 rw-p 00000000 00:00 0 
8883a000-889a0000 r-xp 00000000 08:06 266786     /usr/lib/i386-linux-gnu/libvorbisenc.so.2.0.8
889a0000-889b1000 r--p 00165000 08:06 266786     /usr/lib/i386-linux-gnu/libvorbisenc.so.2.0.8
889b1000-889b2000 rw-p 00176000 08:06 266786     /usr/lib/i386-linux-gnu/libvorbisenc.so.2.0.8
889b2000-889fe000 r-xp 00000000 08:06 261870     /usr/lib/i386-linux-gnu/libFLAC.so.8.2.0
889fe000-889ff000 r--p 0004b000 08:06 261870     /usr/lib/i386-linux-gnu/libFLAC.so.8.2.0
889ff000-88a00000 rw-p 0004c000 08:06 261870     /usr/lib/i386-linux-gnu/libFLAC.so.8.2.0
88a00000-88ab4000 rw-p 00000000 00:00 0 
88ab4000-88b00000 ---p 00000000 00:00 0 
88b30000-88b33000 ---p 00000000 00:00 0 
88b33000-88d00000 rw-p 00000000 00:00 0 
88d00000-88dff000 rw-p 00000000 00:00 0 
88dff000-88e00000 ---p 00000000 00:00 0 
88e23000-88e8f000 r-xp 00000000 08:06 264124     /usr/lib/i386-linux-gnu/libsndfile.so.1.0.25
88e8f000-88e91000 r--p 0006b000 08:06 264124     /usr/lib/i386-linux-gnu/libsndfile.so.1.0.25
88e91000-88e92000 rw-p 0006d000 08:06 264124     /usr/lib/i386-linux-gnu/libsndfile.so.1.0.25
88e92000-88e96000 rw-p 00000000 00:00 0 
88e96000-88ef9000 r-xp 00000000 08:06 270389     /usr/lib/i386-linux-gnu/libpulsecommon-1.1.so
88ef9000-88efa000 r--p 00062000 08:06 270389     /usr/lib/i386-linux-gnu/libpulsecommon-1.1.so
88efa000-88efb000 rw-p 00063000 08:06 270389     /usr/lib/i386-linux-gnu/libpulsecommon-1.1.so
88efb000-89800000 rw-p 00000000 00:00 0 
89800000-898f5000 rw-p 00000000 00:00 0 
898f5000-89900000 ---p 00000000 00:00 0 
89936000-89982000 r-xp 00000000 08:06 266663     /usr/lib/i386-linux-gnu/libpulse.so.0.13.5
89982000-89983000 r--p 0004b000 08:06 266663     /usr/lib/i386-linux-gnu/libpulse.so.0.13.5
89983000-89984000 rw-p 0004c000 08:06 266663     /usr/lib/i386-linux-gnu/libpulse.so.0.13.5
89984000-89a5c000 r-xp 00000000 08:06 266743     /usr/lib/i386-linux-gnu/libstdc++.so.6.0.16
89a5c000-89a5d000 ---p 000d8000 08:06 266743     /usr/lib/i386-linux-gnu/libstdc++.so.6.0.16
89a5d000-89a61000 r--p 000d8000 08:06 266743     /usr/lib/i386-linux-gnu/libstdc++.so.6.0.16
89a61000-89a62000 rw-p 000dc000 08:06 266743     /usr/lib/i386-linux-gnu/libstdc++.so.6.0.16
89a62000-89a69000 rw-p 00000000 00:00 0 
89a69000-89b7e000 r-xp 00000000 08:06 263026     /usr/lib/i386-linux-gnu/dri/libglsl.so
89b7e000-89b83000 r--p 00114000 08:06 263026     /usr/lib/i386-linux-gnu/dri/libglsl.so
89b83000-89b85000 rw-p 00119000 08:06 263026     /usr/lib/i386-linux-gnu/dri/libglsl.so
89b85000-89b86000 rw-p 00000000 00:00 0 
89b86000-89de2000 r-xp 00000000 08:06 263022     /usr/lib/i386-linux-gnu/dri/libdricore.so
89de2000-89de3000 ---p 0025c000 08:06 263022     /usr/lib/i386-linux-gnu/dri/libdricore.so
89de3000-89de9000 r--p 0025c000 08:06 263022     /usr/lib/i386-linux-gnu/dri/libdricore.so
89de9000-89deb000 rw-p 00262000 08:06 263022     /usr/lib/i386-linux-gnu/dri/libdricore.so
89deb000-89e00000 rw-p 00000000 00:00 0 
89e00000-89ee2000 rw-p 00000000 00:00 0 
89ee2000-89f00000 ---p 00000000 00:00 0 
89f20000-89ffb000 r-xp 00000000 08:06 263028     /usr/lib/i386-linux-gnu/dri/i965_dri.so
89ffb000-89ffd000 r--p 000da000 08:06 263028     /usr/lib/i386-linux-gnu/dri/i965_dri.so
89ffd000-89fff000 rw-p 000dc000 08:06 263028     /usr/lib/i386-linux-gnu/dri/i965_dri.so
89fff000-8a000000 rw-p 00000000 00:00 0 
8a000000-8a05a000 rw-p 00000000 00:00 0 
8a05a000-8a100000 ---p 00000000 00:00 0 
8a106000-8a10b000 r-xp 00000000 08:06 266273     /usr/lib/i386-linux-gnu/libasyncns.so.0.3.1
8a10b000-8a10c000 r--p 00004000 08:06 266273     /usr/lib/i386-linux-gnu/libasyncns.so.0.3.1
8a10c000-8a10d000 rw-p 00005000 08:06 266273     /usr/lib/i386-linux-gnu/libasyncns.so.0.3.1
8a10d000-8a115000 r-xp 00000000 08:06 1440012    /lib/i386-linux-gnu/libwrap.so.0.7.6
8a115000-8a116000 r--p 00007000 08:06 1440012    /lib/i386-linux-gnu/libwrap.so.0.7.6
8a116000-8a117000 rw-p 00008000 08:06 1440012    /lib/i386-linux-gnu/libwrap.so.0.7.6
8a117000-8a11e000 r-xp 00000000 08:06 262752     /usr/lib/i386-linux-gnu/libjson.so.0.0.1
8a11e000-8a11f000 r--p 00006000 08:06 262752     /usr/lib/i386-linux-gnu/libjson.so.0.0.1
8a11f000-8a120000 rw-p 00007000 08:06 262752     /usr/lib/i386-linux-gnu/libjson.so.0.0.1
8a120000-8a16e000 r-xp 00000000 08:06 183532     /home/nicolas/git_repo/arkanoide2/libopenal.so
8a16e000-8a170000 r--p 0004d000 08:06 183532     /home/nicolas/git_repo/arkanoide2/libopenal.so
8a170000-8a171000 rw-p 0004f000 08:06 183532     /home/nicolas/git_repo/arkanoide2/libopenal.so
8a171000-8a17a000 r-xp 00000000 08:06 262037     /usr/lib/i386-linux-gnu/libpciaccess.so.0.11.0
8a17a000-8a17b000 r--p 00008000 08:06 262037     /usr/lib/i386-linux-gnu/libpciaccess.so.0.11.0
8a17b000-8a17c000 rw-p 00009000 08:06 262037     /usr/lib/i386-linux-gnu/libpciaccess.so.0.11.0
8a17c000-8a19d000 r-xp 00000000 08:06 261905     /usr/lib/i386-linux-gnu/libdrm_intel.so.1.0.0
8a19d000-8a19e000 r--p 00020000 08:06 261905     /usr/lib/i386-linux-gnu/libdrm_intel.so.1.0.0
8a19e000-8a19f000 rw-p 00021000 08:06 261905     /usr/lib/i386-linux-gnu/libdrm_intel.so.1.0.0
8a19f000-8a1aa000 r-xp 00000000 08:06 265513     /usr/lib/i386-linux-gnu/libdrm.so.2.4.0
8a1aa000-8a1ab000 r--p 0000a000 08:06 265513     /usr/lib/i386-linux-gnu/libdrm.so.2.4.0
8a1ab000-8a1ac000 rw-p 0000b000 08:06 265513     /usr/lib/i386-linux-gnu/libdrm.so.2.4.0
8a1ac000-8a1c2000 r-xp 00000000 08:06 263321     /usr/lib/i386-linux-gnu/libxcb-glx.so.0.0.0
8a1c2000-8a1c3000 r--p 00016000 08:06 263321     /usr/lib/i386-linux-gnu/libxcb-glx.so.0.0.0
8a1c3000-8a1c4000 rw-p 00017000 08:06 263321     /usr/lib/i386-linux-gnu/libxcb-glx.so.0.0.0
8a1c4000-8a2c4000 rw-s 00000000 00:04 58458137   /SYSV00000000 (deleted)
8a2c8000-8a2c9000 r-xp 00000000 08:06 263034     /usr/lib/i386-linux-gnu/libX11-xcb.so.1.0.0
8a2c9000-8a2ca000 r--p 00000000 08:06 263034     /usr/lib/i386-linux-gnu/libX11-xcb.so.1.0.0
8a2ca000-8a2cb000 rw-p 00001000 08:06 263034     /usr/lib/i386-linux-gnu/libX11-xcb.so.1.0.0
8a2cb000-8a2da000 r-xp 00000000 08:06 262470     /usr/lib/i386-linux-gnu/libglapi.so.0.0.0
8a2da000-8a2dc000 r--p 0000f000 08:06 262470     /usr/lib/i386-linux-gnu/libglapi.so.0.0.0
8a2dc000-8a2e1000 rwxp 00011000 08:06 262470     /usr/lib/i386-linux-gnu/libglapi.so.0.0.0
8a2e1000-8a333000 r-xp 00000000 08:06 263301     /usr/lib/i386-linux-gnu/mesa/libGL.so.1.2
8a333000-8a335000 r--p 00051000 08:06 263301     /usr/lib/i386-linux-gnu/mesa/libGL.so.1.2
8a335000-8a33a000 rwxp 00053000 08:06 263301     /usr/lib/i386-linux-gnu/mesa/libGL.so.1.2
8a33a000-8a33d000 ---p 00000000 00:00 0 
8a33d000-8a353000 rw-p 00000000 00:00 0 
8a353000-8a3ad000 r-xp 00000000 08:06 183404     /home/nicolas/git_repo/arkanoide2/liblwjgl.so
8a3ad000-8a3ae000 r--p 0005a000 08:06 183404     /home/nicolas/git_repo/arkanoide2/liblwjgl.so
8a3ae000-8a3af000 rw-p 0005b000 08:06 183404     /home/nicolas/git_repo/arkanoide2/liblwjgl.so
8a3af000-8a3b2000 ---p 00000000 00:00 0 
8a3b2000-8a400000 rw-p 00000000 00:00 0 
8a400000-8a42d000 rw-p 00000000 00:00 0 
8a42d000-8a500000 ---p 00000000 00:00 0 
8a502000-8a562000 rw-s 00000000 00:04 58425368   /SYSV00000000 (deleted)
8a562000-8a5c2000 r-xp 00000000 08:06 575829     /home/nicolas/jmonkeyplatform/jdk/jre/lib/i386/libt2k.so
8a5c2000-8a5c6000 rw-p 0005f000 08:06 575829     /home/nicolas/jmonkeyplatform/jdk/jre/lib/i386/libt2k.so
8a5c6000-8a5ca000 rw-p 00000000 00:00 0 
8a5ca000-8a5cd000 ---p 00000000 00:00 0 
8a5cd000-8a61b000 rw-p 00000000 00:00 0 
8a61b000-8a61c000 ---p 00000000 00:00 0 
8a61c000-8ae1c000 rw-p 00000000 00:00 0 
8ae1c000-8ae36000 r-xp 00000000 08:06 266360     /usr/lib/i386-linux-gnu/libdbusmenu-glib.so.4.0.13
8ae36000-8ae37000 r--p 00019000 08:06 266360     /usr/lib/i386-linux-gnu/libdbusmenu-glib.so.4.0.13
8ae37000-8ae38000 rw-p 0001a000 08:06 266360     /usr/lib/i386-linux-gnu/libdbusmenu-glib.so.4.0.13
8ae38000-8ae49000 r-xp 00000000 08:06 263297     /usr/lib/i386-linux-gnu/libdbusmenu-gtk.so.4.0.13
8ae49000-8ae4a000 r--p 00010000 08:06 263297     /usr/lib/i386-linux-gnu/libdbusmenu-gtk.so.4.0.13
8ae4a000-8ae4b000 rw-p 00011000 08:06 263297     /usr/lib/i386-linux-gnu/libdbusmenu-gtk.so.4.0.13
8ae4f000-8ae60000 r--p 00000000 08:06 543132     /usr/share/locale-langpack/es/LC_MESSAGES/pulseaudio.mo
8ae60000-8ae6e000 r-xp 00000000 08:06 1439979    /lib/i386-linux-gnu/libudev.so.0.13.0
8ae6e000-8ae6f000 r--p 0000e000 08:06 1439979    /lib/i386-linux-gnu/libudev.so.0.13.0
8ae6f000-8ae70000 rw-p 0000f000 08:06 1439979    /lib/i386-linux-gnu/libudev.so.0.13.0
8ae70000-8aeb7000 r-xp 00000000 08:06 1457784    /lib/i386-linux-gnu/libdbus-1.so.3.5.8
8aeb7000-8aeb8000 ---p 00047000 08:06 1457784    /lib/i386-linux-gnu/libdbus-1.so.3.5.8
8aeb8000-8aeb9000 r--p 00047000 08:06 1457784    /lib/i386-linux-gnu/libdbus-1.so.3.5.8
8aeb9000-8aeba000 rw-p 00048000 08:06 1457784    /lib/i386-linux-gnu/libdbus-1.so.3.5.8
8aeba000-8aecf000 r-xp 00000000 08:06 262064     /usr/lib/i386-linux-gnu/gvfs/libgvfscommon.so
8aecf000-8aed0000 r--p 00014000 08:06 262064     /usr/lib/i386-linux-gnu/gvfs/libgvfscommon.so
8aed0000-8aed1000 rw-p 00015000 08:06 262064     /usr/lib/i386-linux-gnu/gvfs/libgvfscommon.so
8aed1000-8aefa000 r-xp 00000000 08:06 262066     /usr/lib/i386-linux-gnu/gio/modules/libgvfsdbus.so
8aefa000-8aefb000 r--p 00028000 08:06 262066     /usr/lib/i386-linux-gnu/gio/modules/libgvfsdbus.so
8aefb000-8aefc000 rw-p 00029000 08:06 262066     /usr/lib/i386-linux-gnu/gio/modules/libgvfsdbus.so
8aefc000-8af40000 r-xp 00000000 08:06 266541     /usr/lib/i386-linux-gnu/libibus-1.0.so.0.401.0
8af40000-8af41000 r--p 00043000 08:06 266541     /usr/lib/i386-linux-gnu/libibus-1.0.so.0.401.0
8af41000-8af42000 rw-p 00044000 08:06 266541     /usr/lib/i386-linux-gnu/libibus-1.0.so.0.401.0
8af44000-8af48000 r-xp 00000000 08:06 263959     /usr/lib/i386-linux-gnu/libXxf86vm.so.1.0.0
8af48000-8af49000 r--p 00003000 08:06 263959     /usr/lib/i386-linux-gnu/libXxf86vm.so.1.0.0
8af49000-8af4a000 rw-p 00004000 08:06 263959     /usr/lib/i386-linux-gnu/libXxf86vm.so.1.0.0
8af4a000-8af50000 r--p 00000000 08:06 537828     /usr/share/locale-langpack/es/LC_MESSAGES/gdk-pixbuf.mo
8af50000-8af55000 r-xp 00000000 08:06 263047     /usr/lib/i386-linux-gnu/gtk-2.0/2.10.0/menuproxies/libappmenu.so
8af55000-8af56000 r--p 00004000 08:06 263047     /usr/lib/i386-linux-gnu/gtk-2.0/2.10.0/menuproxies/libappmenu.so
8af56000-8af57000 rw-p 00005000 08:06 263047     /usr/lib/i386-linux-gnu/gtk-2.0/2.10.0/menuproxies/libappmenu.so
8af57000-8afa9000 r--p 00000000 08:06 789302     /usr/share/fonts/truetype/ttf-dejavu/DejaVuSansMono.ttf
8afa9000-8b000000 r--p 00000000 08:06 789331     /usr/share/fonts/truetype/ubuntu-font-family/Ubuntu-R.ttf
8b000000-8b0fd000 rw-p 00000000 00:00 0 
8b0fd000-8b100000 ---p 00000000 00:00 0 
8b100000-8b1ed000 rw-p 00000000 00:00 0 
8b1ed000-8b200000 ---p 00000000 00:00 0 
8b200000-8b2fa000 rw-p 00000000 00:00 0 
8b2fa000-8b300000 ---p 00000000 00:00 0 
8b300000-8b306000 r-xp 00000000 08:06 267303     /usr/lib/i386-linux-gnu/gtk-2.0/2.10.0/immodules/im-ibus.so
8b306000-8b307000 r--p 00005000 08:06 267303     /usr/lib/i386-linux-gnu/gtk-2.0/2.10.0/immodules/im-ibus.so
8b307000-8b308000 rw-p 00006000 08:06 267303     /usr/lib/i386-linux-gnu/gtk-2.0/2.10.0/immodules/im-ibus.so
8b308000-8b30a000 r-xp 00000000 08:06 267507     /usr/lib/i386-linux-gnu/pango/1.6.0/modules/pango-basic-fc.so
8b30a000-8b30b000 r--p 00001000 08:06 267507     /usr/lib/i386-linux-gnu/pango/1.6.0/modules/pango-basic-fc.so
8b30b000-8b30c000 rw-p 00002000 08:06 267507     /usr/lib/i386-linux-gnu/pango/1.6.0/modules/pango-basic-fc.so
8b30c000-8b30d000 r--s 00000000 08:06 409378     /var/cache/fontconfig/c05880de57d1f5e948fdfacc138775d9-le32d4.cache-3
8b30d000-8b313000 r--s 00000000 08:06 403145     /var/cache/fontconfig/945677eb7aeaf62f1d50efc3fb3ec7d8-le32d4.cache-3
8b313000-8b315000 r--s 00000000 08:06 409374     /var/cache/fontconfig/99e8ed0e538f840c565b6ed5dad60d56-le32d4.cache-3
8b315000-8b318000 r--s 00000000 08:06 409372     /var/cache/fontconfig/2cd17615ca594fa2959ae173292e504c-le32d4.cache-3
8b318000-8b319000 r--s 00000000 08:06 409370     /var/cache/fontconfig/e7071f4a29fa870f4323321c154eba04-le32d4.cache-3
8b319000-8b31a000 r--s 00000000 08:06 409368     /var/cache/fontconfig/0d8c3b2ac0904cb8a57a757ad11a4a08-le32d4.cache-3
8b31a000-8b31e000 r--s 00000000 08:06 409366     /var/cache/fontconfig/a755afe4a08bf5b97852ceb7400b47bc-le32d4.cache-3
8b31e000-8b325000 r--s 00000000 08:06 452031     /var/cache/fontconfig/6d41288fd70b0be22e8c3a91e032eec0-le32d4.cache-3
8b325000-8b330000 r--s 00000000 08:06 409362     /var/cache/fontconfig/04aabc0a78ac019cf9454389977116d2-le32d4.cache-3
8b330000-8b333000 r--s 00000000 08:06 409360     /var/cache/fontconfig/385c0604a188198f04d133e54aba7fe7-le32d4.cache-3
8b333000-8b334000 r--s 00000000 08:06 409817     /var/cache/fontconfig/4794a0821666d79190d59a36cb4f44b5-le32d4.cache-3
8b334000-8b337000 r--s 00000000 08:06 404604     /var/cache/fontconfig/8801497958630a81b71ace7c5f9b32a8-le32d4.cache-3
8b337000-8b359000 r--s 00000000 08:06 403122     /var/cache/fontconfig/365b55f210c0a22e9a19e35191240f32-le32d4.cache-3
8b359000-8b35d000 r--s 00000000 08:06 403149     /var/cache/fontconfig/3047814df9a2f067bd2d96a2b9c36e5a-le32d4.cache-3
8b35d000-8b35e000 r--s 00000000 08:06 403147     /var/cache/fontconfig/56cf4f4769d0f4abc89a4895d7bd3ae1-le32d4.cache-3
8b35e000-8b35f000 r--s 00000000 08:06 403142     /var/cache/fontconfig/b9d506c9ac06c20b433354fa67a72993-le32d4.cache-3
8b35f000-8b363000 r--s 00000000 08:06 403133     /var/cache/fontconfig/b47c4e1ecd0709278f4910c18777a504-le32d4.cache-3
8b363000-8b370000 r--s 00000000 08:06 403131     /var/cache/fontconfig/d52a8644073d54c13679302ca1180695-le32d4.cache-3
8b370000-8b389000 r--s 00000000 08:06 789404     /usr/share/fonts/type1/gsfonts/n021003l.pfb
8b389000-8b39f000 r--s 00000000 08:06 789413     /usr/share/fonts/type1/gsfonts/n021024l.pfb
8b39f000-8b3b5000 r--s 00000000 08:06 789422     /usr/share/fonts/type1/gsfonts/n022023l.pfb
8b3b5000-8b3cc000 r--s 00000000 08:06 789410     /usr/share/fonts/type1/gsfonts/n021023l.pfb
8b3cc000-8b3d6000 r--s 00000000 08:06 789446     /usr/share/fonts/type1/mathml/Symbol.pfb
8b3d6000-8b3e7000 r--s 00000000 08:06 789386     /usr/share/fonts/type1/gsfonts/n019023l.pfb
8b3e7000-8b3fb000 r--s 00000000 08:06 789380     /usr/share/fonts/type1/gsfonts/n019003l.pfb
8b3fb000-8b410000 r-xp 00000000 08:06 575803     /home/nicolas/jmonkeyplatform/jdk/jre/lib/i386/libnet.so
8b410000-8b411000 rw-p 00014000 08:06 575803     /home/nicolas/jmonkeyplatform/jdk/jre/lib/i386/libnet.so
8b411000-8b42d000 r-xp 00000000 08:06 1439924    /lib/i386-linux-gnu/libgcc_s.so.1
8b42d000-8b42e000 r--p 0001b000 08:06 1439924    /lib/i386-linux-gnu/libgcc_s.so.1
8b42e000-8b42f000 rw-p 0001c000 08:06 1439924    /lib/i386-linux-gnu/libgcc_s.so.1
8b42f000-8b490000 r-xp 00000000 08:06 575758     /home/nicolas/jmonkeyplatform/jdk/jre/lib/i386/libfontmanager.so
8b490000-8b493000 rw-p 00060000 08:06 575758     /home/nicolas/jmonkeyplatform/jdk/jre/lib/i386/libfontmanager.so
8b493000-8b497000 rw-p 00000000 00:00 0 
8b497000-8b49d000 r-xp 00000000 08:06 266626     /usr/lib/i386-linux-gnu/libogg.so.0.7.1
8b49d000-8b49e000 r--p 00005000 08:06 266626     /usr/lib/i386-linux-gnu/libogg.so.0.7.1
8b49e000-8b49f000 rw-p 00006000 08:06 266626     /usr/lib/i386-linux-gnu/libogg.so.0.7.1
8b49f000-8b4c8000 r-xp 00000000 08:06 266784     /usr/lib/i386-linux-gnu/libvorbis.so.0.4.5
8b4c8000-8b4c9000 r--p 00028000 08:06 266784     /usr/lib/i386-linux-gnu/libvorbis.so.0.4.5
8b4c9000-8b4ca000 rw-p 00029000 08:06 266784     /usr/lib/i386-linux-gnu/libvorbis.so.0.4.5
8b4ca000-8b4d2000 r-xp 00000000 08:06 266583     /usr/lib/i386-linux-gnu/libltdl.so.7.3.0
8b4d2000-8b4d3000 r--p 00008000 08:06 266583     /usr/lib/i386-linux-gnu/libltdl.so.7.3.0
8b4d3000-8b4d4000 rw-p 00009000 08:06 266583     /usr/lib/i386-linux-gnu/libltdl.so.7.3.0
8b4d4000-8b4e5000 r-xp 00000000 08:06 266751     /usr/lib/i386-linux-gnu/libtdb.so.1.2.9
8b4e5000-8b4e6000 r--p 00010000 08:06 266751     /usr/lib/i386-linux-gnu/libtdb.so.1.2.9
8b4e6000-8b4e7000 rw-p 00011000 08:06 266751     /usr/lib/i386-linux-gnu/libtdb.so.1.2.9
8b4e7000-8b4ef000 r-xp 00000000 08:06 266788     /usr/lib/i386-linux-gnu/libvorbisfile.so.3.3.4
8b4ef000-8b4f0000 r--p 00007000 08:06 266788     /usr/lib/i386-linux-gnu/libvorbisfile.so.3.3.4
8b4f0000-8b4f1000 rw-p 00008000 08:06 266788     /usr/lib/i386-linux-gnu/libvorbisfile.so.3.3.4
8b4f1000-8b500000 r-xp 00000000 08:06 266321     /usr/lib/i386-linux-gnu/libcanberra.so.0.2.5
8b500000-8b501000 r--p 0000e000 08:06 266321     /usr/lib/i386-linux-gnu/libcanberra.so.0.2.5
8b501000-8b502000 rw-p 0000f000 08:06 266321     /usr/lib/i386-linux-gnu/libcanberra.so.0.2.5
8b502000-8b506000 r-xp 00000000 08:06 266317     /usr/lib/i386-linux-gnu/libcanberra-gtk.so.0.1.8
8b506000-8b507000 r--p 00003000 08:06 266317     /usr/lib/i386-linux-gnu/libcanberra-gtk.so.0.1.8
8b507000-8b508000 rw-p 00004000 08:06 266317     /usr/lib/i386-linux-gnu/libcanberra-gtk.so.0.1.8
8b509000-8b50b000 r--s 00000000 08:06 397451     /var/cache/fontconfig/e13b20fdb08344e0e664864cc2ede53d-le32d4.cache-3
8b50b000-8b50e000 r--s 00000000 08:06 403123     /var/cache/fontconfig/7ef2298fde41cc6eeb7af42e48b7d293-le32d4.cache-3
8b50e000-8b51c000 r-xp 00000000 08:06 575777     /home/nicolas/jmonkeyplatform/jdk/jre/lib/i386/libnio.so
8b51c000-8b51d000 rw-p 0000e000 08:06 575777     /home/nicolas/jmonkeyplatform/jdk/jre/lib/i386/libnio.so
8b51d000-8b522000 r-xp 00000000 08:06 267317     /usr/lib/i386-linux-gnu/gtk-2.0/modules/libcanberra-gtk-module.so
8b522000-8b523000 r--p 00004000 08:06 267317     /usr/lib/i386-linux-gnu/gtk-2.0/modules/libcanberra-gtk-module.so
8b523000-8b524000 rw-p 00005000 08:06 267317     /usr/lib/i386-linux-gnu/gtk-2.0/modules/libcanberra-gtk-module.so
8b524000-8b559000 r-xp 00000000 08:06 267296     /usr/lib/i386-linux-gnu/gtk-2.0/2.10.0/engines/libmurrine.so
8b559000-8b55a000 r--p 00034000 08:06 267296     /usr/lib/i386-linux-gnu/gtk-2.0/2.10.0/engines/libmurrine.so
8b55a000-8b55b000 rw-p 00035000 08:06 267296     /usr/lib/i386-linux-gnu/gtk-2.0/2.10.0/engines/libmurrine.so
8b55b000-8b55c000 ---p 00000000 00:00 0 
8b55c000-8bd5c000 rw-p 00000000 00:00 0 
8bd5c000-8bd86000 r--p 00000000 08:06 537636     /usr/share/locale-langpack/es/LC_MESSAGES/gtk20-properties.mo
8bd86000-8bd87000 ---p 00000000 00:00 0 
8bd87000-8c587000 rw-p 00000000 00:00 0 
8c587000-8c58e000 r-xp 00000000 08:06 267159     /usr/lib/i386-linux-gnu/gio/modules/libdconfsettings.so
8c58e000-8c58f000 r--p 00006000 08:06 267159     /usr/lib/i386-linux-gnu/gio/modules/libdconfsettings.so
8c58f000-8c590000 rw-p 00007000 08:06 267159     /usr/lib/i386-linux-gnu/gio/modules/libdconfsettings.so
8c590000-8c5be000 r--p 00000000 08:06 799689     /usr/share/glib-2.0/schemas/gschemas.compiled
8c5be000-8c5d6000 r--p 00000000 08:06 537592     /usr/share/locale-langpack/es/LC_MESSAGES/glib20.mo
8c5d6000-8c5e6000 r-xp 00000000 08:06 264681     /usr/lib/liboverlay-scrollbar-0.2.so.0.0.16
8c5e6000-8c5e7000 r--p 0000f000 08:06 264681     /usr/lib/liboverlay-scrollbar-0.2.so.0.0.16
8c5e7000-8c5e8000 rw-p 00010000 08:06 264681     /usr/lib/liboverlay-scrollbar-0.2.so.0.0.16
8c5e8000-8c622000 r-xp 00000000 08:06 1440019    /lib/i386-linux-gnu/libpcre.so.3.12.1
8c622000-8c623000 r--p 00039000 08:06 1440019    /lib/i386-linux-gnu/libpcre.so.3.12.1
8c623000-8c624000 rw-p 0003a000 08:06 1440019    /lib/i386-linux-gnu/libpcre.so.3.12.1
8c624000-8c629000 r-xp 00000000 08:06 266401     /usr/lib/i386-linux-gnu/libffi.so.6.0.0
8c629000-8c62a000 r--p 00004000 08:06 266401     /usr/lib/i386-linux-gnu/libffi.so.6.0.0
8c62a000-8c62b000 rw-p 00005000 08:06 266401     /usr/lib/i386-linux-gnu/libffi.so.6.0.0
8c62b000-8c651000 r-xp 00000000 08:06 1457396    /lib/i386-linux-gnu/libexpat.so.1.5.2
8c651000-8c652000 ---p 00026000 08:06 1457396    /lib/i386-linux-gnu/libexpat.so.1.5.2
8c652000-8c654000 r--p 00026000 08:06 1457396    /lib/i386-linux-gnu/libexpat.so.1.5.2
8c654000-8c655000 rw-p 00028000 08:06 1457396    /lib/i386-linux-gnu/libexpat.so.1.5.2
8c655000-8c668000 r-xp 00000000 08:06 1457734    /lib/i386-linux-gnu/libresolv-2.15.so
8c668000-8c669000 ---p 00013000 08:06 1457734    /lib/i386-linux-gnu/libresolv-2.15.so
8c669000-8c66a000 r--p 00013000 08:06 1457734    /lib/i386-linux-gnu/libresolv-2.15.so
8c66a000-8c66b000 rw-p 00014000 08:06 1457734    /lib/i386-linux-gnu/libresolv-2.15.so
8c66b000-8c66d000 rw-p 00000000 00:00 0 
8c66d000-8c68a000 r-xp 00000000 08:06 1439991    /lib/i386-linux-gnu/libselinux.so.1
8c68a000-8c68b000 r--p 0001c000 08:06 1439991    /lib/i386-linux-gnu/libselinux.so.1
8c68b000-8c68c000 rw-p 0001d000 08:06 1439991    /lib/i386-linux-gnu/libselinux.so.1
8c68c000-8c68f000 r-xp 00000000 08:06 264620     /usr/lib/i386-linux-gnu/libgmodule-2.0.so.0.3200.4
8c68f000-8c690000 r--p 00002000 08:06 264620     /usr/lib/i386-linux-gnu/libgmodule-2.0.so.0.3200.4
8c690000-8c691000 rw-p 00003000 08:06 264620     /usr/lib/i386-linux-gnu/libgmodule-2.0.so.0.3200.4
8c691000-8c6a5000 r-xp 00000000 08:06 1440014    /lib/i386-linux-gnu/libz.so.1.2.3.4
8c6a5000-8c6a6000 r--p 00013000 08:06 1440014    /lib/i386-linux-gnu/libz.so.1.2.3.4
8c6a6000-8c6a7000 rw-p 00014000 08:06 1440014    /lib/i386-linux-gnu/libz.so.1.2.3.4
8c6a7000-8c6af000 r-xp 00000000 08:06 263969     /usr/lib/i386-linux-gnu/libxcb-render.so.0.0.0
8c6af000-8c6b0000 r--p 00008000 08:06 263969     /usr/lib/i386-linux-gnu/libxcb-render.so.0.0.0
8c6b0000-8c6b1000 rw-p 00009000 08:06 263969     /usr/lib/i386-linux-gnu/libxcb-render.so.0.0.0
8c6b1000-8c6b3000 r-xp 00000000 08:06 266211     /usr/lib/i386-linux-gnu/libxcb-shm.so.0.0.0
8c6b3000-8c6b4000 r--p 00001000 08:06 266211     /usr/lib/i386-linux-gnu/libxcb-shm.so.0.0.0
8c6b4000-8c6b5000 rw-p 00002000 08:06 266211     /usr/lib/i386-linux-gnu/libxcb-shm.so.0.0.0
8c6b5000-8c6dd000 r-xp 00000000 08:06 1440022    /lib/i386-linux-gnu/libpng12.so.0.46.0
8c6dd000-8c6de000 r--p 00027000 08:06 1440022    /lib/i386-linux-gnu/libpng12.so.0.46.0
8c6de000-8c6df000 rw-p 00028000 08:06 1440022    /lib/i386-linux-gnu/libpng12.so.0.46.0
8c6df000-8c774000 r-xp 00000000 08:06 263811     /usr/lib/i386-linux-gnu/libpixman-1.so.0.30.2
8c774000-8c779000 r--p 00095000 08:06 263811     /usr/lib/i386-linux-gnu/libpixman-1.so.0.30.2
8c779000-8c77a000 rw-p 0009a000 08:06 263811     /usr/lib/i386-linux-gnu/libpixman-1.so.0.30.2
8c77a000-8c810000 r-xp 00000000 08:06 261665     /usr/lib/i386-linux-gnu/libfreetype.so.6.8.0
8c810000-8c814000 r--p 00095000 08:06 261665     /usr/lib/i386-linux-gnu/libfreetype.so.6.8.0
8c814000-8c815000 rw-p 00099000 08:06 261665     /usr/lib/i386-linux-gnu/libfreetype.so.6.8.0
8c815000-8c817000 r-xp 00000000 08:06 266225     /usr/lib/i386-linux-gnu/libXdamage.so.1.1.0
8c817000-8c818000 r--p 00001000 08:06 266225     /usr/lib/i386-linux-gnu/libXdamage.so.1.1.0
8c818000-8c819000 rw-p 00002000 08:06 266225     /usr/lib/i386-linux-gnu/libXdamage.so.1.1.0
8c819000-8c910000 r-xp 00000000 08:06 1452961    /lib/i386-linux-gnu/libglib-2.0.so.0.3200.4
8c910000-8c911000 r--p 000f6000 08:06 1452961    /lib/i386-linux-gnu/libglib-2.0.so.0.3200.4
8c911000-8c912000 rw-p 000f7000 08:06 1452961    /lib/i386-linux-gnu/libglib-2.0.so.0.3200.4
8c912000-8c95f000 r-xp 00000000 08:06 264162     /usr/lib/i386-linux-gnu/libgobject-2.0.so.0.3200.4
8c95f000-8c960000 r--p 0004c000 08:06 264162     /usr/lib/i386-linux-gnu/libgobject-2.0.so.0.3200.4
8c960000-8c961000 rw-p 0004d000 08:06 264162     /usr/lib/i386-linux-gnu/libgobject-2.0.so.0.3200.4
8c961000-8c993000 r-xp 00000000 08:06 265215     /usr/lib/i386-linux-gnu/libfontconfig.so.1.4.4
8c993000-8c994000 r--p 00032000 08:06 265215     /usr/lib/i386-linux-gnu/libfontconfig.so.1.4.4
8c994000-8c995000 rw-p 00033000 08:06 265215     /usr/lib/i386-linux-gnu/libfontconfig.so.1.4.4
8c995000-8c9dc000 r-xp 00000000 08:06 266638     /usr/lib/i386-linux-gnu/libpango-1.0.so.0.3000.0
8c9dc000-8c9dd000 ---p 00047000 08:06 266638     /usr/lib/i386-linux-gnu/libpango-1.0.so.0.3000.0
8c9dd000-8c9de000 r--p 00047000 08:06 266638     /usr/lib/i386-linux-gnu/libpango-1.0.so.0.3000.0
8c9de000-8c9df000 rw-p 00048000 08:06 266638     /usr/lib/i386-linux-gnu/libpango-1.0.so.0.3000.0
8c9df000-8ca09000 r-xp 00000000 08:06 266642     /usr/lib/i386-linux-gnu/libpangoft2-1.0.so.0.3000.0
8ca09000-8ca0a000 r--p 00029000 08:06 266642     /usr/lib/i386-linux-gnu/libpangoft2-1.0.so.0.3000.0
8ca0a000-8ca0b000 rw-p 0002a000 08:06 266642     /usr/lib/i386-linux-gnu/libpangoft2-1.0.so.0.3000.0
8ca0b000-8cb5e000 r-xp 00000000 08:06 264180     /usr/lib/i386-linux-gnu/libgio-2.0.so.0.3200.4
8cb5e000-8cb60000 r--p 00153000 08:06 264180     /usr/lib/i386-linux-gnu/libgio-2.0.so.0.3200.4
8cb60000-8cb61000 rw-p 00155000 08:06 264180     /usr/lib/i386-linux-gnu/libgio-2.0.so.0.3200.4
8cb61000-8cb62000 rw-p 00000000 00:00 0 
8cb62000-8cb82000 r-xp 00000000 08:06 312675     /usr/lib/i386-linux-gnu/libgdk_pixbuf-2.0.so.0.2600.1
8cb82000-8cb83000 r--p 0001f000 08:06 312675     /usr/lib/i386-linux-gnu/libgdk_pixbuf-2.0.so.0.2600.1
8cb83000-8cb84000 rw-p 00020000 08:06 312675     /usr/lib/i386-linux-gnu/libgdk_pixbuf-2.0.so.0.2600.1
8cb84000-8cc4b000 r-xp 00000000 08:06 266313     /usr/lib/i386-linux-gnu/libcairo.so.2.11000.2
8cc4b000-8cc4c000 r--p 000c7000 08:06 266313     /usr/lib/i386-linux-gnu/libcairo.so.2.11000.2
8cc4c000-8cc4d000 rw-p 000c8000 08:06 266313     /usr/lib/i386-linux-gnu/libcairo.so.2.11000.2
8cc4d000-8cc4f000 rw-p 00000000 00:00 0 
8cc4f000-8cc6c000 r-xp 00000000 08:06 266275     /usr/lib/i386-linux-gnu/libatk-1.0.so.0.20409.1
8cc6c000-8cc6e000 r--p 0001c000 08:06 266275     /usr/lib/i386-linux-gnu/libatk-1.0.so.0.20409.1
8cc6e000-8cc6f000 rw-p 0001e000 08:06 266275     /usr/lib/i386-linux-gnu/libatk-1.0.so.0.20409.1
8cc6f000-8cd1a000 r-xp 00000000 08:06 267137     /usr/lib/i386-linux-gnu/libgdk-x11-2.0.so.0.2400.10
8cd1a000-8cd1c000 r--p 000ab000 08:06 267137     /usr/lib/i386-linux-gnu/libgdk-x11-2.0.so.0.2400.10
8cd1c000-8cd1d000 rw-p 000ad000 08:06 267137     /usr/lib/i386-linux-gnu/libgdk-x11-2.0.so.0.2400.10
8cd1d000-8d17e000 r-xp 00000000 08:06 312683     /usr/lib/i386-linux-gnu/libgtk-x11-2.0.so.0.2400.10
8d17e000-8d182000 r--p 00461000 08:06 312683     /usr/lib/i386-linux-gnu/libgtk-x11-2.0.so.0.2400.10
8d182000-8d184000 rw-p 00465000 08:06 312683     /usr/lib/i386-linux-gnu/libgtk-x11-2.0.so.0.2400.10
8d184000-8d186000 rw-p 00000000 00:00 0 
8d186000-8d189000 ---p 00000000 00:00 0 
8d189000-8d1d7000 rw-p 00000000 00:00 0 
8d1d7000-8d1da000 ---p 00000000 00:00 0 
8d1da000-8d228000 rw-p 00000000 00:00 0 
8d228000-8d22b000 ---p 00000000 00:00 0 
8d22b000-8d279000 rw-p 00000000 00:00 0 
8d279000-8d27c000 ---p 00000000 00:00 0 
8d27c000-8d2ca000 rw-p 00000000 00:00 0 
8d2ca000-8d2cd000 ---p 00000000 00:00 0 
8d2cd000-8d31b000 rw-p 00000000 00:00 0 
8d31b000-8d44b000 r-xp 00000000 08:06 262277     /usr/lib/i386-linux-gnu/libX11.so.6.3.0
8d44b000-8d44c000 r--p 0012f000 08:06 262277     /usr/lib/i386-linux-gnu/libX11.so.6.3.0
8d44c000-8d44e000 rw-p 00130000 08:06 262277     /usr/lib/i386-linux-gnu/libX11.so.6.3.0
8d44e000-8d44f000 rw-p 00000000 00:00 0 
8d44f000-8d4d5000 r-xp 00000000 08:06 575776     /home/nicolas/jmonkeyplatform/jdk/jre/lib/i386/libawt.so
8d4d5000-8d4dc000 rw-p 00086000 08:06 575776     /home/nicolas/jmonkeyplatform/jdk/jre/lib/i386/libawt.so
8d4dc000-8d500000 rw-p 00000000 00:00 0 
8d500000-8d5e7000 rw-p 00000000 00:00 0 
8d5e7000-8d600000 ---p 00000000 00:00 0 
8d600000-8d601000 r-xp 00000000 08:06 575759     /home/nicolas/jmonkeyplatform/jdk/jre/lib/i386/libjawt.so
8d601000-8d602000 rw-p 00000000 08:06 575759     /home/nicolas/jmonkeyplatform/jdk/jre/lib/i386/libjawt.so
8d602000-8d60d000 r-xp 00000000 08:06 266640     /usr/lib/i386-linux-gnu/libpangocairo-1.0.so.0.3000.0
8d60d000-8d60e000 r--p 0000a000 08:06 266640     /usr/lib/i386-linux-gnu/libpangocairo-1.0.so.0.3000.0
8d60e000-8d60f000 rw-p 0000b000 08:06 266640     /usr/lib/i386-linux-gnu/libpangocairo-1.0.so.0.3000.0
8d60f000-8d618000 r-xp 00000000 08:06 266248     /usr/lib/i386-linux-gnu/libXcursor.so.1.0.2
8d618000-8d619000 r--p 00008000 08:06 266248     /usr/lib/i386-linux-gnu/libXcursor.so.1.0.2
8d619000-8d61a000 rw-p 00009000 08:06 266248     /usr/lib/i386-linux-gnu/libXcursor.so.1.0.2
8d61b000-8d620000 r--p 00000000 08:06 188023     /home/nicolas/.config/dconf/user
8d620000-8d62f000 r--p 00000000 08:06 537640     /usr/share/locale-langpack/es/LC_MESSAGES/gtk20.mo
8d62f000-8d678000 r-xp 00000000 08:06 575820     /home/nicolas/jmonkeyplatform/jdk/jre/lib/i386/xawt/libmawt.so
8d678000-8d67a000 rw-p 00049000 08:06 575820     /home/nicolas/jmonkeyplatform/jdk/jre/lib/i386/xawt/libmawt.so
8d67a000-8d67b000 rw-p 00000000 00:00 0 
8d67b000-8d67c000 ---p 00000000 00:00 0 
8d67c000-8d6fc000 rw-p 00000000 00:00 0 
8d6fc000-8d6ff000 ---p 00000000 00:00 0 
8d6ff000-8d74d000 rw-p 00000000 00:00 0 
8d74d000-8d750000 ---p 00000000 00:00 0 
8d750000-8d7ce000 rw-p 00000000 00:00 0 
8d7ce000-8d900000 r--p 005e3000 08:06 269989     /usr/lib/locale/locale-archive
8d900000-8db00000 r--p 00000000 08:06 269989     /usr/lib/locale/locale-archive
8db00000-8dbfe000 rw-p 00000000 00:00 0 
8dbfe000-8dc00000 ---p 00000000 00:00 0 
8dc00000-8dc07000 r-xp 00000000 08:06 266242     /usr/lib/i386-linux-gnu/libXrandr.so.2.2.0
8dc07000-8dc08000 r--p 00006000 08:06 266242     /usr/lib/i386-linux-gnu/libXrandr.so.2.2.0
8dc08000-8dc09000 rw-p 00007000 08:06 266242     /usr/lib/i386-linux-gnu/libXrandr.so.2.2.0
8dc09000-8dc2e000 r--p 00000000 08:06 543153     /usr/share/locale-langpack/es/LC_MESSAGES/libc.mo
8dc2e000-8dc31000 ---p 00000000 00:00 0 
8dc31000-8dcaf000 rw-p 00000000 00:00 0 
8dcaf000-8dcb2000 ---p 00000000 00:00 0 
8dcb2000-8dd00000 rw-p 00000000 00:00 0 
8dd00000-8ddf5000 rw-p 00000000 00:00 0 
8ddf5000-8de00000 ---p 00000000 00:00 0 
8de00000-8de01000 r-xp 00000000 08:06 264433     /usr/lib/i386-linux-gnu/libgthread-2.0.so.0.3200.4
8de01000-8de02000 r--p 00000000 08:06 264433     /usr/lib/i386-linux-gnu/libgthread-2.0.so.0.3200.4
8de02000-8de03000 rw-p 00001000 08:06 264433     /usr/lib/i386-linux-gnu/libgthread-2.0.so.0.3200.4
8de03000-8de0d000 r--s 00250000 08:06 575835     /home/nicolas/jmonkeyplatform/jdk/jre/lib/resources.jar
8de0d000-8de2c000 r-xp 00000000 08:06 270372     /usr/lib/i386-linux-gnu/libxcb.so.1.1.0
8de2c000-8de2d000 r--p 0001f000 08:06 270372     /usr/lib/i386-linux-gnu/libxcb.so.1.1.0
8de2d000-8de2e000 rw-p 00020000 08:06 270372     /usr/lib/i386-linux-gnu/libxcb.so.1.1.0
8de2e000-8de31000 ---p 00000000 00:00 0 
8de31000-8de7f000 rw-p 00000000 00:00 0 
8de7f000-8de80000 ---p 00000000 00:00 0 
8de80000-8df00000 rw-p 00000000 00:00 0 
8df00000-8dfff000 rw-p 00000000 00:00 0 
8dfff000-8e000000 ---p 00000000 00:00 0 
8e000000-8e001000 rwxp 00000000 00:00 0 
8e001000-8e010000 r-xp 00000000 08:06 261832     /usr/lib/i386-linux-gnu/libXi.so.6.1.0
8e010000-8e011000 r--p 0000e000 08:06 261832     /usr/lib/i386-linux-gnu/libXi.so.6.1.0
8e011000-8e012000 rw-p 0000f000 08:06 261832     /usr/lib/i386-linux-gnu/libXi.so.6.1.0
8e012000-8e05d000 rw-p 00000000 00:00 0 
8e05d000-8e21a000 r--s 039bf000 08:06 575915     /home/nicolas/jmonkeyplatform/jdk/jre/lib/rt.jar
8e21a000-8f600000 rw-p 00000000 00:00 0 
8f600000-8f6f7000 rw-p 00000000 00:00 0 
8f6f7000-8f700000 ---p 00000000 00:00 0 
8f700000-8f705000 r-xp 00000000 08:06 266227     /usr/lib/i386-linux-gnu/libXdmcp.so.6.0.0
8f705000-8f706000 r--p 00004000 08:06 266227     /usr/lib/i386-linux-gnu/libXdmcp.so.6.0.0
8f706000-8f707000 rw-p 00005000 08:06 266227     /usr/lib/i386-linux-gnu/libXdmcp.so.6.0.0
8f707000-8f709000 r-xp 00000000 08:06 266216     /usr/lib/i386-linux-gnu/libXau.so.6.0.0
8f709000-8f70a000 r--p 00001000 08:06 266216     /usr/lib/i386-linux-gnu/libXau.so.6.0.0
8f70a000-8f70b000 rw-p 00002000 08:06 266216     /usr/lib/i386-linux-gnu/libXau.so.6.0.0
8f70b000-8f710000 r-xp 00000000 08:06 266250     /usr/lib/i386-linux-gnu/libXtst.so.6.1.0
8f710000-8f711000 r--p 00004000 08:06 266250     /usr/lib/i386-linux-gnu/libXtst.so.6.1.0
8f711000-8f712000 rw-p 00005000 08:06 266250     /usr/lib/i386-linux-gnu/libXtst.so.6.1.0
8f712000-8f71a000 r-xp 00000000 08:06 266256     /usr/lib/i386-linux-gnu/libXrender.so.1.3.0
8f71a000-8f71b000 r--p 00007000 08:06 266256     /usr/lib/i386-linux-gnu/libXrender.so.1.3.0
8f71b000-8f71c000 rw-p 00008000 08:06 266256     /usr/lib/i386-linux-gnu/libXrender.so.1.3.0
8f71c000-8f72c000 r-xp 00000000 08:06 266213     /usr/lib/i386-linux-gnu/libXext.so.6.4.0
8f72c000-8f72d000 r--p 0000f000 08:06 266213     /usr/lib/i386-linux-gnu/libXext.so.6.4.0
8f72d000-8f72e000 rw-p 00010000 08:06 266213     /usr/lib/i386-linux-gnu/libXext.so.6.4.0
8f72e000-8f731000 ---p 00000000 00:00 0 
8f731000-8f77f000 rw-p 00000000 00:00 0 
8f77f000-8f780000 ---p 00000000 00:00 0 
8f780000-8f800000 rw-p 00000000 00:00 0 
8f800000-8f821000 rw-p 00000000 00:00 0 
8f821000-8f900000 ---p 00000000 00:00 0 
8f900000-8f921000 rw-p 00000000 00:00 0 
8f921000-8fa00000 ---p 00000000 00:00 0 
8fa00000-8fa02000 r-xp 00000000 08:06 266221     /usr/lib/i386-linux-gnu/libXcomposite.so.1.0.0
8fa02000-8fa03000 r--p 00001000 08:06 266221     /usr/lib/i386-linux-gnu/libXcomposite.so.1.0.0
8fa03000-8fa04000 rw-p 00002000 08:06 266221     /usr/lib/i386-linux-gnu/libXcomposite.so.1.0.0
8fa04000-8fa06000 r-xp 00000000 08:06 266234     /usr/lib/i386-linux-gnu/libXinerama.so.1.0.0
8fa06000-8fa07000 r--p 00001000 08:06 266234     /usr/lib/i386-linux-gnu/libXinerama.so.1.0.0
8fa07000-8fa08000 rw-p 00002000 08:06 266234     /usr/lib/i386-linux-gnu/libXinerama.so.1.0.0
8fa08000-8fa0c000 r-xp 00000000 08:06 263304     /usr/lib/i386-linux-gnu/libXfixes.so.3.1.0
8fa0c000-8fa0d000 r--p 00004000 08:06 263304     /usr/lib/i386-linux-gnu/libXfixes.so.3.1.0
8fa0d000-8fa0e000 rw-p 00005000 08:06 263304     /usr/lib/i386-linux-gnu/libXfixes.so.3.1.0
8fa0e000-8fa15000 r--s 00000000 08:06 333336     /usr/lib/i386-linux-gnu/gconv/gconv-modules.cache
8fa15000-8fa20000 r--s 0037c000 08:06 575920     /home/nicolas/jmonkeyplatform/jdk/jre/lib/charsets.jar
8fa20000-8fa24000 r--s 000f7000 08:06 575905     /home/nicolas/jmonkeyplatform/jdk/jre/lib/ext/localedata.jar
8fa24000-8fa7f000 rw-p 00000000 00:00 0 
8fa7f000-8fa80000 ---p 00000000 00:00 0 
8fa80000-8fb00000 rw-p 00000000 00:00 0 
8fb00000-8fb21000 rw-p 00000000 00:00 0 
8fb21000-8fc00000 ---p 00000000 00:00 0 
8fc00000-8fc01000 r--s 00000000 08:06 178879     /home/nicolas/.cache/dconf/user
8fc01000-8fc07000 r--s 00044000 08:06 1047997    /home/nicolas/Descargas/lemur-1.8.2.jar
8fc07000-8fc33000 r--s 00208000 08:06 1047999    /home/nicolas/Descargas/guava-19.0.jar
8fc33000-8fc3a000 r--s 0286f000 08:06 446058     /home/nicolas/jmonkeyplatform/jmonkeyplatform/libs/jME3-testdata.jar
8fc3a000-8fc3b000 ---p 00000000 00:00 0 
8fc3b000-8fcbb000 rw-p 00000000 00:00 0 
8fcbb000-8fcbc000 ---p 00000000 00:00 0 
8fcbc000-8fd47000 rw-p 00000000 00:00 0 
8fd47000-8fde4000 rw-p 00000000 00:00 0 
8fde4000-8fdec000 rw-p 00000000 00:00 0 
8fdec000-8fe04000 rw-p 00000000 00:00 0 
8fe04000-8fe0f000 rw-p 00000000 00:00 0 
8fe0f000-8feab000 rw-p 00000000 00:00 0 
8feab000-8feb5000 rw-p 00000000 00:00 0 
8feb5000-8feff000 rw-p 00000000 00:00 0 
8feff000-90f00000 rw-p 00000000 00:00 0 
90f00000-93f00000 rw-p 00000000 00:00 0 
93f00000-953c0000 rw-p 00000000 00:00 0 
953c0000-a8d80000 rw-p 00000000 00:00 0 
a8d80000-aa000000 rw-p 00000000 00:00 0 
aa000000-b3500000 rw-p 00000000 00:00 0 
b3500000-b3502000 r--s 00010000 08:06 445976     /home/nicolas/jmonkeyplatform/jmonkeyplatform/libs/nifty-style-black.jar
b3502000-b350a000 r--s 00039000 08:06 445856     /home/nicolas/jmonkeyplatform/jmonkeyplatform/libs/nifty-default-controls.jar
b350a000-b3516000 r--s 00076000 08:06 446255     /home/nicolas/jmonkeyplatform/jmonkeyplatform/libs/nifty.jar
b3516000-b3518000 r--s 0003c000 08:06 446215     /home/nicolas/jmonkeyplatform/jmonkeyplatform/libs/vecmath.jar
b3518000-b3522000 r--s 00079000 08:06 446212     /home/nicolas/jmonkeyplatform/jmonkeyplatform/libs/jbullet.jar
b3522000-b352b000 rw-p 00000000 00:00 0 
b352b000-b35e2000 rw-p 00000000 00:00 0 
b35e2000-b3822000 rwxp 00000000 00:00 0 
b3822000-b65e2000 rw-p 00000000 00:00 0 
b65e2000-b65e9000 r-xp 00000000 08:06 1463396    /lib/i386-linux-gnu/libnss_compat-2.15.so
b65e9000-b65ea000 r--p 00006000 08:06 1463396    /lib/i386-linux-gnu/libnss_compat-2.15.so
b65ea000-b65eb000 rw-p 00007000 08:06 1463396    /lib/i386-linux-gnu/libnss_compat-2.15.so
b65eb000-b65ed000 r--s 0000d000 08:06 1047939    /home/nicolas/Descargas/lemur-proto-1.7.1.jar
b65ed000-b65ef000 r--s 00009000 08:06 183405     /home/nicolas/Descargas/slf4j-1.7.21/slf4j-api-1.7.21.jar
b65ef000-b65f2000 r--s 0001a000 08:06 446084     /home/nicolas/jmonkeyplatform/jmonkeyplatform/libs/xmlpull-xpp3.jar
b65f2000-b6600000 r--s 000e2000 08:06 446251     /home/nicolas/jmonkeyplatform/jmonkeyplatform/libs/lwjgl.jar
b6600000-b66f6000 rw-p 00000000 00:00 0 
b66f6000-b6700000 ---p 00000000 00:00 0 
b6700000-b6702000 r--s 00012000 08:06 446185     /home/nicolas/jmonkeyplatform/jmonkeyplatform/libs/eventbus.jar
b6702000-b6703000 r--s 00008000 08:06 446055     /home/nicolas/jmonkeyplatform/jmonkeyplatform/libs/jME3-niftygui.jar
b6703000-b6704000 r--s 0000b000 08:06 446112     /home/nicolas/jmonkeyplatform/jmonkeyplatform/libs/stack-alloc.jar
b6704000-b6708000 r--s 00025000 08:06 446077     /home/nicolas/jmonkeyplatform/jmonkeyplatform/libs/jME3-jbullet.jar
b6708000-b670c000 r--s 00030000 08:06 446234     /home/nicolas/jmonkeyplatform/jmonkeyplatform/libs/jinput.jar
b670c000-b670e000 r--s 00243000 08:06 445962     /home/nicolas/jmonkeyplatform/jmonkeyplatform/libs/jME3-lwjgl-natives.jar
b670e000-b671f000 r--s 0011b000 08:06 446159     /home/nicolas/jmonkeyplatform/jmonkeyplatform/libs/jME3-core.jar
b671f000-b6735000 rw-p 00000000 00:00 0 
b6735000-b674d000 rw-p 00000000 00:00 0 
b674d000-b6764000 r-xp 00000000 08:06 575808     /home/nicolas/jmonkeyplatform/jdk/jre/lib/i386/libzip.so
b6764000-b6765000 rw-p 00017000 08:06 575808     /home/nicolas/jmonkeyplatform/jdk/jre/lib/i386/libzip.so
b6765000-b676f000 r-xp 00000000 08:06 1463496    /lib/i386-linux-gnu/libnss_files-2.15.so
b676f000-b6770000 r--p 00009000 08:06 1463496    /lib/i386-linux-gnu/libnss_files-2.15.so
b6770000-b6771000 rw-p 0000a000 08:06 1463496    /lib/i386-linux-gnu/libnss_files-2.15.so
b6771000-b677b000 r-xp 00000000 08:06 1457653    /lib/i386-linux-gnu/libnss_nis-2.15.so
b677b000-b677c000 r--p 00009000 08:06 1457653    /lib/i386-linux-gnu/libnss_nis-2.15.so
b677c000-b677d000 rw-p 0000a000 08:06 1457653    /lib/i386-linux-gnu/libnss_nis-2.15.so
b677d000-b677f000 r--s 00017000 08:06 446141     /home/nicolas/jmonkeyplatform/jmonkeyplatform/libs/jME3-lwjgl.jar
b677f000-b6783000 r--s 00023000 08:06 446085     /home/nicolas/jmonkeyplatform/jmonkeyplatform/libs/jME3-terrain.jar
b6783000-b6784000 r--s 00009000 08:06 446056     /home/nicolas/jmonkeyplatform/jmonkeyplatform/libs/j-ogg-vorbisd.jar
b6784000-b6786000 r--s 00005000 08:06 446135     /home/nicolas/jmonkeyplatform/jmonkeyplatform/libs/j-ogg-oggd.jar
b6786000-b6787000 r--s 00002000 08:06 446163     /home/nicolas/jmonkeyplatform/jmonkeyplatform/libs/jME3-jogg.jar
b6787000-b678a000 r--s 0001c000 08:06 446010     /home/nicolas/jmonkeyplatform/jmonkeyplatform/libs/jME3-networking.jar
b678a000-b6792000 rw-s 00000000 08:06 1047987    /tmp/hsperfdata_nicolas/5324
b6792000-b67a8000 r-xp 00000000 08:06 1463387    /lib/i386-linux-gnu/libnsl-2.15.so
b67a8000-b67a9000 r--p 00015000 08:06 1463387    /lib/i386-linux-gnu/libnsl-2.15.so
b67a9000-b67aa000 rw-p 00016000 08:06 1463387    /lib/i386-linux-gnu/libnsl-2.15.so
b67aa000-b67ac000 rw-p 00000000 00:00 0 
b67ac000-b67cf000 r-xp 00000000 08:06 575809     /home/nicolas/jmonkeyplatform/jdk/jre/lib/i386/libjava.so
b67cf000-b67d0000 rw-p 00022000 08:06 575809     /home/nicolas/jmonkeyplatform/jdk/jre/lib/i386/libjava.so
b67d0000-b67d7000 r-xp 00000000 08:06 1457733    /lib/i386-linux-gnu/librt-2.15.so
b67d7000-b67d8000 r--p 00006000 08:06 1457733    /lib/i386-linux-gnu/librt-2.15.so
b67d8000-b67d9000 rw-p 00007000 08:06 1457733    /lib/i386-linux-gnu/librt-2.15.so
b67d9000-b67dc000 ---p 00000000 00:00 0 
b67dc000-b682a000 rw-p 00000000 00:00 0 
b682a000-b6854000 r-xp 00000000 08:06 1463497    /lib/i386-linux-gnu/libm-2.15.so
b6854000-b6855000 r--p 00029000 08:06 1463497    /lib/i386-linux-gnu/libm-2.15.so
b6855000-b6856000 rw-p 0002a000 08:06 1463497    /lib/i386-linux-gnu/libm-2.15.so
b6856000-b70cd000 r-xp 00000000 08:06 575813     /home/nicolas/jmonkeyplatform/jdk/jre/lib/i386/server/libjvm.so
b70cd000-b7131000 rw-p 00877000 08:06 575813     /home/nicolas/jmonkeyplatform/jdk/jre/lib/i386/server/libjvm.so
b7131000-b7555000 rw-p 00000000 00:00 0 
b7555000-b76f8000 r-xp 00000000 08:06 1461095    /lib/i386-linux-gnu/libc-2.15.so
b76f8000-b76fa000 r--p 001a3000 08:06 1461095    /lib/i386-linux-gnu/libc-2.15.so
b76fa000-b76fb000 rw-p 001a5000 08:06 1461095    /lib/i386-linux-gnu/libc-2.15.so
b76fb000-b76fe000 rw-p 00000000 00:00 0 
b76fe000-b7701000 r-xp 00000000 08:06 1457496    /lib/i386-linux-gnu/libdl-2.15.so
b7701000-b7702000 r--p 00002000 08:06 1457496    /lib/i386-linux-gnu/libdl-2.15.so
b7702000-b7703000 rw-p 00003000 08:06 1457496    /lib/i386-linux-gnu/libdl-2.15.so
b7703000-b7716000 r-xp 00000000 08:06 576436     /home/nicolas/jmonkeyplatform/jdk/lib/i386/jli/libjli.so
b7716000-b7717000 rw-p 00012000 08:06 576436     /home/nicolas/jmonkeyplatform/jdk/lib/i386/jli/libjli.so
b7717000-b7718000 rw-p 00000000 00:00 0 
b7718000-b772f000 r-xp 00000000 08:06 1463388    /lib/i386-linux-gnu/libpthread-2.15.so
b772f000-b7730000 r--p 00016000 08:06 1463388    /lib/i386-linux-gnu/libpthread-2.15.so
b7730000-b7731000 rw-p 00017000 08:06 1463388    /lib/i386-linux-gnu/libpthread-2.15.so
b7731000-b7733000 rw-p 00000000 00:00 0 
b7733000-b7736000 r--s 0007f000 08:06 446081     /home/nicolas/jmonkeyplatform/jmonkeyplatform/libs/jME3-effects.jar
b7736000-b7737000 r--s 00010000 08:06 446083     /home/nicolas/jmonkeyplatform/jmonkeyplatform/libs/jME3-plugins.jar
b7737000-b773a000 r--s 00035000 08:06 446078     /home/nicolas/jmonkeyplatform/jmonkeyplatform/libs/jME3-desktop.jar
b773a000-b773b000 rw-p 00000000 00:00 0 
b773b000-b773c000 r--p 00000000 00:00 0 
b773c000-b7747000 r-xp 00000000 08:06 575810     /home/nicolas/jmonkeyplatform/jdk/jre/lib/i386/libverify.so
b7747000-b7748000 rw-p 0000b000 08:06 575810     /home/nicolas/jmonkeyplatform/jdk/jre/lib/i386/libverify.so
b7748000-b774a000 rw-p 00000000 00:00 0 
b774a000-b774b000 r-xp 00000000 00:00 0          [vdso]
b774b000-b776b000 r-xp 00000000 08:06 1463394    /lib/i386-linux-gnu/ld-2.15.so
b776b000-b776c000 r--p 0001f000 08:06 1463394    /lib/i386-linux-gnu/ld-2.15.so
b776c000-b776d000 rw-p 00020000 08:06 1463394    /lib/i386-linux-gnu/ld-2.15.so
bf8b4000-bf8d5000 rw-p 00000000 00:00 0          [stack]

VM Arguments:
jvm_args: -Dfile.encoding=UTF-8 
java_command: mygame.Main
Launcher Type: SUN_STANDARD

Environment Variables:
PATH=/usr/lib/lightdm/lightdm:/usr/local/sbin:/usr/local/bin:/usr/sbin:/usr/bin:/sbin:/bin:/usr/games
LD_LIBRARY_PATH=/home/nicolas/jmonkeyplatform/bin/../jdk/jre/lib/amd64:/home/nicolas/jmonkeyplatform/bin/../jdk/jre/lib/i386:
SHELL=/bin/bash
DISPLAY=:0.0

Signal Handlers:
SIGSEGV: [libjvm.so+0x7dd5e0], sa_mask[0]=0x7ffbfeff, sa_flags=0x10000004
SIGBUS: [libjvm.so+0x7dd5e0], sa_mask[0]=0x7ffbfeff, sa_flags=0x10000004
SIGFPE: [libjvm.so+0x678d60], sa_mask[0]=0x7ffbfeff, sa_flags=0x10000004
SIGPIPE: SIG_IGN, sa_mask[0]=0x00001000, sa_flags=0x10000000
SIGXFSZ: [libjvm.so+0x678d60], sa_mask[0]=0x7ffbfeff, sa_flags=0x10000004
SIGILL: [libjvm.so+0x678d60], sa_mask[0]=0x7ffbfeff, sa_flags=0x10000004
SIGUSR1: SIG_DFL, sa_mask[0]=0x00000000, sa_flags=0x00000000
SIGUSR2: [libjvm.so+0x67a250], sa_mask[0]=0x00000004, sa_flags=0x10000004
SIGHUP: [libjvm.so+0x67b3a0], sa_mask[0]=0x7ffbfeff, sa_flags=0x10000004
SIGINT: SIG_IGN, sa_mask[0]=0x00000000, sa_flags=0x00000000
SIGTERM: [libjvm.so+0x67b3a0], sa_mask[0]=0x7ffbfeff, sa_flags=0x10000004
SIGQUIT: [libjvm.so+0x67b3a0], sa_mask[0]=0x7ffbfeff, sa_flags=0x10000004


---------------  S Y S T E M  ---------------

OS:wheezy/sid

uname:Linux 3.2.0-107-generic-pae #148-Ubuntu SMP Mon Jul 18 20:44:42 UTC 2016 i686
libc:glibc 2.15 NPTL 2.15 
rlimit: STACK 8192k, CORE 0k, NPROC 15911, NOFILE 4096, AS infinity
load average:1,13 1,26 1,27

/proc/meminfo:
MemTotal:        2051308 kB
MemFree:          993224 kB
Buffers:           20752 kB
Cached:           292564 kB
SwapCached:         3764 kB
Active:           454508 kB
Inactive:         537016 kB
Active(anon):     358440 kB
Inactive(anon):   432092 kB
Active(file):      96068 kB
Inactive(file):   104924 kB
Unevictable:           0 kB
Mlocked:               0 kB
HighTotal:       1173704 kB
HighFree:         473228 kB
LowTotal:         877604 kB
LowFree:          519996 kB
SwapTotal:       1309260 kB
SwapFree:        1207120 kB
Dirty:               108 kB
Writeback:             0 kB
AnonPages:        674768 kB
Mapped:            47424 kB
Shmem:            112264 kB
Slab:              40564 kB
SReclaimable:      22716 kB
SUnreclaim:        17848 kB
KernelStack:        3408 kB
PageTables:         8068 kB
NFS_Unstable:          0 kB
Bounce:                0 kB
WritebackTmp:          0 kB
CommitLimit:     2334912 kB
Committed_AS:    2868892 kB
VmallocTotal:     122880 kB
VmallocUsed:       11568 kB
VmallocChunk:      76180 kB
HardwareCorrupted:     0 kB
AnonHugePages:         0 kB
HugePages_Total:       0
HugePages_Free:        0
HugePages_Rsvd:        0
HugePages_Surp:        0
Hugepagesize:       2048 kB
DirectMap4k:       10232 kB
DirectMap2M:      903168 kB


CPU:total 4 (4 cores per cpu, 1 threads per core) family 6 model 15 stepping 11, cmov, cx8, fxsr, mmx, sse, sse2, sse3, ssse3, tsc

/proc/cpuinfo:
processor	: 0
vendor_id	: GenuineIntel
cpu family	: 6
model		: 15
model name	: Intel(R) Core(TM)2 Quad CPU    Q6600  @ 2.40GHz
stepping	: 11
microcode	: 0xb6
cpu MHz		: 1596.000
cache size	: 4096 KB
physical id	: 0
siblings	: 4
core id		: 0
cpu cores	: 4
apicid		: 0
initial apicid	: 0
fdiv_bug	: no
hlt_bug		: no
f00f_bug	: no
coma_bug	: no
fpu		: yes
fpu_exception	: yes
cpuid level	: 10
wp		: yes
flags		: fpu vme de pse tsc msr pae mce cx8 apic sep mtrr pge mca cmov pat pse36 clflush dts acpi mmx fxsr sse sse2 ss ht tm pbe nx lm constant_tsc arch_perfmon pebs bts aperfmperf pni dtes64 monitor ds_cpl vmx est tm2 ssse3 cx16 xtpr pdcm lahf_lm dtherm tpr_shadow vnmi flexpriority
bogomips	: 4776.00
clflush size	: 64
cache_alignment	: 64
address sizes	: 36 bits physical, 48 bits virtual
power management:

processor	: 1
vendor_id	: GenuineIntel
cpu family	: 6
model		: 15
model name	: Intel(R) Core(TM)2 Quad CPU    Q6600  @ 2.40GHz
stepping	: 11
microcode	: 0xb6
cpu MHz		: 1596.000
cache size	: 4096 KB
physical id	: 0
siblings	: 4
core id		: 2
cpu cores	: 4
apicid		: 2
initial apicid	: 2
fdiv_bug	: no
hlt_bug		: no
f00f_bug	: no
coma_bug	: no
fpu		: yes
fpu_exception	: yes
cpuid level	: 10
wp		: yes
flags		: fpu vme de pse tsc msr pae mce cx8 apic sep mtrr pge mca cmov pat pse36 clflush dts acpi mmx fxsr sse sse2 ss ht tm pbe nx lm constant_tsc arch_perfmon pebs bts aperfmperf pni dtes64 monitor ds_cpl vmx est tm2 ssse3 cx16 xtpr pdcm lahf_lm dtherm tpr_shadow vnmi flexpriority
bogomips	: 4775.99
clflush size	: 64
cache_alignment	: 64
address sizes	: 36 bits physical, 48 bits virtual
power management:

processor	: 2
vendor_id	: GenuineIntel
cpu family	: 6
model		: 15
model name	: Intel(R) Core(TM)2 Quad CPU    Q6600  @ 2.40GHz
stepping	: 11
microcode	: 0xb6
cpu MHz		: 1596.000
cache size	: 4096 KB
physical id	: 0
siblings	: 4
core id		: 1
cpu cores	: 4
apicid		: 1
initial apicid	: 1
fdiv_bug	: no
hlt_bug		: no
f00f_bug	: no
coma_bug	: no
fpu		: yes
fpu_exception	: yes
cpuid level	: 10
wp		: yes
flags		: fpu vme de pse tsc msr pae mce cx8 apic sep mtrr pge mca cmov pat pse36 clflush dts acpi mmx fxsr sse sse2 ss ht tm pbe nx lm constant_tsc arch_perfmon pebs bts aperfmperf pni dtes64 monitor ds_cpl vmx est tm2 ssse3 cx16 xtpr pdcm lahf_lm dtherm tpr_shadow vnmi flexpriority
bogomips	: 4775.99
clflush size	: 64
cache_alignment	: 64
address sizes	: 36 bits physical, 48 bits virtual
power management:

processor	: 3
vendor_id	: GenuineIntel
cpu family	: 6
model		: 15
model name	: Intel(R) Core(TM)2 Quad CPU    Q6600  @ 2.40GHz
stepping	: 11
microcode	: 0xb6
cpu MHz		: 2394.000
cache size	: 4096 KB
physical id	: 0
siblings	: 4
core id		: 3
cpu cores	: 4
apicid		: 3
initial apicid	: 3
fdiv_bug	: no
hlt_bug		: no
f00f_bug	: no
coma_bug	: no
fpu		: yes
fpu_exception	: yes
cpuid level	: 10
wp		: yes
flags		: fpu vme de pse tsc msr pae mce cx8 apic sep mtrr pge mca cmov pat pse36 clflush dts acpi mmx fxsr sse sse2 ss ht tm pbe nx lm constant_tsc arch_perfmon pebs bts aperfmperf pni dtes64 monitor ds_cpl vmx est tm2 ssse3 cx16 xtpr pdcm lahf_lm dtherm tpr_shadow vnmi flexpriority
bogomips	: 4775.98
clflush size	: 64
cache_alignment	: 64
address sizes	: 36 bits physical, 48 bits virtual
power management:



Memory: 4k page, physical 2051308k(993176k free), swap 1309260k(1207120k free)

vm_info: Java HotSpot(TM) Server VM (24.51-b03) for linux-x86 JRE (1.7.0_51-b13), built on Dec 18 2013 18:45:30 by "java_re" with gcc 4.3.0 20080428 (Red Hat 4.3.0-8)

time: Wed Nov  9 22:23:51 2016
elapsed time: 2 seconds

