#
# A fatal error has been detected by the Java Runtime Environment:
#
#  SIGSEGV (0xb) at pc=0x7a5c5ac2, pid=8048, tid=2068306752
#
# JRE version: Java(TM) SE Runtime Environment (7.0_51-b13) (build 1.7.0_51-b13)
# Java VM: Java HotSpot(TM) Server VM (24.51-b03 mixed mode linux-x86 )
# Problematic frame:
# C  [libopenal.so+0x1bac2]  alcCreateContext+0xd2
#
# Failed to write core dump. Core dumps have been disabled. To enable core dumping, try "ulimit -c unlimited" before starting Java again
#
# If you would like to submit a bug report, please visit:
#   http://bugreport.sun.com/bugreport/crash.jsp
# The crash happened outside the Java Virtual Machine in native code.
# See problematic frame for where to report the bug.
#

---------------  T H R E A D  ---------------

Current thread (0x79e18c00):  JavaThread "jME3 Audio Thread" daemon [_thread_in_native, id=8080, stack(0x7b42d000,0x7b47e000)]

siginfo:si_signo=SIGSEGV: si_errno=0, si_code=2 (SEGV_ACCERR), si_addr=0x7cbe9004

Registers:
EAX=0x7cbe9004, EBX=0x7a5f9ff4, ECX=0x000000ff, EDX=0x00000001
ESP=0x7b47cb10, EBP=0x7cbe8ffc, ESI=0x7ba39ac0, EDI=0x00000001
EIP=0x7a5c5ac2, EFLAGS=0x00210293, CR2=0x7cbe9004

Top of Stack: (sp=0x7b47cb10)
0x7b47cb10:   817c0e2c 817c0e1c 817c0e1c fffffffe
0x7b47cb20:   00000000 00000000 00000000 b3608b59
0x7b47cb30:   00000008 b7071b68 81c47a50 00000004
0x7b47cb40:   00000000 82bc3bd5 00014cd7 00000000
0x7b47cb50:   0000000d 817c0e0c 7b47cc1c b3613314
0x7b47cb60:   b6aa488e 000000ff b6f48cb6 7b47cb7c
0x7b47cb70:   b7108c18 7b47ceb0 79e15040 7b47cbbc
0x7b47cb80:   b6cc02ee 7b47cba8 00000004 0000ac44 

Instructions: (pc=0x7a5c5ac2)
0x7a5c5aa2:   8d b6 00 00 00 00 8b 55 00 81 fa 11 10 00 00 74
0x7a5c5ab2:   3b 81 fa 03 00 02 00 75 07 8b 50 fc 89 54 24 78
0x7a5c5ac2:   8b 10 89 c5 83 c0 08 85 d2 74 3a 81 fa 07 10 00
0x7a5c5ad2:   00 75 d3 8b 50 fc 89 54 24 7c 83 8e cc 00 00 00 

Register to memory mapping:

EAX=0x7cbe9004 is an unknown value
EBX=0x7a5f9ff4: <offset 0x4fff4> in /home/nicolas/git_repo/arkanoide2/libopenal.so at 0x7a5aa000
ECX=0x000000ff is an unknown value
EDX=0x00000001 is an unknown value
ESP=0x7b47cb10 is pointing into the stack for thread: 0x79e18c00
EBP=0x7cbe8ffc is an unknown value
ESI=0x7ba39ac0 is an unknown value
EDI=0x00000001 is an unknown value


Stack: [0x7b42d000,0x7b47e000],  sp=0x7b47cb10,  free space=318k
Native frames: (J=compiled Java code, j=interpreted, Vv=VM code, C=native code)
C  [libopenal.so+0x1bac2]  alcCreateContext+0xd2

Java frames: (J=compiled Java code, j=interpreted, Vv=VM code)
j  org.lwjgl.openal.ALC10.nalcCreateContext(JJ)J+0
j  org.lwjgl.openal.ALC10.alcCreateContext(Lorg/lwjgl/openal/ALCdevice;Ljava/nio/IntBuffer;)Lorg/lwjgl/openal/ALCcontext;+8
j  org.lwjgl.openal.AL.init(Ljava/lang/String;IIZZ)V+69
j  org.lwjgl.openal.AL.create(Ljava/lang/String;IIZZ)V+227
j  org.lwjgl.openal.AL.create(Ljava/lang/String;IIZ)V+5
j  org.lwjgl.openal.AL.create()V+6
j  com.jme3.audio.lwjgl.LwjglAudioRenderer.initInThread()V+6
j  com.jme3.audio.lwjgl.LwjglAudioRenderer.run()V+1
j  java.lang.Thread.run()V+11
v  ~StubRoutines::call_stub

---------------  P R O C E S S  ---------------

Java Threads: ( => current thread )
=>0x79e18c00 JavaThread "jME3 Audio Thread" daemon [_thread_in_native, id=8080, stack(0x7b42d000,0x7b47e000)]
  0x7efd7c00 JavaThread "process reaper" daemon [_thread_blocked, id=8076, stack(0x7bf0f000,0x7bf28000)]
  0xb6608000 JavaThread "DestroyJavaVM" [_thread_blocked, id=8052, stack(0xb67c9000,0xb681a000)]
  0x7efc1c00 JavaThread "LWJGL Renderer Thread" [_thread_blocked, id=8074, stack(0x7bdaf000,0x7be00000)]
  0x7cb59000 JavaThread "Image Fetcher 0" daemon [_thread_blocked, id=8073, stack(0x7bf96000,0x7bfe7000)]
  0x7f708400 JavaThread "Timer-0" daemon [_thread_blocked, id=8069, stack(0x7eb40000,0x7eb91000)]
  0x7ef91800 JavaThread "AWT-EventQueue-0" [_thread_blocked, id=8068, stack(0x7eb91000,0x7ebe2000)]
  0x7ef8fc00 JavaThread "AWT-Shutdown" [_thread_blocked, id=8067, stack(0x7ebe2000,0x7ec33000)]
  0x7ef8e400 JavaThread "AWT-XAWT" daemon [_thread_in_native, id=8066, stack(0x7ec33000,0x7ec84000)]
  0x7ef79c00 JavaThread "Java2D Disposer" daemon [_thread_blocked, id=8065, stack(0x7ec84000,0x7ecd5000)]
  0x7f89a000 JavaThread "Service Thread" daemon [_thread_blocked, id=8063, stack(0x7f0d9000,0x7f12a000)]
  0x7f898400 JavaThread "C2 CompilerThread1" daemon [_thread_blocked, id=8062, stack(0x7f12a000,0x7f1ab000)]
  0x7f896400 JavaThread "C2 CompilerThread0" daemon [_thread_blocked, id=8061, stack(0x7f1ab000,0x7f22c000)]
  0x7f894800 JavaThread "Signal Dispatcher" daemon [_thread_blocked, id=8060, stack(0x7f22c000,0x7f27d000)]
  0x7f885000 JavaThread "Finalizer" daemon [_thread_blocked, id=8059, stack(0x7f5af000,0x7f600000)]
  0x7f882800 JavaThread "Reference Handler" daemon [_thread_blocked, id=8058, stack(0x8182e000,0x8187f000)]

Other Threads:
  0x7f881000 VMThread [stack: 0x7f90e000,0x7f98f000] [id=8057]
  0x7f8a4000 WatcherThread [stack: 0x7f058000,0x7f0d9000] [id=8064]

VM state:not at safepoint (normal execution)

VM Mutex/Monitor currently owned by a thread: None

Heap
 PSYoungGen      total 13824K, used 9686K [0xa43c0000, 0xa5300000, 0xb3540000)
  eden space 12032K, 65% used [0xa43c0000,0xa4b77880,0xa4f80000)
  from space 1792K, 99% used [0xa4f80000,0xa513e070,0xa5140000)
  to   space 1792K, 0% used [0xa5140000,0xa5140000,0xa5300000)
 ParOldGen       total 30720K, used 2292K [0x86140000, 0x87f40000, 0xa43c0000)
  object space 30720K, 7% used [0x86140000,0x8637d3f8,0x87f40000)
 PSPermGen       total 16384K, used 12198K [0x82140000, 0x83140000, 0x86140000)
  object space 16384K, 74% used [0x82140000,0x82d29b70,0x83140000)

Card table byte_map: [0x81fb5000,0x82140000] byte_map_base: 0x81ba4600

Polling page: 0xb7728000

Code Cache  [0xb3600000, 0xb3840000, 0xb6600000)
 total_blobs=370 nmethods=77 adapters=247 free_code_cache=48655Kb largest_free_block=49808576

Compilation events (10 events):
Event: 4,563 Thread 0x7f896400   73             java.util.ArrayList::rangeCheck (22 bytes)
Event: 4,563 Thread 0x7f898400   74             java.util.ArrayList::elementData (7 bytes)
Event: 4,564 Thread 0x7f898400 nmethod 74 0xb3676a08 code [0xb3676b00, 0xb3676b70]
Event: 4,565 Thread 0x7f896400 nmethod 73 0xb3676848 code [0xb3676940, 0xb3676990]
Event: 4,573 Thread 0x7f898400   75             sun.nio.cs.UTF_8$Decoder::decodeArrayLoop (543 bytes)
Event: 4,602 Thread 0x7f898400 nmethod 75 0xb3678688 code [0xb36788a0, 0xb36793dc]
Event: 4,606 Thread 0x7f896400   76             java.lang.String::startsWith (7 bytes)
Event: 4,610 Thread 0x7f896400 nmethod 76 0xb36782c8 code [0xb36783c0, 0xb3678530]
Event: 4,623 Thread 0x7f898400   77             sun.misc.MetaIndex::mayContain (51 bytes)
Event: 4,632 Thread 0x7f898400 nmethod 77 0xb3677c88 code [0xb3677da0, 0xb367801c]

GC Heap History (2 events):
Event: 3,911 GC heap before
{Heap before GC invocations=1 (full 0):
 PSYoungGen      total 13824K, used 12032K [0xa43c0000, 0xa5300000, 0xb3540000)
  eden space 12032K, 100% used [0xa43c0000,0xa4f80000,0xa4f80000)
  from space 1792K, 0% used [0xa5140000,0xa5140000,0xa5300000)
  to   space 1792K, 0% used [0xa4f80000,0xa4f80000,0xa5140000)
 ParOldGen       total 30720K, used 0K [0x86140000, 0x87f40000, 0xa43c0000)
  object space 30720K, 0% used [0x86140000,0x86140000,0x87f40000)
 PSPermGen       total 16384K, used 10434K [0x82140000, 0x83140000, 0x86140000)
  object space 16384K, 63% used [0x82140000,0x82b70910,0x83140000)
Event: 3,921 GC heap after
Heap after GC invocations=1 (full 0):
 PSYoungGen      total 13824K, used 1784K [0xa43c0000, 0xa5300000, 0xb3540000)
  eden space 12032K, 0% used [0xa43c0000,0xa43c0000,0xa4f80000)
  from space 1792K, 99% used [0xa4f80000,0xa513e070,0xa5140000)
  to   space 1792K, 0% used [0xa5140000,0xa5140000,0xa5300000)
 ParOldGen       total 30720K, used 2292K [0x86140000, 0x87f40000, 0xa43c0000)
  object space 30720K, 7% used [0x86140000,0x8637d3f8,0x87f40000)
 PSPermGen       total 16384K, used 10434K [0x82140000, 0x83140000, 0x86140000)
  object space 16384K, 63% used [0x82140000,0x82b70910,0x83140000)
}

Deoptimization events (10 events):
Event: 0,887 Thread 0x7ef91800 Uncommon trap: reason=class_check action=maybe_recompile pc=0xb3654a8c method=java.lang.String.equals(Ljava/lang/Object;)Z @ 8
Event: 0,887 Thread 0x7ef91800 Uncommon trap: reason=class_check action=maybe_recompile pc=0xb3654a8c method=java.lang.String.equals(Ljava/lang/Object;)Z @ 8
Event: 0,887 Thread 0x7ef91800 Uncommon trap: reason=class_check action=maybe_recompile pc=0xb3654a8c method=java.lang.String.equals(Ljava/lang/Object;)Z @ 8
Event: 3,712 Thread 0x7ef91800 Uncommon trap: reason=bimorphic action=maybe_recompile pc=0xb36606c0 method=java.util.Properties$LineReader.readLine()I @ 62
Event: 3,712 Thread 0x7ef91800 Uncommon trap: reason=bimorphic action=maybe_recompile pc=0xb36606c0 method=java.util.Properties$LineReader.readLine()I @ 62
Event: 3,715 Thread 0x7ef91800 Uncommon trap: reason=bimorphic action=maybe_recompile pc=0xb36606c0 method=java.util.Properties$LineReader.readLine()I @ 62
Event: 3,715 Thread 0x7ef91800 Uncommon trap: reason=bimorphic action=maybe_recompile pc=0xb36606c0 method=java.util.Properties$LineReader.readLine()I @ 62
Event: 3,851 Thread 0x7ef91800 Uncommon trap: reason=unreached action=reinterpret pc=0xb3667ec4 method=java.util.TreeMap.getEntry(Ljava/lang/Object;)Ljava/util/TreeMap$Entry; @ 4
Event: 3,890 Thread 0xb6608000 Uncommon trap: reason=unreached action=reinterpret pc=0xb36617a0 method=java.lang.AbstractStringBuilder.append(Ljava/lang/String;)Ljava/lang/AbstractStringBuilder; @ 1
Event: 3,890 Thread 0xb6608000 Uncommon trap: reason=unreached action=reinterpret pc=0xb366281c method=java.lang.AbstractStringBuilder.append(Ljava/lang/String;)Ljava/lang/AbstractStringBuilder; @ 1

Internal exceptions (10 events):
Event: 4,642 Thread 0x79e18c00 Threw 0xa4b10bc8 at /HUDSON/workspace/7u-2-build-linux-i586/jdk7u51/527/hotspot/src/share/vm/prims/jni.cpp:743
Event: 4,643 Thread 0x79e18c00 Threw 0xa4b11038 at /HUDSON/workspace/7u-2-build-linux-i586/jdk7u51/527/hotspot/src/share/vm/prims/jni.cpp:743
Event: 4,643 Thread 0x79e18c00 Threw 0xa4b11400 at /HUDSON/workspace/7u-2-build-linux-i586/jdk7u51/527/hotspot/src/share/vm/prims/jni.cpp:743
Event: 4,643 Thread 0x79e18c00 Threw 0xa4b11848 at /HUDSON/workspace/7u-2-build-linux-i586/jdk7u51/527/hotspot/src/share/vm/prims/jni.cpp:743
Event: 4,643 Thread 0x79e18c00 Threw 0xa4b11cd8 at /HUDSON/workspace/7u-2-build-linux-i586/jdk7u51/527/hotspot/src/share/vm/prims/jni.cpp:743
Event: 4,644 Thread 0x79e18c00 Threw 0xa4b123e8 at /HUDSON/workspace/7u-2-build-linux-i586/jdk7u51/527/hotspot/src/share/vm/prims/jvm.cpp:1244
Event: 4,648 Thread 0x79e18c00 Threw 0xa4b15468 at /HUDSON/workspace/7u-2-build-linux-i586/jdk7u51/527/hotspot/src/share/vm/prims/jvm.cpp:1244
Event: 4,660 Thread 0x79e18c00 Threw 0xa4b5ed50 at /HUDSON/workspace/7u-2-build-linux-i586/jdk7u51/527/hotspot/src/share/vm/prims/jvm.cpp:1244
Event: 4,661 Thread 0x79e18c00 Threw 0xa4b62260 at /HUDSON/workspace/7u-2-build-linux-i586/jdk7u51/527/hotspot/src/share/vm/prims/jvm.cpp:1244
Event: 4,662 Thread 0x79e18c00 Threw 0xa4b65170 at /HUDSON/workspace/7u-2-build-linux-i586/jdk7u51/527/hotspot/src/share/vm/prims/jvm.cpp:1244

Events (10 events):
Event: 4,644 loading class 0x79e0f2d8
Event: 4,644 loading class 0x79e0f2d8 done
Event: 4,648 loading class 0x79e0f328
Event: 4,648 loading class 0x79e0f328 done
Event: 4,660 loading class 0x7cbdc748
Event: 4,660 loading class 0x7cbdc748 done
Event: 4,661 loading class 0x7cb88480
Event: 4,661 loading class 0x7cb88480 done
Event: 4,662 loading class 0x7cbdc778
Event: 4,662 loading class 0x7cbdc778 done


Dynamic libraries:
08048000-08049000 r-xp 00000000 08:01 3283737    /home/nicolas/jmonkeyplatform/jdk/bin/java
08049000-0804a000 rw-p 00000000 08:01 3283737    /home/nicolas/jmonkeyplatform/jdk/bin/java
08974000-08a13000 rw-p 00000000 00:00 0          [heap]
75413000-79414000 rw-s 00000000 00:12 282015     /run/shm/pulse-shm-2702844415
79414000-79415000 ---p 00000000 00:00 0 
79415000-79c15000 rw-p 00000000 00:00 0          [stack:8082]
79c15000-79d7b000 r-xp 00000000 08:01 5394       /usr/lib/i386-linux-gnu/libvorbisenc.so.2.0.8
79d7b000-79d8c000 r--p 00165000 08:01 5394       /usr/lib/i386-linux-gnu/libvorbisenc.so.2.0.8
79d8c000-79d8d000 rw-p 00176000 08:01 5394       /usr/lib/i386-linux-gnu/libvorbisenc.so.2.0.8
79d8d000-79df9000 r-xp 00000000 08:01 4781       /usr/lib/i386-linux-gnu/libsndfile.so.1.0.25
79df9000-79dfb000 r--p 0006b000 08:01 4781       /usr/lib/i386-linux-gnu/libsndfile.so.1.0.25
79dfb000-79dfc000 rw-p 0006d000 08:01 4781       /usr/lib/i386-linux-gnu/libsndfile.so.1.0.25
79dfc000-79e00000 rw-p 00000000 00:00 0 
79e00000-79e62000 rw-p 00000000 00:00 0 
79e62000-79f00000 ---p 00000000 00:00 0 
79f60000-79fc3000 r-xp 00000000 08:01 2219       /usr/lib/i386-linux-gnu/libpulsecommon-1.1.so
79fc3000-79fc4000 r--p 00062000 08:01 2219       /usr/lib/i386-linux-gnu/libpulsecommon-1.1.so
79fc4000-79fc5000 rw-p 00063000 08:01 2219       /usr/lib/i386-linux-gnu/libpulsecommon-1.1.so
79fc5000-7a200000 rw-p 00000000 00:00 0 
7a200000-7a2f2000 rw-p 00000000 00:00 0 
7a2f2000-7a300000 ---p 00000000 00:00 0 
7a300000-7a400000 rw-p 00000000 00:00 0 
7a400000-7a4f6000 rw-p 00000000 00:00 0 
7a4f6000-7a500000 ---p 00000000 00:00 0 
7a50e000-7a55a000 r-xp 00000000 08:01 1975       /usr/lib/i386-linux-gnu/libFLAC.so.8.2.0
7a55a000-7a55b000 r--p 0004b000 08:01 1975       /usr/lib/i386-linux-gnu/libFLAC.so.8.2.0
7a55b000-7a55c000 rw-p 0004c000 08:01 1975       /usr/lib/i386-linux-gnu/libFLAC.so.8.2.0
7a55c000-7a5a8000 r-xp 00000000 08:01 2218       /usr/lib/i386-linux-gnu/libpulse.so.0.13.5
7a5a8000-7a5a9000 r--p 0004b000 08:01 2218       /usr/lib/i386-linux-gnu/libpulse.so.0.13.5
7a5a9000-7a5aa000 rw-p 0004c000 08:01 2218       /usr/lib/i386-linux-gnu/libpulse.so.0.13.5
7a5aa000-7a5f8000 r-xp 00000000 08:01 2098287    /home/nicolas/git_repo/arkanoide2/libopenal.so
7a5f8000-7a5fa000 r--p 0004d000 08:01 2098287    /home/nicolas/git_repo/arkanoide2/libopenal.so
7a5fa000-7a5fb000 rw-p 0004f000 08:01 2098287    /home/nicolas/git_repo/arkanoide2/libopenal.so
7a5fb000-7b300000 rw-p 00000000 00:00 0 
7b300000-7b3fc000 rw-p 00000000 00:00 0 
7b3fc000-7b400000 ---p 00000000 00:00 0 
7b42d000-7b430000 ---p 00000000 00:00 0 
7b430000-7b47e000 rw-p 00000000 00:00 0          [stack:8080]
7b47e000-7b556000 r-xp 00000000 08:01 5359       /usr/lib/i386-linux-gnu/libstdc++.so.6.0.16
7b556000-7b557000 ---p 000d8000 08:01 5359       /usr/lib/i386-linux-gnu/libstdc++.so.6.0.16
7b557000-7b55b000 r--p 000d8000 08:01 5359       /usr/lib/i386-linux-gnu/libstdc++.so.6.0.16
7b55b000-7b55c000 rw-p 000dc000 08:01 5359       /usr/lib/i386-linux-gnu/libstdc++.so.6.0.16
7b55c000-7b563000 rw-p 00000000 00:00 0 
7b563000-7b902000 r-xp 00000000 08:01 2193       /usr/lib/i386-linux-gnu/libdricore9.1.7.so.1.0.0
7b902000-7b90b000 r--p 0039f000 08:01 2193       /usr/lib/i386-linux-gnu/libdricore9.1.7.so.1.0.0
7b90b000-7b910000 rw-p 003a8000 08:01 2193       /usr/lib/i386-linux-gnu/libdricore9.1.7.so.1.0.0
7b910000-7b925000 rw-p 00000000 00:00 0 
7b925000-7b9fc000 r-xp 00000000 08:01 2190       /usr/lib/i386-linux-gnu/dri/i965_dri.so
7b9fc000-7b9fe000 r--p 000d7000 08:01 2190       /usr/lib/i386-linux-gnu/dri/i965_dri.so
7b9fe000-7b9ff000 rw-p 000d9000 08:01 2190       /usr/lib/i386-linux-gnu/dri/i965_dri.so
7b9ff000-7ba00000 rw-p 00000000 00:00 0 
7ba00000-7ba5a000 rw-p 00000000 00:00 0 
7ba5a000-7bb00000 ---p 00000000 00:00 0 
7bb18000-7bb29000 r--p 00000000 08:01 144609     /usr/share/locale-langpack/es/LC_MESSAGES/pulseaudio.mo
7bb29000-7bb32000 r-xp 00000000 08:01 5268       /usr/lib/i386-linux-gnu/libpciaccess.so.0.11.0
7bb32000-7bb33000 r--p 00008000 08:01 5268       /usr/lib/i386-linux-gnu/libpciaccess.so.0.11.0
7bb33000-7bb34000 rw-p 00009000 08:01 5268       /usr/lib/i386-linux-gnu/libpciaccess.so.0.11.0
7bb34000-7bb55000 r-xp 00000000 08:01 1814       /usr/lib/i386-linux-gnu/libdrm_intel.so.1.0.0
7bb55000-7bb56000 r--p 00020000 08:01 1814       /usr/lib/i386-linux-gnu/libdrm_intel.so.1.0.0
7bb56000-7bb57000 rw-p 00021000 08:01 1814       /usr/lib/i386-linux-gnu/libdrm_intel.so.1.0.0
7bb57000-7bb62000 r-xp 00000000 08:01 1811       /usr/lib/i386-linux-gnu/libdrm.so.2.4.0
7bb62000-7bb63000 r--p 0000a000 08:01 1811       /usr/lib/i386-linux-gnu/libdrm.so.2.4.0
7bb63000-7bb64000 rw-p 0000b000 08:01 1811       /usr/lib/i386-linux-gnu/libdrm.so.2.4.0
7bb64000-7bc64000 rw-s 00000000 00:04 55115825   /SYSV00000000 (deleted)
7bc64000-7bcc4000 rw-s 00000000 00:04 55083056   /SYSV00000000 (deleted)
7bcc4000-7bcc9000 r-xp 00000000 08:01 4879       /usr/lib/i386-linux-gnu/libasyncns.so.0.3.1
7bcc9000-7bcca000 r--p 00004000 08:01 4879       /usr/lib/i386-linux-gnu/libasyncns.so.0.3.1
7bcca000-7bccb000 rw-p 00005000 08:01 4879       /usr/lib/i386-linux-gnu/libasyncns.so.0.3.1
7bccb000-7bce1000 r-xp 00000000 08:01 5413       /usr/lib/i386-linux-gnu/libxcb-glx.so.0.0.0
7bce1000-7bce2000 r--p 00016000 08:01 5413       /usr/lib/i386-linux-gnu/libxcb-glx.so.0.0.0
7bce2000-7bce3000 rw-p 00017000 08:01 5413       /usr/lib/i386-linux-gnu/libxcb-glx.so.0.0.0
7bce3000-7bcf2000 r-xp 00000000 08:01 2209       /usr/lib/i386-linux-gnu/libglapi.so.0.0.0
7bcf2000-7bcf4000 r--p 0000f000 08:01 2209       /usr/lib/i386-linux-gnu/libglapi.so.0.0.0
7bcf4000-7bcf9000 rwxp 00011000 08:01 2209       /usr/lib/i386-linux-gnu/libglapi.so.0.0.0
7bcf9000-7bd4c000 r-xp 00000000 08:01 2206       /usr/lib/i386-linux-gnu/mesa/libGL.so.1.2.0
7bd4c000-7bd4e000 r--p 00052000 08:01 2206       /usr/lib/i386-linux-gnu/mesa/libGL.so.1.2.0
7bd4e000-7bd52000 rwxp 00054000 08:01 2206       /usr/lib/i386-linux-gnu/mesa/libGL.so.1.2.0
7bd52000-7bd53000 rwxp 00000000 00:00 0 
7bd53000-7bdad000 r-xp 00000000 08:01 2098283    /home/nicolas/git_repo/arkanoide2/liblwjgl.so
7bdad000-7bdae000 r--p 0005a000 08:01 2098283    /home/nicolas/git_repo/arkanoide2/liblwjgl.so
7bdae000-7bdaf000 rw-p 0005b000 08:01 2098283    /home/nicolas/git_repo/arkanoide2/liblwjgl.so
7bdaf000-7bdb2000 ---p 00000000 00:00 0 
7bdb2000-7be00000 rw-p 00000000 00:00 0          [stack:8074]
7be00000-7be80000 rw-p 00000000 00:00 0 
7be80000-7bf00000 ---p 00000000 00:00 0 
7bf00000-7bf08000 r-xp 00000000 08:01 166131     /lib/i386-linux-gnu/libwrap.so.0.7.6
7bf08000-7bf09000 r--p 00007000 08:01 166131     /lib/i386-linux-gnu/libwrap.so.0.7.6
7bf09000-7bf0a000 rw-p 00008000 08:01 166131     /lib/i386-linux-gnu/libwrap.so.0.7.6
7bf0a000-7bf0d000 r-xp 00000000 08:01 5411       /usr/lib/i386-linux-gnu/libxcb-dri2.so.0.0.0
7bf0d000-7bf0e000 r--p 00003000 08:01 5411       /usr/lib/i386-linux-gnu/libxcb-dri2.so.0.0.0
7bf0e000-7bf0f000 rw-p 00004000 08:01 5411       /usr/lib/i386-linux-gnu/libxcb-dri2.so.0.0.0
7bf0f000-7bf12000 ---p 00000000 00:00 0 
7bf12000-7bf28000 rw-p 00000000 00:00 0          [stack:8076]
7bf28000-7bf2c000 r-xp 00000000 08:01 4861       /usr/lib/i386-linux-gnu/libXxf86vm.so.1.0.0
7bf2c000-7bf2d000 r--p 00003000 08:01 4861       /usr/lib/i386-linux-gnu/libXxf86vm.so.1.0.0
7bf2d000-7bf2e000 rw-p 00004000 08:01 4861       /usr/lib/i386-linux-gnu/libXxf86vm.so.1.0.0
7bf2e000-7bf8e000 r-xp 00000000 08:01 3284935    /home/nicolas/jmonkeyplatform/jdk/jre/lib/i386/libt2k.so
7bf8e000-7bf92000 rw-p 0005f000 08:01 3284935    /home/nicolas/jmonkeyplatform/jdk/jre/lib/i386/libt2k.so
7bf92000-7bf96000 rw-p 00000000 00:00 0 
7bf96000-7bf99000 ---p 00000000 00:00 0 
7bf99000-7bfe7000 rw-p 00000000 00:00 0          [stack:8073]
7bfe7000-7bfe8000 ---p 00000000 00:00 0 
7bfe8000-7c7e8000 rw-p 00000000 00:00 0          [stack:8072]
7c7e8000-7c802000 r-xp 00000000 08:01 4965       /usr/lib/i386-linux-gnu/libdbusmenu-glib.so.4.0.13
7c802000-7c803000 r--p 00019000 08:01 4965       /usr/lib/i386-linux-gnu/libdbusmenu-glib.so.4.0.13
7c803000-7c804000 rw-p 0001a000 08:01 4965       /usr/lib/i386-linux-gnu/libdbusmenu-glib.so.4.0.13
7c804000-7c815000 r-xp 00000000 08:01 4967       /usr/lib/i386-linux-gnu/libdbusmenu-gtk.so.4.0.13
7c815000-7c816000 r--p 00010000 08:01 4967       /usr/lib/i386-linux-gnu/libdbusmenu-gtk.so.4.0.13
7c816000-7c817000 rw-p 00011000 08:01 4967       /usr/lib/i386-linux-gnu/libdbusmenu-gtk.so.4.0.13
7c81d000-7c824000 r-xp 00000000 08:01 1249       /usr/lib/i386-linux-gnu/libjson.so.0.0.1
7c824000-7c825000 r--p 00006000 08:01 1249       /usr/lib/i386-linux-gnu/libjson.so.0.0.1
7c825000-7c826000 rw-p 00007000 08:01 1249       /usr/lib/i386-linux-gnu/libjson.so.0.0.1
7c826000-7c827000 rw-s 1288b000 00:05 10553      /dev/dri/card0
7c827000-7c828000 rw-s 00000000 00:04 280412     /drm mm object (deleted)
7c828000-7c829000 rwxp 00000000 00:00 0 
7c829000-7c837000 r-xp 00000000 08:01 136556     /lib/i386-linux-gnu/libudev.so.0.13.0
7c837000-7c838000 r--p 0000e000 08:01 136556     /lib/i386-linux-gnu/libudev.so.0.13.0
7c838000-7c839000 rw-p 0000f000 08:01 136556     /lib/i386-linux-gnu/libudev.so.0.13.0
7c839000-7c880000 r-xp 00000000 08:01 136829     /lib/i386-linux-gnu/libdbus-1.so.3.5.8
7c880000-7c881000 ---p 00047000 08:01 136829     /lib/i386-linux-gnu/libdbus-1.so.3.5.8
7c881000-7c882000 r--p 00047000 08:01 136829     /lib/i386-linux-gnu/libdbus-1.so.3.5.8
7c882000-7c883000 rw-p 00048000 08:01 136829     /lib/i386-linux-gnu/libdbus-1.so.3.5.8
7c883000-7c898000 r-xp 00000000 08:01 4692       /usr/lib/i386-linux-gnu/gvfs/libgvfscommon.so
7c898000-7c899000 r--p 00014000 08:01 4692       /usr/lib/i386-linux-gnu/gvfs/libgvfscommon.so
7c899000-7c89a000 rw-p 00015000 08:01 4692       /usr/lib/i386-linux-gnu/gvfs/libgvfscommon.so
7c89a000-7c8c3000 r-xp 00000000 08:01 4701       /usr/lib/i386-linux-gnu/gio/modules/libgvfsdbus.so
7c8c3000-7c8c4000 r--p 00028000 08:01 4701       /usr/lib/i386-linux-gnu/gio/modules/libgvfsdbus.so
7c8c4000-7c8c5000 rw-p 00029000 08:01 4701       /usr/lib/i386-linux-gnu/gio/modules/libgvfsdbus.so
7c8c5000-7c909000 r-xp 00000000 08:01 5157       /usr/lib/i386-linux-gnu/libibus-1.0.so.0.401.0
7c909000-7c90a000 r--p 00043000 08:01 5157       /usr/lib/i386-linux-gnu/libibus-1.0.so.0.401.0
7c90a000-7c90b000 rw-p 00044000 08:01 5157       /usr/lib/i386-linux-gnu/libibus-1.0.so.0.401.0
7c90b000-7c90c000 r-xp 00000000 08:01 4800       /usr/lib/i386-linux-gnu/libX11-xcb.so.1.0.0
7c90c000-7c90d000 r--p 00000000 08:01 4800       /usr/lib/i386-linux-gnu/libX11-xcb.so.1.0.0
7c90d000-7c90e000 rw-p 00001000 08:01 4800       /usr/lib/i386-linux-gnu/libX11-xcb.so.1.0.0
7c90e000-7c90f000 r-xp 00000000 08:01 3284892    /home/nicolas/jmonkeyplatform/jdk/jre/lib/i386/libjawt.so
7c90f000-7c910000 rw-p 00000000 08:01 3284892    /home/nicolas/jmonkeyplatform/jdk/jre/lib/i386/libjawt.so
7c910000-7c916000 r--p 00000000 08:01 135515     /usr/share/locale-langpack/es/LC_MESSAGES/gdk-pixbuf.mo
7c916000-7c91b000 r-xp 00000000 08:01 5925       /usr/lib/i386-linux-gnu/gtk-2.0/2.10.0/menuproxies/libappmenu.so
7c91b000-7c91c000 r--p 00004000 08:01 5925       /usr/lib/i386-linux-gnu/gtk-2.0/2.10.0/menuproxies/libappmenu.so
7c91c000-7c91d000 rw-p 00005000 08:01 5925       /usr/lib/i386-linux-gnu/gtk-2.0/2.10.0/menuproxies/libappmenu.so
7c91d000-7c923000 r-xp 00000000 08:01 5916       /usr/lib/i386-linux-gnu/gtk-2.0/2.10.0/immodules/im-ibus.so
7c923000-7c924000 r--p 00005000 08:01 5916       /usr/lib/i386-linux-gnu/gtk-2.0/2.10.0/immodules/im-ibus.so
7c924000-7c925000 rw-p 00006000 08:01 5916       /usr/lib/i386-linux-gnu/gtk-2.0/2.10.0/immodules/im-ibus.so
7c925000-7c977000 r--p 00000000 08:01 59461      /usr/share/fonts/truetype/ttf-dejavu/DejaVuSansMono.ttf
7c977000-7c9ce000 r--p 00000000 08:01 59490      /usr/share/fonts/truetype/ubuntu-font-family/Ubuntu-R.ttf
7c9ce000-7c9d0000 r-xp 00000000 08:01 6118       /usr/lib/i386-linux-gnu/pango/1.6.0/modules/pango-basic-fc.so
7c9d0000-7c9d1000 r--p 00001000 08:01 6118       /usr/lib/i386-linux-gnu/pango/1.6.0/modules/pango-basic-fc.so
7c9d1000-7c9d2000 rw-p 00002000 08:01 6118       /usr/lib/i386-linux-gnu/pango/1.6.0/modules/pango-basic-fc.so
7c9d2000-7c9d3000 r--s 00000000 08:01 7347345    /var/cache/fontconfig/c05880de57d1f5e948fdfacc138775d9-le32d4.cache-3
7c9d3000-7c9d9000 r--s 00000000 08:01 7340119    /var/cache/fontconfig/945677eb7aeaf62f1d50efc3fb3ec7d8-le32d4.cache-3
7c9d9000-7c9db000 r--s 00000000 08:01 7347268    /var/cache/fontconfig/99e8ed0e538f840c565b6ed5dad60d56-le32d4.cache-3
7c9db000-7c9de000 r--s 00000000 08:01 7347263    /var/cache/fontconfig/2cd17615ca594fa2959ae173292e504c-le32d4.cache-3
7c9de000-7c9df000 r--s 00000000 08:01 7347251    /var/cache/fontconfig/e7071f4a29fa870f4323321c154eba04-le32d4.cache-3
7c9df000-7c9e3000 r--s 00000000 08:01 7347238    /var/cache/fontconfig/a755afe4a08bf5b97852ceb7400b47bc-le32d4.cache-3
7c9e3000-7c9ea000 r--s 00000000 08:01 7347231    /var/cache/fontconfig/6d41288fd70b0be22e8c3a91e032eec0-le32d4.cache-3
7c9ea000-7c9f5000 r--s 00000000 08:01 7347195    /var/cache/fontconfig/04aabc0a78ac019cf9454389977116d2-le32d4.cache-3
7c9f5000-7c9f8000 r--s 00000000 08:01 7347190    /var/cache/fontconfig/385c0604a188198f04d133e54aba7fe7-le32d4.cache-3
7c9f8000-7c9fc000 r--s 00000000 08:01 7347162    /var/cache/fontconfig/3047814df9a2f067bd2d96a2b9c36e5a-le32d4.cache-3
7c9fc000-7ca00000 r--s 00000000 08:01 7347076    /var/cache/fontconfig/b47c4e1ecd0709278f4910c18777a504-le32d4.cache-3
7ca00000-7caa5000 rw-p 00000000 00:00 0 
7caa5000-7cb00000 ---p 00000000 00:00 0 
7cb00000-7cbe9000 rw-p 00000000 00:00 0 
7cbe9000-7cc00000 ---p 00000000 00:00 0 
7cc00000-7cd00000 rw-p 00000000 00:00 0 
7cd00000-7cd0d000 r--s 00000000 08:01 7347073    /var/cache/fontconfig/d52a8644073d54c13679302ca1180695-le32d4.cache-3
7cd0d000-7cd26000 r--s 00000000 08:01 59563      /usr/share/fonts/type1/gsfonts/n021003l.pfb
7cd26000-7cd3c000 r--s 00000000 08:01 59572      /usr/share/fonts/type1/gsfonts/n021024l.pfb
7cd3c000-7cd52000 r--s 00000000 08:01 59581      /usr/share/fonts/type1/gsfonts/n022023l.pfb
7cd52000-7cd69000 r--s 00000000 08:01 59569      /usr/share/fonts/type1/gsfonts/n021023l.pfb
7cd69000-7cd73000 r--s 00000000 08:01 59605      /usr/share/fonts/type1/mathml/Symbol.pfb
7cd73000-7cd84000 r--s 00000000 08:01 59545      /usr/share/fonts/type1/gsfonts/n019023l.pfb
7cd84000-7cd98000 r--s 00000000 08:01 59539      /usr/share/fonts/type1/gsfonts/n019003l.pfb
7cd98000-7cdad000 r-xp 00000000 08:01 3284911    /home/nicolas/jmonkeyplatform/jdk/jre/lib/i386/libnet.so
7cdad000-7cdae000 rw-p 00014000 08:01 3284911    /home/nicolas/jmonkeyplatform/jdk/jre/lib/i386/libnet.so
7cdae000-7cdca000 r-xp 00000000 08:01 166043     /lib/i386-linux-gnu/libgcc_s.so.1
7cdca000-7cdcb000 r--p 0001b000 08:01 166043     /lib/i386-linux-gnu/libgcc_s.so.1
7cdcb000-7cdcc000 rw-p 0001c000 08:01 166043     /lib/i386-linux-gnu/libgcc_s.so.1
7cdcc000-7ce2d000 r-xp 00000000 08:01 3284940    /home/nicolas/jmonkeyplatform/jdk/jre/lib/i386/libfontmanager.so
7ce2d000-7ce30000 rw-p 00060000 08:01 3284940    /home/nicolas/jmonkeyplatform/jdk/jre/lib/i386/libfontmanager.so
7ce30000-7ce34000 rw-p 00000000 00:00 0 
7ce34000-7ce3a000 r-xp 00000000 08:01 5242       /usr/lib/i386-linux-gnu/libogg.so.0.7.1
7ce3a000-7ce3b000 r--p 00005000 08:01 5242       /usr/lib/i386-linux-gnu/libogg.so.0.7.1
7ce3b000-7ce3c000 rw-p 00006000 08:01 5242       /usr/lib/i386-linux-gnu/libogg.so.0.7.1
7ce3c000-7ce65000 r-xp 00000000 08:01 5392       /usr/lib/i386-linux-gnu/libvorbis.so.0.4.5
7ce65000-7ce66000 r--p 00028000 08:01 5392       /usr/lib/i386-linux-gnu/libvorbis.so.0.4.5
7ce66000-7ce67000 rw-p 00029000 08:01 5392       /usr/lib/i386-linux-gnu/libvorbis.so.0.4.5
7ce67000-7ce6f000 r-xp 00000000 08:01 5200       /usr/lib/i386-linux-gnu/libltdl.so.7.3.0
7ce6f000-7ce70000 r--p 00008000 08:01 5200       /usr/lib/i386-linux-gnu/libltdl.so.7.3.0
7ce70000-7ce71000 rw-p 00009000 08:01 5200       /usr/lib/i386-linux-gnu/libltdl.so.7.3.0
7ce71000-7ce82000 r-xp 00000000 08:01 5367       /usr/lib/i386-linux-gnu/libtdb.so.1.2.9
7ce82000-7ce83000 r--p 00010000 08:01 5367       /usr/lib/i386-linux-gnu/libtdb.so.1.2.9
7ce83000-7ce84000 rw-p 00011000 08:01 5367       /usr/lib/i386-linux-gnu/libtdb.so.1.2.9
7ce84000-7ce8c000 r-xp 00000000 08:01 5396       /usr/lib/i386-linux-gnu/libvorbisfile.so.3.3.4
7ce8c000-7ce8d000 r--p 00007000 08:01 5396       /usr/lib/i386-linux-gnu/libvorbisfile.so.3.3.4
7ce8d000-7ce8e000 rw-p 00008000 08:01 5396       /usr/lib/i386-linux-gnu/libvorbisfile.so.3.3.4
7ce8e000-7ce9d000 r-xp 00000000 08:01 4927       /usr/lib/i386-linux-gnu/libcanberra.so.0.2.5
7ce9d000-7ce9e000 r--p 0000e000 08:01 4927       /usr/lib/i386-linux-gnu/libcanberra.so.0.2.5
7ce9e000-7ce9f000 rw-p 0000f000 08:01 4927       /usr/lib/i386-linux-gnu/libcanberra.so.0.2.5
7ce9f000-7cea3000 r-xp 00000000 08:01 4923       /usr/lib/i386-linux-gnu/libcanberra-gtk.so.0.1.8
7cea3000-7cea4000 r--p 00003000 08:01 4923       /usr/lib/i386-linux-gnu/libcanberra-gtk.so.0.1.8
7cea4000-7cea5000 rw-p 00004000 08:01 4923       /usr/lib/i386-linux-gnu/libcanberra-gtk.so.0.1.8
7cea5000-7cea8000 r--s 00000000 08:01 7347164    /var/cache/fontconfig/8801497958630a81b71ace7c5f9b32a8-le32d4.cache-3
7cea8000-7ceb6000 r-xp 00000000 08:01 3284938    /home/nicolas/jmonkeyplatform/jdk/jre/lib/i386/libnio.so
7ceb6000-7ceb7000 rw-p 0000e000 08:01 3284938    /home/nicolas/jmonkeyplatform/jdk/jre/lib/i386/libnio.so
7ceb7000-7cebc000 r-xp 00000000 08:01 5929       /usr/lib/i386-linux-gnu/gtk-2.0/modules/libcanberra-gtk-module.so
7cebc000-7cebd000 r--p 00004000 08:01 5929       /usr/lib/i386-linux-gnu/gtk-2.0/modules/libcanberra-gtk-module.so
7cebd000-7cebe000 rw-p 00005000 08:01 5929       /usr/lib/i386-linux-gnu/gtk-2.0/modules/libcanberra-gtk-module.so
7cebe000-7cef3000 r-xp 00000000 08:01 5909       /usr/lib/i386-linux-gnu/gtk-2.0/2.10.0/engines/libmurrine.so
7cef3000-7cef4000 r--p 00034000 08:01 5909       /usr/lib/i386-linux-gnu/gtk-2.0/2.10.0/engines/libmurrine.so
7cef4000-7cef5000 rw-p 00035000 08:01 5909       /usr/lib/i386-linux-gnu/gtk-2.0/2.10.0/engines/libmurrine.so
7cef5000-7cef6000 ---p 00000000 00:00 0 
7cef6000-7d6f6000 rw-p 00000000 00:00 0          [stack:8071]
7d6f6000-7d720000 r--p 00000000 08:01 135370     /usr/share/locale-langpack/es/LC_MESSAGES/gtk20-properties.mo
7d720000-7d721000 ---p 00000000 00:00 0 
7d721000-7df21000 rw-p 00000000 00:00 0          [stack:8070]
7df21000-7df25000 r--p 00000000 08:01 141124     /home/nicolas/.config/dconf/user
7df25000-7df2c000 r-xp 00000000 08:01 5771       /usr/lib/i386-linux-gnu/gio/modules/libdconfsettings.so
7df2c000-7df2d000 r--p 00006000 08:01 5771       /usr/lib/i386-linux-gnu/gio/modules/libdconfsettings.so
7df2d000-7df2e000 rw-p 00007000 08:01 5771       /usr/lib/i386-linux-gnu/gio/modules/libdconfsettings.so
7df2e000-7df54000 r--p 00000000 08:01 700        /usr/share/glib-2.0/schemas/gschemas.compiled
7df54000-7df6c000 r--p 00000000 08:01 135315     /usr/share/locale-langpack/es/LC_MESSAGES/glib20.mo
7df6c000-7df7c000 r-xp 00000000 08:01 3321       /usr/lib/liboverlay-scrollbar-0.2.so.0.0.16
7df7c000-7df7d000 r--p 0000f000 08:01 3321       /usr/lib/liboverlay-scrollbar-0.2.so.0.0.16
7df7d000-7df7e000 rw-p 00010000 08:01 3321       /usr/lib/liboverlay-scrollbar-0.2.so.0.0.16
7df7e000-7df7f000 r-xp 00000000 08:01 2137       /usr/lib/i386-linux-gnu/libgthread-2.0.so.0.3200.4
7df7f000-7df80000 r--p 00000000 08:01 2137       /usr/lib/i386-linux-gnu/libgthread-2.0.so.0.3200.4
7df80000-7df81000 rw-p 00001000 08:01 2137       /usr/lib/i386-linux-gnu/libgthread-2.0.so.0.3200.4
7df81000-7dfbb000 r-xp 00000000 08:01 139823     /lib/i386-linux-gnu/libpcre.so.3.12.1
7dfbb000-7dfbc000 r--p 00039000 08:01 139823     /lib/i386-linux-gnu/libpcre.so.3.12.1
7dfbc000-7dfbd000 rw-p 0003a000 08:01 139823     /lib/i386-linux-gnu/libpcre.so.3.12.1
7dfbd000-7dfc2000 r-xp 00000000 08:01 5011       /usr/lib/i386-linux-gnu/libffi.so.6.0.0
7dfc2000-7dfc3000 r--p 00004000 08:01 5011       /usr/lib/i386-linux-gnu/libffi.so.6.0.0
7dfc3000-7dfc4000 rw-p 00005000 08:01 5011       /usr/lib/i386-linux-gnu/libffi.so.6.0.0
7dfc4000-7dfea000 r-xp 00000000 08:01 136682     /lib/i386-linux-gnu/libexpat.so.1.5.2
7dfea000-7dfeb000 ---p 00026000 08:01 136682     /lib/i386-linux-gnu/libexpat.so.1.5.2
7dfeb000-7dfed000 r--p 00026000 08:01 136682     /lib/i386-linux-gnu/libexpat.so.1.5.2
7dfed000-7dfee000 rw-p 00028000 08:01 136682     /lib/i386-linux-gnu/libexpat.so.1.5.2
7dfee000-7e001000 r-xp 00000000 08:01 140531     /lib/i386-linux-gnu/libresolv-2.15.so
7e001000-7e002000 ---p 00013000 08:01 140531     /lib/i386-linux-gnu/libresolv-2.15.so
7e002000-7e003000 r--p 00013000 08:01 140531     /lib/i386-linux-gnu/libresolv-2.15.so
7e003000-7e004000 rw-p 00014000 08:01 140531     /lib/i386-linux-gnu/libresolv-2.15.so
7e004000-7e006000 rw-p 00000000 00:00 0 
7e006000-7e023000 r-xp 00000000 08:01 166110     /lib/i386-linux-gnu/libselinux.so.1
7e023000-7e024000 r--p 0001c000 08:01 166110     /lib/i386-linux-gnu/libselinux.so.1
7e024000-7e025000 rw-p 0001d000 08:01 166110     /lib/i386-linux-gnu/libselinux.so.1
7e025000-7e028000 r-xp 00000000 08:01 2141       /usr/lib/i386-linux-gnu/libgmodule-2.0.so.0.3200.4
7e028000-7e029000 r--p 00002000 08:01 2141       /usr/lib/i386-linux-gnu/libgmodule-2.0.so.0.3200.4
7e029000-7e02a000 rw-p 00003000 08:01 2141       /usr/lib/i386-linux-gnu/libgmodule-2.0.so.0.3200.4
7e02a000-7e03e000 r-xp 00000000 08:01 166133     /lib/i386-linux-gnu/libz.so.1.2.3.4
7e03e000-7e03f000 r--p 00013000 08:01 166133     /lib/i386-linux-gnu/libz.so.1.2.3.4
7e03f000-7e040000 rw-p 00014000 08:01 166133     /lib/i386-linux-gnu/libz.so.1.2.3.4
7e040000-7e048000 r-xp 00000000 08:01 5415       /usr/lib/i386-linux-gnu/libxcb-render.so.0.0.0
7e048000-7e049000 r--p 00008000 08:01 5415       /usr/lib/i386-linux-gnu/libxcb-render.so.0.0.0
7e049000-7e04a000 rw-p 00009000 08:01 5415       /usr/lib/i386-linux-gnu/libxcb-render.so.0.0.0
7e04a000-7e072000 r-xp 00000000 08:01 139109     /lib/i386-linux-gnu/libpng12.so.0.46.0
7e072000-7e073000 r--p 00027000 08:01 139109     /lib/i386-linux-gnu/libpng12.so.0.46.0
7e073000-7e074000 rw-p 00028000 08:01 139109     /lib/i386-linux-gnu/libpng12.so.0.46.0
7e074000-7e109000 r-xp 00000000 08:01 9598       /usr/lib/i386-linux-gnu/libpixman-1.so.0.30.2
7e109000-7e10e000 r--p 00095000 08:01 9598       /usr/lib/i386-linux-gnu/libpixman-1.so.0.30.2
7e10e000-7e10f000 rw-p 0009a000 08:01 9598       /usr/lib/i386-linux-gnu/libpixman-1.so.0.30.2
7e10f000-7e1a5000 r-xp 00000000 08:01 17124      /usr/lib/i386-linux-gnu/libfreetype.so.6.8.0
7e1a5000-7e1a9000 r--p 00095000 08:01 17124      /usr/lib/i386-linux-gnu/libfreetype.so.6.8.0
7e1a9000-7e1aa000 rw-p 00099000 08:01 17124      /usr/lib/i386-linux-gnu/libfreetype.so.6.8.0
7e1aa000-7e2a1000 r-xp 00000000 08:01 166004     /lib/i386-linux-gnu/libglib-2.0.so.0.3200.4
7e2a1000-7e2a2000 r--p 000f6000 08:01 166004     /lib/i386-linux-gnu/libglib-2.0.so.0.3200.4
7e2a2000-7e2a3000 rw-p 000f7000 08:01 166004     /lib/i386-linux-gnu/libglib-2.0.so.0.3200.4
7e2a3000-7e2f0000 r-xp 00000000 08:01 633        /usr/lib/i386-linux-gnu/libgobject-2.0.so.0.3200.4
7e2f0000-7e2f1000 r--p 0004c000 08:01 633        /usr/lib/i386-linux-gnu/libgobject-2.0.so.0.3200.4
7e2f1000-7e2f2000 rw-p 0004d000 08:01 633        /usr/lib/i386-linux-gnu/libgobject-2.0.so.0.3200.4
7e2f2000-7e325000 r-xp 00000000 08:01 1695       /usr/lib/i386-linux-gnu/libfontconfig.so.1.4.4
7e325000-7e326000 r--p 00032000 08:01 1695       /usr/lib/i386-linux-gnu/libfontconfig.so.1.4.4
7e326000-7e327000 rw-p 00033000 08:01 1695       /usr/lib/i386-linux-gnu/libfontconfig.so.1.4.4
7e327000-7e36e000 r-xp 00000000 08:01 5254       /usr/lib/i386-linux-gnu/libpango-1.0.so.0.3000.0
7e36e000-7e36f000 ---p 00047000 08:01 5254       /usr/lib/i386-linux-gnu/libpango-1.0.so.0.3000.0
7e36f000-7e370000 r--p 00047000 08:01 5254       /usr/lib/i386-linux-gnu/libpango-1.0.so.0.3000.0
7e370000-7e371000 rw-p 00048000 08:01 5254       /usr/lib/i386-linux-gnu/libpango-1.0.so.0.3000.0
7e371000-7e39b000 r-xp 00000000 08:01 5258       /usr/lib/i386-linux-gnu/libpangoft2-1.0.so.0.3000.0
7e39b000-7e39c000 r--p 00029000 08:01 5258       /usr/lib/i386-linux-gnu/libpangoft2-1.0.so.0.3000.0
7e39c000-7e39d000 rw-p 0002a000 08:01 5258       /usr/lib/i386-linux-gnu/libpangoft2-1.0.so.0.3000.0
7e39d000-7e4f0000 r-xp 00000000 08:01 650        /usr/lib/i386-linux-gnu/libgio-2.0.so.0.3200.4
7e4f0000-7e4f2000 r--p 00153000 08:01 650        /usr/lib/i386-linux-gnu/libgio-2.0.so.0.3200.4
7e4f2000-7e4f3000 rw-p 00155000 08:01 650        /usr/lib/i386-linux-gnu/libgio-2.0.so.0.3200.4
7e4f3000-7e4f4000 rw-p 00000000 00:00 0 
7e4f4000-7e514000 r-xp 00000000 08:01 12492      /usr/lib/i386-linux-gnu/libgdk_pixbuf-2.0.so.0.2600.1
7e514000-7e515000 r--p 0001f000 08:01 12492      /usr/lib/i386-linux-gnu/libgdk_pixbuf-2.0.so.0.2600.1
7e515000-7e516000 rw-p 00020000 08:01 12492      /usr/lib/i386-linux-gnu/libgdk_pixbuf-2.0.so.0.2600.1
7e516000-7e5dd000 r-xp 00000000 08:01 4919       /usr/lib/i386-linux-gnu/libcairo.so.2.11000.2
7e5dd000-7e5de000 r--p 000c7000 08:01 4919       /usr/lib/i386-linux-gnu/libcairo.so.2.11000.2
7e5de000-7e5df000 rw-p 000c8000 08:01 4919       /usr/lib/i386-linux-gnu/libcairo.so.2.11000.2
7e5df000-7e5e1000 rw-p 00000000 00:00 0 
7e5e1000-7e5fe000 r-xp 00000000 08:01 4881       /usr/lib/i386-linux-gnu/libatk-1.0.so.0.20409.1
7e5fe000-7e600000 r--p 0001c000 08:01 4881       /usr/lib/i386-linux-gnu/libatk-1.0.so.0.20409.1
7e600000-7e601000 rw-p 0001e000 08:01 4881       /usr/lib/i386-linux-gnu/libatk-1.0.so.0.20409.1
7e601000-7e60c000 r-xp 00000000 08:01 5256       /usr/lib/i386-linux-gnu/libpangocairo-1.0.so.0.3000.0
7e60c000-7e60d000 r--p 0000a000 08:01 5256       /usr/lib/i386-linux-gnu/libpangocairo-1.0.so.0.3000.0
7e60d000-7e60e000 rw-p 0000b000 08:01 5256       /usr/lib/i386-linux-gnu/libpangocairo-1.0.so.0.3000.0
7e60e000-7e6b9000 r-xp 00000000 08:01 5930       /usr/lib/i386-linux-gnu/libgdk-x11-2.0.so.0.2400.10
7e6b9000-7e6bb000 r--p 000ab000 08:01 5930       /usr/lib/i386-linux-gnu/libgdk-x11-2.0.so.0.2400.10
7e6bb000-7e6bc000 rw-p 000ad000 08:01 5930       /usr/lib/i386-linux-gnu/libgdk-x11-2.0.so.0.2400.10
7e6bc000-7eb1d000 r-xp 00000000 08:01 14244      /usr/lib/i386-linux-gnu/libgtk-x11-2.0.so.0.2400.10
7eb1d000-7eb21000 r--p 00461000 08:01 14244      /usr/lib/i386-linux-gnu/libgtk-x11-2.0.so.0.2400.10
7eb21000-7eb23000 rw-p 00465000 08:01 14244      /usr/lib/i386-linux-gnu/libgtk-x11-2.0.so.0.2400.10
7eb23000-7eb25000 rw-p 00000000 00:00 0 
7eb25000-7eb2c000 r-xp 00000000 08:01 4852       /usr/lib/i386-linux-gnu/libXrandr.so.2.2.0
7eb2c000-7eb2d000 r--p 00006000 08:01 4852       /usr/lib/i386-linux-gnu/libXrandr.so.2.2.0
7eb2d000-7eb2e000 rw-p 00007000 08:01 4852       /usr/lib/i386-linux-gnu/libXrandr.so.2.2.0
7eb2e000-7eb31000 r--s 00000000 08:01 7340099    /var/cache/fontconfig/7ef2298fde41cc6eeb7af42e48b7d293-le32d4.cache-3
7eb31000-7eb40000 r--p 00000000 08:01 135373     /usr/share/locale-langpack/es/LC_MESSAGES/gtk20.mo
7eb40000-7eb43000 ---p 00000000 00:00 0 
7eb43000-7eb91000 rw-p 00000000 00:00 0          [stack:8069]
7eb91000-7eb94000 ---p 00000000 00:00 0 
7eb94000-7ebe2000 rw-p 00000000 00:00 0          [stack:8068]
7ebe2000-7ebe5000 ---p 00000000 00:00 0 
7ebe5000-7ec33000 rw-p 00000000 00:00 0          [stack:8067]
7ec33000-7ec36000 ---p 00000000 00:00 0 
7ec36000-7ec84000 rw-p 00000000 00:00 0          [stack:8066]
7ec84000-7ec87000 ---p 00000000 00:00 0 
7ec87000-7ecd5000 rw-p 00000000 00:00 0          [stack:8065]
7ecd5000-7ecfa000 r--p 00000000 08:01 144630     /usr/share/locale-langpack/es/LC_MESSAGES/libc.mo
7ecfa000-7ed19000 r-xp 00000000 08:01 5423       /usr/lib/i386-linux-gnu/libxcb.so.1.1.0
7ed19000-7ed1a000 r--p 0001f000 08:01 5423       /usr/lib/i386-linux-gnu/libxcb.so.1.1.0
7ed1a000-7ed1b000 rw-p 00020000 08:01 5423       /usr/lib/i386-linux-gnu/libxcb.so.1.1.0
7ed1b000-7ee4b000 r-xp 00000000 08:01 9658       /usr/lib/i386-linux-gnu/libX11.so.6.3.0
7ee4b000-7ee4c000 r--p 0012f000 08:01 9658       /usr/lib/i386-linux-gnu/libX11.so.6.3.0
7ee4c000-7ee4e000 rw-p 00130000 08:01 9658       /usr/lib/i386-linux-gnu/libX11.so.6.3.0
7ee4e000-7ee4f000 rw-p 00000000 00:00 0 
7ee4f000-7eed5000 r-xp 00000000 08:01 3284902    /home/nicolas/jmonkeyplatform/jdk/jre/lib/i386/libawt.so
7eed5000-7eedc000 rw-p 00086000 08:01 3284902    /home/nicolas/jmonkeyplatform/jdk/jre/lib/i386/libawt.so
7eedc000-7ef00000 rw-p 00000000 00:00 0 
7ef00000-7effb000 rw-p 00000000 00:00 0 
7effb000-7f000000 ---p 00000000 00:00 0 
7f000000-7f001000 r--s 00000000 08:01 7347240    /var/cache/fontconfig/0d8c3b2ac0904cb8a57a757ad11a4a08-le32d4.cache-3
7f001000-7f002000 r--s 00000000 08:01 7347186    /var/cache/fontconfig/4794a0821666d79190d59a36cb4f44b5-le32d4.cache-3
7f002000-7f00c000 r--s 00250000 08:01 3284993    /home/nicolas/jmonkeyplatform/jdk/jre/lib/resources.jar
7f00c000-7f055000 r-xp 00000000 08:01 3284933    /home/nicolas/jmonkeyplatform/jdk/jre/lib/i386/xawt/libmawt.so
7f055000-7f057000 rw-p 00049000 08:01 3284933    /home/nicolas/jmonkeyplatform/jdk/jre/lib/i386/xawt/libmawt.so
7f057000-7f058000 rw-p 00000000 00:00 0 
7f058000-7f059000 ---p 00000000 00:00 0 
7f059000-7f0d9000 rw-p 00000000 00:00 0          [stack:8064]
7f0d9000-7f0dc000 ---p 00000000 00:00 0 
7f0dc000-7f12a000 rw-p 00000000 00:00 0          [stack:8063]
7f12a000-7f12d000 ---p 00000000 00:00 0 
7f12d000-7f1ab000 rw-p 00000000 00:00 0          [stack:8062]
7f1ab000-7f1ae000 ---p 00000000 00:00 0 
7f1ae000-7f22c000 rw-p 00000000 00:00 0          [stack:8061]
7f22c000-7f22f000 ---p 00000000 00:00 0 
7f22f000-7f27d000 rw-p 00000000 00:00 0          [stack:8060]
7f27d000-7f3af000 r--p 005e3000 08:01 7445       /usr/lib/locale/locale-archive
7f3af000-7f5af000 r--p 00000000 08:01 7445       /usr/lib/locale/locale-archive
7f5af000-7f5b2000 ---p 00000000 00:00 0 
7f5b2000-7f600000 rw-p 00000000 00:00 0          [stack:8059]
7f600000-7f6f9000 rw-p 00000000 00:00 0 
7f6f9000-7f700000 ---p 00000000 00:00 0 
7f700000-7f800000 rw-p 00000000 00:00 0 
7f800000-7f8fa000 rw-p 00000000 00:00 0 
7f8fa000-7f900000 ---p 00000000 00:00 0 
7f900000-7f902000 r-xp 00000000 08:01 5419       /usr/lib/i386-linux-gnu/libxcb-shm.so.0.0.0
7f902000-7f903000 r--p 00001000 08:01 5419       /usr/lib/i386-linux-gnu/libxcb-shm.so.0.0.0
7f903000-7f904000 rw-p 00002000 08:01 5419       /usr/lib/i386-linux-gnu/libxcb-shm.so.0.0.0
7f904000-7f906000 r-xp 00000000 08:01 4827       /usr/lib/i386-linux-gnu/libXdamage.so.1.1.0
7f906000-7f907000 r--p 00001000 08:01 4827       /usr/lib/i386-linux-gnu/libXdamage.so.1.1.0
7f907000-7f908000 rw-p 00002000 08:01 4827       /usr/lib/i386-linux-gnu/libXdamage.so.1.1.0
7f908000-7f90c000 r-xp 00000000 08:01 5040       /usr/lib/i386-linux-gnu/libXfixes.so.3.1.0
7f90c000-7f90d000 r--p 00004000 08:01 5040       /usr/lib/i386-linux-gnu/libXfixes.so.3.1.0
7f90d000-7f90e000 rw-p 00005000 08:01 5040       /usr/lib/i386-linux-gnu/libXfixes.so.3.1.0
7f90e000-7f90f000 ---p 00000000 00:00 0 
7f90f000-7f98f000 rw-p 00000000 00:00 0          [stack:8057]
7f98f000-7fb4c000 r--s 039bf000 08:01 3284867    /home/nicolas/jmonkeyplatform/jdk/jre/lib/rt.jar
7fb4c000-81700000 rw-p 00000000 00:00 0 
81700000-817ff000 rw-p 00000000 00:00 0 
817ff000-81800000 ---p 00000000 00:00 0 
81800000-81801000 r--s 00000000 08:01 7347129    /var/cache/fontconfig/56cf4f4769d0f4abc89a4895d7bd3ae1-le32d4.cache-3
81801000-81803000 r-xp 00000000 08:01 4823       /usr/lib/i386-linux-gnu/libXcomposite.so.1.0.0
81803000-81804000 r--p 00001000 08:01 4823       /usr/lib/i386-linux-gnu/libXcomposite.so.1.0.0
81804000-81805000 rw-p 00002000 08:01 4823       /usr/lib/i386-linux-gnu/libXcomposite.so.1.0.0
81805000-8180a000 r-xp 00000000 08:01 4829       /usr/lib/i386-linux-gnu/libXdmcp.so.6.0.0
8180a000-8180b000 r--p 00004000 08:01 4829       /usr/lib/i386-linux-gnu/libXdmcp.so.6.0.0
8180b000-8180c000 rw-p 00005000 08:01 4829       /usr/lib/i386-linux-gnu/libXdmcp.so.6.0.0
8180c000-8181b000 r-xp 00000000 08:01 1928       /usr/lib/i386-linux-gnu/libXi.so.6.1.0
8181b000-8181c000 r--p 0000e000 08:01 1928       /usr/lib/i386-linux-gnu/libXi.so.6.1.0
8181c000-8181d000 rw-p 0000f000 08:01 1928       /usr/lib/i386-linux-gnu/libXi.so.6.1.0
8181d000-81822000 r-xp 00000000 08:01 4857       /usr/lib/i386-linux-gnu/libXtst.so.6.1.0
81822000-81823000 r--p 00004000 08:01 4857       /usr/lib/i386-linux-gnu/libXtst.so.6.1.0
81823000-81824000 rw-p 00005000 08:01 4857       /usr/lib/i386-linux-gnu/libXtst.so.6.1.0
81824000-8182c000 r-xp 00000000 08:01 1932       /usr/lib/i386-linux-gnu/libXrender.so.1.3.0
8182c000-8182d000 r--p 00007000 08:01 1932       /usr/lib/i386-linux-gnu/libXrender.so.1.3.0
8182d000-8182e000 rw-p 00008000 08:01 1932       /usr/lib/i386-linux-gnu/libXrender.so.1.3.0
8182e000-81831000 ---p 00000000 00:00 0 
81831000-8187f000 rw-p 00000000 00:00 0          [stack:8058]
8187f000-81880000 ---p 00000000 00:00 0 
81880000-81900000 rw-p 00000000 00:00 0          [stack:8056]
81900000-81921000 rw-p 00000000 00:00 0 
81921000-81a00000 ---p 00000000 00:00 0 
81a00000-81a01000 r--s 00000000 08:01 7347111    /var/cache/fontconfig/b9d506c9ac06c20b433354fa67a72993-le32d4.cache-3
81a01000-81a03000 r-xp 00000000 08:01 4839       /usr/lib/i386-linux-gnu/libXinerama.so.1.0.0
81a03000-81a04000 r--p 00001000 08:01 4839       /usr/lib/i386-linux-gnu/libXinerama.so.1.0.0
81a04000-81a05000 rw-p 00002000 08:01 4839       /usr/lib/i386-linux-gnu/libXinerama.so.1.0.0
81a05000-81a15000 r-xp 00000000 08:01 8494       /usr/lib/i386-linux-gnu/libXext.so.6.4.0
81a15000-81a16000 r--p 0000f000 08:01 8494       /usr/lib/i386-linux-gnu/libXext.so.6.4.0
81a16000-81a17000 rw-p 00010000 08:01 8494       /usr/lib/i386-linux-gnu/libXext.so.6.4.0
81a17000-81a20000 r-xp 00000000 08:01 4825       /usr/lib/i386-linux-gnu/libXcursor.so.1.0.2
81a20000-81a21000 r--p 00008000 08:01 4825       /usr/lib/i386-linux-gnu/libXcursor.so.1.0.2
81a21000-81a22000 rw-p 00009000 08:01 4825       /usr/lib/i386-linux-gnu/libXcursor.so.1.0.2
81a22000-81a29000 r--s 00000000 08:01 672        /usr/lib/i386-linux-gnu/gconv/gconv-modules.cache
81a29000-81a34000 r--s 0037c000 08:01 3285647    /home/nicolas/jmonkeyplatform/jdk/jre/lib/charsets.jar
81a34000-81a7f000 rw-p 00000000 00:00 0 
81a7f000-81a80000 ---p 00000000 00:00 0 
81a80000-81b00000 rw-p 00000000 00:00 0          [stack:8055]
81b00000-81b21000 rw-p 00000000 00:00 0 
81b21000-81c00000 ---p 00000000 00:00 0 
81c00000-81c02000 r--s 00000000 08:01 7340116    /var/cache/fontconfig/e13b20fdb08344e0e664864cc2ede53d-le32d4.cache-3
81c02000-81c04000 r-xp 00000000 08:01 4818       /usr/lib/i386-linux-gnu/libXau.so.6.0.0
81c04000-81c05000 r--p 00001000 08:01 4818       /usr/lib/i386-linux-gnu/libXau.so.6.0.0
81c05000-81c06000 rw-p 00002000 08:01 4818       /usr/lib/i386-linux-gnu/libXau.so.6.0.0
81c06000-81c0a000 r--s 000f7000 08:01 3284977    /home/nicolas/jmonkeyplatform/jdk/jre/lib/ext/localedata.jar
81c0a000-81c11000 r--s 0286f000 08:01 3283320    /home/nicolas/jmonkeyplatform/jmonkeyplatform/libs/jME3-testdata.jar
81c11000-81c14000 r--s 0001a000 08:01 3283361    /home/nicolas/jmonkeyplatform/jmonkeyplatform/libs/xmlpull-xpp3.jar
81c14000-81c16000 r--s 00012000 08:01 3283497    /home/nicolas/jmonkeyplatform/jmonkeyplatform/libs/eventbus.jar
81c16000-81c18000 r--s 00010000 08:01 3283113    /home/nicolas/jmonkeyplatform/jmonkeyplatform/libs/nifty-style-black.jar
81c18000-81c24000 r--s 00076000 08:01 3283572    /home/nicolas/jmonkeyplatform/jmonkeyplatform/libs/nifty.jar
81c24000-81c7f000 rw-p 00000000 00:00 0 
81c7f000-81c80000 ---p 00000000 00:00 0 
81c80000-81d00000 rw-p 00000000 00:00 0          [stack:8054]
81d00000-81d22000 rw-p 00000000 00:00 0 
81d22000-81e00000 ---p 00000000 00:00 0 
81e00000-81e01000 r--s 00000000 08:01 140414     /home/nicolas/.cache/dconf/user
81e01000-81e09000 r--s 00039000 08:01 3282745    /home/nicolas/jmonkeyplatform/jmonkeyplatform/libs/nifty-default-controls.jar
81e09000-81e0a000 r--s 00008000 08:01 3283318    /home/nicolas/jmonkeyplatform/jmonkeyplatform/libs/jME3-niftygui.jar
81e0a000-81e0b000 r--s 0000b000 08:01 3283406    /home/nicolas/jmonkeyplatform/jmonkeyplatform/libs/stack-alloc.jar
81e0b000-81e0d000 r--s 0003c000 08:01 3283527    /home/nicolas/jmonkeyplatform/jmonkeyplatform/libs/vecmath.jar
81e0d000-81e17000 r--s 00079000 08:01 3283524    /home/nicolas/jmonkeyplatform/jmonkeyplatform/libs/jbullet.jar
81e17000-81e1b000 r--s 00025000 08:01 3283355    /home/nicolas/jmonkeyplatform/jmonkeyplatform/libs/jME3-jbullet.jar
81e1b000-81e29000 r--s 000e2000 08:01 3283569    /home/nicolas/jmonkeyplatform/jmonkeyplatform/libs/lwjgl.jar
81e29000-81e2d000 r--s 00030000 08:01 3283550    /home/nicolas/jmonkeyplatform/jmonkeyplatform/libs/jinput.jar
81e2d000-81e2f000 r--s 00243000 08:01 3283055    /home/nicolas/jmonkeyplatform/jmonkeyplatform/libs/jME3-lwjgl-natives.jar
81e2f000-81e31000 r--s 00017000 08:01 3283446    /home/nicolas/jmonkeyplatform/jmonkeyplatform/libs/jME3-lwjgl.jar
81e31000-81e42000 r--s 0011b000 08:01 3283470    /home/nicolas/jmonkeyplatform/jmonkeyplatform/libs/jME3-core.jar
81e42000-81e43000 ---p 00000000 00:00 0 
81e43000-81ed2000 rw-p 00000000 00:00 0          [stack:8053]
81ed2000-81fb5000 rw-p 00000000 00:00 0 
81fb5000-81fbd000 rw-p 00000000 00:00 0 
81fbd000-81fd5000 rw-p 00000000 00:00 0 
81fd5000-81fe4000 rw-p 00000000 00:00 0 
81fe4000-820c6000 rw-p 00000000 00:00 0 
820c6000-820ce000 rw-p 00000000 00:00 0 
820ce000-8213f000 rw-p 00000000 00:00 0 
8213f000-83140000 rw-p 00000000 00:00 0 
83140000-86140000 rw-p 00000000 00:00 0 
86140000-87f40000 rw-p 00000000 00:00 0 
87f40000-a43c0000 rw-p 00000000 00:00 0 
a43c0000-a5300000 rw-p 00000000 00:00 0 
a5300000-b3540000 rw-p 00000000 00:00 0 
b3540000-b3549000 rw-p 00000000 00:00 0 
b3549000-b3600000 rw-p 00000000 00:00 0 
b3600000-b3840000 rwxp 00000000 00:00 0 
b3840000-b66f6000 rw-p 00000000 00:00 0 
b66f6000-b6700000 ---p 00000000 00:00 0 
b6700000-b6704000 r--s 00023000 08:01 3283362    /home/nicolas/jmonkeyplatform/jmonkeyplatform/libs/jME3-terrain.jar
b6704000-b671f000 rw-p 00000000 00:00 0 
b671f000-b6737000 rw-p 00000000 00:00 0 
b6737000-b674e000 r-xp 00000000 08:01 3284884    /home/nicolas/jmonkeyplatform/jdk/jre/lib/i386/libzip.so
b674e000-b674f000 rw-p 00017000 08:01 3284884    /home/nicolas/jmonkeyplatform/jdk/jre/lib/i386/libzip.so
b674f000-b6759000 r-xp 00000000 08:01 146403     /lib/i386-linux-gnu/libnss_files-2.15.so
b6759000-b675a000 r--p 00009000 08:01 146403     /lib/i386-linux-gnu/libnss_files-2.15.so
b675a000-b675b000 rw-p 0000a000 08:01 146403     /lib/i386-linux-gnu/libnss_files-2.15.so
b675b000-b6765000 r-xp 00000000 08:01 140326     /lib/i386-linux-gnu/libnss_nis-2.15.so
b6765000-b6766000 r--p 00009000 08:01 140326     /lib/i386-linux-gnu/libnss_nis-2.15.so
b6766000-b6767000 rw-p 0000a000 08:01 140326     /lib/i386-linux-gnu/libnss_nis-2.15.so
b6767000-b677d000 r-xp 00000000 08:01 140589     /lib/i386-linux-gnu/libnsl-2.15.so
b677d000-b677e000 r--p 00015000 08:01 140589     /lib/i386-linux-gnu/libnsl-2.15.so
b677e000-b677f000 rw-p 00016000 08:01 140589     /lib/i386-linux-gnu/libnsl-2.15.so
b677f000-b6781000 rw-p 00000000 00:00 0 
b6781000-b6788000 r-xp 00000000 08:01 146395     /lib/i386-linux-gnu/libnss_compat-2.15.so
b6788000-b6789000 r--p 00006000 08:01 146395     /lib/i386-linux-gnu/libnss_compat-2.15.so
b6789000-b678a000 rw-p 00007000 08:01 146395     /lib/i386-linux-gnu/libnss_compat-2.15.so
b678a000-b678b000 r--s 00009000 08:01 3283319    /home/nicolas/jmonkeyplatform/jmonkeyplatform/libs/j-ogg-vorbisd.jar
b678b000-b678d000 r--s 00005000 08:01 3283442    /home/nicolas/jmonkeyplatform/jmonkeyplatform/libs/j-ogg-oggd.jar
b678d000-b678e000 r--s 00002000 08:01 3283474    /home/nicolas/jmonkeyplatform/jmonkeyplatform/libs/jME3-jogg.jar
b678e000-b6791000 r--s 0001c000 08:01 3283216    /home/nicolas/jmonkeyplatform/jmonkeyplatform/libs/jME3-networking.jar
b6791000-b6794000 r--s 0007f000 08:01 3283358    /home/nicolas/jmonkeyplatform/jmonkeyplatform/libs/jME3-effects.jar
b6794000-b679c000 rw-s 00000000 08:01 3670983    /tmp/hsperfdata_nicolas/8048
b679c000-b67bf000 r-xp 00000000 08:01 3284886    /home/nicolas/jmonkeyplatform/jdk/jre/lib/i386/libjava.so
b67bf000-b67c0000 rw-p 00022000 08:01 3284886    /home/nicolas/jmonkeyplatform/jdk/jre/lib/i386/libjava.so
b67c0000-b67c7000 r-xp 00000000 08:01 140513     /lib/i386-linux-gnu/librt-2.15.so
b67c7000-b67c8000 r--p 00006000 08:01 140513     /lib/i386-linux-gnu/librt-2.15.so
b67c8000-b67c9000 rw-p 00007000 08:01 140513     /lib/i386-linux-gnu/librt-2.15.so
b67c9000-b67cc000 ---p 00000000 00:00 0 
b67cc000-b681a000 rw-p 00000000 00:00 0          [stack:8052]
b681a000-b6844000 r-xp 00000000 08:01 146404     /lib/i386-linux-gnu/libm-2.15.so
b6844000-b6845000 r--p 00029000 08:01 146404     /lib/i386-linux-gnu/libm-2.15.so
b6845000-b6846000 rw-p 0002a000 08:01 146404     /lib/i386-linux-gnu/libm-2.15.so
b6846000-b70bd000 r-xp 00000000 08:01 3284882    /home/nicolas/jmonkeyplatform/jdk/jre/lib/i386/server/libjvm.so
b70bd000-b7121000 rw-p 00877000 08:01 3284882    /home/nicolas/jmonkeyplatform/jdk/jre/lib/i386/server/libjvm.so
b7121000-b7545000 rw-p 00000000 00:00 0 
b7545000-b76e8000 r-xp 00000000 08:01 140579     /lib/i386-linux-gnu/libc-2.15.so
b76e8000-b76ea000 r--p 001a3000 08:01 140579     /lib/i386-linux-gnu/libc-2.15.so
b76ea000-b76eb000 rw-p 001a5000 08:01 140579     /lib/i386-linux-gnu/libc-2.15.so
b76eb000-b76ee000 rw-p 00000000 00:00 0 
b76ee000-b76f1000 r-xp 00000000 08:01 140325     /lib/i386-linux-gnu/libdl-2.15.so
b76f1000-b76f2000 r--p 00002000 08:01 140325     /lib/i386-linux-gnu/libdl-2.15.so
b76f2000-b76f3000 rw-p 00003000 08:01 140325     /lib/i386-linux-gnu/libdl-2.15.so
b76f3000-b7706000 r-xp 00000000 08:01 3283781    /home/nicolas/jmonkeyplatform/jdk/lib/i386/jli/libjli.so
b7706000-b7707000 rw-p 00012000 08:01 3283781    /home/nicolas/jmonkeyplatform/jdk/lib/i386/jli/libjli.so
b7707000-b7708000 rw-p 00000000 00:00 0 
b7708000-b771f000 r-xp 00000000 08:01 140590     /lib/i386-linux-gnu/libpthread-2.15.so
b771f000-b7720000 r--p 00016000 08:01 140590     /lib/i386-linux-gnu/libpthread-2.15.so
b7720000-b7721000 rw-p 00017000 08:01 140590     /lib/i386-linux-gnu/libpthread-2.15.so
b7721000-b7723000 rw-p 00000000 00:00 0 
b7723000-b7724000 r--s 00010000 08:01 3283360    /home/nicolas/jmonkeyplatform/jmonkeyplatform/libs/jME3-plugins.jar
b7724000-b7727000 r--s 00035000 08:01 3283356    /home/nicolas/jmonkeyplatform/jmonkeyplatform/libs/jME3-desktop.jar
b7727000-b7728000 rw-p 00000000 00:00 0 
b7728000-b7729000 r--p 00000000 00:00 0 
b7729000-b7734000 r-xp 00000000 08:01 3284903    /home/nicolas/jmonkeyplatform/jdk/jre/lib/i386/libverify.so
b7734000-b7735000 rw-p 0000b000 08:01 3284903    /home/nicolas/jmonkeyplatform/jdk/jre/lib/i386/libverify.so
b7735000-b7737000 rw-p 00000000 00:00 0 
b7737000-b7738000 r-xp 00000000 00:00 0          [vdso]
b7738000-b7758000 r-xp 00000000 08:01 140677     /lib/i386-linux-gnu/ld-2.15.so
b7758000-b7759000 r--p 0001f000 08:01 140677     /lib/i386-linux-gnu/ld-2.15.so
b7759000-b775a000 rw-p 00020000 08:01 140677     /lib/i386-linux-gnu/ld-2.15.so
bfee7000-bff08000 rw-p 00000000 00:00 0          [stack]

VM Arguments:
jvm_args: -Dfile.encoding=UTF-8 
java_command: mygame.Main
Launcher Type: SUN_STANDARD

Environment Variables:
PATH=/usr/lib/lightdm/lightdm:/usr/local/sbin:/usr/local/bin:/usr/sbin:/usr/bin:/sbin:/bin:/usr/games
LD_LIBRARY_PATH=/home/nicolas/jmonkeyplatform/bin/../jdk/jre/lib/amd64:/home/nicolas/jmonkeyplatform/bin/../jdk/jre/lib/i386:
SHELL=/bin/bash
DISPLAY=:0.0

Signal Handlers:
SIGSEGV: [libjvm.so+0x7dd5e0], sa_mask[0]=0x7ffbfeff, sa_flags=0x10000004
SIGBUS: [libjvm.so+0x7dd5e0], sa_mask[0]=0x7ffbfeff, sa_flags=0x10000004
SIGFPE: [libjvm.so+0x678d60], sa_mask[0]=0x7ffbfeff, sa_flags=0x10000004
SIGPIPE: SIG_IGN, sa_mask[0]=0x00001000, sa_flags=0x10000000
SIGXFSZ: [libjvm.so+0x678d60], sa_mask[0]=0x7ffbfeff, sa_flags=0x10000004
SIGILL: [libjvm.so+0x678d60], sa_mask[0]=0x7ffbfeff, sa_flags=0x10000004
SIGUSR1: SIG_DFL, sa_mask[0]=0x00000000, sa_flags=0x00000000
SIGUSR2: [libjvm.so+0x67a250], sa_mask[0]=0x00000004, sa_flags=0x10000004
SIGHUP: [libjvm.so+0x67b3a0], sa_mask[0]=0x7ffbfeff, sa_flags=0x10000004
SIGINT: SIG_IGN, sa_mask[0]=0x00000000, sa_flags=0x00000000
SIGTERM: [libjvm.so+0x67b3a0], sa_mask[0]=0x7ffbfeff, sa_flags=0x10000004
SIGQUIT: [libjvm.so+0x67b3a0], sa_mask[0]=0x7ffbfeff, sa_flags=0x10000004


---------------  S Y S T E M  ---------------

OS:wheezy/sid

uname:Linux 3.8.0-44-generic #66~precise1-Ubuntu SMP Tue Jul 15 04:04:23 UTC 2014 i686
libc:glibc 2.15 NPTL 2.15 
rlimit: STACK 8192k, CORE 0k, NPROC 23009, NOFILE 4096, AS infinity
load average:0,61 0,74 0,96

/proc/meminfo:
MemTotal:        2962012 kB
MemFree:          708608 kB
Buffers:           91636 kB
Cached:          1068164 kB
SwapCached:            0 kB
Active:          1351104 kB
Inactive:         806140 kB
Active(anon):     999076 kB
Inactive(anon):   129284 kB
Active(file):     352028 kB
Inactive(file):   676856 kB
Unevictable:          16 kB
Mlocked:              16 kB
HighTotal:       2089940 kB
HighFree:          75004 kB
LowTotal:         872072 kB
LowFree:          633604 kB
SwapTotal:       3002364 kB
SwapFree:        3002364 kB
Dirty:               308 kB
Writeback:             0 kB
AnonPages:        997552 kB
Mapped:           175184 kB
Shmem:            130920 kB
Slab:              56704 kB
SReclaimable:      37568 kB
SUnreclaim:        19136 kB
KernelStack:        4088 kB
PageTables:         9372 kB
NFS_Unstable:          0 kB
Bounce:                0 kB
WritebackTmp:          0 kB
CommitLimit:     4483368 kB
Committed_AS:    3732936 kB
VmallocTotal:     122880 kB
VmallocUsed:       15588 kB
VmallocChunk:     105332 kB
HardwareCorrupted:     0 kB
AnonHugePages:         0 kB
HugePages_Total:       0
HugePages_Free:        0
HugePages_Rsvd:        0
HugePages_Surp:        0
Hugepagesize:       2048 kB
DirectMap4k:       12280 kB
DirectMap2M:      901120 kB


CPU:total 4 (2 cores per cpu, 2 threads per core) family 6 model 37 stepping 2, cmov, cx8, fxsr, mmx, sse, sse2, sse3, ssse3, sse4.1, sse4.2, popcnt, ht, tsc, tscinvbit

/proc/cpuinfo:
processor	: 0
vendor_id	: GenuineIntel
cpu family	: 6
model		: 37
model name	: Intel(R) Core(TM) i3 CPU       M 330  @ 2.13GHz
stepping	: 2
microcode	: 0x9
cpu MHz		: 2133.000
cache size	: 3072 KB
physical id	: 0
siblings	: 4
core id		: 0
cpu cores	: 2
apicid		: 0
initial apicid	: 0
fdiv_bug	: no
hlt_bug		: no
f00f_bug	: no
coma_bug	: no
fpu		: yes
fpu_exception	: yes
cpuid level	: 11
wp		: yes
flags		: fpu vme de pse tsc msr pae mce cx8 apic sep mtrr pge mca cmov pat pse36 clflush dts acpi mmx fxsr sse sse2 ss ht tm pbe nx rdtscp lm constant_tsc arch_perfmon pebs bts xtopology nonstop_tsc aperfmperf pni dtes64 monitor ds_cpl vmx est tm2 ssse3 cx16 xtpr pdcm sse4_1 sse4_2 popcnt lahf_lm arat dtherm tpr_shadow vnmi flexpriority ept vpid
bogomips	: 4256.23
clflush size	: 64
cache_alignment	: 64
address sizes	: 36 bits physical, 48 bits virtual
power management:

processor	: 1
vendor_id	: GenuineIntel
cpu family	: 6
model		: 37
model name	: Intel(R) Core(TM) i3 CPU       M 330  @ 2.13GHz
stepping	: 2
microcode	: 0x9
cpu MHz		: 2133.000
cache size	: 3072 KB
physical id	: 0
siblings	: 4
core id		: 2
cpu cores	: 2
apicid		: 4
initial apicid	: 4
fdiv_bug	: no
hlt_bug		: no
f00f_bug	: no
coma_bug	: no
fpu		: yes
fpu_exception	: yes
cpuid level	: 11
wp		: yes
flags		: fpu vme de pse tsc msr pae mce cx8 apic sep mtrr pge mca cmov pat pse36 clflush dts acpi mmx fxsr sse sse2 ss ht tm pbe nx rdtscp lm constant_tsc arch_perfmon pebs bts xtopology nonstop_tsc aperfmperf pni dtes64 monitor ds_cpl vmx est tm2 ssse3 cx16 xtpr pdcm sse4_1 sse4_2 popcnt lahf_lm arat dtherm tpr_shadow vnmi flexpriority ept vpid
bogomips	: 4256.23
clflush size	: 64
cache_alignment	: 64
address sizes	: 36 bits physical, 48 bits virtual
power management:

processor	: 2
vendor_id	: GenuineIntel
cpu family	: 6
model		: 37
model name	: Intel(R) Core(TM) i3 CPU       M 330  @ 2.13GHz
stepping	: 2
microcode	: 0x9
cpu MHz		: 2133.000
cache size	: 3072 KB
physical id	: 0
siblings	: 4
core id		: 0
cpu cores	: 2
apicid		: 1
initial apicid	: 1
fdiv_bug	: no
hlt_bug		: no
f00f_bug	: no
coma_bug	: no
fpu		: yes
fpu_exception	: yes
cpuid level	: 11
wp		: yes
flags		: fpu vme de pse tsc msr pae mce cx8 apic sep mtrr pge mca cmov pat pse36 clflush dts acpi mmx fxsr sse sse2 ss ht tm pbe nx rdtscp lm constant_tsc arch_perfmon pebs bts xtopology nonstop_tsc aperfmperf pni dtes64 monitor ds_cpl vmx est tm2 ssse3 cx16 xtpr pdcm sse4_1 sse4_2 popcnt lahf_lm arat dtherm tpr_shadow vnmi flexpriority ept vpid
bogomips	: 4256.23
clflush size	: 64
cache_alignment	: 64
address sizes	: 36 bits physical, 48 bits virtual
power management:

processor	: 3
vendor_id	: GenuineIntel
cpu family	: 6
model		: 37
model name	: Intel(R) Core(TM) i3 CPU       M 330  @ 2.13GHz
stepping	: 2
microcode	: 0x9
cpu MHz		: 2133.000
cache size	: 3072 KB
physical id	: 0
siblings	: 4
core id		: 2
cpu cores	: 2
apicid		: 5
initial apicid	: 5
fdiv_bug	: no
hlt_bug		: no
f00f_bug	: no
coma_bug	: no
fpu		: yes
fpu_exception	: yes
cpuid level	: 11
wp		: yes
flags		: fpu vme de pse tsc msr pae mce cx8 apic sep mtrr pge mca cmov pat pse36 clflush dts acpi mmx fxsr sse sse2 ss ht tm pbe nx rdtscp lm constant_tsc arch_perfmon pebs bts xtopology nonstop_tsc aperfmperf pni dtes64 monitor ds_cpl vmx est tm2 ssse3 cx16 xtpr pdcm sse4_1 sse4_2 popcnt lahf_lm arat dtherm tpr_shadow vnmi flexpriority ept vpid
bogomips	: 4256.23
clflush size	: 64
cache_alignment	: 64
address sizes	: 36 bits physical, 48 bits virtual
power management:



Memory: 4k page, physical 2962012k(708608k free), swap 3002364k(3002364k free)

vm_info: Java HotSpot(TM) Server VM (24.51-b03) for linux-x86 JRE (1.7.0_51-b13), built on Dec 18 2013 18:45:30 by "java_re" with gcc 4.3.0 20080428 (Red Hat 4.3.0-8)

time: Sat Sep 10 16:27:25 2016
elapsed time: 4 seconds

