#
# A fatal error has been detected by the Java Runtime Environment:
#
#  SIGSEGV (0xb) at pc=0x7a574ac2, pid=5122, tid=2053090112
#
# JRE version: Java(TM) SE Runtime Environment (7.0_51-b13) (build 1.7.0_51-b13)
# Java VM: Java HotSpot(TM) Server VM (24.51-b03 mixed mode linux-x86 )
# Problematic frame:
# C  [libopenal.so+0x1bac2]  alcCreateContext+0xd2
#
# Failed to write core dump. Core dumps have been disabled. To enable core dumping, try "ulimit -c unlimited" before starting Java again
#
# If you would like to submit a bug report, please visit:
#   http://bugreport.sun.com/bugreport/crash.jsp
# The crash happened outside the Java Virtual Machine in native code.
# See problematic frame for where to report the bug.
#

---------------  T H R E A D  ---------------

Current thread (0x79e11c00):  JavaThread "jME3 Audio Thread" daemon [_thread_in_native, id=5155, stack(0x7a5aa000,0x7a5fb000)]

siginfo:si_signo=SIGSEGV: si_errno=0, si_code=2 (SEGV_ACCERR), si_addr=0x7bcde004

Registers:
EAX=0x7bcde004, EBX=0x7a5a8ff4, ECX=0x000000ff, EDX=0x00000001
ESP=0x7a5f9a10, EBP=0x7bcddffc, ESI=0x7bcbf010, EDI=0x00000001
EIP=0x7a574ac2, EFLAGS=0x00210293, CR2=0x7bcde004

Top of Stack: (sp=0x7a5f9a10)
0x7a5f9a10:   8183c434 8183c424 8183c424 fffffffe
0x7a5f9a20:   00000000 00000000 00000000 b36abb59
0x7a5f9a30:   00000008 b70deb68 81c47a50 00000004
0x7a5f9a40:   00000000 82c4044d 00014cd7 00000000
0x7a5f9a50:   0000000d 8183c414 7a5f9b1c b36b6314
0x7a5f9a60:   b6b1188e 000000ff b6fb5cb6 7a5f9a7c
0x7a5f9a70:   b7175c18 7a5f9db0 79e12fb8 7a5f9abc
0x7a5f9a80:   b6d2d2ee 7a5f9aa8 00000004 0000ac44 

Instructions: (pc=0x7a574ac2)
0x7a574aa2:   8d b6 00 00 00 00 8b 55 00 81 fa 11 10 00 00 74
0x7a574ab2:   3b 81 fa 03 00 02 00 75 07 8b 50 fc 89 54 24 78
0x7a574ac2:   8b 10 89 c5 83 c0 08 85 d2 74 3a 81 fa 07 10 00
0x7a574ad2:   00 75 d3 8b 50 fc 89 54 24 7c 83 8e cc 00 00 00 

Register to memory mapping:

EAX=0x7bcde004 is an unknown value
EBX=0x7a5a8ff4: <offset 0x4fff4> in /home/nicolas/git_repo/arkanoide2/libopenal.so at 0x7a559000
ECX=0x000000ff is an unknown value
EDX=0x00000001 is an unknown value
ESP=0x7a5f9a10 is pointing into the stack for thread: 0x79e11c00
EBP=0x7bcddffc is an unknown value
ESI=0x7bcbf010 is an unknown value
EDI=0x00000001 is an unknown value


Stack: [0x7a5aa000,0x7a5fb000],  sp=0x7a5f9a10,  free space=318k
Native frames: (J=compiled Java code, j=interpreted, Vv=VM code, C=native code)
C  [libopenal.so+0x1bac2]  alcCreateContext+0xd2

Java frames: (J=compiled Java code, j=interpreted, Vv=VM code)
j  org.lwjgl.openal.ALC10.nalcCreateContext(JJ)J+0
j  org.lwjgl.openal.ALC10.alcCreateContext(Lorg/lwjgl/openal/ALCdevice;Ljava/nio/IntBuffer;)Lorg/lwjgl/openal/ALCcontext;+8
j  org.lwjgl.openal.AL.init(Ljava/lang/String;IIZZ)V+69
j  org.lwjgl.openal.AL.create(Ljava/lang/String;IIZZ)V+227
j  org.lwjgl.openal.AL.create(Ljava/lang/String;IIZ)V+5
j  org.lwjgl.openal.AL.create()V+6
j  com.jme3.audio.lwjgl.LwjglAudioRenderer.initInThread()V+6
j  com.jme3.audio.lwjgl.LwjglAudioRenderer.run()V+1
j  java.lang.Thread.run()V+11
v  ~StubRoutines::call_stub

---------------  P R O C E S S  ---------------

Java Threads: ( => current thread )
=>0x79e11c00 JavaThread "jME3 Audio Thread" daemon [_thread_in_native, id=5155, stack(0x7a5aa000,0x7a5fb000)]
  0x7efb8000 JavaThread "process reaper" daemon [_thread_blocked, id=5151, stack(0x7bdd9000,0x7bdf2000)]
  0xb6708000 JavaThread "DestroyJavaVM" [_thread_blocked, id=5127, stack(0xb6836000,0xb6887000)]
  0x7ef98000 JavaThread "LWJGL Renderer Thread" [_thread_blocked, id=5149, stack(0x7be54000,0x7bea5000)]
  0x7cbb2c00 JavaThread "Image Fetcher 0" daemon [_thread_blocked, id=5148, stack(0x7bf0d000,0x7bf5e000)]
  0x7f608400 JavaThread "Timer-0" daemon [_thread_blocked, id=5144, stack(0x7ebc6000,0x7ec17000)]
  0x7ef74800 JavaThread "AWT-EventQueue-0" [_thread_blocked, id=5143, stack(0x7ec17000,0x7ec68000)]
  0x7ef73c00 JavaThread "AWT-Shutdown" [_thread_blocked, id=5142, stack(0x7ec68000,0x7ecb9000)]
  0x7ef71400 JavaThread "AWT-XAWT" daemon [_thread_in_native, id=5141, stack(0x7ecb9000,0x7ed0a000)]
  0x7ef5c800 JavaThread "Java2D Disposer" daemon [_thread_blocked, id=5140, stack(0x7ed0a000,0x7ed5b000)]
  0x7f99a000 JavaThread "Service Thread" daemon [_thread_blocked, id=5138, stack(0x7f17b000,0x7f1cc000)]
  0x7f998400 JavaThread "C2 CompilerThread1" daemon [_thread_blocked, id=5137, stack(0x7f1cc000,0x7f24d000)]
  0x7f996400 JavaThread "C2 CompilerThread0" daemon [_thread_blocked, id=5136, stack(0x7f24d000,0x7f2ce000)]
  0x7f994800 JavaThread "Signal Dispatcher" daemon [_thread_blocked, id=5135, stack(0x7f80d000,0x7f85e000)]
  0x7f985000 JavaThread "Finalizer" daemon [_thread_blocked, id=5134, stack(0x7f85e000,0x7f8af000)]
  0x7f982800 JavaThread "Reference Handler" daemon [_thread_blocked, id=5133, stack(0x7f8af000,0x7f900000)]

Other Threads:
  0x7f981000 VMThread [stack: 0x7fa0e000,0x7fa8f000] [id=5132]
  0x7f99bc00 WatcherThread [stack: 0x7f0fa000,0x7f17b000] [id=5139]

VM state:not at safepoint (normal execution)

VM Mutex/Monitor currently owned by a thread: None

Heap
 PSYoungGen      total 13824K, used 9511K [0xa4440000, 0xa5380000, 0xb35c0000)
  eden space 12032K, 64% used [0xa4440000,0xa4bcdf10,0xa5000000)
  from space 1792K, 99% used [0xa5000000,0xa51bc080,0xa51c0000)
  to   space 1792K, 0% used [0xa51c0000,0xa51c0000,0xa5380000)
 ParOldGen       total 30720K, used 2291K [0x861c0000, 0x87fc0000, 0xa4440000)
  object space 30720K, 7% used [0x861c0000,0x863fcfc0,0x87fc0000)
 PSPermGen       total 16384K, used 12189K [0x821c0000, 0x831c0000, 0x861c0000)
  object space 16384K, 74% used [0x821c0000,0x82da7418,0x831c0000)

Card table byte_map: [0x82035000,0x821c0000] byte_map_base: 0x81c24200

Polling page: 0xb7796000

Code Cache  [0xb36a3000, 0xb38e3000, 0xb66a3000)
 total_blobs=370 nmethods=77 adapters=247 free_code_cache=48656Kb largest_free_block=49803776

Compilation events (10 events):
Event: 3,801 Thread 0x7f996400   74             java.util.Hashtable::hash (10 bytes)
Event: 3,802 Thread 0x7f996400 nmethod 74 0xb371a308 code [0xb371a400, 0xb371a490]
Event: 3,831 Thread 0x7f998400   75             sun.nio.cs.UTF_8$Decoder::decodeArrayLoop (543 bytes)
Event: 3,869 Thread 0x7f998400 nmethod 75 0xb3722488 code [0xb37226a0, 0xb37231dc]
Event: 3,878 Thread 0x7f996400   76             java.lang.String::startsWith (7 bytes)
Event: 3,883 Thread 0x7f996400 nmethod 76 0xb3716dc8 code [0xb3716ec0, 0xb3717030]
Event: 3,895 Thread 0x7f996400   77             java.util.ArrayList::get (11 bytes)
Event: 3,897 Thread 0x7f996400 nmethod 77 0xb3720d48 code [0xb3720e40, 0xb3720ed0]
Event: 3,898 Thread 0x7f996400   78             sun.misc.MetaIndex::mayContain (51 bytes)
Event: 3,908 Thread 0x7f996400 nmethod 78 0xb3716808 code [0xb3716920, 0xb3716b9c]

GC Heap History (2 events):
Event: 3,109 GC heap before
{Heap before GC invocations=1 (full 0):
 PSYoungGen      total 13824K, used 12032K [0xa4440000, 0xa5380000, 0xb35c0000)
  eden space 12032K, 100% used [0xa4440000,0xa5000000,0xa5000000)
  from space 1792K, 0% used [0xa51c0000,0xa51c0000,0xa5380000)
  to   space 1792K, 0% used [0xa5000000,0xa5000000,0xa51c0000)
 ParOldGen       total 30720K, used 0K [0x861c0000, 0x87fc0000, 0xa4440000)
  object space 30720K, 0% used [0x861c0000,0x861c0000,0x87fc0000)
 PSPermGen       total 16384K, used 10384K [0x821c0000, 0x831c0000, 0x861c0000)
  object space 16384K, 63% used [0x821c0000,0x82be43c0,0x831c0000)
Event: 3,120 GC heap after
Heap after GC invocations=1 (full 0):
 PSYoungGen      total 13824K, used 1776K [0xa4440000, 0xa5380000, 0xb35c0000)
  eden space 12032K, 0% used [0xa4440000,0xa4440000,0xa5000000)
  from space 1792K, 99% used [0xa5000000,0xa51bc080,0xa51c0000)
  to   space 1792K, 0% used [0xa51c0000,0xa51c0000,0xa5380000)
 ParOldGen       total 30720K, used 2291K [0x861c0000, 0x87fc0000, 0xa4440000)
  object space 30720K, 7% used [0x861c0000,0x863fcfc0,0x87fc0000)
 PSPermGen       total 16384K, used 10384K [0x821c0000, 0x831c0000, 0x861c0000)
  object space 16384K, 63% used [0x821c0000,0x82be43c0,0x831c0000)
}

Deoptimization events (10 events):
Event: 0,993 Thread 0x7ef74800 Uncommon trap: reason=class_check action=maybe_recompile pc=0xb36faa0c method=java.lang.String.equals(Ljava/lang/Object;)Z @ 8
Event: 0,993 Thread 0x7ef74800 Uncommon trap: reason=class_check action=maybe_recompile pc=0xb36faa0c method=java.lang.String.equals(Ljava/lang/Object;)Z @ 8
Event: 0,993 Thread 0x7ef74800 Uncommon trap: reason=class_check action=maybe_recompile pc=0xb36faa0c method=java.lang.String.equals(Ljava/lang/Object;)Z @ 8
Event: 2,923 Thread 0x7ef74800 Uncommon trap: reason=bimorphic action=maybe_recompile pc=0xb36ffd40 method=java.util.Properties$LineReader.readLine()I @ 62
Event: 2,923 Thread 0x7ef74800 Uncommon trap: reason=bimorphic action=maybe_recompile pc=0xb36ffd40 method=java.util.Properties$LineReader.readLine()I @ 62
Event: 2,927 Thread 0x7ef74800 Uncommon trap: reason=bimorphic action=maybe_recompile pc=0xb36ffd40 method=java.util.Properties$LineReader.readLine()I @ 62
Event: 2,928 Thread 0x7ef74800 Uncommon trap: reason=bimorphic action=maybe_recompile pc=0xb36ffd40 method=java.util.Properties$LineReader.readLine()I @ 62
Event: 3,051 Thread 0x7ef71400 Uncommon trap: reason=unreached action=reinterpret pc=0xb370cb84 method=java.util.TreeMap.getEntry(Ljava/lang/Object;)Ljava/util/TreeMap$Entry; @ 4
Event: 3,090 Thread 0xb6708000 Uncommon trap: reason=unreached action=reinterpret pc=0xb3703ee0 method=java.lang.AbstractStringBuilder.append(Ljava/lang/String;)Ljava/lang/AbstractStringBuilder; @ 1
Event: 3,090 Thread 0xb6708000 Uncommon trap: reason=unreached action=reinterpret pc=0xb370309c method=java.lang.AbstractStringBuilder.append(Ljava/lang/String;)Ljava/lang/AbstractStringBuilder; @ 1

Internal exceptions (10 events):
Event: 3,921 Thread 0x79e11c00 Threw 0xa4ba9dc0 at /HUDSON/workspace/7u-2-build-linux-i586/jdk7u51/527/hotspot/src/share/vm/prims/jni.cpp:743
Event: 3,921 Thread 0x79e11c00 Threw 0xa4baa230 at /HUDSON/workspace/7u-2-build-linux-i586/jdk7u51/527/hotspot/src/share/vm/prims/jni.cpp:743
Event: 3,921 Thread 0x79e11c00 Threw 0xa4baa5f8 at /HUDSON/workspace/7u-2-build-linux-i586/jdk7u51/527/hotspot/src/share/vm/prims/jni.cpp:743
Event: 3,921 Thread 0x79e11c00 Threw 0xa4baaa40 at /HUDSON/workspace/7u-2-build-linux-i586/jdk7u51/527/hotspot/src/share/vm/prims/jni.cpp:743
Event: 3,921 Thread 0x79e11c00 Threw 0xa4baaed0 at /HUDSON/workspace/7u-2-build-linux-i586/jdk7u51/527/hotspot/src/share/vm/prims/jni.cpp:743
Event: 3,922 Thread 0x79e11c00 Threw 0xa4bab5e0 at /HUDSON/workspace/7u-2-build-linux-i586/jdk7u51/527/hotspot/src/share/vm/prims/jvm.cpp:1244
Event: 3,924 Thread 0x79e11c00 Threw 0xa4bb5b00 at /HUDSON/workspace/7u-2-build-linux-i586/jdk7u51/527/hotspot/src/share/vm/prims/jvm.cpp:1244
Event: 3,940 Thread 0x79e11c00 Threw 0xa4bbbd90 at /HUDSON/workspace/7u-2-build-linux-i586/jdk7u51/527/hotspot/src/share/vm/prims/jvm.cpp:1244
Event: 3,941 Thread 0x79e11c00 Threw 0xa4bbf2a0 at /HUDSON/workspace/7u-2-build-linux-i586/jdk7u51/527/hotspot/src/share/vm/prims/jvm.cpp:1244
Event: 3,942 Thread 0x79e11c00 Threw 0xa4bc21b0 at /HUDSON/workspace/7u-2-build-linux-i586/jdk7u51/527/hotspot/src/share/vm/prims/jvm.cpp:1244

Events (10 events):
Event: 3,922 loading class 0x79e0ff40
Event: 3,922 loading class 0x79e0ff40 done
Event: 3,924 loading class 0x79e0ff90
Event: 3,924 loading class 0x79e0ff90 done
Event: 3,940 loading class 0x7bcb9a08
Event: 3,940 loading class 0x7bcb9a08 done
Event: 3,941 loading class 0x7cbf8aa0
Event: 3,941 loading class 0x7cbf8aa0 done
Event: 3,942 loading class 0x7bcb9a38
Event: 3,942 loading class 0x7bcb9a38 done


Dynamic libraries:
08048000-08049000 r-xp 00000000 08:01 3283737    /home/nicolas/jmonkeyplatform/jdk/bin/java
08049000-0804a000 rw-p 00000000 08:01 3283737    /home/nicolas/jmonkeyplatform/jdk/bin/java
0872c000-0874d000 rw-p 00000000 00:00 0          [heap]
753c6000-793c7000 rw-s 00000000 00:12 183422     /run/shm/pulse-shm-311168130
793c7000-793c8000 ---p 00000000 00:00 0 
793c8000-79bc8000 rw-p 00000000 00:00 0          [stack:5157]
79bc8000-79d2e000 r-xp 00000000 08:01 5394       /usr/lib/i386-linux-gnu/libvorbisenc.so.2.0.8
79d2e000-79d3f000 r--p 00165000 08:01 5394       /usr/lib/i386-linux-gnu/libvorbisenc.so.2.0.8
79d3f000-79d40000 rw-p 00176000 08:01 5394       /usr/lib/i386-linux-gnu/libvorbisenc.so.2.0.8
79d40000-79d8c000 r-xp 00000000 08:01 1975       /usr/lib/i386-linux-gnu/libFLAC.so.8.2.0
79d8c000-79d8d000 r--p 0004b000 08:01 1975       /usr/lib/i386-linux-gnu/libFLAC.so.8.2.0
79d8d000-79d8e000 rw-p 0004c000 08:01 1975       /usr/lib/i386-linux-gnu/libFLAC.so.8.2.0
79d8e000-79dfa000 r-xp 00000000 08:01 5337       /usr/lib/i386-linux-gnu/libsndfile.so.1.0.25
79dfa000-79dfb000 r--p 0006c000 08:01 5337       /usr/lib/i386-linux-gnu/libsndfile.so.1.0.25
79dfb000-79dfc000 rw-p 0006d000 08:01 5337       /usr/lib/i386-linux-gnu/libsndfile.so.1.0.25
79dfc000-79e00000 rw-p 00000000 00:00 0 
79e00000-79e62000 rw-p 00000000 00:00 0 
79e62000-79f00000 ---p 00000000 00:00 0 
79f12000-79f75000 r-xp 00000000 08:01 2219       /usr/lib/i386-linux-gnu/libpulsecommon-1.1.so
79f75000-79f76000 r--p 00062000 08:01 2219       /usr/lib/i386-linux-gnu/libpulsecommon-1.1.so
79f76000-79f77000 rw-p 00063000 08:01 2219       /usr/lib/i386-linux-gnu/libpulsecommon-1.1.so
79f77000-79fc3000 r-xp 00000000 08:01 2218       /usr/lib/i386-linux-gnu/libpulse.so.0.13.5
79fc3000-79fc4000 r--p 0004b000 08:01 2218       /usr/lib/i386-linux-gnu/libpulse.so.0.13.5
79fc4000-79fc5000 rw-p 0004c000 08:01 2218       /usr/lib/i386-linux-gnu/libpulse.so.0.13.5
79fc5000-7a200000 rw-p 00000000 00:00 0 
7a200000-7a2ef000 rw-p 00000000 00:00 0 
7a2ef000-7a300000 ---p 00000000 00:00 0 
7a300000-7a400000 rw-p 00000000 00:00 0 
7a400000-7a4f6000 rw-p 00000000 00:00 0 
7a4f6000-7a500000 ---p 00000000 00:00 0 
7a540000-7a545000 r-xp 00000000 08:01 4879       /usr/lib/i386-linux-gnu/libasyncns.so.0.3.1
7a545000-7a546000 r--p 00004000 08:01 4879       /usr/lib/i386-linux-gnu/libasyncns.so.0.3.1
7a546000-7a547000 rw-p 00005000 08:01 4879       /usr/lib/i386-linux-gnu/libasyncns.so.0.3.1
7a548000-7a559000 r--p 00000000 08:01 144609     /usr/share/locale-langpack/es/LC_MESSAGES/pulseaudio.mo
7a559000-7a5a7000 r-xp 00000000 08:01 2098287    /home/nicolas/git_repo/arkanoide2/libopenal.so
7a5a7000-7a5a9000 r--p 0004d000 08:01 2098287    /home/nicolas/git_repo/arkanoide2/libopenal.so
7a5a9000-7a5aa000 rw-p 0004f000 08:01 2098287    /home/nicolas/git_repo/arkanoide2/libopenal.so
7a5aa000-7a5ad000 ---p 00000000 00:00 0 
7a5ad000-7b300000 rw-p 00000000 00:00 0          [stack:5155]
7b300000-7b3ff000 rw-p 00000000 00:00 0 
7b3ff000-7b400000 ---p 00000000 00:00 0 
7b406000-7b40e000 r-xp 00000000 08:01 166131     /lib/i386-linux-gnu/libwrap.so.0.7.6
7b40e000-7b40f000 r--p 00007000 08:01 166131     /lib/i386-linux-gnu/libwrap.so.0.7.6
7b40f000-7b410000 rw-p 00008000 08:01 166131     /lib/i386-linux-gnu/libwrap.so.0.7.6
7b410000-7b419000 r-xp 00000000 08:01 5268       /usr/lib/i386-linux-gnu/libpciaccess.so.0.11.0
7b419000-7b41a000 r--p 00008000 08:01 5268       /usr/lib/i386-linux-gnu/libpciaccess.so.0.11.0
7b41a000-7b41b000 rw-p 00009000 08:01 5268       /usr/lib/i386-linux-gnu/libpciaccess.so.0.11.0
7b41b000-7b43c000 r-xp 00000000 08:01 1814       /usr/lib/i386-linux-gnu/libdrm_intel.so.1.0.0
7b43c000-7b43d000 r--p 00020000 08:01 1814       /usr/lib/i386-linux-gnu/libdrm_intel.so.1.0.0
7b43d000-7b43e000 rw-p 00021000 08:01 1814       /usr/lib/i386-linux-gnu/libdrm_intel.so.1.0.0
7b43e000-7b7dd000 r-xp 00000000 08:01 2193       /usr/lib/i386-linux-gnu/libdricore9.1.7.so.1.0.0
7b7dd000-7b7e6000 r--p 0039f000 08:01 2193       /usr/lib/i386-linux-gnu/libdricore9.1.7.so.1.0.0
7b7e6000-7b7eb000 rw-p 003a8000 08:01 2193       /usr/lib/i386-linux-gnu/libdricore9.1.7.so.1.0.0
7b7eb000-7b800000 rw-p 00000000 00:00 0 
7b800000-7b8d7000 r-xp 00000000 08:01 2190       /usr/lib/i386-linux-gnu/dri/i965_dri.so
7b8d7000-7b8d9000 r--p 000d7000 08:01 2190       /usr/lib/i386-linux-gnu/dri/i965_dri.so
7b8d9000-7b8da000 rw-p 000d9000 08:01 2190       /usr/lib/i386-linux-gnu/dri/i965_dri.so
7b8da000-7b8db000 rw-p 00000000 00:00 0 
7b8db000-7b8e6000 r-xp 00000000 08:01 1811       /usr/lib/i386-linux-gnu/libdrm.so.2.4.0
7b8e6000-7b8e7000 r--p 0000a000 08:01 1811       /usr/lib/i386-linux-gnu/libdrm.so.2.4.0
7b8e7000-7b8e8000 rw-p 0000b000 08:01 1811       /usr/lib/i386-linux-gnu/libdrm.so.2.4.0
7b8e8000-7b8fe000 r-xp 00000000 08:01 5413       /usr/lib/i386-linux-gnu/libxcb-glx.so.0.0.0
7b8fe000-7b8ff000 r--p 00016000 08:01 5413       /usr/lib/i386-linux-gnu/libxcb-glx.so.0.0.0
7b8ff000-7b900000 rw-p 00017000 08:01 5413       /usr/lib/i386-linux-gnu/libxcb-glx.so.0.0.0
7b900000-7b95a000 rw-p 00000000 00:00 0 
7b95a000-7ba00000 ---p 00000000 00:00 0 
7ba00000-7ba2a000 rw-p 00000000 00:00 0 
7ba2a000-7bb00000 ---p 00000000 00:00 0 
7bb00000-7bc00000 rw-s 00000000 00:04 23298088   /SYSV00000000 (deleted)
7bc00000-7bcde000 rw-p 00000000 00:00 0 
7bcde000-7bd00000 ---p 00000000 00:00 0 
7bd04000-7bd07000 r-xp 00000000 08:01 5411       /usr/lib/i386-linux-gnu/libxcb-dri2.so.0.0.0
7bd07000-7bd08000 r--p 00003000 08:01 5411       /usr/lib/i386-linux-gnu/libxcb-dri2.so.0.0.0
7bd08000-7bd09000 rw-p 00004000 08:01 5411       /usr/lib/i386-linux-gnu/libxcb-dri2.so.0.0.0
7bd09000-7bd69000 rw-s 00000000 00:04 23265319   /SYSV00000000 (deleted)
7bd69000-7bd78000 r-xp 00000000 08:01 2209       /usr/lib/i386-linux-gnu/libglapi.so.0.0.0
7bd78000-7bd7a000 r--p 0000f000 08:01 2209       /usr/lib/i386-linux-gnu/libglapi.so.0.0.0
7bd7a000-7bd7f000 rwxp 00011000 08:01 2209       /usr/lib/i386-linux-gnu/libglapi.so.0.0.0
7bd7f000-7bdd2000 r-xp 00000000 08:01 2206       /usr/lib/i386-linux-gnu/mesa/libGL.so.1.2.0
7bdd2000-7bdd4000 r--p 00052000 08:01 2206       /usr/lib/i386-linux-gnu/mesa/libGL.so.1.2.0
7bdd4000-7bdd8000 rwxp 00054000 08:01 2206       /usr/lib/i386-linux-gnu/mesa/libGL.so.1.2.0
7bdd8000-7bdd9000 rwxp 00000000 00:00 0 
7bdd9000-7bddc000 ---p 00000000 00:00 0 
7bddc000-7bdf2000 rw-p 00000000 00:00 0          [stack:5151]
7bdf2000-7bdf6000 r-xp 00000000 08:01 4861       /usr/lib/i386-linux-gnu/libXxf86vm.so.1.0.0
7bdf6000-7bdf7000 r--p 00003000 08:01 4861       /usr/lib/i386-linux-gnu/libXxf86vm.so.1.0.0
7bdf7000-7bdf8000 rw-p 00004000 08:01 4861       /usr/lib/i386-linux-gnu/libXxf86vm.so.1.0.0
7bdf8000-7be52000 r-xp 00000000 08:01 2098283    /home/nicolas/git_repo/arkanoide2/liblwjgl.so
7be52000-7be53000 r--p 0005a000 08:01 2098283    /home/nicolas/git_repo/arkanoide2/liblwjgl.so
7be53000-7be54000 rw-p 0005b000 08:01 2098283    /home/nicolas/git_repo/arkanoide2/liblwjgl.so
7be54000-7be57000 ---p 00000000 00:00 0 
7be57000-7bea5000 rw-p 00000000 00:00 0          [stack:5149]
7bea5000-7bf05000 r-xp 00000000 08:01 3284935    /home/nicolas/jmonkeyplatform/jdk/jre/lib/i386/libt2k.so
7bf05000-7bf09000 rw-p 0005f000 08:01 3284935    /home/nicolas/jmonkeyplatform/jdk/jre/lib/i386/libt2k.so
7bf09000-7bf0d000 rw-p 00000000 00:00 0 
7bf0d000-7bf10000 ---p 00000000 00:00 0 
7bf10000-7bf5e000 rw-p 00000000 00:00 0          [stack:5148]
7bf5e000-7bf5f000 ---p 00000000 00:00 0 
7bf5f000-7c75f000 rw-p 00000000 00:00 0          [stack:5147]
7c75f000-7c779000 r-xp 00000000 08:01 4965       /usr/lib/i386-linux-gnu/libdbusmenu-glib.so.4.0.13
7c779000-7c77a000 r--p 00019000 08:01 4965       /usr/lib/i386-linux-gnu/libdbusmenu-glib.so.4.0.13
7c77a000-7c77b000 rw-p 0001a000 08:01 4965       /usr/lib/i386-linux-gnu/libdbusmenu-glib.so.4.0.13
7c77b000-7c78c000 r-xp 00000000 08:01 4967       /usr/lib/i386-linux-gnu/libdbusmenu-gtk.so.4.0.13
7c78c000-7c78d000 r--p 00010000 08:01 4967       /usr/lib/i386-linux-gnu/libdbusmenu-gtk.so.4.0.13
7c78d000-7c78e000 rw-p 00011000 08:01 4967       /usr/lib/i386-linux-gnu/libdbusmenu-gtk.so.4.0.13
7c794000-7c79b000 r-xp 00000000 08:01 1249       /usr/lib/i386-linux-gnu/libjson.so.0.0.1
7c79b000-7c79c000 r--p 00006000 08:01 1249       /usr/lib/i386-linux-gnu/libjson.so.0.0.1
7c79c000-7c79d000 rw-p 00007000 08:01 1249       /usr/lib/i386-linux-gnu/libjson.so.0.0.1
7c79d000-7c79e000 rw-s 18b83000 00:05 1467       /dev/dri/card0
7c79e000-7c79f000 rw-s 00000000 00:04 182202     /drm mm object (deleted)
7c79f000-7c7a0000 rwxp 00000000 00:00 0 
7c7a0000-7c7e4000 r-xp 00000000 08:01 5157       /usr/lib/i386-linux-gnu/libibus-1.0.so.0.401.0
7c7e4000-7c7e5000 r--p 00043000 08:01 5157       /usr/lib/i386-linux-gnu/libibus-1.0.so.0.401.0
7c7e5000-7c7e6000 rw-p 00044000 08:01 5157       /usr/lib/i386-linux-gnu/libibus-1.0.so.0.401.0
7c7e6000-7c7e7000 r-xp 00000000 08:01 2211       /usr/lib/i386-linux-gnu/libX11-xcb.so.1.0.0
7c7e7000-7c7e8000 r--p 00000000 08:01 2211       /usr/lib/i386-linux-gnu/libX11-xcb.so.1.0.0
7c7e8000-7c7e9000 rw-p 00001000 08:01 2211       /usr/lib/i386-linux-gnu/libX11-xcb.so.1.0.0
7c7e9000-7c7ea000 r-xp 00000000 08:01 3284892    /home/nicolas/jmonkeyplatform/jdk/jre/lib/i386/libjawt.so
7c7ea000-7c7eb000 rw-p 00000000 08:01 3284892    /home/nicolas/jmonkeyplatform/jdk/jre/lib/i386/libjawt.so
7c7eb000-7c7f1000 r--p 00000000 08:01 135515     /usr/share/locale-langpack/es/LC_MESSAGES/gdk-pixbuf.mo
7c7f1000-7c7f6000 r-xp 00000000 08:01 5925       /usr/lib/i386-linux-gnu/gtk-2.0/2.10.0/menuproxies/libappmenu.so
7c7f6000-7c7f7000 r--p 00004000 08:01 5925       /usr/lib/i386-linux-gnu/gtk-2.0/2.10.0/menuproxies/libappmenu.so
7c7f7000-7c7f8000 rw-p 00005000 08:01 5925       /usr/lib/i386-linux-gnu/gtk-2.0/2.10.0/menuproxies/libappmenu.so
7c7f8000-7c7fe000 r-xp 00000000 08:01 5916       /usr/lib/i386-linux-gnu/gtk-2.0/2.10.0/immodules/im-ibus.so
7c7fe000-7c7ff000 r--p 00005000 08:01 5916       /usr/lib/i386-linux-gnu/gtk-2.0/2.10.0/immodules/im-ibus.so
7c7ff000-7c800000 rw-p 00006000 08:01 5916       /usr/lib/i386-linux-gnu/gtk-2.0/2.10.0/immodules/im-ibus.so
7c800000-7c852000 r--p 00000000 08:01 59461      /usr/share/fonts/truetype/ttf-dejavu/DejaVuSansMono.ttf
7c852000-7c8a9000 r--p 00000000 08:01 59490      /usr/share/fonts/truetype/ubuntu-font-family/Ubuntu-R.ttf
7c8a9000-7c8ab000 r-xp 00000000 08:01 6118       /usr/lib/i386-linux-gnu/pango/1.6.0/modules/pango-basic-fc.so
7c8ab000-7c8ac000 r--p 00001000 08:01 6118       /usr/lib/i386-linux-gnu/pango/1.6.0/modules/pango-basic-fc.so
7c8ac000-7c8ad000 rw-p 00002000 08:01 6118       /usr/lib/i386-linux-gnu/pango/1.6.0/modules/pango-basic-fc.so
7c8ad000-7c8ae000 r--s 00000000 08:01 7340115    /var/cache/fontconfig/c05880de57d1f5e948fdfacc138775d9-le32d4.cache-3
7c8ae000-7c8b4000 r--s 00000000 08:01 7340110    /var/cache/fontconfig/945677eb7aeaf62f1d50efc3fb3ec7d8-le32d4.cache-3
7c8b4000-7c8b6000 r--s 00000000 08:01 7340111    /var/cache/fontconfig/99e8ed0e538f840c565b6ed5dad60d56-le32d4.cache-3
7c8b6000-7c8b9000 r--s 00000000 08:01 7340097    /var/cache/fontconfig/2cd17615ca594fa2959ae173292e504c-le32d4.cache-3
7c8b9000-7c8ba000 r--s 00000000 08:01 7340122    /var/cache/fontconfig/e7071f4a29fa870f4323321c154eba04-le32d4.cache-3
7c8ba000-7c8be000 r--s 00000000 08:01 7340112    /var/cache/fontconfig/a755afe4a08bf5b97852ceb7400b47bc-le32d4.cache-3
7c8be000-7c8c5000 r--s 00000000 08:01 7348183    /var/cache/fontconfig/6d41288fd70b0be22e8c3a91e032eec0-le32d4.cache-3
7c8c5000-7c8d0000 r--s 00000000 08:01 7340094    /var/cache/fontconfig/04aabc0a78ac019cf9454389977116d2-le32d4.cache-3
7c8d0000-7c8d3000 r--s 00000000 08:01 7340100    /var/cache/fontconfig/385c0604a188198f04d133e54aba7fe7-le32d4.cache-3
7c8d3000-7c8d6000 r--s 00000000 08:01 7340109    /var/cache/fontconfig/8801497958630a81b71ace7c5f9b32a8-le32d4.cache-3
7c8d6000-7c8da000 r--s 00000000 08:01 7340098    /var/cache/fontconfig/3047814df9a2f067bd2d96a2b9c36e5a-le32d4.cache-3
7c8da000-7c8e7000 r--s 00000000 08:01 7340118    /var/cache/fontconfig/d52a8644073d54c13679302ca1180695-le32d4.cache-3
7c8e7000-7c900000 r--s 00000000 08:01 59563      /usr/share/fonts/type1/gsfonts/n021003l.pfb
7c900000-7c9f7000 rw-p 00000000 00:00 0 
7c9f7000-7ca00000 ---p 00000000 00:00 0 
7ca00000-7ca8a000 rw-p 00000000 00:00 0 
7ca8a000-7cb00000 ---p 00000000 00:00 0 
7cb00000-7cc00000 rw-p 00000000 00:00 0 
7cc00000-7cc01000 r--s 00000000 08:01 7340095    /var/cache/fontconfig/0d8c3b2ac0904cb8a57a757ad11a4a08-le32d4.cache-3
7cc01000-7cc05000 r--s 00000000 08:01 7340113    /var/cache/fontconfig/b47c4e1ecd0709278f4910c18777a504-le32d4.cache-3
7cc05000-7cc1b000 r--s 00000000 08:01 59572      /usr/share/fonts/type1/gsfonts/n021024l.pfb
7cc1b000-7cc31000 r--s 00000000 08:01 59581      /usr/share/fonts/type1/gsfonts/n022023l.pfb
7cc31000-7cc48000 r--s 00000000 08:01 59569      /usr/share/fonts/type1/gsfonts/n021023l.pfb
7cc48000-7cc52000 r--s 00000000 08:01 59605      /usr/share/fonts/type1/mathml/Symbol.pfb
7cc52000-7cc63000 r--s 00000000 08:01 59545      /usr/share/fonts/type1/gsfonts/n019023l.pfb
7cc63000-7cc77000 r--s 00000000 08:01 59539      /usr/share/fonts/type1/gsfonts/n019003l.pfb
7cc77000-7cc8c000 r-xp 00000000 08:01 3284911    /home/nicolas/jmonkeyplatform/jdk/jre/lib/i386/libnet.so
7cc8c000-7cc8d000 rw-p 00014000 08:01 3284911    /home/nicolas/jmonkeyplatform/jdk/jre/lib/i386/libnet.so
7cc8d000-7ccee000 r-xp 00000000 08:01 3284940    /home/nicolas/jmonkeyplatform/jdk/jre/lib/i386/libfontmanager.so
7ccee000-7ccf1000 rw-p 00060000 08:01 3284940    /home/nicolas/jmonkeyplatform/jdk/jre/lib/i386/libfontmanager.so
7ccf1000-7ccf5000 rw-p 00000000 00:00 0 
7ccf5000-7ccfb000 r-xp 00000000 08:01 5242       /usr/lib/i386-linux-gnu/libogg.so.0.7.1
7ccfb000-7ccfc000 r--p 00005000 08:01 5242       /usr/lib/i386-linux-gnu/libogg.so.0.7.1
7ccfc000-7ccfd000 rw-p 00006000 08:01 5242       /usr/lib/i386-linux-gnu/libogg.so.0.7.1
7ccfd000-7cd26000 r-xp 00000000 08:01 5392       /usr/lib/i386-linux-gnu/libvorbis.so.0.4.5
7cd26000-7cd27000 r--p 00028000 08:01 5392       /usr/lib/i386-linux-gnu/libvorbis.so.0.4.5
7cd27000-7cd28000 rw-p 00029000 08:01 5392       /usr/lib/i386-linux-gnu/libvorbis.so.0.4.5
7cd28000-7cd30000 r-xp 00000000 08:01 5200       /usr/lib/i386-linux-gnu/libltdl.so.7.3.0
7cd30000-7cd31000 r--p 00008000 08:01 5200       /usr/lib/i386-linux-gnu/libltdl.so.7.3.0
7cd31000-7cd32000 rw-p 00009000 08:01 5200       /usr/lib/i386-linux-gnu/libltdl.so.7.3.0
7cd32000-7cd43000 r-xp 00000000 08:01 5367       /usr/lib/i386-linux-gnu/libtdb.so.1.2.9
7cd43000-7cd44000 r--p 00010000 08:01 5367       /usr/lib/i386-linux-gnu/libtdb.so.1.2.9
7cd44000-7cd45000 rw-p 00011000 08:01 5367       /usr/lib/i386-linux-gnu/libtdb.so.1.2.9
7cd45000-7cd4d000 r-xp 00000000 08:01 5396       /usr/lib/i386-linux-gnu/libvorbisfile.so.3.3.4
7cd4d000-7cd4e000 r--p 00007000 08:01 5396       /usr/lib/i386-linux-gnu/libvorbisfile.so.3.3.4
7cd4e000-7cd4f000 rw-p 00008000 08:01 5396       /usr/lib/i386-linux-gnu/libvorbisfile.so.3.3.4
7cd4f000-7cd5e000 r-xp 00000000 08:01 4927       /usr/lib/i386-linux-gnu/libcanberra.so.0.2.5
7cd5e000-7cd5f000 r--p 0000e000 08:01 4927       /usr/lib/i386-linux-gnu/libcanberra.so.0.2.5
7cd5f000-7cd60000 rw-p 0000f000 08:01 4927       /usr/lib/i386-linux-gnu/libcanberra.so.0.2.5
7cd60000-7cd64000 r-xp 00000000 08:01 4923       /usr/lib/i386-linux-gnu/libcanberra-gtk.so.0.1.8
7cd64000-7cd65000 r--p 00003000 08:01 4923       /usr/lib/i386-linux-gnu/libcanberra-gtk.so.0.1.8
7cd65000-7cd66000 rw-p 00004000 08:01 4923       /usr/lib/i386-linux-gnu/libcanberra-gtk.so.0.1.8
7cd66000-7cd67000 r--s 00000000 08:01 7346600    /var/cache/fontconfig/4794a0821666d79190d59a36cb4f44b5-le32d4.cache-3
7cd67000-7cd69000 r--s 00000000 08:01 7341156    /var/cache/fontconfig/e13b20fdb08344e0e664864cc2ede53d-le32d4.cache-3
7cd69000-7cd77000 r-xp 00000000 08:01 3284938    /home/nicolas/jmonkeyplatform/jdk/jre/lib/i386/libnio.so
7cd77000-7cd78000 rw-p 0000e000 08:01 3284938    /home/nicolas/jmonkeyplatform/jdk/jre/lib/i386/libnio.so
7cd78000-7cd7d000 r-xp 00000000 08:01 5929       /usr/lib/i386-linux-gnu/gtk-2.0/modules/libcanberra-gtk-module.so
7cd7d000-7cd7e000 r--p 00004000 08:01 5929       /usr/lib/i386-linux-gnu/gtk-2.0/modules/libcanberra-gtk-module.so
7cd7e000-7cd7f000 rw-p 00005000 08:01 5929       /usr/lib/i386-linux-gnu/gtk-2.0/modules/libcanberra-gtk-module.so
7cd7f000-7cdb4000 r-xp 00000000 08:01 5909       /usr/lib/i386-linux-gnu/gtk-2.0/2.10.0/engines/libmurrine.so
7cdb4000-7cdb5000 r--p 00034000 08:01 5909       /usr/lib/i386-linux-gnu/gtk-2.0/2.10.0/engines/libmurrine.so
7cdb5000-7cdb6000 rw-p 00035000 08:01 5909       /usr/lib/i386-linux-gnu/gtk-2.0/2.10.0/engines/libmurrine.so
7cdb6000-7cdb7000 ---p 00000000 00:00 0 
7cdb7000-7d5b7000 rw-p 00000000 00:00 0          [stack:5146]
7d5b7000-7d5b8000 ---p 00000000 00:00 0 
7d5b8000-7ddb8000 rw-p 00000000 00:00 0          [stack:5145]
7ddb8000-7ddd4000 r-xp 00000000 08:01 166043     /lib/i386-linux-gnu/libgcc_s.so.1
7ddd4000-7ddd5000 r--p 0001b000 08:01 166043     /lib/i386-linux-gnu/libgcc_s.so.1
7ddd5000-7ddd6000 rw-p 0001c000 08:01 166043     /lib/i386-linux-gnu/libgcc_s.so.1
7ddd6000-7deae000 r-xp 00000000 08:01 5359       /usr/lib/i386-linux-gnu/libstdc++.so.6.0.16
7deae000-7deaf000 ---p 000d8000 08:01 5359       /usr/lib/i386-linux-gnu/libstdc++.so.6.0.16
7deaf000-7deb3000 r--p 000d8000 08:01 5359       /usr/lib/i386-linux-gnu/libstdc++.so.6.0.16
7deb3000-7deb4000 rw-p 000dc000 08:01 5359       /usr/lib/i386-linux-gnu/libstdc++.so.6.0.16
7deb4000-7debb000 rw-p 00000000 00:00 0 
7debb000-7dee5000 r--p 00000000 08:01 135370     /usr/share/locale-langpack/es/LC_MESSAGES/gtk20-properties.mo
7dee5000-7dee9000 r--p 00000000 08:01 229820     /home/nicolas/.config/dconf/user
7dee9000-7def0000 r-xp 00000000 08:01 5771       /usr/lib/i386-linux-gnu/gio/modules/libdconfsettings.so
7def0000-7def1000 r--p 00006000 08:01 5771       /usr/lib/i386-linux-gnu/gio/modules/libdconfsettings.so
7def1000-7def2000 rw-p 00007000 08:01 5771       /usr/lib/i386-linux-gnu/gio/modules/libdconfsettings.so
7def2000-7df00000 r-xp 00000000 08:01 140261     /lib/i386-linux-gnu/libudev.so.0.13.0
7df00000-7df01000 r--p 0000e000 08:01 140261     /lib/i386-linux-gnu/libudev.so.0.13.0
7df01000-7df02000 rw-p 0000f000 08:01 140261     /lib/i386-linux-gnu/libudev.so.0.13.0
7df02000-7df49000 r-xp 00000000 08:01 136829     /lib/i386-linux-gnu/libdbus-1.so.3.5.8
7df49000-7df4a000 ---p 00047000 08:01 136829     /lib/i386-linux-gnu/libdbus-1.so.3.5.8
7df4a000-7df4b000 r--p 00047000 08:01 136829     /lib/i386-linux-gnu/libdbus-1.so.3.5.8
7df4b000-7df4c000 rw-p 00048000 08:01 136829     /lib/i386-linux-gnu/libdbus-1.so.3.5.8
7df4c000-7df5c000 r-xp 00000000 08:01 5775       /usr/lib/i386-linux-gnu/gio/modules/libgioremote-volume-monitor.so
7df5c000-7df5d000 r--p 0000f000 08:01 5775       /usr/lib/i386-linux-gnu/gio/modules/libgioremote-volume-monitor.so
7df5d000-7df5e000 rw-p 00010000 08:01 5775       /usr/lib/i386-linux-gnu/gio/modules/libgioremote-volume-monitor.so
7df5e000-7df73000 r-xp 00000000 08:01 5977       /usr/lib/i386-linux-gnu/gvfs/libgvfscommon.so
7df73000-7df74000 r--p 00014000 08:01 5977       /usr/lib/i386-linux-gnu/gvfs/libgvfscommon.so
7df74000-7df75000 rw-p 00015000 08:01 5977       /usr/lib/i386-linux-gnu/gvfs/libgvfscommon.so
7df75000-7df9e000 r-xp 00000000 08:01 5776       /usr/lib/i386-linux-gnu/gio/modules/libgvfsdbus.so
7df9e000-7df9f000 r--p 00028000 08:01 5776       /usr/lib/i386-linux-gnu/gio/modules/libgvfsdbus.so
7df9f000-7dfa0000 rw-p 00029000 08:01 5776       /usr/lib/i386-linux-gnu/gio/modules/libgvfsdbus.so
7dfa0000-7dfc6000 r--p 00000000 08:01 6914       /usr/share/glib-2.0/schemas/gschemas.compiled
7dfc6000-7dfde000 r--p 00000000 08:01 135315     /usr/share/locale-langpack/es/LC_MESSAGES/glib20.mo
7dfde000-7dfee000 r-xp 00000000 08:01 3321       /usr/lib/liboverlay-scrollbar-0.2.so.0.0.16
7dfee000-7dfef000 r--p 0000f000 08:01 3321       /usr/lib/liboverlay-scrollbar-0.2.so.0.0.16
7dfef000-7dff0000 rw-p 00010000 08:01 3321       /usr/lib/liboverlay-scrollbar-0.2.so.0.0.16
7dff0000-7dff1000 r-xp 00000000 08:01 2137       /usr/lib/i386-linux-gnu/libgthread-2.0.so.0.3200.4
7dff1000-7dff2000 r--p 00000000 08:01 2137       /usr/lib/i386-linux-gnu/libgthread-2.0.so.0.3200.4
7dff2000-7dff3000 rw-p 00001000 08:01 2137       /usr/lib/i386-linux-gnu/libgthread-2.0.so.0.3200.4
7dff3000-7e02d000 r-xp 00000000 08:01 166095     /lib/i386-linux-gnu/libpcre.so.3.12.1
7e02d000-7e02e000 r--p 00039000 08:01 166095     /lib/i386-linux-gnu/libpcre.so.3.12.1
7e02e000-7e02f000 rw-p 0003a000 08:01 166095     /lib/i386-linux-gnu/libpcre.so.3.12.1
7e02f000-7e034000 r-xp 00000000 08:01 5011       /usr/lib/i386-linux-gnu/libffi.so.6.0.0
7e034000-7e035000 r--p 00004000 08:01 5011       /usr/lib/i386-linux-gnu/libffi.so.6.0.0
7e035000-7e036000 rw-p 00005000 08:01 5011       /usr/lib/i386-linux-gnu/libffi.so.6.0.0
7e036000-7e05c000 r-xp 00000000 08:01 166040     /lib/i386-linux-gnu/libexpat.so.1.5.2
7e05c000-7e05d000 ---p 00026000 08:01 166040     /lib/i386-linux-gnu/libexpat.so.1.5.2
7e05d000-7e05f000 r--p 00026000 08:01 166040     /lib/i386-linux-gnu/libexpat.so.1.5.2
7e05f000-7e060000 rw-p 00028000 08:01 166040     /lib/i386-linux-gnu/libexpat.so.1.5.2
7e060000-7e073000 r-xp 00000000 08:01 136638     /lib/i386-linux-gnu/libresolv-2.15.so
7e073000-7e074000 ---p 00013000 08:01 136638     /lib/i386-linux-gnu/libresolv-2.15.so
7e074000-7e075000 r--p 00013000 08:01 136638     /lib/i386-linux-gnu/libresolv-2.15.so
7e075000-7e076000 rw-p 00014000 08:01 136638     /lib/i386-linux-gnu/libresolv-2.15.so
7e076000-7e078000 rw-p 00000000 00:00 0 
7e078000-7e095000 r-xp 00000000 08:01 166110     /lib/i386-linux-gnu/libselinux.so.1
7e095000-7e096000 r--p 0001c000 08:01 166110     /lib/i386-linux-gnu/libselinux.so.1
7e096000-7e097000 rw-p 0001d000 08:01 166110     /lib/i386-linux-gnu/libselinux.so.1
7e097000-7e09a000 r-xp 00000000 08:01 2141       /usr/lib/i386-linux-gnu/libgmodule-2.0.so.0.3200.4
7e09a000-7e09b000 r--p 00002000 08:01 2141       /usr/lib/i386-linux-gnu/libgmodule-2.0.so.0.3200.4
7e09b000-7e09c000 rw-p 00003000 08:01 2141       /usr/lib/i386-linux-gnu/libgmodule-2.0.so.0.3200.4
7e09c000-7e0b0000 r-xp 00000000 08:01 166133     /lib/i386-linux-gnu/libz.so.1.2.3.4
7e0b0000-7e0b1000 r--p 00013000 08:01 166133     /lib/i386-linux-gnu/libz.so.1.2.3.4
7e0b1000-7e0b2000 rw-p 00014000 08:01 166133     /lib/i386-linux-gnu/libz.so.1.2.3.4
7e0b2000-7e0ba000 r-xp 00000000 08:01 5415       /usr/lib/i386-linux-gnu/libxcb-render.so.0.0.0
7e0ba000-7e0bb000 r--p 00008000 08:01 5415       /usr/lib/i386-linux-gnu/libxcb-render.so.0.0.0
7e0bb000-7e0bc000 rw-p 00009000 08:01 5415       /usr/lib/i386-linux-gnu/libxcb-render.so.0.0.0
7e0bc000-7e0be000 r-xp 00000000 08:01 5419       /usr/lib/i386-linux-gnu/libxcb-shm.so.0.0.0
7e0be000-7e0bf000 r--p 00001000 08:01 5419       /usr/lib/i386-linux-gnu/libxcb-shm.so.0.0.0
7e0bf000-7e0c0000 rw-p 00002000 08:01 5419       /usr/lib/i386-linux-gnu/libxcb-shm.so.0.0.0
7e0c0000-7e0e8000 r-xp 00000000 08:01 166099     /lib/i386-linux-gnu/libpng12.so.0.46.0
7e0e8000-7e0e9000 r--p 00027000 08:01 166099     /lib/i386-linux-gnu/libpng12.so.0.46.0
7e0e9000-7e0ea000 rw-p 00028000 08:01 166099     /lib/i386-linux-gnu/libpng12.so.0.46.0
7e0ea000-7e17f000 r-xp 00000000 08:01 2028       /usr/lib/i386-linux-gnu/libpixman-1.so.0.30.2
7e17f000-7e184000 r--p 00095000 08:01 2028       /usr/lib/i386-linux-gnu/libpixman-1.so.0.30.2
7e184000-7e185000 rw-p 0009a000 08:01 2028       /usr/lib/i386-linux-gnu/libpixman-1.so.0.30.2
7e185000-7e21b000 r-xp 00000000 08:01 5709       /usr/lib/i386-linux-gnu/libfreetype.so.6.8.0
7e21b000-7e21f000 r--p 00095000 08:01 5709       /usr/lib/i386-linux-gnu/libfreetype.so.6.8.0
7e21f000-7e220000 rw-p 00099000 08:01 5709       /usr/lib/i386-linux-gnu/libfreetype.so.6.8.0
7e220000-7e222000 r-xp 00000000 08:01 4827       /usr/lib/i386-linux-gnu/libXdamage.so.1.1.0
7e222000-7e223000 r--p 00001000 08:01 4827       /usr/lib/i386-linux-gnu/libXdamage.so.1.1.0
7e223000-7e224000 rw-p 00002000 08:01 4827       /usr/lib/i386-linux-gnu/libXdamage.so.1.1.0
7e224000-7e226000 r-xp 00000000 08:01 4823       /usr/lib/i386-linux-gnu/libXcomposite.so.1.0.0
7e226000-7e227000 r--p 00001000 08:01 4823       /usr/lib/i386-linux-gnu/libXcomposite.so.1.0.0
7e227000-7e228000 rw-p 00002000 08:01 4823       /usr/lib/i386-linux-gnu/libXcomposite.so.1.0.0
7e228000-7e31f000 r-xp 00000000 08:01 166004     /lib/i386-linux-gnu/libglib-2.0.so.0.3200.4
7e31f000-7e320000 r--p 000f6000 08:01 166004     /lib/i386-linux-gnu/libglib-2.0.so.0.3200.4
7e320000-7e321000 rw-p 000f7000 08:01 166004     /lib/i386-linux-gnu/libglib-2.0.so.0.3200.4
7e321000-7e36e000 r-xp 00000000 08:01 633        /usr/lib/i386-linux-gnu/libgobject-2.0.so.0.3200.4
7e36e000-7e36f000 r--p 0004c000 08:01 633        /usr/lib/i386-linux-gnu/libgobject-2.0.so.0.3200.4
7e36f000-7e370000 rw-p 0004d000 08:01 633        /usr/lib/i386-linux-gnu/libgobject-2.0.so.0.3200.4
7e370000-7e3a2000 r-xp 00000000 08:01 5013       /usr/lib/i386-linux-gnu/libfontconfig.so.1.4.4
7e3a2000-7e3a3000 r--p 00032000 08:01 5013       /usr/lib/i386-linux-gnu/libfontconfig.so.1.4.4
7e3a3000-7e3a4000 rw-p 00033000 08:01 5013       /usr/lib/i386-linux-gnu/libfontconfig.so.1.4.4
7e3a4000-7e3eb000 r-xp 00000000 08:01 5254       /usr/lib/i386-linux-gnu/libpango-1.0.so.0.3000.0
7e3eb000-7e3ec000 ---p 00047000 08:01 5254       /usr/lib/i386-linux-gnu/libpango-1.0.so.0.3000.0
7e3ec000-7e3ed000 r--p 00047000 08:01 5254       /usr/lib/i386-linux-gnu/libpango-1.0.so.0.3000.0
7e3ed000-7e3ee000 rw-p 00048000 08:01 5254       /usr/lib/i386-linux-gnu/libpango-1.0.so.0.3000.0
7e3ee000-7e418000 r-xp 00000000 08:01 5258       /usr/lib/i386-linux-gnu/libpangoft2-1.0.so.0.3000.0
7e418000-7e419000 r--p 00029000 08:01 5258       /usr/lib/i386-linux-gnu/libpangoft2-1.0.so.0.3000.0
7e419000-7e41a000 rw-p 0002a000 08:01 5258       /usr/lib/i386-linux-gnu/libpangoft2-1.0.so.0.3000.0
7e41a000-7e56d000 r-xp 00000000 08:01 650        /usr/lib/i386-linux-gnu/libgio-2.0.so.0.3200.4
7e56d000-7e56f000 r--p 00153000 08:01 650        /usr/lib/i386-linux-gnu/libgio-2.0.so.0.3200.4
7e56f000-7e570000 rw-p 00155000 08:01 650        /usr/lib/i386-linux-gnu/libgio-2.0.so.0.3200.4
7e570000-7e571000 rw-p 00000000 00:00 0 
7e571000-7e590000 r-xp 00000000 08:01 2594       /usr/lib/i386-linux-gnu/libgdk_pixbuf-2.0.so.0.2600.1
7e590000-7e591000 r--p 0001e000 08:01 2594       /usr/lib/i386-linux-gnu/libgdk_pixbuf-2.0.so.0.2600.1
7e591000-7e592000 rw-p 0001f000 08:01 2594       /usr/lib/i386-linux-gnu/libgdk_pixbuf-2.0.so.0.2600.1
7e592000-7e659000 r-xp 00000000 08:01 4919       /usr/lib/i386-linux-gnu/libcairo.so.2.11000.2
7e659000-7e65a000 r--p 000c7000 08:01 4919       /usr/lib/i386-linux-gnu/libcairo.so.2.11000.2
7e65a000-7e65b000 rw-p 000c8000 08:01 4919       /usr/lib/i386-linux-gnu/libcairo.so.2.11000.2
7e65b000-7e65d000 rw-p 00000000 00:00 0 
7e65d000-7e67a000 r-xp 00000000 08:01 4881       /usr/lib/i386-linux-gnu/libatk-1.0.so.0.20409.1
7e67a000-7e67c000 r--p 0001c000 08:01 4881       /usr/lib/i386-linux-gnu/libatk-1.0.so.0.20409.1
7e67c000-7e67d000 rw-p 0001e000 08:01 4881       /usr/lib/i386-linux-gnu/libatk-1.0.so.0.20409.1
7e67d000-7e688000 r-xp 00000000 08:01 5256       /usr/lib/i386-linux-gnu/libpangocairo-1.0.so.0.3000.0
7e688000-7e689000 r--p 0000a000 08:01 5256       /usr/lib/i386-linux-gnu/libpangocairo-1.0.so.0.3000.0
7e689000-7e68a000 rw-p 0000b000 08:01 5256       /usr/lib/i386-linux-gnu/libpangocairo-1.0.so.0.3000.0
7e68a000-7e735000 r-xp 00000000 08:01 9606       /usr/lib/i386-linux-gnu/libgdk-x11-2.0.so.0.2400.10
7e735000-7e736000 ---p 000ab000 08:01 9606       /usr/lib/i386-linux-gnu/libgdk-x11-2.0.so.0.2400.10
7e736000-7e738000 r--p 000ab000 08:01 9606       /usr/lib/i386-linux-gnu/libgdk-x11-2.0.so.0.2400.10
7e738000-7e739000 rw-p 000ad000 08:01 9606       /usr/lib/i386-linux-gnu/libgdk-x11-2.0.so.0.2400.10
7e739000-7eb99000 r-xp 00000000 08:01 5025       /usr/lib/i386-linux-gnu/libgtk-x11-2.0.so.0.2400.10
7eb99000-7eb9d000 r--p 00460000 08:01 5025       /usr/lib/i386-linux-gnu/libgtk-x11-2.0.so.0.2400.10
7eb9d000-7eb9f000 rw-p 00464000 08:01 5025       /usr/lib/i386-linux-gnu/libgtk-x11-2.0.so.0.2400.10
7eb9f000-7eba1000 rw-p 00000000 00:00 0 
7eba1000-7eba8000 r-xp 00000000 08:01 4849       /usr/lib/i386-linux-gnu/libXrandr.so.2.2.0
7eba8000-7eba9000 r--p 00006000 08:01 4849       /usr/lib/i386-linux-gnu/libXrandr.so.2.2.0
7eba9000-7ebaa000 rw-p 00007000 08:01 4849       /usr/lib/i386-linux-gnu/libXrandr.so.2.2.0
7ebaa000-7ebad000 r--s 00000000 08:01 7341153    /var/cache/fontconfig/7ef2298fde41cc6eeb7af42e48b7d293-le32d4.cache-3
7ebad000-7ebbc000 r--p 00000000 08:01 135373     /usr/share/locale-langpack/es/LC_MESSAGES/gtk20.mo
7ebbc000-7ebc6000 r--s 00250000 08:01 3284993    /home/nicolas/jmonkeyplatform/jdk/jre/lib/resources.jar
7ebc6000-7ebc9000 ---p 00000000 00:00 0 
7ebc9000-7ec17000 rw-p 00000000 00:00 0          [stack:5144]
7ec17000-7ec1a000 ---p 00000000 00:00 0 
7ec1a000-7ec68000 rw-p 00000000 00:00 0          [stack:5143]
7ec68000-7ec6b000 ---p 00000000 00:00 0 
7ec6b000-7ecb9000 rw-p 00000000 00:00 0          [stack:5142]
7ecb9000-7ecbc000 ---p 00000000 00:00 0 
7ecbc000-7ed0a000 rw-p 00000000 00:00 0          [stack:5141]
7ed0a000-7ed0d000 ---p 00000000 00:00 0 
7ed0d000-7ed5b000 rw-p 00000000 00:00 0          [stack:5140]
7ed5b000-7ed80000 r--p 00000000 08:01 144630     /usr/share/locale-langpack/es/LC_MESSAGES/libc.mo
7ed80000-7eeb0000 r-xp 00000000 08:01 2166       /usr/lib/i386-linux-gnu/libX11.so.6.3.0
7eeb0000-7eeb1000 r--p 0012f000 08:01 2166       /usr/lib/i386-linux-gnu/libX11.so.6.3.0
7eeb1000-7eeb3000 rw-p 00130000 08:01 2166       /usr/lib/i386-linux-gnu/libX11.so.6.3.0
7eeb3000-7eeb4000 rw-p 00000000 00:00 0 
7eeb4000-7eefd000 r-xp 00000000 08:01 3284933    /home/nicolas/jmonkeyplatform/jdk/jre/lib/i386/xawt/libmawt.so
7eefd000-7eeff000 rw-p 00049000 08:01 3284933    /home/nicolas/jmonkeyplatform/jdk/jre/lib/i386/xawt/libmawt.so
7eeff000-7ef00000 rw-p 00000000 00:00 0 
7ef00000-7efde000 rw-p 00000000 00:00 0 
7efde000-7f000000 ---p 00000000 00:00 0 
7f000000-7f001000 r--s 00000000 08:01 7340103    /var/cache/fontconfig/56cf4f4769d0f4abc89a4895d7bd3ae1-le32d4.cache-3
7f001000-7f003000 r-xp 00000000 08:01 4839       /usr/lib/i386-linux-gnu/libXinerama.so.1.0.0
7f003000-7f004000 r--p 00001000 08:01 4839       /usr/lib/i386-linux-gnu/libXinerama.so.1.0.0
7f004000-7f005000 rw-p 00002000 08:01 4839       /usr/lib/i386-linux-gnu/libXinerama.so.1.0.0
7f005000-7f024000 r-xp 00000000 08:01 5423       /usr/lib/i386-linux-gnu/libxcb.so.1.1.0
7f024000-7f025000 r--p 0001f000 08:01 5423       /usr/lib/i386-linux-gnu/libxcb.so.1.1.0
7f025000-7f026000 rw-p 00020000 08:01 5423       /usr/lib/i386-linux-gnu/libxcb.so.1.1.0
7f026000-7f035000 r-xp 00000000 08:01 1929       /usr/lib/i386-linux-gnu/libXi.so.6.1.0
7f035000-7f036000 r--p 0000e000 08:01 1929       /usr/lib/i386-linux-gnu/libXi.so.6.1.0
7f036000-7f037000 rw-p 0000f000 08:01 1929       /usr/lib/i386-linux-gnu/libXi.so.6.1.0
7f037000-7f047000 r-xp 00000000 08:01 4831       /usr/lib/i386-linux-gnu/libXext.so.6.4.0
7f047000-7f048000 r--p 0000f000 08:01 4831       /usr/lib/i386-linux-gnu/libXext.so.6.4.0
7f048000-7f049000 rw-p 00010000 08:01 4831       /usr/lib/i386-linux-gnu/libXext.so.6.4.0
7f049000-7f0cf000 r-xp 00000000 08:01 3284902    /home/nicolas/jmonkeyplatform/jdk/jre/lib/i386/libawt.so
7f0cf000-7f0d6000 rw-p 00086000 08:01 3284902    /home/nicolas/jmonkeyplatform/jdk/jre/lib/i386/libawt.so
7f0d6000-7f0fa000 rw-p 00000000 00:00 0 
7f0fa000-7f0fb000 ---p 00000000 00:00 0 
7f0fb000-7f17b000 rw-p 00000000 00:00 0          [stack:5139]
7f17b000-7f17e000 ---p 00000000 00:00 0 
7f17e000-7f1cc000 rw-p 00000000 00:00 0          [stack:5138]
7f1cc000-7f1cf000 ---p 00000000 00:00 0 
7f1cf000-7f24d000 rw-p 00000000 00:00 0          [stack:5137]
7f24d000-7f250000 ---p 00000000 00:00 0 
7f250000-7f2ce000 rw-p 00000000 00:00 0          [stack:5136]
7f2ce000-7f400000 r--p 005e3000 08:01 7445       /usr/lib/locale/locale-archive
7f400000-7f600000 r--p 00000000 08:01 7445       /usr/lib/locale/locale-archive
7f600000-7f700000 rw-p 00000000 00:00 0 
7f700000-7f7f9000 rw-p 00000000 00:00 0 
7f7f9000-7f800000 ---p 00000000 00:00 0 
7f800000-7f804000 r-xp 00000000 08:01 1927       /usr/lib/i386-linux-gnu/libXfixes.so.3.1.0
7f804000-7f805000 r--p 00004000 08:01 1927       /usr/lib/i386-linux-gnu/libXfixes.so.3.1.0
7f805000-7f806000 rw-p 00005000 08:01 1927       /usr/lib/i386-linux-gnu/libXfixes.so.3.1.0
7f806000-7f80b000 r-xp 00000000 08:01 4829       /usr/lib/i386-linux-gnu/libXdmcp.so.6.0.0
7f80b000-7f80c000 r--p 00004000 08:01 4829       /usr/lib/i386-linux-gnu/libXdmcp.so.6.0.0
7f80c000-7f80d000 rw-p 00005000 08:01 4829       /usr/lib/i386-linux-gnu/libXdmcp.so.6.0.0
7f80d000-7f810000 ---p 00000000 00:00 0 
7f810000-7f85e000 rw-p 00000000 00:00 0          [stack:5135]
7f85e000-7f861000 ---p 00000000 00:00 0 
7f861000-7f8af000 rw-p 00000000 00:00 0          [stack:5134]
7f8af000-7f8b2000 ---p 00000000 00:00 0 
7f8b2000-7f900000 rw-p 00000000 00:00 0          [stack:5133]
7f900000-7f9ff000 rw-p 00000000 00:00 0 
7f9ff000-7fa00000 ---p 00000000 00:00 0 
7fa00000-7fa02000 r-xp 00000000 08:01 4818       /usr/lib/i386-linux-gnu/libXau.so.6.0.0
7fa02000-7fa03000 r--p 00001000 08:01 4818       /usr/lib/i386-linux-gnu/libXau.so.6.0.0
7fa03000-7fa04000 rw-p 00002000 08:01 4818       /usr/lib/i386-linux-gnu/libXau.so.6.0.0
7fa04000-7fa0c000 r-xp 00000000 08:01 4853       /usr/lib/i386-linux-gnu/libXrender.so.1.3.0
7fa0c000-7fa0d000 r--p 00007000 08:01 4853       /usr/lib/i386-linux-gnu/libXrender.so.1.3.0
7fa0d000-7fa0e000 rw-p 00008000 08:01 4853       /usr/lib/i386-linux-gnu/libXrender.so.1.3.0
7fa0e000-7fa0f000 ---p 00000000 00:00 0 
7fa0f000-7fa8f000 rw-p 00000000 00:00 0          [stack:5132]
7fa8f000-7fc4c000 r--s 039bf000 08:01 3284867    /home/nicolas/jmonkeyplatform/jdk/jre/lib/rt.jar
7fc4c000-81800000 rw-p 00000000 00:00 0 
81800000-818fe000 rw-p 00000000 00:00 0 
818fe000-81900000 ---p 00000000 00:00 0 
81900000-81901000 r--s 00000000 08:01 7340114    /var/cache/fontconfig/b9d506c9ac06c20b433354fa67a72993-le32d4.cache-3
81901000-81902000 r--s 00000000 08:01 229817     /home/nicolas/.cache/dconf/user
81902000-81907000 r-xp 00000000 08:01 4857       /usr/lib/i386-linux-gnu/libXtst.so.6.1.0
81907000-81908000 r--p 00004000 08:01 4857       /usr/lib/i386-linux-gnu/libXtst.so.6.1.0
81908000-81909000 rw-p 00005000 08:01 4857       /usr/lib/i386-linux-gnu/libXtst.so.6.1.0
81909000-81912000 r-xp 00000000 08:01 4825       /usr/lib/i386-linux-gnu/libXcursor.so.1.0.2
81912000-81913000 r--p 00008000 08:01 4825       /usr/lib/i386-linux-gnu/libXcursor.so.1.0.2
81913000-81914000 rw-p 00009000 08:01 4825       /usr/lib/i386-linux-gnu/libXcursor.so.1.0.2
81914000-8191b000 r--s 00000000 08:01 31115      /usr/lib/i386-linux-gnu/gconv/gconv-modules.cache
8191b000-81926000 r--s 0037c000 08:01 3285647    /home/nicolas/jmonkeyplatform/jdk/jre/lib/charsets.jar
81926000-8192a000 r--s 000f7000 08:01 3284977    /home/nicolas/jmonkeyplatform/jdk/jre/lib/ext/localedata.jar
8192a000-81931000 r--s 0286f000 08:01 3283320    /home/nicolas/jmonkeyplatform/jmonkeyplatform/libs/jME3-testdata.jar
81931000-81934000 r--s 0001a000 08:01 3283361    /home/nicolas/jmonkeyplatform/jmonkeyplatform/libs/xmlpull-xpp3.jar
81934000-8197f000 rw-p 00000000 00:00 0 
8197f000-81980000 ---p 00000000 00:00 0 
81980000-81a00000 rw-p 00000000 00:00 0          [stack:5131]
81a00000-81a21000 rw-p 00000000 00:00 0 
81a21000-81b00000 ---p 00000000 00:00 0 
81b00000-81b21000 rw-p 00000000 00:00 0 
81b21000-81c00000 ---p 00000000 00:00 0 
81c00000-81c02000 r--s 00012000 08:01 3283497    /home/nicolas/jmonkeyplatform/jmonkeyplatform/libs/eventbus.jar
81c02000-81c04000 r--s 00010000 08:01 3283113    /home/nicolas/jmonkeyplatform/jmonkeyplatform/libs/nifty-style-black.jar
81c04000-81c0c000 r--s 00039000 08:01 3282745    /home/nicolas/jmonkeyplatform/jmonkeyplatform/libs/nifty-default-controls.jar
81c0c000-81c18000 r--s 00076000 08:01 3283572    /home/nicolas/jmonkeyplatform/jmonkeyplatform/libs/nifty.jar
81c18000-81c1a000 r--s 0003c000 08:01 3283527    /home/nicolas/jmonkeyplatform/jmonkeyplatform/libs/vecmath.jar
81c1a000-81c24000 r--s 00079000 08:01 3283524    /home/nicolas/jmonkeyplatform/jmonkeyplatform/libs/jbullet.jar
81c24000-81c7f000 rw-p 00000000 00:00 0 
81c7f000-81c80000 ---p 00000000 00:00 0 
81c80000-81d00000 rw-p 00000000 00:00 0          [stack:5130]
81d00000-81d21000 rw-p 00000000 00:00 0 
81d21000-81e00000 ---p 00000000 00:00 0 
81e00000-81e01000 r--s 00008000 08:01 3283318    /home/nicolas/jmonkeyplatform/jmonkeyplatform/libs/jME3-niftygui.jar
81e01000-81e05000 r--s 00025000 08:01 3283355    /home/nicolas/jmonkeyplatform/jmonkeyplatform/libs/jME3-jbullet.jar
81e05000-81e13000 r--s 000e2000 08:01 3283569    /home/nicolas/jmonkeyplatform/jmonkeyplatform/libs/lwjgl.jar
81e13000-81e17000 r--s 00030000 08:01 3283550    /home/nicolas/jmonkeyplatform/jmonkeyplatform/libs/jinput.jar
81e17000-81e19000 r--s 00243000 08:01 3283055    /home/nicolas/jmonkeyplatform/jmonkeyplatform/libs/jME3-lwjgl-natives.jar
81e19000-81e1d000 r--s 00023000 08:01 3283362    /home/nicolas/jmonkeyplatform/jmonkeyplatform/libs/jME3-terrain.jar
81e1d000-81e2e000 r--s 0011b000 08:01 3283470    /home/nicolas/jmonkeyplatform/jmonkeyplatform/libs/jME3-core.jar
81e2e000-81e41000 rw-p 00000000 00:00 0 
81e41000-81e42000 ---p 00000000 00:00 0 
81e42000-81ec2000 rw-p 00000000 00:00 0          [stack:5129]
81ec2000-81ec3000 ---p 00000000 00:00 0 
81ec3000-81f52000 rw-p 00000000 00:00 0          [stack:5128]
81f52000-82035000 rw-p 00000000 00:00 0 
82035000-8203d000 rw-p 00000000 00:00 0 
8203d000-82055000 rw-p 00000000 00:00 0 
82055000-82064000 rw-p 00000000 00:00 0 
82064000-82146000 rw-p 00000000 00:00 0 
82146000-8214e000 rw-p 00000000 00:00 0 
8214e000-821bf000 rw-p 00000000 00:00 0 
821bf000-831c0000 rw-p 00000000 00:00 0 
831c0000-861c0000 rw-p 00000000 00:00 0 
861c0000-87fc0000 rw-p 00000000 00:00 0 
87fc0000-a4440000 rw-p 00000000 00:00 0 
a4440000-a5380000 rw-p 00000000 00:00 0 
a5380000-b35c0000 rw-p 00000000 00:00 0 
b35c0000-b35c1000 r--s 0000b000 08:01 3283406    /home/nicolas/jmonkeyplatform/jmonkeyplatform/libs/stack-alloc.jar
b35c1000-b35c3000 r--s 00017000 08:01 3283446    /home/nicolas/jmonkeyplatform/jmonkeyplatform/libs/jME3-lwjgl.jar
b35c3000-b35cb000 rw-p 00000000 00:00 0 
b35cb000-b35e3000 rw-p 00000000 00:00 0 
b35e3000-b35ec000 rw-p 00000000 00:00 0 
b35ec000-b36a3000 rw-p 00000000 00:00 0 
b36a3000-b38e3000 rwxp 00000000 00:00 0 
b38e3000-b66a3000 rw-p 00000000 00:00 0 
b66a3000-b66ba000 r-xp 00000000 08:01 3284884    /home/nicolas/jmonkeyplatform/jdk/jre/lib/i386/libzip.so
b66ba000-b66bb000 rw-p 00017000 08:01 3284884    /home/nicolas/jmonkeyplatform/jdk/jre/lib/i386/libzip.so
b66bb000-b66c6000 r-xp 00000000 08:01 136582     /lib/i386-linux-gnu/libnss_files-2.15.so
b66c6000-b66c7000 r--p 0000a000 08:01 136582     /lib/i386-linux-gnu/libnss_files-2.15.so
b66c7000-b66c8000 rw-p 0000b000 08:01 136582     /lib/i386-linux-gnu/libnss_files-2.15.so
b66c8000-b66d2000 r-xp 00000000 08:01 136503     /lib/i386-linux-gnu/libnss_nis-2.15.so
b66d2000-b66d3000 r--p 00009000 08:01 136503     /lib/i386-linux-gnu/libnss_nis-2.15.so
b66d3000-b66d4000 rw-p 0000a000 08:01 136503     /lib/i386-linux-gnu/libnss_nis-2.15.so
b66d4000-b66ea000 r-xp 00000000 08:01 136889     /lib/i386-linux-gnu/libnsl-2.15.so
b66ea000-b66eb000 r--p 00015000 08:01 136889     /lib/i386-linux-gnu/libnsl-2.15.so
b66eb000-b66ec000 rw-p 00016000 08:01 136889     /lib/i386-linux-gnu/libnsl-2.15.so
b66ec000-b66ee000 rw-p 00000000 00:00 0 
b66ee000-b66ef000 r--s 00009000 08:01 3283319    /home/nicolas/jmonkeyplatform/jmonkeyplatform/libs/j-ogg-vorbisd.jar
b66ef000-b66f1000 r--s 00005000 08:01 3283442    /home/nicolas/jmonkeyplatform/jmonkeyplatform/libs/j-ogg-oggd.jar
b66f1000-b66f2000 r--s 00002000 08:01 3283474    /home/nicolas/jmonkeyplatform/jmonkeyplatform/libs/jME3-jogg.jar
b66f2000-b66f5000 r--s 0001c000 08:01 3283216    /home/nicolas/jmonkeyplatform/jmonkeyplatform/libs/jME3-networking.jar
b66f5000-b66f8000 r--s 0007f000 08:01 3283358    /home/nicolas/jmonkeyplatform/jmonkeyplatform/libs/jME3-effects.jar
b66f8000-b6700000 rw-s 00000000 08:01 2360939    /tmp/hsperfdata_nicolas/5122
b6700000-b67f6000 rw-p 00000000 00:00 0 
b67f6000-b6800000 ---p 00000000 00:00 0 
b6800000-b6807000 r-xp 00000000 08:01 146445     /lib/i386-linux-gnu/libnss_compat-2.15.so
b6807000-b6808000 r--p 00006000 08:01 146445     /lib/i386-linux-gnu/libnss_compat-2.15.so
b6808000-b6809000 rw-p 00007000 08:01 146445     /lib/i386-linux-gnu/libnss_compat-2.15.so
b6809000-b682c000 r-xp 00000000 08:01 3284886    /home/nicolas/jmonkeyplatform/jdk/jre/lib/i386/libjava.so
b682c000-b682d000 rw-p 00022000 08:01 3284886    /home/nicolas/jmonkeyplatform/jdk/jre/lib/i386/libjava.so
b682d000-b6834000 r-xp 00000000 08:01 136604     /lib/i386-linux-gnu/librt-2.15.so
b6834000-b6835000 r--p 00006000 08:01 136604     /lib/i386-linux-gnu/librt-2.15.so
b6835000-b6836000 rw-p 00007000 08:01 136604     /lib/i386-linux-gnu/librt-2.15.so
b6836000-b6839000 ---p 00000000 00:00 0 
b6839000-b6887000 rw-p 00000000 00:00 0          [stack:5127]
b6887000-b68b1000 r-xp 00000000 08:01 136924     /lib/i386-linux-gnu/libm-2.15.so
b68b1000-b68b2000 r--p 00029000 08:01 136924     /lib/i386-linux-gnu/libm-2.15.so
b68b2000-b68b3000 rw-p 0002a000 08:01 136924     /lib/i386-linux-gnu/libm-2.15.so
b68b3000-b712a000 r-xp 00000000 08:01 3284882    /home/nicolas/jmonkeyplatform/jdk/jre/lib/i386/server/libjvm.so
b712a000-b718e000 rw-p 00877000 08:01 3284882    /home/nicolas/jmonkeyplatform/jdk/jre/lib/i386/server/libjvm.so
b718e000-b75b2000 rw-p 00000000 00:00 0 
b75b2000-b7755000 r-xp 00000000 08:01 146446     /lib/i386-linux-gnu/libc-2.15.so
b7755000-b7756000 ---p 001a3000 08:01 146446     /lib/i386-linux-gnu/libc-2.15.so
b7756000-b7758000 r--p 001a3000 08:01 146446     /lib/i386-linux-gnu/libc-2.15.so
b7758000-b7759000 rw-p 001a5000 08:01 146446     /lib/i386-linux-gnu/libc-2.15.so
b7759000-b775c000 rw-p 00000000 00:00 0 
b775c000-b775f000 r-xp 00000000 08:01 146443     /lib/i386-linux-gnu/libdl-2.15.so
b775f000-b7760000 r--p 00002000 08:01 146443     /lib/i386-linux-gnu/libdl-2.15.so
b7760000-b7761000 rw-p 00003000 08:01 146443     /lib/i386-linux-gnu/libdl-2.15.so
b7761000-b7774000 r-xp 00000000 08:01 3283781    /home/nicolas/jmonkeyplatform/jdk/lib/i386/jli/libjli.so
b7774000-b7775000 rw-p 00012000 08:01 3283781    /home/nicolas/jmonkeyplatform/jdk/lib/i386/jli/libjli.so
b7775000-b7776000 rw-p 00000000 00:00 0 
b7776000-b778d000 r-xp 00000000 08:01 136563     /lib/i386-linux-gnu/libpthread-2.15.so
b778d000-b778e000 r--p 00016000 08:01 136563     /lib/i386-linux-gnu/libpthread-2.15.so
b778e000-b778f000 rw-p 00017000 08:01 136563     /lib/i386-linux-gnu/libpthread-2.15.so
b778f000-b7791000 rw-p 00000000 00:00 0 
b7791000-b7792000 r--s 00010000 08:01 3283360    /home/nicolas/jmonkeyplatform/jmonkeyplatform/libs/jME3-plugins.jar
b7792000-b7795000 r--s 00035000 08:01 3283356    /home/nicolas/jmonkeyplatform/jmonkeyplatform/libs/jME3-desktop.jar
b7795000-b7796000 rw-p 00000000 00:00 0 
b7796000-b7797000 r--p 00000000 00:00 0 
b7797000-b77a2000 r-xp 00000000 08:01 3284903    /home/nicolas/jmonkeyplatform/jdk/jre/lib/i386/libverify.so
b77a2000-b77a3000 rw-p 0000b000 08:01 3284903    /home/nicolas/jmonkeyplatform/jdk/jre/lib/i386/libverify.so
b77a3000-b77a5000 rw-p 00000000 00:00 0 
b77a5000-b77a6000 r-xp 00000000 00:00 0          [vdso]
b77a6000-b77c6000 r-xp 00000000 08:01 136627     /lib/i386-linux-gnu/ld-2.15.so
b77c6000-b77c7000 r--p 0001f000 08:01 136627     /lib/i386-linux-gnu/ld-2.15.so
b77c7000-b77c8000 rw-p 00020000 08:01 136627     /lib/i386-linux-gnu/ld-2.15.so
bf984000-bf9a5000 rw-p 00000000 00:00 0          [stack]

VM Arguments:
jvm_args: -Dfile.encoding=UTF-8 
java_command: mygame.Main
Launcher Type: SUN_STANDARD

Environment Variables:
PATH=/usr/lib/lightdm/lightdm:/usr/local/sbin:/usr/local/bin:/usr/sbin:/usr/bin:/sbin:/bin:/usr/games
LD_LIBRARY_PATH=/home/nicolas/jmonkeyplatform/bin/../jdk/jre/lib/amd64:/home/nicolas/jmonkeyplatform/bin/../jdk/jre/lib/i386:
SHELL=/bin/bash
DISPLAY=:0.0

Signal Handlers:
SIGSEGV: [libjvm.so+0x7dd5e0], sa_mask[0]=0x7ffbfeff, sa_flags=0x10000004
SIGBUS: [libjvm.so+0x7dd5e0], sa_mask[0]=0x7ffbfeff, sa_flags=0x10000004
SIGFPE: [libjvm.so+0x678d60], sa_mask[0]=0x7ffbfeff, sa_flags=0x10000004
SIGPIPE: SIG_IGN, sa_mask[0]=0x00001000, sa_flags=0x10000000
SIGXFSZ: [libjvm.so+0x678d60], sa_mask[0]=0x7ffbfeff, sa_flags=0x10000004
SIGILL: [libjvm.so+0x678d60], sa_mask[0]=0x7ffbfeff, sa_flags=0x10000004
SIGUSR1: SIG_DFL, sa_mask[0]=0x00000000, sa_flags=0x00000000
SIGUSR2: [libjvm.so+0x67a250], sa_mask[0]=0x00000004, sa_flags=0x10000004
SIGHUP: [libjvm.so+0x67b3a0], sa_mask[0]=0x7ffbfeff, sa_flags=0x10000004
SIGINT: SIG_IGN, sa_mask[0]=0x00000000, sa_flags=0x00000000
SIGTERM: [libjvm.so+0x67b3a0], sa_mask[0]=0x7ffbfeff, sa_flags=0x10000004
SIGQUIT: [libjvm.so+0x67b3a0], sa_mask[0]=0x7ffbfeff, sa_flags=0x10000004


---------------  S Y S T E M  ---------------

OS:wheezy/sid

uname:Linux 3.8.0-44-generic #66~precise1-Ubuntu SMP Tue Jul 15 04:04:23 UTC 2014 i686
libc:glibc 2.15 NPTL 2.15 
rlimit: STACK 8192k, CORE 0k, NPROC 23009, NOFILE 4096, AS infinity
load average:1,24 1,30 1,27

/proc/meminfo:
MemTotal:        2962012 kB
MemFree:          608592 kB
Buffers:          108428 kB
Cached:           631364 kB
SwapCached:           36 kB
Active:          1342096 kB
Inactive:         877292 kB
Active(anon):    1064568 kB
Inactive(anon):   596576 kB
Active(file):     277528 kB
Inactive(file):   280716 kB
Unevictable:           0 kB
Mlocked:               0 kB
HighTotal:       2089940 kB
HighFree:         302232 kB
LowTotal:         872072 kB
LowFree:          306360 kB
SwapTotal:       3002364 kB
SwapFree:        2997900 kB
Dirty:               684 kB
Writeback:             0 kB
AnonPages:       1479672 kB
Mapped:           175148 kB
Shmem:            181548 kB
Slab:              91216 kB
SReclaimable:      72084 kB
SUnreclaim:        19132 kB
KernelStack:        4400 kB
PageTables:        12348 kB
NFS_Unstable:          0 kB
Bounce:                0 kB
WritebackTmp:          0 kB
CommitLimit:     4483368 kB
Committed_AS:    4805112 kB
VmallocTotal:     122880 kB
VmallocUsed:       15588 kB
VmallocChunk:     105980 kB
HardwareCorrupted:     0 kB
AnonHugePages:         0 kB
HugePages_Total:       0
HugePages_Free:        0
HugePages_Rsvd:        0
HugePages_Surp:        0
Hugepagesize:       2048 kB
DirectMap4k:       12280 kB
DirectMap2M:      901120 kB


CPU:total 4 (2 cores per cpu, 2 threads per core) family 6 model 37 stepping 2, cmov, cx8, fxsr, mmx, sse, sse2, sse3, ssse3, sse4.1, sse4.2, popcnt, ht, tsc, tscinvbit

/proc/cpuinfo:
processor	: 0
vendor_id	: GenuineIntel
cpu family	: 6
model		: 37
model name	: Intel(R) Core(TM) i3 CPU       M 330  @ 2.13GHz
stepping	: 2
microcode	: 0x9
cpu MHz		: 2133.000
cache size	: 3072 KB
physical id	: 0
siblings	: 4
core id		: 0
cpu cores	: 2
apicid		: 0
initial apicid	: 0
fdiv_bug	: no
hlt_bug		: no
f00f_bug	: no
coma_bug	: no
fpu		: yes
fpu_exception	: yes
cpuid level	: 11
wp		: yes
flags		: fpu vme de pse tsc msr pae mce cx8 apic sep mtrr pge mca cmov pat pse36 clflush dts acpi mmx fxsr sse sse2 ss ht tm pbe nx rdtscp lm constant_tsc arch_perfmon pebs bts xtopology nonstop_tsc aperfmperf pni dtes64 monitor ds_cpl vmx est tm2 ssse3 cx16 xtpr pdcm sse4_1 sse4_2 popcnt lahf_lm arat dtherm tpr_shadow vnmi flexpriority ept vpid
bogomips	: 4256.48
clflush size	: 64
cache_alignment	: 64
address sizes	: 36 bits physical, 48 bits virtual
power management:

processor	: 1
vendor_id	: GenuineIntel
cpu family	: 6
model		: 37
model name	: Intel(R) Core(TM) i3 CPU       M 330  @ 2.13GHz
stepping	: 2
microcode	: 0x9
cpu MHz		: 2133.000
cache size	: 3072 KB
physical id	: 0
siblings	: 4
core id		: 2
cpu cores	: 2
apicid		: 4
initial apicid	: 4
fdiv_bug	: no
hlt_bug		: no
f00f_bug	: no
coma_bug	: no
fpu		: yes
fpu_exception	: yes
cpuid level	: 11
wp		: yes
flags		: fpu vme de pse tsc msr pae mce cx8 apic sep mtrr pge mca cmov pat pse36 clflush dts acpi mmx fxsr sse sse2 ss ht tm pbe nx rdtscp lm constant_tsc arch_perfmon pebs bts xtopology nonstop_tsc aperfmperf pni dtes64 monitor ds_cpl vmx est tm2 ssse3 cx16 xtpr pdcm sse4_1 sse4_2 popcnt lahf_lm arat dtherm tpr_shadow vnmi flexpriority ept vpid
bogomips	: 4256.48
clflush size	: 64
cache_alignment	: 64
address sizes	: 36 bits physical, 48 bits virtual
power management:

processor	: 2
vendor_id	: GenuineIntel
cpu family	: 6
model		: 37
model name	: Intel(R) Core(TM) i3 CPU       M 330  @ 2.13GHz
stepping	: 2
microcode	: 0x9
cpu MHz		: 2133.000
cache size	: 3072 KB
physical id	: 0
siblings	: 4
core id		: 0
cpu cores	: 2
apicid		: 1
initial apicid	: 1
fdiv_bug	: no
hlt_bug		: no
f00f_bug	: no
coma_bug	: no
fpu		: yes
fpu_exception	: yes
cpuid level	: 11
wp		: yes
flags		: fpu vme de pse tsc msr pae mce cx8 apic sep mtrr pge mca cmov pat pse36 clflush dts acpi mmx fxsr sse sse2 ss ht tm pbe nx rdtscp lm constant_tsc arch_perfmon pebs bts xtopology nonstop_tsc aperfmperf pni dtes64 monitor ds_cpl vmx est tm2 ssse3 cx16 xtpr pdcm sse4_1 sse4_2 popcnt lahf_lm arat dtherm tpr_shadow vnmi flexpriority ept vpid
bogomips	: 4256.48
clflush size	: 64
cache_alignment	: 64
address sizes	: 36 bits physical, 48 bits virtual
power management:

processor	: 3
vendor_id	: GenuineIntel
cpu family	: 6
model		: 37
model name	: Intel(R) Core(TM) i3 CPU       M 330  @ 2.13GHz
stepping	: 2
microcode	: 0x9
cpu MHz		: 2133.000
cache size	: 3072 KB
physical id	: 0
siblings	: 4
core id		: 2
cpu cores	: 2
apicid		: 5
initial apicid	: 5
fdiv_bug	: no
hlt_bug		: no
f00f_bug	: no
coma_bug	: no
fpu		: yes
fpu_exception	: yes
cpuid level	: 11
wp		: yes
flags		: fpu vme de pse tsc msr pae mce cx8 apic sep mtrr pge mca cmov pat pse36 clflush dts acpi mmx fxsr sse sse2 ss ht tm pbe nx rdtscp lm constant_tsc arch_perfmon pebs bts xtopology nonstop_tsc aperfmperf pni dtes64 monitor ds_cpl vmx est tm2 ssse3 cx16 xtpr pdcm sse4_1 sse4_2 popcnt lahf_lm arat dtherm tpr_shadow vnmi flexpriority ept vpid
bogomips	: 4256.48
clflush size	: 64
cache_alignment	: 64
address sizes	: 36 bits physical, 48 bits virtual
power management:



Memory: 4k page, physical 2962012k(608592k free), swap 3002364k(2997900k free)

vm_info: Java HotSpot(TM) Server VM (24.51-b03) for linux-x86 JRE (1.7.0_51-b13), built on Dec 18 2013 18:45:30 by "java_re" with gcc 4.3.0 20080428 (Red Hat 4.3.0-8)

time: Fri Jul  8 16:55:45 2016
elapsed time: 3 seconds

