#
# A fatal error has been detected by the Java Runtime Environment:
#
#  SIGSEGV (0xb) at pc=0x7bb8eac2, pid=8794, tid=2126703424
#
# JRE version: Java(TM) SE Runtime Environment (7.0_51-b13) (build 1.7.0_51-b13)
# Java VM: Java HotSpot(TM) Server VM (24.51-b03 mixed mode linux-x86 )
# Problematic frame:
# C  [libopenal.so+0x1bac2]  alcCreateContext+0xd2
#
# Failed to write core dump. Core dumps have been disabled. To enable core dumping, try "ulimit -c unlimited" before starting Java again
#
# If you would like to submit a bug report, please visit:
#   http://bugreport.sun.com/bugreport/crash.jsp
# The crash happened outside the Java Virtual Machine in native code.
# See problematic frame for where to report the bug.
#

---------------  T H R E A D  ---------------

Current thread (0x79e6f800):  JavaThread "jME3 Audio Thread" daemon [_thread_in_native, id=8828, stack(0x7ebde000,0x7ec2f000)]

siginfo:si_signo=SIGSEGV: si_errno=0, si_code=2 (SEGV_ACCERR), si_addr=0x7cbfc004

Registers:
EAX=0x7cbfc004, EBX=0x7bbc2ff4, ECX=0x000000ff, EDX=0x00000001
ESP=0x7ec2da10, EBP=0x7cbfbffc, ESI=0x7ba39ac0, EDI=0x00000001
EIP=0x7bb8eac2, EFLAGS=0x00210293, CR2=0x7cbfc004

Top of Stack: (sp=0x7ec2da10)
0x7ec2da10:   7f7090a4 7f709094 7f709094 fffffffe
0x7ec2da20:   00000000 00000000 00000000 b367fb59
0x7ec2da30:   00000008 b70b9b68 81c47a50 00000004
0x7ec2da40:   00000000 82c0056d 00014cd7 00000000
0x7ec2da50:   0000000d 7f709084 7ec2db1c b368a314
0x7ec2da60:   b6aec88e 000000ff b6f90cb6 7ec2da7c
0x7ec2da70:   b7150c18 7ec2ddb0 79e531e0 7ec2dabc
0x7ec2da80:   b6d082ee 7ec2daa8 00000004 0000ac44 

Instructions: (pc=0x7bb8eac2)
0x7bb8eaa2:   8d b6 00 00 00 00 8b 55 00 81 fa 11 10 00 00 74
0x7bb8eab2:   3b 81 fa 03 00 02 00 75 07 8b 50 fc 89 54 24 78
0x7bb8eac2:   8b 10 89 c5 83 c0 08 85 d2 74 3a 81 fa 07 10 00
0x7bb8ead2:   00 75 d3 8b 50 fc 89 54 24 7c 83 8e cc 00 00 00 

Register to memory mapping:

EAX=0x7cbfc004 is an unknown value
EBX=0x7bbc2ff4: <offset 0x4fff4> in /home/nicolas/git_repo/arkanoide2/libopenal.so at 0x7bb73000
ECX=0x000000ff is an unknown value
EDX=0x00000001 is an unknown value
ESP=0x7ec2da10 is pointing into the stack for thread: 0x79e6f800
EBP=0x7cbfbffc is an unknown value
ESI=0x7ba39ac0 is an unknown value
EDI=0x00000001 is an unknown value


Stack: [0x7ebde000,0x7ec2f000],  sp=0x7ec2da10,  free space=318k
Native frames: (J=compiled Java code, j=interpreted, Vv=VM code, C=native code)
C  [libopenal.so+0x1bac2]  alcCreateContext+0xd2

Java frames: (J=compiled Java code, j=interpreted, Vv=VM code)
j  org.lwjgl.openal.ALC10.nalcCreateContext(JJ)J+0
j  org.lwjgl.openal.ALC10.alcCreateContext(Lorg/lwjgl/openal/ALCdevice;Ljava/nio/IntBuffer;)Lorg/lwjgl/openal/ALCcontext;+8
j  org.lwjgl.openal.AL.init(Ljava/lang/String;IIZZ)V+69
j  org.lwjgl.openal.AL.create(Ljava/lang/String;IIZZ)V+227
j  org.lwjgl.openal.AL.create(Ljava/lang/String;IIZ)V+5
j  org.lwjgl.openal.AL.create()V+6
j  com.jme3.audio.lwjgl.LwjglAudioRenderer.initInThread()V+6
j  com.jme3.audio.lwjgl.LwjglAudioRenderer.run()V+1
j  java.lang.Thread.run()V+11
v  ~StubRoutines::call_stub

---------------  P R O C E S S  ---------------

Java Threads: ( => current thread )
=>0x79e6f800 JavaThread "jME3 Audio Thread" daemon [_thread_in_native, id=8828, stack(0x7ebde000,0x7ec2f000)]
  0x81d21800 JavaThread "process reaper" daemon [_thread_blocked, id=8824, stack(0x7bd8b000,0x7bda4000)]
  0xb6708000 JavaThread "DestroyJavaVM" [_thread_blocked, id=8799, stack(0xb6811000,0xb6862000)]
  0x7ef94c00 JavaThread "LWJGL Renderer Thread" [_thread_blocked, id=8822, stack(0x7bfe2000,0x7c033000)]
  0x7f608400 JavaThread "Timer-0" daemon [_thread_blocked, id=8816, stack(0x7eb8d000,0x7ebde000)]
  0x7ef68400 JavaThread "AWT-XAWT" daemon [_thread_in_native, id=8813, stack(0x7ec80000,0x7ecd1000)]
  0x7ef53800 JavaThread "Java2D Disposer" daemon [_thread_blocked, id=8812, stack(0x7ece9000,0x7ed3a000)]
  0x7f99a000 JavaThread "Service Thread" daemon [_thread_blocked, id=8810, stack(0x7f17b000,0x7f1cc000)]
  0x7f998400 JavaThread "C2 CompilerThread1" daemon [_thread_blocked, id=8809, stack(0x7f1cc000,0x7f24d000)]
  0x7f996400 JavaThread "C2 CompilerThread0" daemon [_thread_blocked, id=8808, stack(0x7f24d000,0x7f2ce000)]
  0x7f994800 JavaThread "Signal Dispatcher" daemon [_thread_blocked, id=8807, stack(0x7f80d000,0x7f85e000)]
  0x7f985000 JavaThread "Finalizer" daemon [_thread_blocked, id=8806, stack(0x7f85e000,0x7f8af000)]
  0x7f982800 JavaThread "Reference Handler" daemon [_thread_blocked, id=8805, stack(0x7f8af000,0x7f900000)]

Other Threads:
  0x7f981000 VMThread [stack: 0x7fa0e000,0x7fa8f000] [id=8804]
  0x7f99c000 WatcherThread [stack: 0x7f0fa000,0x7f17b000] [id=8811]

VM state:not at safepoint (normal execution)

VM Mutex/Monitor currently owned by a thread: None

Heap
 PSYoungGen      total 13824K, used 10111K [0xa4400000, 0xa5340000, 0xb3580000)
  eden space 12032K, 69% used [0xa4400000,0xa4c21c48,0xa4fc0000)
  from space 1792K, 99% used [0xa4fc0000,0xa517e090,0xa5180000)
  to   space 1792K, 0% used [0xa5180000,0xa5180000,0xa5340000)
 ParOldGen       total 30720K, used 2302K [0x86180000, 0x87f80000, 0xa4400000)
  object space 30720K, 7% used [0x86180000,0x863bfb40,0x87f80000)
 PSPermGen       total 16384K, used 12191K [0x82180000, 0x83180000, 0x86180000)
  object space 16384K, 74% used [0x82180000,0x82d67d10,0x83180000)

Card table byte_map: [0x81ff5000,0x82180000] byte_map_base: 0x81be4400

Polling page: 0xb7770000

Code Cache  [0xb3677000, 0xb38b7000, 0xb6677000)
 total_blobs=373 nmethods=80 adapters=247 free_code_cache=48653Kb largest_free_block=49796608

Compilation events (10 events):
Event: 9,030 Thread 0x7f998400   76             java.util.ArrayList::get (11 bytes)
Event: 9,031 Thread 0x7f998400 nmethod 76 0xb36edd88 code [0xb36ede80, 0xb36edf10]
Event: 9,135 Thread 0x7f996400   77             java.util.Hashtable::hash (10 bytes)
Event: 9,136 Thread 0x7f996400 nmethod 77 0xb36f2548 code [0xb36f2640, 0xb36f26d0]
Event: 9,136 Thread 0x7f998400   78             sun.nio.cs.UTF_8$Decoder::decodeArrayLoop (543 bytes)
Event: 9,170 Thread 0x7f998400 nmethod 78 0xb36f0b48 code [0xb36f0d60, 0xb36f189c]
Event: 9,183 Thread 0x7f996400   79             java.lang.String::startsWith (7 bytes)
Event: 9,187 Thread 0x7f996400 nmethod 79 0xb36f6488 code [0xb36f6580, 0xb36f66f0]
Event: 9,202 Thread 0x7f998400   80             sun.misc.MetaIndex::mayContain (51 bytes)
Event: 9,210 Thread 0x7f998400 nmethod 80 0xb36f5e48 code [0xb36f5f60, 0xb36f61dc]

GC Heap History (2 events):
Event: 8,074 GC heap before
{Heap before GC invocations=1 (full 0):
 PSYoungGen      total 13824K, used 12032K [0xa4400000, 0xa5340000, 0xb3580000)
  eden space 12032K, 100% used [0xa4400000,0xa4fc0000,0xa4fc0000)
  from space 1792K, 0% used [0xa5180000,0xa5180000,0xa5340000)
  to   space 1792K, 0% used [0xa4fc0000,0xa4fc0000,0xa5180000)
 ParOldGen       total 30720K, used 0K [0x86180000, 0x87f80000, 0xa4400000)
  object space 30720K, 0% used [0x86180000,0x86180000,0x87f80000)
 PSPermGen       total 16384K, used 10420K [0x82180000, 0x83180000, 0x86180000)
  object space 16384K, 63% used [0x82180000,0x82bad2a8,0x83180000)
Event: 8,084 GC heap after
Heap after GC invocations=1 (full 0):
 PSYoungGen      total 13824K, used 1784K [0xa4400000, 0xa5340000, 0xb3580000)
  eden space 12032K, 0% used [0xa4400000,0xa4400000,0xa4fc0000)
  from space 1792K, 99% used [0xa4fc0000,0xa517e090,0xa5180000)
  to   space 1792K, 0% used [0xa5180000,0xa5180000,0xa5340000)
 ParOldGen       total 30720K, used 2302K [0x86180000, 0x87f80000, 0xa4400000)
  object space 30720K, 7% used [0x86180000,0x863bfb40,0x87f80000)
 PSPermGen       total 16384K, used 10420K [0x82180000, 0x83180000, 0x86180000)
  object space 16384K, 63% used [0x82180000,0x82bad2a8,0x83180000)
}

Deoptimization events (10 events):
Event: 1,614 Thread 0x7ef6b800 Uncommon trap: reason=class_check action=maybe_recompile pc=0xb36cba8c method=java.lang.String.equals(Ljava/lang/Object;)Z @ 8
Event: 1,614 Thread 0x7ef6b800 Uncommon trap: reason=class_check action=maybe_recompile pc=0xb36cba8c method=java.lang.String.equals(Ljava/lang/Object;)Z @ 8
Event: 1,614 Thread 0x7ef6b800 Uncommon trap: reason=class_check action=maybe_recompile pc=0xb36cba8c method=java.lang.String.equals(Ljava/lang/Object;)Z @ 8
Event: 7,710 Thread 0x7ef6b800 Uncommon trap: reason=bimorphic action=maybe_recompile pc=0xb36d66c0 method=java.util.Properties$LineReader.readLine()I @ 62
Event: 7,711 Thread 0x7ef6b800 Uncommon trap: reason=bimorphic action=maybe_recompile pc=0xb36d66c0 method=java.util.Properties$LineReader.readLine()I @ 62
Event: 7,717 Thread 0x7ef6b800 Uncommon trap: reason=bimorphic action=maybe_recompile pc=0xb36d66c0 method=java.util.Properties$LineReader.readLine()I @ 62
Event: 7,717 Thread 0x7ef6b800 Uncommon trap: reason=bimorphic action=maybe_recompile pc=0xb36d66c0 method=java.util.Properties$LineReader.readLine()I @ 62
Event: 7,940 Thread 0x7ef68400 Uncommon trap: reason=unreached action=reinterpret pc=0xb36e02c4 method=java.util.TreeMap.getEntry(Ljava/lang/Object;)Ljava/util/TreeMap$Entry; @ 4
Event: 8,011 Thread 0xb6708000 Uncommon trap: reason=unreached action=reinterpret pc=0xb36df9e0 method=java.lang.AbstractStringBuilder.append(Ljava/lang/String;)Ljava/lang/AbstractStringBuilder; @ 1
Event: 8,011 Thread 0xb6708000 Uncommon trap: reason=unreached action=reinterpret pc=0xb36da81c method=java.lang.AbstractStringBuilder.append(Ljava/lang/String;)Ljava/lang/AbstractStringBuilder; @ 1

Internal exceptions (10 events):
Event: 9,230 Thread 0x79e6f800 Threw 0xa4bbaf90 at /HUDSON/workspace/7u-2-build-linux-i586/jdk7u51/527/hotspot/src/share/vm/prims/jni.cpp:743
Event: 9,230 Thread 0x79e6f800 Threw 0xa4bbb400 at /HUDSON/workspace/7u-2-build-linux-i586/jdk7u51/527/hotspot/src/share/vm/prims/jni.cpp:743
Event: 9,230 Thread 0x79e6f800 Threw 0xa4bbb7c8 at /HUDSON/workspace/7u-2-build-linux-i586/jdk7u51/527/hotspot/src/share/vm/prims/jni.cpp:743
Event: 9,230 Thread 0x79e6f800 Threw 0xa4bbbc10 at /HUDSON/workspace/7u-2-build-linux-i586/jdk7u51/527/hotspot/src/share/vm/prims/jni.cpp:743
Event: 9,230 Thread 0x79e6f800 Threw 0xa4bbc0a0 at /HUDSON/workspace/7u-2-build-linux-i586/jdk7u51/527/hotspot/src/share/vm/prims/jni.cpp:743
Event: 9,263 Thread 0x79e6f800 Threw 0xa4bbc7b0 at /HUDSON/workspace/7u-2-build-linux-i586/jdk7u51/527/hotspot/src/share/vm/prims/jvm.cpp:1244
Event: 9,265 Thread 0x79e6f800 Threw 0xa4bbf830 at /HUDSON/workspace/7u-2-build-linux-i586/jdk7u51/527/hotspot/src/share/vm/prims/jvm.cpp:1244
Event: 9,389 Thread 0x79e6f800 Threw 0xa4c09118 at /HUDSON/workspace/7u-2-build-linux-i586/jdk7u51/527/hotspot/src/share/vm/prims/jvm.cpp:1244
Event: 9,390 Thread 0x79e6f800 Threw 0xa4c0c628 at /HUDSON/workspace/7u-2-build-linux-i586/jdk7u51/527/hotspot/src/share/vm/prims/jvm.cpp:1244
Event: 9,391 Thread 0x79e6f800 Threw 0xa4c0f538 at /HUDSON/workspace/7u-2-build-linux-i586/jdk7u51/527/hotspot/src/share/vm/prims/jvm.cpp:1244

Events (10 events):
Event: 9,263 loading class 0x79e6c610
Event: 9,263 loading class 0x79e6c610 done
Event: 9,265 loading class 0x79e6c660
Event: 9,265 loading class 0x79e6c660 done
Event: 9,389 loading class 0x7cbbbd08
Event: 9,389 loading class 0x7cbbbd08 done
Event: 9,390 loading class 0x7cb98798
Event: 9,390 loading class 0x7cb98798 done
Event: 9,391 loading class 0x7cbbbd38
Event: 9,391 loading class 0x7cbbbd38 done


Dynamic libraries:
08048000-08049000 r-xp 00000000 08:01 3283737    /home/nicolas/jmonkeyplatform/jdk/bin/java
08049000-0804a000 rw-p 00000000 08:01 3283737    /home/nicolas/jmonkeyplatform/jdk/bin/java
097e3000-09882000 rw-p 00000000 00:00 0          [heap]
75486000-79487000 rw-s 00000000 00:12 89652      /run/shm/pulse-shm-2402038822
79487000-79488000 ---p 00000000 00:00 0 
79488000-79c88000 rw-p 00000000 00:00 0          [stack:8830]
79c88000-79dee000 r-xp 00000000 08:01 5394       /usr/lib/i386-linux-gnu/libvorbisenc.so.2.0.8
79dee000-79dff000 r--p 00165000 08:01 5394       /usr/lib/i386-linux-gnu/libvorbisenc.so.2.0.8
79dff000-79e00000 rw-p 00176000 08:01 5394       /usr/lib/i386-linux-gnu/libvorbisenc.so.2.0.8
79e00000-79eb8000 rw-p 00000000 00:00 0 
79eb8000-79f00000 ---p 00000000 00:00 0 
7a000000-7a100000 rw-p 00000000 00:00 0 
7a1c5000-7a400000 rw-p 00000000 00:00 0 
7a400000-7a500000 rw-p 00000000 00:00 0 
7a53a000-7a586000 r-xp 00000000 08:01 1975       /usr/lib/i386-linux-gnu/libFLAC.so.8.2.0
7a586000-7a587000 r--p 0004b000 08:01 1975       /usr/lib/i386-linux-gnu/libFLAC.so.8.2.0
7a587000-7a588000 rw-p 0004c000 08:01 1975       /usr/lib/i386-linux-gnu/libFLAC.so.8.2.0
7a588000-7a5f4000 r-xp 00000000 08:01 4781       /usr/lib/i386-linux-gnu/libsndfile.so.1.0.25
7a5f4000-7a5f6000 r--p 0006b000 08:01 4781       /usr/lib/i386-linux-gnu/libsndfile.so.1.0.25
7a5f6000-7a5f7000 rw-p 0006d000 08:01 4781       /usr/lib/i386-linux-gnu/libsndfile.so.1.0.25
7a5f7000-7b300000 rw-p 00000000 00:00 0 
7b300000-7b3fb000 rw-p 00000000 00:00 0 
7b3fb000-7b400000 ---p 00000000 00:00 0 
7b419000-7b47c000 r-xp 00000000 08:01 2219       /usr/lib/i386-linux-gnu/libpulsecommon-1.1.so
7b47c000-7b47d000 r--p 00062000 08:01 2219       /usr/lib/i386-linux-gnu/libpulsecommon-1.1.so
7b47d000-7b47e000 rw-p 00063000 08:01 2219       /usr/lib/i386-linux-gnu/libpulsecommon-1.1.so
7b47e000-7b556000 r-xp 00000000 08:01 5359       /usr/lib/i386-linux-gnu/libstdc++.so.6.0.16
7b556000-7b557000 ---p 000d8000 08:01 5359       /usr/lib/i386-linux-gnu/libstdc++.so.6.0.16
7b557000-7b55b000 r--p 000d8000 08:01 5359       /usr/lib/i386-linux-gnu/libstdc++.so.6.0.16
7b55b000-7b55c000 rw-p 000dc000 08:01 5359       /usr/lib/i386-linux-gnu/libstdc++.so.6.0.16
7b55c000-7b563000 rw-p 00000000 00:00 0 
7b563000-7b902000 r-xp 00000000 08:01 2193       /usr/lib/i386-linux-gnu/libdricore9.1.7.so.1.0.0
7b902000-7b90b000 r--p 0039f000 08:01 2193       /usr/lib/i386-linux-gnu/libdricore9.1.7.so.1.0.0
7b90b000-7b910000 rw-p 003a8000 08:01 2193       /usr/lib/i386-linux-gnu/libdricore9.1.7.so.1.0.0
7b910000-7b925000 rw-p 00000000 00:00 0 
7b925000-7b9fc000 r-xp 00000000 08:01 2190       /usr/lib/i386-linux-gnu/dri/i965_dri.so
7b9fc000-7b9fe000 r--p 000d7000 08:01 2190       /usr/lib/i386-linux-gnu/dri/i965_dri.so
7b9fe000-7b9ff000 rw-p 000d9000 08:01 2190       /usr/lib/i386-linux-gnu/dri/i965_dri.so
7b9ff000-7ba00000 rw-p 00000000 00:00 0 
7ba00000-7ba5a000 rw-p 00000000 00:00 0 
7ba5a000-7bb00000 ---p 00000000 00:00 0 
7bb0c000-7bb11000 r-xp 00000000 08:01 4879       /usr/lib/i386-linux-gnu/libasyncns.so.0.3.1
7bb11000-7bb12000 r--p 00004000 08:01 4879       /usr/lib/i386-linux-gnu/libasyncns.so.0.3.1
7bb12000-7bb13000 rw-p 00005000 08:01 4879       /usr/lib/i386-linux-gnu/libasyncns.so.0.3.1
7bb13000-7bb5f000 r-xp 00000000 08:01 2218       /usr/lib/i386-linux-gnu/libpulse.so.0.13.5
7bb5f000-7bb60000 r--p 0004b000 08:01 2218       /usr/lib/i386-linux-gnu/libpulse.so.0.13.5
7bb60000-7bb61000 rw-p 0004c000 08:01 2218       /usr/lib/i386-linux-gnu/libpulse.so.0.13.5
7bb62000-7bb73000 r--p 00000000 08:01 144609     /usr/share/locale-langpack/es/LC_MESSAGES/pulseaudio.mo
7bb73000-7bbc1000 r-xp 00000000 08:01 2098287    /home/nicolas/git_repo/arkanoide2/libopenal.so
7bbc1000-7bbc3000 r--p 0004d000 08:01 2098287    /home/nicolas/git_repo/arkanoide2/libopenal.so
7bbc3000-7bbc4000 rw-p 0004f000 08:01 2098287    /home/nicolas/git_repo/arkanoide2/libopenal.so
7bbc4000-7bcc4000 rw-s 00000000 00:04 15237155   /SYSV00000000 (deleted)
7bcc9000-7bcd1000 r-xp 00000000 08:01 166131     /lib/i386-linux-gnu/libwrap.so.0.7.6
7bcd1000-7bcd2000 r--p 00007000 08:01 166131     /lib/i386-linux-gnu/libwrap.so.0.7.6
7bcd2000-7bcd3000 rw-p 00008000 08:01 166131     /lib/i386-linux-gnu/libwrap.so.0.7.6
7bcd3000-7bcf4000 r-xp 00000000 08:01 1814       /usr/lib/i386-linux-gnu/libdrm_intel.so.1.0.0
7bcf4000-7bcf5000 r--p 00020000 08:01 1814       /usr/lib/i386-linux-gnu/libdrm_intel.so.1.0.0
7bcf5000-7bcf6000 rw-p 00021000 08:01 1814       /usr/lib/i386-linux-gnu/libdrm_intel.so.1.0.0
7bcf6000-7bd01000 r-xp 00000000 08:01 1811       /usr/lib/i386-linux-gnu/libdrm.so.2.4.0
7bd01000-7bd02000 r--p 0000a000 08:01 1811       /usr/lib/i386-linux-gnu/libdrm.so.2.4.0
7bd02000-7bd03000 rw-p 0000b000 08:01 1811       /usr/lib/i386-linux-gnu/libdrm.so.2.4.0
7bd03000-7bd19000 r-xp 00000000 08:01 5413       /usr/lib/i386-linux-gnu/libxcb-glx.so.0.0.0
7bd19000-7bd1a000 r--p 00016000 08:01 5413       /usr/lib/i386-linux-gnu/libxcb-glx.so.0.0.0
7bd1a000-7bd1b000 rw-p 00017000 08:01 5413       /usr/lib/i386-linux-gnu/libxcb-glx.so.0.0.0
7bd1b000-7bd2a000 r-xp 00000000 08:01 2209       /usr/lib/i386-linux-gnu/libglapi.so.0.0.0
7bd2a000-7bd2c000 r--p 0000f000 08:01 2209       /usr/lib/i386-linux-gnu/libglapi.so.0.0.0
7bd2c000-7bd31000 rwxp 00011000 08:01 2209       /usr/lib/i386-linux-gnu/libglapi.so.0.0.0
7bd31000-7bd84000 r-xp 00000000 08:01 2206       /usr/lib/i386-linux-gnu/mesa/libGL.so.1.2.0
7bd84000-7bd86000 r--p 00052000 08:01 2206       /usr/lib/i386-linux-gnu/mesa/libGL.so.1.2.0
7bd86000-7bd8a000 rwxp 00054000 08:01 2206       /usr/lib/i386-linux-gnu/mesa/libGL.so.1.2.0
7bd8a000-7bd8b000 rwxp 00000000 00:00 0 
7bd8b000-7bd8e000 ---p 00000000 00:00 0 
7bd8e000-7bda4000 rw-p 00000000 00:00 0          [stack:8824]
7bda4000-7bdfe000 r-xp 00000000 08:01 2098283    /home/nicolas/git_repo/arkanoide2/liblwjgl.so
7bdfe000-7bdff000 r--p 0005a000 08:01 2098283    /home/nicolas/git_repo/arkanoide2/liblwjgl.so
7bdff000-7be00000 rw-p 0005b000 08:01 2098283    /home/nicolas/git_repo/arkanoide2/liblwjgl.so
7be00000-7be72000 rw-p 00000000 00:00 0 
7be72000-7bf00000 ---p 00000000 00:00 0 
7bf01000-7bf0a000 r-xp 00000000 08:01 5268       /usr/lib/i386-linux-gnu/libpciaccess.so.0.11.0
7bf0a000-7bf0b000 r--p 00008000 08:01 5268       /usr/lib/i386-linux-gnu/libpciaccess.so.0.11.0
7bf0b000-7bf0c000 rw-p 00009000 08:01 5268       /usr/lib/i386-linux-gnu/libpciaccess.so.0.11.0
7bf0c000-7bf0f000 r-xp 00000000 08:01 5411       /usr/lib/i386-linux-gnu/libxcb-dri2.so.0.0.0
7bf0f000-7bf10000 r--p 00003000 08:01 5411       /usr/lib/i386-linux-gnu/libxcb-dri2.so.0.0.0
7bf10000-7bf11000 rw-p 00004000 08:01 5411       /usr/lib/i386-linux-gnu/libxcb-dri2.so.0.0.0
7bf11000-7bf12000 r-xp 00000000 08:01 4800       /usr/lib/i386-linux-gnu/libX11-xcb.so.1.0.0
7bf12000-7bf13000 r--p 00000000 08:01 4800       /usr/lib/i386-linux-gnu/libX11-xcb.so.1.0.0
7bf13000-7bf14000 rw-p 00001000 08:01 4800       /usr/lib/i386-linux-gnu/libX11-xcb.so.1.0.0
7bf14000-7bf18000 r-xp 00000000 08:01 4861       /usr/lib/i386-linux-gnu/libXxf86vm.so.1.0.0
7bf18000-7bf19000 r--p 00003000 08:01 4861       /usr/lib/i386-linux-gnu/libXxf86vm.so.1.0.0
7bf19000-7bf1a000 rw-p 00004000 08:01 4861       /usr/lib/i386-linux-gnu/libXxf86vm.so.1.0.0
7bf1a000-7bf7a000 rw-s 00000000 00:04 15204386   /SYSV00000000 (deleted)
7bf7a000-7bfda000 r-xp 00000000 08:01 3284935    /home/nicolas/jmonkeyplatform/jdk/jre/lib/i386/libt2k.so
7bfda000-7bfde000 rw-p 0005f000 08:01 3284935    /home/nicolas/jmonkeyplatform/jdk/jre/lib/i386/libt2k.so
7bfde000-7bfe2000 rw-p 00000000 00:00 0 
7bfe2000-7bfe5000 ---p 00000000 00:00 0 
7bfe5000-7c033000 rw-p 00000000 00:00 0          [stack:8822]
7c033000-7c034000 ---p 00000000 00:00 0 
7c034000-7c834000 rw-p 00000000 00:00 0          [stack:8819]
7c834000-7c84e000 r-xp 00000000 08:01 4965       /usr/lib/i386-linux-gnu/libdbusmenu-glib.so.4.0.13
7c84e000-7c84f000 r--p 00019000 08:01 4965       /usr/lib/i386-linux-gnu/libdbusmenu-glib.so.4.0.13
7c84f000-7c850000 rw-p 0001a000 08:01 4965       /usr/lib/i386-linux-gnu/libdbusmenu-glib.so.4.0.13
7c850000-7c861000 r-xp 00000000 08:01 4967       /usr/lib/i386-linux-gnu/libdbusmenu-gtk.so.4.0.13
7c861000-7c862000 r--p 00010000 08:01 4967       /usr/lib/i386-linux-gnu/libdbusmenu-gtk.so.4.0.13
7c862000-7c863000 rw-p 00011000 08:01 4967       /usr/lib/i386-linux-gnu/libdbusmenu-gtk.so.4.0.13
7c863000-7c871000 r-xp 00000000 08:01 136556     /lib/i386-linux-gnu/libudev.so.0.13.0
7c871000-7c872000 r--p 0000e000 08:01 136556     /lib/i386-linux-gnu/libudev.so.0.13.0
7c872000-7c873000 rw-p 0000f000 08:01 136556     /lib/i386-linux-gnu/libudev.so.0.13.0
7c873000-7c8ba000 r-xp 00000000 08:01 136829     /lib/i386-linux-gnu/libdbus-1.so.3.5.8
7c8ba000-7c8bb000 ---p 00047000 08:01 136829     /lib/i386-linux-gnu/libdbus-1.so.3.5.8
7c8bb000-7c8bc000 r--p 00047000 08:01 136829     /lib/i386-linux-gnu/libdbus-1.so.3.5.8
7c8bc000-7c8bd000 rw-p 00048000 08:01 136829     /lib/i386-linux-gnu/libdbus-1.so.3.5.8
7c8bd000-7c8d2000 r-xp 00000000 08:01 4692       /usr/lib/i386-linux-gnu/gvfs/libgvfscommon.so
7c8d2000-7c8d3000 r--p 00014000 08:01 4692       /usr/lib/i386-linux-gnu/gvfs/libgvfscommon.so
7c8d3000-7c8d4000 rw-p 00015000 08:01 4692       /usr/lib/i386-linux-gnu/gvfs/libgvfscommon.so
7c8d4000-7c8fd000 r-xp 00000000 08:01 4701       /usr/lib/i386-linux-gnu/gio/modules/libgvfsdbus.so
7c8fd000-7c8fe000 r--p 00028000 08:01 4701       /usr/lib/i386-linux-gnu/gio/modules/libgvfsdbus.so
7c8fe000-7c8ff000 rw-p 00029000 08:01 4701       /usr/lib/i386-linux-gnu/gio/modules/libgvfsdbus.so
7c8ff000-7c943000 r-xp 00000000 08:01 5157       /usr/lib/i386-linux-gnu/libibus-1.0.so.0.401.0
7c943000-7c944000 r--p 00043000 08:01 5157       /usr/lib/i386-linux-gnu/libibus-1.0.so.0.401.0
7c944000-7c945000 rw-p 00044000 08:01 5157       /usr/lib/i386-linux-gnu/libibus-1.0.so.0.401.0
7c94b000-7c952000 r-xp 00000000 08:01 1249       /usr/lib/i386-linux-gnu/libjson.so.0.0.1
7c952000-7c953000 r--p 00006000 08:01 1249       /usr/lib/i386-linux-gnu/libjson.so.0.0.1
7c953000-7c954000 rw-p 00007000 08:01 1249       /usr/lib/i386-linux-gnu/libjson.so.0.0.1
7c954000-7c955000 rw-s 1249c000 00:05 10658      /dev/dri/card0
7c955000-7c956000 rw-s 00000000 00:04 89647      /drm mm object (deleted)
7c956000-7c957000 rwxp 00000000 00:00 0 
7c957000-7c9a9000 r--p 00000000 08:01 59461      /usr/share/fonts/truetype/ttf-dejavu/DejaVuSansMono.ttf
7c9a9000-7ca00000 r--p 00000000 08:01 59490      /usr/share/fonts/truetype/ubuntu-font-family/Ubuntu-R.ttf
7ca00000-7cad4000 rw-p 00000000 00:00 0 
7cad4000-7cb00000 ---p 00000000 00:00 0 
7cb00000-7cbfc000 rw-p 00000000 00:00 0 
7cbfc000-7cc00000 ---p 00000000 00:00 0 
7cc00000-7ccfe000 rw-p 00000000 00:00 0 
7ccfe000-7cd00000 ---p 00000000 00:00 0 
7cd00000-7cd01000 r-xp 00000000 08:01 3284892    /home/nicolas/jmonkeyplatform/jdk/jre/lib/i386/libjawt.so
7cd01000-7cd02000 rw-p 00000000 08:01 3284892    /home/nicolas/jmonkeyplatform/jdk/jre/lib/i386/libjawt.so
7cd02000-7cd08000 r--p 00000000 08:01 135515     /usr/share/locale-langpack/es/LC_MESSAGES/gdk-pixbuf.mo
7cd08000-7cd0d000 r-xp 00000000 08:01 5925       /usr/lib/i386-linux-gnu/gtk-2.0/2.10.0/menuproxies/libappmenu.so
7cd0d000-7cd0e000 r--p 00004000 08:01 5925       /usr/lib/i386-linux-gnu/gtk-2.0/2.10.0/menuproxies/libappmenu.so
7cd0e000-7cd0f000 rw-p 00005000 08:01 5925       /usr/lib/i386-linux-gnu/gtk-2.0/2.10.0/menuproxies/libappmenu.so
7cd0f000-7cd15000 r-xp 00000000 08:01 5916       /usr/lib/i386-linux-gnu/gtk-2.0/2.10.0/immodules/im-ibus.so
7cd15000-7cd16000 r--p 00005000 08:01 5916       /usr/lib/i386-linux-gnu/gtk-2.0/2.10.0/immodules/im-ibus.so
7cd16000-7cd17000 rw-p 00006000 08:01 5916       /usr/lib/i386-linux-gnu/gtk-2.0/2.10.0/immodules/im-ibus.so
7cd17000-7cd19000 r-xp 00000000 08:01 6118       /usr/lib/i386-linux-gnu/pango/1.6.0/modules/pango-basic-fc.so
7cd19000-7cd1a000 r--p 00001000 08:01 6118       /usr/lib/i386-linux-gnu/pango/1.6.0/modules/pango-basic-fc.so
7cd1a000-7cd1b000 rw-p 00002000 08:01 6118       /usr/lib/i386-linux-gnu/pango/1.6.0/modules/pango-basic-fc.so
7cd1b000-7cd1c000 r--s 00000000 08:01 7340115    /var/cache/fontconfig/c05880de57d1f5e948fdfacc138775d9-le32d4.cache-3
7cd1c000-7cd22000 r--s 00000000 08:01 7340110    /var/cache/fontconfig/945677eb7aeaf62f1d50efc3fb3ec7d8-le32d4.cache-3
7cd22000-7cd24000 r--s 00000000 08:01 7340111    /var/cache/fontconfig/99e8ed0e538f840c565b6ed5dad60d56-le32d4.cache-3
7cd24000-7cd27000 r--s 00000000 08:01 7340097    /var/cache/fontconfig/2cd17615ca594fa2959ae173292e504c-le32d4.cache-3
7cd27000-7cd28000 r--s 00000000 08:01 7340122    /var/cache/fontconfig/e7071f4a29fa870f4323321c154eba04-le32d4.cache-3
7cd28000-7cd2c000 r--s 00000000 08:01 7340112    /var/cache/fontconfig/a755afe4a08bf5b97852ceb7400b47bc-le32d4.cache-3
7cd2c000-7cd33000 r--s 00000000 08:01 7348183    /var/cache/fontconfig/6d41288fd70b0be22e8c3a91e032eec0-le32d4.cache-3
7cd33000-7cd3e000 r--s 00000000 08:01 7340094    /var/cache/fontconfig/04aabc0a78ac019cf9454389977116d2-le32d4.cache-3
7cd3e000-7cd41000 r--s 00000000 08:01 7340100    /var/cache/fontconfig/385c0604a188198f04d133e54aba7fe7-le32d4.cache-3
7cd41000-7cd45000 r--s 00000000 08:01 7340098    /var/cache/fontconfig/3047814df9a2f067bd2d96a2b9c36e5a-le32d4.cache-3
7cd45000-7cd49000 r--s 00000000 08:01 7340113    /var/cache/fontconfig/b47c4e1ecd0709278f4910c18777a504-le32d4.cache-3
7cd49000-7cd56000 r--s 00000000 08:01 7340118    /var/cache/fontconfig/d52a8644073d54c13679302ca1180695-le32d4.cache-3
7cd56000-7cd6f000 r--s 00000000 08:01 59563      /usr/share/fonts/type1/gsfonts/n021003l.pfb
7cd6f000-7cd85000 r--s 00000000 08:01 59572      /usr/share/fonts/type1/gsfonts/n021024l.pfb
7cd85000-7cd9b000 r--s 00000000 08:01 59581      /usr/share/fonts/type1/gsfonts/n022023l.pfb
7cd9b000-7cdb2000 r--s 00000000 08:01 59569      /usr/share/fonts/type1/gsfonts/n021023l.pfb
7cdb2000-7cdbc000 r--s 00000000 08:01 59605      /usr/share/fonts/type1/mathml/Symbol.pfb
7cdbc000-7cdcd000 r--s 00000000 08:01 59545      /usr/share/fonts/type1/gsfonts/n019023l.pfb
7cdcd000-7cde1000 r--s 00000000 08:01 59539      /usr/share/fonts/type1/gsfonts/n019003l.pfb
7cde1000-7cdf6000 r-xp 00000000 08:01 3284911    /home/nicolas/jmonkeyplatform/jdk/jre/lib/i386/libnet.so
7cdf6000-7cdf7000 rw-p 00014000 08:01 3284911    /home/nicolas/jmonkeyplatform/jdk/jre/lib/i386/libnet.so
7cdf7000-7ce13000 r-xp 00000000 08:01 166043     /lib/i386-linux-gnu/libgcc_s.so.1
7ce13000-7ce14000 r--p 0001b000 08:01 166043     /lib/i386-linux-gnu/libgcc_s.so.1
7ce14000-7ce15000 rw-p 0001c000 08:01 166043     /lib/i386-linux-gnu/libgcc_s.so.1
7ce15000-7ce76000 r-xp 00000000 08:01 3284940    /home/nicolas/jmonkeyplatform/jdk/jre/lib/i386/libfontmanager.so
7ce76000-7ce79000 rw-p 00060000 08:01 3284940    /home/nicolas/jmonkeyplatform/jdk/jre/lib/i386/libfontmanager.so
7ce79000-7ce7d000 rw-p 00000000 00:00 0 
7ce7d000-7ce83000 r-xp 00000000 08:01 5242       /usr/lib/i386-linux-gnu/libogg.so.0.7.1
7ce83000-7ce84000 r--p 00005000 08:01 5242       /usr/lib/i386-linux-gnu/libogg.so.0.7.1
7ce84000-7ce85000 rw-p 00006000 08:01 5242       /usr/lib/i386-linux-gnu/libogg.so.0.7.1
7ce85000-7ceae000 r-xp 00000000 08:01 5392       /usr/lib/i386-linux-gnu/libvorbis.so.0.4.5
7ceae000-7ceaf000 r--p 00028000 08:01 5392       /usr/lib/i386-linux-gnu/libvorbis.so.0.4.5
7ceaf000-7ceb0000 rw-p 00029000 08:01 5392       /usr/lib/i386-linux-gnu/libvorbis.so.0.4.5
7ceb0000-7ceb8000 r-xp 00000000 08:01 5200       /usr/lib/i386-linux-gnu/libltdl.so.7.3.0
7ceb8000-7ceb9000 r--p 00008000 08:01 5200       /usr/lib/i386-linux-gnu/libltdl.so.7.3.0
7ceb9000-7ceba000 rw-p 00009000 08:01 5200       /usr/lib/i386-linux-gnu/libltdl.so.7.3.0
7ceba000-7cecb000 r-xp 00000000 08:01 5367       /usr/lib/i386-linux-gnu/libtdb.so.1.2.9
7cecb000-7cecc000 r--p 00010000 08:01 5367       /usr/lib/i386-linux-gnu/libtdb.so.1.2.9
7cecc000-7cecd000 rw-p 00011000 08:01 5367       /usr/lib/i386-linux-gnu/libtdb.so.1.2.9
7cecd000-7ced5000 r-xp 00000000 08:01 5396       /usr/lib/i386-linux-gnu/libvorbisfile.so.3.3.4
7ced5000-7ced6000 r--p 00007000 08:01 5396       /usr/lib/i386-linux-gnu/libvorbisfile.so.3.3.4
7ced6000-7ced7000 rw-p 00008000 08:01 5396       /usr/lib/i386-linux-gnu/libvorbisfile.so.3.3.4
7ced7000-7cee6000 r-xp 00000000 08:01 4927       /usr/lib/i386-linux-gnu/libcanberra.so.0.2.5
7cee6000-7cee7000 r--p 0000e000 08:01 4927       /usr/lib/i386-linux-gnu/libcanberra.so.0.2.5
7cee7000-7cee8000 rw-p 0000f000 08:01 4927       /usr/lib/i386-linux-gnu/libcanberra.so.0.2.5
7cee8000-7ceec000 r-xp 00000000 08:01 4923       /usr/lib/i386-linux-gnu/libcanberra-gtk.so.0.1.8
7ceec000-7ceed000 r--p 00003000 08:01 4923       /usr/lib/i386-linux-gnu/libcanberra-gtk.so.0.1.8
7ceed000-7ceee000 rw-p 00004000 08:01 4923       /usr/lib/i386-linux-gnu/libcanberra-gtk.so.0.1.8
7ceee000-7cef1000 r--s 00000000 08:01 7340109    /var/cache/fontconfig/8801497958630a81b71ace7c5f9b32a8-le32d4.cache-3
7cef1000-7ceff000 r-xp 00000000 08:01 3284938    /home/nicolas/jmonkeyplatform/jdk/jre/lib/i386/libnio.so
7ceff000-7cf00000 rw-p 0000e000 08:01 3284938    /home/nicolas/jmonkeyplatform/jdk/jre/lib/i386/libnio.so
7cf00000-7cf05000 r-xp 00000000 08:01 5929       /usr/lib/i386-linux-gnu/gtk-2.0/modules/libcanberra-gtk-module.so
7cf05000-7cf06000 r--p 00004000 08:01 5929       /usr/lib/i386-linux-gnu/gtk-2.0/modules/libcanberra-gtk-module.so
7cf06000-7cf07000 rw-p 00005000 08:01 5929       /usr/lib/i386-linux-gnu/gtk-2.0/modules/libcanberra-gtk-module.so
7cf07000-7cf3c000 r-xp 00000000 08:01 5909       /usr/lib/i386-linux-gnu/gtk-2.0/2.10.0/engines/libmurrine.so
7cf3c000-7cf3d000 r--p 00034000 08:01 5909       /usr/lib/i386-linux-gnu/gtk-2.0/2.10.0/engines/libmurrine.so
7cf3d000-7cf3e000 rw-p 00035000 08:01 5909       /usr/lib/i386-linux-gnu/gtk-2.0/2.10.0/engines/libmurrine.so
7cf3e000-7cf3f000 ---p 00000000 00:00 0 
7cf3f000-7d73f000 rw-p 00000000 00:00 0          [stack:8818]
7d73f000-7d769000 r--p 00000000 08:01 135370     /usr/share/locale-langpack/es/LC_MESSAGES/gtk20-properties.mo
7d769000-7d76a000 ---p 00000000 00:00 0 
7d76a000-7df6a000 rw-p 00000000 00:00 0          [stack:8817]
7df6a000-7df6e000 r--p 00000000 08:01 142027     /home/nicolas/.config/dconf/user
7df6e000-7df75000 r-xp 00000000 08:01 5771       /usr/lib/i386-linux-gnu/gio/modules/libdconfsettings.so
7df75000-7df76000 r--p 00006000 08:01 5771       /usr/lib/i386-linux-gnu/gio/modules/libdconfsettings.so
7df76000-7df77000 rw-p 00007000 08:01 5771       /usr/lib/i386-linux-gnu/gio/modules/libdconfsettings.so
7df77000-7df9d000 r--p 00000000 08:01 700        /usr/share/glib-2.0/schemas/gschemas.compiled
7df9d000-7dfb5000 r--p 00000000 08:01 135315     /usr/share/locale-langpack/es/LC_MESSAGES/glib20.mo
7dfb5000-7dfc5000 r-xp 00000000 08:01 3321       /usr/lib/liboverlay-scrollbar-0.2.so.0.0.16
7dfc5000-7dfc6000 r--p 0000f000 08:01 3321       /usr/lib/liboverlay-scrollbar-0.2.so.0.0.16
7dfc6000-7dfc7000 rw-p 00010000 08:01 3321       /usr/lib/liboverlay-scrollbar-0.2.so.0.0.16
7dfc7000-7e001000 r-xp 00000000 08:01 139823     /lib/i386-linux-gnu/libpcre.so.3.12.1
7e001000-7e002000 r--p 00039000 08:01 139823     /lib/i386-linux-gnu/libpcre.so.3.12.1
7e002000-7e003000 rw-p 0003a000 08:01 139823     /lib/i386-linux-gnu/libpcre.so.3.12.1
7e003000-7e008000 r-xp 00000000 08:01 5011       /usr/lib/i386-linux-gnu/libffi.so.6.0.0
7e008000-7e009000 r--p 00004000 08:01 5011       /usr/lib/i386-linux-gnu/libffi.so.6.0.0
7e009000-7e00a000 rw-p 00005000 08:01 5011       /usr/lib/i386-linux-gnu/libffi.so.6.0.0
7e00a000-7e030000 r-xp 00000000 08:01 136682     /lib/i386-linux-gnu/libexpat.so.1.5.2
7e030000-7e031000 ---p 00026000 08:01 136682     /lib/i386-linux-gnu/libexpat.so.1.5.2
7e031000-7e033000 r--p 00026000 08:01 136682     /lib/i386-linux-gnu/libexpat.so.1.5.2
7e033000-7e034000 rw-p 00028000 08:01 136682     /lib/i386-linux-gnu/libexpat.so.1.5.2
7e034000-7e047000 r-xp 00000000 08:01 140531     /lib/i386-linux-gnu/libresolv-2.15.so
7e047000-7e048000 ---p 00013000 08:01 140531     /lib/i386-linux-gnu/libresolv-2.15.so
7e048000-7e049000 r--p 00013000 08:01 140531     /lib/i386-linux-gnu/libresolv-2.15.so
7e049000-7e04a000 rw-p 00014000 08:01 140531     /lib/i386-linux-gnu/libresolv-2.15.so
7e04a000-7e04c000 rw-p 00000000 00:00 0 
7e04c000-7e069000 r-xp 00000000 08:01 166110     /lib/i386-linux-gnu/libselinux.so.1
7e069000-7e06a000 r--p 0001c000 08:01 166110     /lib/i386-linux-gnu/libselinux.so.1
7e06a000-7e06b000 rw-p 0001d000 08:01 166110     /lib/i386-linux-gnu/libselinux.so.1
7e06b000-7e06e000 r-xp 00000000 08:01 2141       /usr/lib/i386-linux-gnu/libgmodule-2.0.so.0.3200.4
7e06e000-7e06f000 r--p 00002000 08:01 2141       /usr/lib/i386-linux-gnu/libgmodule-2.0.so.0.3200.4
7e06f000-7e070000 rw-p 00003000 08:01 2141       /usr/lib/i386-linux-gnu/libgmodule-2.0.so.0.3200.4
7e070000-7e084000 r-xp 00000000 08:01 166133     /lib/i386-linux-gnu/libz.so.1.2.3.4
7e084000-7e085000 r--p 00013000 08:01 166133     /lib/i386-linux-gnu/libz.so.1.2.3.4
7e085000-7e086000 rw-p 00014000 08:01 166133     /lib/i386-linux-gnu/libz.so.1.2.3.4
7e086000-7e08e000 r-xp 00000000 08:01 5415       /usr/lib/i386-linux-gnu/libxcb-render.so.0.0.0
7e08e000-7e08f000 r--p 00008000 08:01 5415       /usr/lib/i386-linux-gnu/libxcb-render.so.0.0.0
7e08f000-7e090000 rw-p 00009000 08:01 5415       /usr/lib/i386-linux-gnu/libxcb-render.so.0.0.0
7e090000-7e092000 r-xp 00000000 08:01 5419       /usr/lib/i386-linux-gnu/libxcb-shm.so.0.0.0
7e092000-7e093000 r--p 00001000 08:01 5419       /usr/lib/i386-linux-gnu/libxcb-shm.so.0.0.0
7e093000-7e094000 rw-p 00002000 08:01 5419       /usr/lib/i386-linux-gnu/libxcb-shm.so.0.0.0
7e094000-7e0bc000 r-xp 00000000 08:01 139109     /lib/i386-linux-gnu/libpng12.so.0.46.0
7e0bc000-7e0bd000 r--p 00027000 08:01 139109     /lib/i386-linux-gnu/libpng12.so.0.46.0
7e0bd000-7e0be000 rw-p 00028000 08:01 139109     /lib/i386-linux-gnu/libpng12.so.0.46.0
7e0be000-7e153000 r-xp 00000000 08:01 9598       /usr/lib/i386-linux-gnu/libpixman-1.so.0.30.2
7e153000-7e158000 r--p 00095000 08:01 9598       /usr/lib/i386-linux-gnu/libpixman-1.so.0.30.2
7e158000-7e159000 rw-p 0009a000 08:01 9598       /usr/lib/i386-linux-gnu/libpixman-1.so.0.30.2
7e159000-7e1ef000 r-xp 00000000 08:01 17124      /usr/lib/i386-linux-gnu/libfreetype.so.6.8.0
7e1ef000-7e1f3000 r--p 00095000 08:01 17124      /usr/lib/i386-linux-gnu/libfreetype.so.6.8.0
7e1f3000-7e1f4000 rw-p 00099000 08:01 17124      /usr/lib/i386-linux-gnu/libfreetype.so.6.8.0
7e1f4000-7e1f6000 r-xp 00000000 08:01 4827       /usr/lib/i386-linux-gnu/libXdamage.so.1.1.0
7e1f6000-7e1f7000 r--p 00001000 08:01 4827       /usr/lib/i386-linux-gnu/libXdamage.so.1.1.0
7e1f7000-7e1f8000 rw-p 00002000 08:01 4827       /usr/lib/i386-linux-gnu/libXdamage.so.1.1.0
7e1f8000-7e2ef000 r-xp 00000000 08:01 166004     /lib/i386-linux-gnu/libglib-2.0.so.0.3200.4
7e2ef000-7e2f0000 r--p 000f6000 08:01 166004     /lib/i386-linux-gnu/libglib-2.0.so.0.3200.4
7e2f0000-7e2f1000 rw-p 000f7000 08:01 166004     /lib/i386-linux-gnu/libglib-2.0.so.0.3200.4
7e2f1000-7e33e000 r-xp 00000000 08:01 633        /usr/lib/i386-linux-gnu/libgobject-2.0.so.0.3200.4
7e33e000-7e33f000 r--p 0004c000 08:01 633        /usr/lib/i386-linux-gnu/libgobject-2.0.so.0.3200.4
7e33f000-7e340000 rw-p 0004d000 08:01 633        /usr/lib/i386-linux-gnu/libgobject-2.0.so.0.3200.4
7e340000-7e372000 r-xp 00000000 08:01 5013       /usr/lib/i386-linux-gnu/libfontconfig.so.1.4.4
7e372000-7e373000 r--p 00032000 08:01 5013       /usr/lib/i386-linux-gnu/libfontconfig.so.1.4.4
7e373000-7e374000 rw-p 00033000 08:01 5013       /usr/lib/i386-linux-gnu/libfontconfig.so.1.4.4
7e374000-7e3bb000 r-xp 00000000 08:01 5254       /usr/lib/i386-linux-gnu/libpango-1.0.so.0.3000.0
7e3bb000-7e3bc000 ---p 00047000 08:01 5254       /usr/lib/i386-linux-gnu/libpango-1.0.so.0.3000.0
7e3bc000-7e3bd000 r--p 00047000 08:01 5254       /usr/lib/i386-linux-gnu/libpango-1.0.so.0.3000.0
7e3bd000-7e3be000 rw-p 00048000 08:01 5254       /usr/lib/i386-linux-gnu/libpango-1.0.so.0.3000.0
7e3be000-7e3e8000 r-xp 00000000 08:01 5258       /usr/lib/i386-linux-gnu/libpangoft2-1.0.so.0.3000.0
7e3e8000-7e3e9000 r--p 00029000 08:01 5258       /usr/lib/i386-linux-gnu/libpangoft2-1.0.so.0.3000.0
7e3e9000-7e3ea000 rw-p 0002a000 08:01 5258       /usr/lib/i386-linux-gnu/libpangoft2-1.0.so.0.3000.0
7e3ea000-7e53d000 r-xp 00000000 08:01 650        /usr/lib/i386-linux-gnu/libgio-2.0.so.0.3200.4
7e53d000-7e53f000 r--p 00153000 08:01 650        /usr/lib/i386-linux-gnu/libgio-2.0.so.0.3200.4
7e53f000-7e540000 rw-p 00155000 08:01 650        /usr/lib/i386-linux-gnu/libgio-2.0.so.0.3200.4
7e540000-7e541000 rw-p 00000000 00:00 0 
7e541000-7e561000 r-xp 00000000 08:01 12492      /usr/lib/i386-linux-gnu/libgdk_pixbuf-2.0.so.0.2600.1
7e561000-7e562000 r--p 0001f000 08:01 12492      /usr/lib/i386-linux-gnu/libgdk_pixbuf-2.0.so.0.2600.1
7e562000-7e563000 rw-p 00020000 08:01 12492      /usr/lib/i386-linux-gnu/libgdk_pixbuf-2.0.so.0.2600.1
7e563000-7e62a000 r-xp 00000000 08:01 4919       /usr/lib/i386-linux-gnu/libcairo.so.2.11000.2
7e62a000-7e62b000 r--p 000c7000 08:01 4919       /usr/lib/i386-linux-gnu/libcairo.so.2.11000.2
7e62b000-7e62c000 rw-p 000c8000 08:01 4919       /usr/lib/i386-linux-gnu/libcairo.so.2.11000.2
7e62c000-7e62e000 rw-p 00000000 00:00 0 
7e62e000-7e64b000 r-xp 00000000 08:01 4881       /usr/lib/i386-linux-gnu/libatk-1.0.so.0.20409.1
7e64b000-7e64d000 r--p 0001c000 08:01 4881       /usr/lib/i386-linux-gnu/libatk-1.0.so.0.20409.1
7e64d000-7e64e000 rw-p 0001e000 08:01 4881       /usr/lib/i386-linux-gnu/libatk-1.0.so.0.20409.1
7e64e000-7e659000 r-xp 00000000 08:01 5256       /usr/lib/i386-linux-gnu/libpangocairo-1.0.so.0.3000.0
7e659000-7e65a000 r--p 0000a000 08:01 5256       /usr/lib/i386-linux-gnu/libpangocairo-1.0.so.0.3000.0
7e65a000-7e65b000 rw-p 0000b000 08:01 5256       /usr/lib/i386-linux-gnu/libpangocairo-1.0.so.0.3000.0
7e65b000-7e706000 r-xp 00000000 08:01 5930       /usr/lib/i386-linux-gnu/libgdk-x11-2.0.so.0.2400.10
7e706000-7e708000 r--p 000ab000 08:01 5930       /usr/lib/i386-linux-gnu/libgdk-x11-2.0.so.0.2400.10
7e708000-7e709000 rw-p 000ad000 08:01 5930       /usr/lib/i386-linux-gnu/libgdk-x11-2.0.so.0.2400.10
7e709000-7eb6a000 r-xp 00000000 08:01 14244      /usr/lib/i386-linux-gnu/libgtk-x11-2.0.so.0.2400.10
7eb6a000-7eb6e000 r--p 00461000 08:01 14244      /usr/lib/i386-linux-gnu/libgtk-x11-2.0.so.0.2400.10
7eb6e000-7eb70000 rw-p 00465000 08:01 14244      /usr/lib/i386-linux-gnu/libgtk-x11-2.0.so.0.2400.10
7eb70000-7eb72000 rw-p 00000000 00:00 0 
7eb72000-7eb79000 r-xp 00000000 08:01 4852       /usr/lib/i386-linux-gnu/libXrandr.so.2.2.0
7eb79000-7eb7a000 r--p 00006000 08:01 4852       /usr/lib/i386-linux-gnu/libXrandr.so.2.2.0
7eb7a000-7eb7b000 rw-p 00007000 08:01 4852       /usr/lib/i386-linux-gnu/libXrandr.so.2.2.0
7eb7b000-7eb7c000 r--s 00000000 08:01 7340095    /var/cache/fontconfig/0d8c3b2ac0904cb8a57a757ad11a4a08-le32d4.cache-3
7eb7c000-7eb7d000 r--s 00000000 08:01 7348185    /var/cache/fontconfig/4794a0821666d79190d59a36cb4f44b5-le32d4.cache-3
7eb7d000-7eb7e000 r--s 00000000 08:01 7340103    /var/cache/fontconfig/56cf4f4769d0f4abc89a4895d7bd3ae1-le32d4.cache-3
7eb7e000-7eb8d000 r--p 00000000 08:01 135373     /usr/share/locale-langpack/es/LC_MESSAGES/gtk20.mo
7eb8d000-7eb90000 ---p 00000000 00:00 0 
7eb90000-7ebde000 rw-p 00000000 00:00 0          [stack:8816]
7ebde000-7ebe1000 ---p 00000000 00:00 0 
7ebe1000-7ec2f000 rw-p 00000000 00:00 0          [stack:8828]
7ec2f000-7ec32000 ---p 00000000 00:00 0 
7ec32000-7ec80000 rw-p 00000000 00:00 0 
7ec80000-7ec83000 ---p 00000000 00:00 0 
7ec83000-7ecd1000 rw-p 00000000 00:00 0          [stack:8813]
7ecd1000-7ecd5000 r-xp 00000000 08:01 5040       /usr/lib/i386-linux-gnu/libXfixes.so.3.1.0
7ecd5000-7ecd6000 r--p 00004000 08:01 5040       /usr/lib/i386-linux-gnu/libXfixes.so.3.1.0
7ecd6000-7ecd7000 rw-p 00005000 08:01 5040       /usr/lib/i386-linux-gnu/libXfixes.so.3.1.0
7ecd7000-7ecd9000 r-xp 00000000 08:01 4823       /usr/lib/i386-linux-gnu/libXcomposite.so.1.0.0
7ecd9000-7ecda000 r--p 00001000 08:01 4823       /usr/lib/i386-linux-gnu/libXcomposite.so.1.0.0
7ecda000-7ecdb000 rw-p 00002000 08:01 4823       /usr/lib/i386-linux-gnu/libXcomposite.so.1.0.0
7ecdb000-7ecdd000 r-xp 00000000 08:01 4839       /usr/lib/i386-linux-gnu/libXinerama.so.1.0.0
7ecdd000-7ecde000 r--p 00001000 08:01 4839       /usr/lib/i386-linux-gnu/libXinerama.so.1.0.0
7ecde000-7ecdf000 rw-p 00002000 08:01 4839       /usr/lib/i386-linux-gnu/libXinerama.so.1.0.0
7ecdf000-7ece9000 r--s 00250000 08:01 3284993    /home/nicolas/jmonkeyplatform/jdk/jre/lib/resources.jar
7ece9000-7ecec000 ---p 00000000 00:00 0 
7ecec000-7ed3a000 rw-p 00000000 00:00 0          [stack:8812]
7ed3a000-7ed5f000 r--p 00000000 08:01 144630     /usr/share/locale-langpack/es/LC_MESSAGES/libc.mo
7ed5f000-7ed7e000 r-xp 00000000 08:01 5423       /usr/lib/i386-linux-gnu/libxcb.so.1.1.0
7ed7e000-7ed7f000 r--p 0001f000 08:01 5423       /usr/lib/i386-linux-gnu/libxcb.so.1.1.0
7ed7f000-7ed80000 rw-p 00020000 08:01 5423       /usr/lib/i386-linux-gnu/libxcb.so.1.1.0
7ed80000-7eeb0000 r-xp 00000000 08:01 9658       /usr/lib/i386-linux-gnu/libX11.so.6.3.0
7eeb0000-7eeb1000 r--p 0012f000 08:01 9658       /usr/lib/i386-linux-gnu/libX11.so.6.3.0
7eeb1000-7eeb3000 rw-p 00130000 08:01 9658       /usr/lib/i386-linux-gnu/libX11.so.6.3.0
7eeb3000-7eeb4000 rw-p 00000000 00:00 0 
7eeb4000-7eefd000 r-xp 00000000 08:01 3284933    /home/nicolas/jmonkeyplatform/jdk/jre/lib/i386/xawt/libmawt.so
7eefd000-7eeff000 rw-p 00049000 08:01 3284933    /home/nicolas/jmonkeyplatform/jdk/jre/lib/i386/xawt/libmawt.so
7eeff000-7ef00000 rw-p 00000000 00:00 0 
7ef00000-7ef9f000 rw-p 00000000 00:00 0 
7ef9f000-7f000000 ---p 00000000 00:00 0 
7f000000-7f002000 r--s 00000000 08:01 7341156    /var/cache/fontconfig/e13b20fdb08344e0e664864cc2ede53d-le32d4.cache-3
7f002000-7f007000 r-xp 00000000 08:01 4829       /usr/lib/i386-linux-gnu/libXdmcp.so.6.0.0
7f007000-7f008000 r--p 00004000 08:01 4829       /usr/lib/i386-linux-gnu/libXdmcp.so.6.0.0
7f008000-7f009000 rw-p 00005000 08:01 4829       /usr/lib/i386-linux-gnu/libXdmcp.so.6.0.0
7f009000-7f00b000 r-xp 00000000 08:01 4818       /usr/lib/i386-linux-gnu/libXau.so.6.0.0
7f00b000-7f00c000 r--p 00001000 08:01 4818       /usr/lib/i386-linux-gnu/libXau.so.6.0.0
7f00c000-7f00d000 rw-p 00002000 08:01 4818       /usr/lib/i386-linux-gnu/libXau.so.6.0.0
7f00d000-7f01c000 r-xp 00000000 08:01 1928       /usr/lib/i386-linux-gnu/libXi.so.6.1.0
7f01c000-7f01d000 r--p 0000e000 08:01 1928       /usr/lib/i386-linux-gnu/libXi.so.6.1.0
7f01d000-7f01e000 rw-p 0000f000 08:01 1928       /usr/lib/i386-linux-gnu/libXi.so.6.1.0
7f01e000-7f023000 r-xp 00000000 08:01 4857       /usr/lib/i386-linux-gnu/libXtst.so.6.1.0
7f023000-7f024000 r--p 00004000 08:01 4857       /usr/lib/i386-linux-gnu/libXtst.so.6.1.0
7f024000-7f025000 rw-p 00005000 08:01 4857       /usr/lib/i386-linux-gnu/libXtst.so.6.1.0
7f025000-7f035000 r-xp 00000000 08:01 8494       /usr/lib/i386-linux-gnu/libXext.so.6.4.0
7f035000-7f036000 r--p 0000f000 08:01 8494       /usr/lib/i386-linux-gnu/libXext.so.6.4.0
7f036000-7f037000 rw-p 00010000 08:01 8494       /usr/lib/i386-linux-gnu/libXext.so.6.4.0
7f037000-7f040000 r-xp 00000000 08:01 4825       /usr/lib/i386-linux-gnu/libXcursor.so.1.0.2
7f040000-7f041000 r--p 00008000 08:01 4825       /usr/lib/i386-linux-gnu/libXcursor.so.1.0.2
7f041000-7f042000 rw-p 00009000 08:01 4825       /usr/lib/i386-linux-gnu/libXcursor.so.1.0.2
7f042000-7f049000 r--s 00000000 08:01 672        /usr/lib/i386-linux-gnu/gconv/gconv-modules.cache
7f049000-7f0cf000 r-xp 00000000 08:01 3284902    /home/nicolas/jmonkeyplatform/jdk/jre/lib/i386/libawt.so
7f0cf000-7f0d6000 rw-p 00086000 08:01 3284902    /home/nicolas/jmonkeyplatform/jdk/jre/lib/i386/libawt.so
7f0d6000-7f0fa000 rw-p 00000000 00:00 0 
7f0fa000-7f0fb000 ---p 00000000 00:00 0 
7f0fb000-7f17b000 rw-p 00000000 00:00 0          [stack:8811]
7f17b000-7f17e000 ---p 00000000 00:00 0 
7f17e000-7f1cc000 rw-p 00000000 00:00 0          [stack:8810]
7f1cc000-7f1cf000 ---p 00000000 00:00 0 
7f1cf000-7f24d000 rw-p 00000000 00:00 0          [stack:8809]
7f24d000-7f250000 ---p 00000000 00:00 0 
7f250000-7f2ce000 rw-p 00000000 00:00 0          [stack:8808]
7f2ce000-7f400000 r--p 005e3000 08:01 7445       /usr/lib/locale/locale-archive
7f400000-7f600000 r--p 00000000 08:01 7445       /usr/lib/locale/locale-archive
7f600000-7f700000 rw-p 00000000 00:00 0 
7f700000-7f7ff000 rw-p 00000000 00:00 0 
7f7ff000-7f800000 ---p 00000000 00:00 0 
7f800000-7f803000 r--s 00000000 08:01 7341153    /var/cache/fontconfig/7ef2298fde41cc6eeb7af42e48b7d293-le32d4.cache-3
7f803000-7f80b000 r-xp 00000000 08:01 1932       /usr/lib/i386-linux-gnu/libXrender.so.1.3.0
7f80b000-7f80c000 r--p 00007000 08:01 1932       /usr/lib/i386-linux-gnu/libXrender.so.1.3.0
7f80c000-7f80d000 rw-p 00008000 08:01 1932       /usr/lib/i386-linux-gnu/libXrender.so.1.3.0
7f80d000-7f810000 ---p 00000000 00:00 0 
7f810000-7f85e000 rw-p 00000000 00:00 0          [stack:8807]
7f85e000-7f861000 ---p 00000000 00:00 0 
7f861000-7f8af000 rw-p 00000000 00:00 0          [stack:8806]
7f8af000-7f8b2000 ---p 00000000 00:00 0 
7f8b2000-7f900000 rw-p 00000000 00:00 0          [stack:8805]
7f900000-7fa00000 rw-p 00000000 00:00 0 
7fa00000-7fa01000 r-xp 00000000 08:01 2137       /usr/lib/i386-linux-gnu/libgthread-2.0.so.0.3200.4
7fa01000-7fa02000 r--p 00000000 08:01 2137       /usr/lib/i386-linux-gnu/libgthread-2.0.so.0.3200.4
7fa02000-7fa03000 rw-p 00001000 08:01 2137       /usr/lib/i386-linux-gnu/libgthread-2.0.so.0.3200.4
7fa03000-7fa0e000 r--s 0037c000 08:01 3285647    /home/nicolas/jmonkeyplatform/jdk/jre/lib/charsets.jar
7fa0e000-7fa0f000 ---p 00000000 00:00 0 
7fa0f000-7fa8f000 rw-p 00000000 00:00 0          [stack:8804]
7fa8f000-7fc4c000 r--s 039bf000 08:01 3284867    /home/nicolas/jmonkeyplatform/jdk/jre/lib/rt.jar
7fc4c000-81800000 rw-p 00000000 00:00 0 
81800000-818ff000 rw-p 00000000 00:00 0 
818ff000-81900000 ---p 00000000 00:00 0 
81900000-81901000 r--s 00000000 08:01 7340114    /var/cache/fontconfig/b9d506c9ac06c20b433354fa67a72993-le32d4.cache-3
81901000-81902000 r--s 00000000 08:01 143526     /home/nicolas/.cache/dconf/user
81902000-81906000 r--s 000f7000 08:01 3284977    /home/nicolas/jmonkeyplatform/jdk/jre/lib/ext/localedata.jar
81906000-8190d000 r--s 0286f000 08:01 3283320    /home/nicolas/jmonkeyplatform/jmonkeyplatform/libs/jME3-testdata.jar
8190d000-81910000 r--s 0001a000 08:01 3283361    /home/nicolas/jmonkeyplatform/jmonkeyplatform/libs/xmlpull-xpp3.jar
81910000-81912000 r--s 00012000 08:01 3283497    /home/nicolas/jmonkeyplatform/jmonkeyplatform/libs/eventbus.jar
81912000-81914000 r--s 00010000 08:01 3283113    /home/nicolas/jmonkeyplatform/jmonkeyplatform/libs/nifty-style-black.jar
81914000-8191c000 r--s 00039000 08:01 3282745    /home/nicolas/jmonkeyplatform/jmonkeyplatform/libs/nifty-default-controls.jar
8191c000-81928000 r--s 00076000 08:01 3283572    /home/nicolas/jmonkeyplatform/jmonkeyplatform/libs/nifty.jar
81928000-8192a000 r--s 0003c000 08:01 3283527    /home/nicolas/jmonkeyplatform/jmonkeyplatform/libs/vecmath.jar
8192a000-81934000 r--s 00079000 08:01 3283524    /home/nicolas/jmonkeyplatform/jmonkeyplatform/libs/jbullet.jar
81934000-8197f000 rw-p 00000000 00:00 0 
8197f000-81980000 ---p 00000000 00:00 0 
81980000-81a00000 rw-p 00000000 00:00 0          [stack:8803]
81a00000-81a21000 rw-p 00000000 00:00 0 
81a21000-81b00000 ---p 00000000 00:00 0 
81b00000-81b21000 rw-p 00000000 00:00 0 
81b21000-81c00000 ---p 00000000 00:00 0 
81c00000-81c01000 r--s 00008000 08:01 3283318    /home/nicolas/jmonkeyplatform/jmonkeyplatform/libs/jME3-niftygui.jar
81c01000-81c05000 r--s 00025000 08:01 3283355    /home/nicolas/jmonkeyplatform/jmonkeyplatform/libs/jME3-jbullet.jar
81c05000-81c13000 r--s 000e2000 08:01 3283569    /home/nicolas/jmonkeyplatform/jmonkeyplatform/libs/lwjgl.jar
81c13000-81c17000 r--s 00030000 08:01 3283550    /home/nicolas/jmonkeyplatform/jmonkeyplatform/libs/jinput.jar
81c17000-81c19000 r--s 00243000 08:01 3283055    /home/nicolas/jmonkeyplatform/jmonkeyplatform/libs/jME3-lwjgl-natives.jar
81c19000-81c1b000 r--s 00017000 08:01 3283446    /home/nicolas/jmonkeyplatform/jmonkeyplatform/libs/jME3-lwjgl.jar
81c1b000-81c1f000 r--s 00023000 08:01 3283362    /home/nicolas/jmonkeyplatform/jmonkeyplatform/libs/jME3-terrain.jar
81c1f000-81c21000 r--s 00005000 08:01 3283442    /home/nicolas/jmonkeyplatform/jmonkeyplatform/libs/j-ogg-oggd.jar
81c21000-81c24000 r--s 0001c000 08:01 3283216    /home/nicolas/jmonkeyplatform/jmonkeyplatform/libs/jME3-networking.jar
81c24000-81c7f000 rw-p 00000000 00:00 0 
81c7f000-81c80000 ---p 00000000 00:00 0 
81c80000-81d00000 rw-p 00000000 00:00 0          [stack:8802]
81d00000-81df4000 rw-p 00000000 00:00 0 
81df4000-81e00000 ---p 00000000 00:00 0 
81e00000-81e01000 r--s 0000b000 08:01 3283406    /home/nicolas/jmonkeyplatform/jmonkeyplatform/libs/stack-alloc.jar
81e01000-81e02000 ---p 00000000 00:00 0 
81e02000-81e82000 rw-p 00000000 00:00 0          [stack:8801]
81e82000-81e83000 ---p 00000000 00:00 0 
81e83000-81f12000 rw-p 00000000 00:00 0          [stack:8800]
81f12000-81ff5000 rw-p 00000000 00:00 0 
81ff5000-81ffd000 rw-p 00000000 00:00 0 
81ffd000-82015000 rw-p 00000000 00:00 0 
82015000-82024000 rw-p 00000000 00:00 0 
82024000-82106000 rw-p 00000000 00:00 0 
82106000-8210e000 rw-p 00000000 00:00 0 
8210e000-8217f000 rw-p 00000000 00:00 0 
8217f000-83180000 rw-p 00000000 00:00 0 
83180000-86180000 rw-p 00000000 00:00 0 
86180000-87f80000 rw-p 00000000 00:00 0 
87f80000-a4400000 rw-p 00000000 00:00 0 
a4400000-a5340000 rw-p 00000000 00:00 0 
a5340000-b3580000 rw-p 00000000 00:00 0 
b3580000-b3581000 r--s 00009000 08:01 3283319    /home/nicolas/jmonkeyplatform/jmonkeyplatform/libs/j-ogg-vorbisd.jar
b3581000-b3584000 r--s 0007f000 08:01 3283358    /home/nicolas/jmonkeyplatform/jmonkeyplatform/libs/jME3-effects.jar
b3584000-b359f000 rw-p 00000000 00:00 0 
b359f000-b35b7000 rw-p 00000000 00:00 0 
b35b7000-b35c0000 rw-p 00000000 00:00 0 
b35c0000-b3677000 rw-p 00000000 00:00 0 
b3677000-b38b7000 rwxp 00000000 00:00 0 
b38b7000-b6677000 rw-p 00000000 00:00 0 
b6677000-b668e000 r-xp 00000000 08:01 3284884    /home/nicolas/jmonkeyplatform/jdk/jre/lib/i386/libzip.so
b668e000-b668f000 rw-p 00017000 08:01 3284884    /home/nicolas/jmonkeyplatform/jdk/jre/lib/i386/libzip.so
b668f000-b6699000 r-xp 00000000 08:01 146403     /lib/i386-linux-gnu/libnss_files-2.15.so
b6699000-b669a000 r--p 00009000 08:01 146403     /lib/i386-linux-gnu/libnss_files-2.15.so
b669a000-b669b000 rw-p 0000a000 08:01 146403     /lib/i386-linux-gnu/libnss_files-2.15.so
b669b000-b66a5000 r-xp 00000000 08:01 140326     /lib/i386-linux-gnu/libnss_nis-2.15.so
b66a5000-b66a6000 r--p 00009000 08:01 140326     /lib/i386-linux-gnu/libnss_nis-2.15.so
b66a6000-b66a7000 rw-p 0000a000 08:01 140326     /lib/i386-linux-gnu/libnss_nis-2.15.so
b66a7000-b66bd000 r-xp 00000000 08:01 140589     /lib/i386-linux-gnu/libnsl-2.15.so
b66bd000-b66be000 r--p 00015000 08:01 140589     /lib/i386-linux-gnu/libnsl-2.15.so
b66be000-b66bf000 rw-p 00016000 08:01 140589     /lib/i386-linux-gnu/libnsl-2.15.so
b66bf000-b66c1000 rw-p 00000000 00:00 0 
b66c1000-b66c8000 r-xp 00000000 08:01 146395     /lib/i386-linux-gnu/libnss_compat-2.15.so
b66c8000-b66c9000 r--p 00006000 08:01 146395     /lib/i386-linux-gnu/libnss_compat-2.15.so
b66c9000-b66ca000 rw-p 00007000 08:01 146395     /lib/i386-linux-gnu/libnss_compat-2.15.so
b66ca000-b66cb000 r--s 00002000 08:01 3283474    /home/nicolas/jmonkeyplatform/jmonkeyplatform/libs/jME3-jogg.jar
b66cb000-b66dc000 r--s 0011b000 08:01 3283470    /home/nicolas/jmonkeyplatform/jmonkeyplatform/libs/jME3-core.jar
b66dc000-b66ff000 r-xp 00000000 08:01 3284886    /home/nicolas/jmonkeyplatform/jdk/jre/lib/i386/libjava.so
b66ff000-b6700000 rw-p 00022000 08:01 3284886    /home/nicolas/jmonkeyplatform/jdk/jre/lib/i386/libjava.so
b6700000-b67f6000 rw-p 00000000 00:00 0 
b67f6000-b6800000 ---p 00000000 00:00 0 
b6800000-b6808000 rw-s 00000000 08:01 3670930    /tmp/hsperfdata_nicolas/8794
b6808000-b680f000 r-xp 00000000 08:01 140513     /lib/i386-linux-gnu/librt-2.15.so
b680f000-b6810000 r--p 00006000 08:01 140513     /lib/i386-linux-gnu/librt-2.15.so
b6810000-b6811000 rw-p 00007000 08:01 140513     /lib/i386-linux-gnu/librt-2.15.so
b6811000-b6814000 ---p 00000000 00:00 0 
b6814000-b6862000 rw-p 00000000 00:00 0          [stack:8799]
b6862000-b688c000 r-xp 00000000 08:01 146404     /lib/i386-linux-gnu/libm-2.15.so
b688c000-b688d000 r--p 00029000 08:01 146404     /lib/i386-linux-gnu/libm-2.15.so
b688d000-b688e000 rw-p 0002a000 08:01 146404     /lib/i386-linux-gnu/libm-2.15.so
b688e000-b7105000 r-xp 00000000 08:01 3284882    /home/nicolas/jmonkeyplatform/jdk/jre/lib/i386/server/libjvm.so
b7105000-b7169000 rw-p 00877000 08:01 3284882    /home/nicolas/jmonkeyplatform/jdk/jre/lib/i386/server/libjvm.so
b7169000-b758d000 rw-p 00000000 00:00 0 
b758d000-b7730000 r-xp 00000000 08:01 140579     /lib/i386-linux-gnu/libc-2.15.so
b7730000-b7732000 r--p 001a3000 08:01 140579     /lib/i386-linux-gnu/libc-2.15.so
b7732000-b7733000 rw-p 001a5000 08:01 140579     /lib/i386-linux-gnu/libc-2.15.so
b7733000-b7736000 rw-p 00000000 00:00 0 
b7736000-b7739000 r-xp 00000000 08:01 140325     /lib/i386-linux-gnu/libdl-2.15.so
b7739000-b773a000 r--p 00002000 08:01 140325     /lib/i386-linux-gnu/libdl-2.15.so
b773a000-b773b000 rw-p 00003000 08:01 140325     /lib/i386-linux-gnu/libdl-2.15.so
b773b000-b774e000 r-xp 00000000 08:01 3283781    /home/nicolas/jmonkeyplatform/jdk/lib/i386/jli/libjli.so
b774e000-b774f000 rw-p 00012000 08:01 3283781    /home/nicolas/jmonkeyplatform/jdk/lib/i386/jli/libjli.so
b774f000-b7750000 rw-p 00000000 00:00 0 
b7750000-b7767000 r-xp 00000000 08:01 140590     /lib/i386-linux-gnu/libpthread-2.15.so
b7767000-b7768000 r--p 00016000 08:01 140590     /lib/i386-linux-gnu/libpthread-2.15.so
b7768000-b7769000 rw-p 00017000 08:01 140590     /lib/i386-linux-gnu/libpthread-2.15.so
b7769000-b776b000 rw-p 00000000 00:00 0 
b776b000-b776c000 r--s 00010000 08:01 3283360    /home/nicolas/jmonkeyplatform/jmonkeyplatform/libs/jME3-plugins.jar
b776c000-b776f000 r--s 00035000 08:01 3283356    /home/nicolas/jmonkeyplatform/jmonkeyplatform/libs/jME3-desktop.jar
b776f000-b7770000 rw-p 00000000 00:00 0 
b7770000-b7771000 r--p 00000000 00:00 0 
b7771000-b777c000 r-xp 00000000 08:01 3284903    /home/nicolas/jmonkeyplatform/jdk/jre/lib/i386/libverify.so
b777c000-b777d000 rw-p 0000b000 08:01 3284903    /home/nicolas/jmonkeyplatform/jdk/jre/lib/i386/libverify.so
b777d000-b777f000 rw-p 00000000 00:00 0 
b777f000-b7780000 r-xp 00000000 00:00 0          [vdso]
b7780000-b77a0000 r-xp 00000000 08:01 140677     /lib/i386-linux-gnu/ld-2.15.so
b77a0000-b77a1000 r--p 0001f000 08:01 140677     /lib/i386-linux-gnu/ld-2.15.so
b77a1000-b77a2000 rw-p 00020000 08:01 140677     /lib/i386-linux-gnu/ld-2.15.so
bfcff000-bfd20000 rw-p 00000000 00:00 0          [stack]

VM Arguments:
jvm_args: -Dfile.encoding=UTF-8 
java_command: mygame.Main
Launcher Type: SUN_STANDARD

Environment Variables:
PATH=/usr/lib/lightdm/lightdm:/usr/local/sbin:/usr/local/bin:/usr/sbin:/usr/bin:/sbin:/bin:/usr/games
LD_LIBRARY_PATH=/home/nicolas/jmonkeyplatform/bin/../jdk/jre/lib/amd64:/home/nicolas/jmonkeyplatform/bin/../jdk/jre/lib/i386:
SHELL=/bin/bash
DISPLAY=:0.0

Signal Handlers:
SIGSEGV: [libjvm.so+0x7dd5e0], sa_mask[0]=0x7ffbfeff, sa_flags=0x10000004
SIGBUS: [libjvm.so+0x7dd5e0], sa_mask[0]=0x7ffbfeff, sa_flags=0x10000004
SIGFPE: [libjvm.so+0x678d60], sa_mask[0]=0x7ffbfeff, sa_flags=0x10000004
SIGPIPE: SIG_IGN, sa_mask[0]=0x00001000, sa_flags=0x10000000
SIGXFSZ: [libjvm.so+0x678d60], sa_mask[0]=0x7ffbfeff, sa_flags=0x10000004
SIGILL: [libjvm.so+0x678d60], sa_mask[0]=0x7ffbfeff, sa_flags=0x10000004
SIGUSR1: SIG_DFL, sa_mask[0]=0x00000000, sa_flags=0x00000000
SIGUSR2: [libjvm.so+0x67a250], sa_mask[0]=0x00000004, sa_flags=0x10000004
SIGHUP: [libjvm.so+0x67b3a0], sa_mask[0]=0x7ffbfeff, sa_flags=0x10000004
SIGINT: SIG_IGN, sa_mask[0]=0x00000000, sa_flags=0x00000000
SIGTERM: [libjvm.so+0x67b3a0], sa_mask[0]=0x7ffbfeff, sa_flags=0x10000004
SIGQUIT: [libjvm.so+0x67b3a0], sa_mask[0]=0x7ffbfeff, sa_flags=0x10000004


---------------  S Y S T E M  ---------------

OS:wheezy/sid

uname:Linux 3.8.0-44-generic #66~precise1-Ubuntu SMP Tue Jul 15 04:04:23 UTC 2014 i686
libc:glibc 2.15 NPTL 2.15 
rlimit: STACK 8192k, CORE 0k, NPROC 23009, NOFILE 4096, AS infinity
load average:0,31 0,96 1,45

/proc/meminfo:
MemTotal:        2962012 kB
MemFree:          644420 kB
Buffers:          208780 kB
Cached:           920564 kB
SwapCached:            0 kB
Active:          1215480 kB
Inactive:         960924 kB
Active(anon):     870740 kB
Inactive(anon):   303256 kB
Active(file):     344740 kB
Inactive(file):   657668 kB
Unevictable:           0 kB
Mlocked:               0 kB
HighTotal:       2089940 kB
HighFree:         172032 kB
LowTotal:         872072 kB
LowFree:          472388 kB
SwapTotal:       3002364 kB
SwapFree:        3002364 kB
Dirty:               468 kB
Writeback:             0 kB
AnonPages:       1047604 kB
Mapped:           155508 kB
Shmem:            126540 kB
Slab:             102568 kB
SReclaimable:      85332 kB
SUnreclaim:        17236 kB
KernelStack:        4088 kB
PageTables:         9272 kB
NFS_Unstable:          0 kB
Bounce:                0 kB
WritebackTmp:          0 kB
CommitLimit:     4483368 kB
Committed_AS:    3944904 kB
VmallocTotal:     122880 kB
VmallocUsed:       15588 kB
VmallocChunk:     106424 kB
HardwareCorrupted:     0 kB
AnonHugePages:         0 kB
HugePages_Total:       0
HugePages_Free:        0
HugePages_Rsvd:        0
HugePages_Surp:        0
Hugepagesize:       2048 kB
DirectMap4k:       12280 kB
DirectMap2M:      901120 kB


CPU:total 4 (2 cores per cpu, 2 threads per core) family 6 model 37 stepping 2, cmov, cx8, fxsr, mmx, sse, sse2, sse3, ssse3, sse4.1, sse4.2, popcnt, ht, tsc, tscinvbit

/proc/cpuinfo:
processor	: 0
vendor_id	: GenuineIntel
cpu family	: 6
model		: 37
model name	: Intel(R) Core(TM) i3 CPU       M 330  @ 2.13GHz
stepping	: 2
microcode	: 0x9
cpu MHz		: 1199.000
cache size	: 3072 KB
physical id	: 0
siblings	: 4
core id		: 0
cpu cores	: 2
apicid		: 0
initial apicid	: 0
fdiv_bug	: no
hlt_bug		: no
f00f_bug	: no
coma_bug	: no
fpu		: yes
fpu_exception	: yes
cpuid level	: 11
wp		: yes
flags		: fpu vme de pse tsc msr pae mce cx8 apic sep mtrr pge mca cmov pat pse36 clflush dts acpi mmx fxsr sse sse2 ss ht tm pbe nx rdtscp lm constant_tsc arch_perfmon pebs bts xtopology nonstop_tsc aperfmperf pni dtes64 monitor ds_cpl vmx est tm2 ssse3 cx16 xtpr pdcm sse4_1 sse4_2 popcnt lahf_lm arat dtherm tpr_shadow vnmi flexpriority ept vpid
bogomips	: 4255.93
clflush size	: 64
cache_alignment	: 64
address sizes	: 36 bits physical, 48 bits virtual
power management:

processor	: 1
vendor_id	: GenuineIntel
cpu family	: 6
model		: 37
model name	: Intel(R) Core(TM) i3 CPU       M 330  @ 2.13GHz
stepping	: 2
microcode	: 0x9
cpu MHz		: 2133.000
cache size	: 3072 KB
physical id	: 0
siblings	: 4
core id		: 2
cpu cores	: 2
apicid		: 4
initial apicid	: 4
fdiv_bug	: no
hlt_bug		: no
f00f_bug	: no
coma_bug	: no
fpu		: yes
fpu_exception	: yes
cpuid level	: 11
wp		: yes
flags		: fpu vme de pse tsc msr pae mce cx8 apic sep mtrr pge mca cmov pat pse36 clflush dts acpi mmx fxsr sse sse2 ss ht tm pbe nx rdtscp lm constant_tsc arch_perfmon pebs bts xtopology nonstop_tsc aperfmperf pni dtes64 monitor ds_cpl vmx est tm2 ssse3 cx16 xtpr pdcm sse4_1 sse4_2 popcnt lahf_lm arat dtherm tpr_shadow vnmi flexpriority ept vpid
bogomips	: 4255.93
clflush size	: 64
cache_alignment	: 64
address sizes	: 36 bits physical, 48 bits virtual
power management:

processor	: 2
vendor_id	: GenuineIntel
cpu family	: 6
model		: 37
model name	: Intel(R) Core(TM) i3 CPU       M 330  @ 2.13GHz
stepping	: 2
microcode	: 0x9
cpu MHz		: 933.000
cache size	: 3072 KB
physical id	: 0
siblings	: 4
core id		: 0
cpu cores	: 2
apicid		: 1
initial apicid	: 1
fdiv_bug	: no
hlt_bug		: no
f00f_bug	: no
coma_bug	: no
fpu		: yes
fpu_exception	: yes
cpuid level	: 11
wp		: yes
flags		: fpu vme de pse tsc msr pae mce cx8 apic sep mtrr pge mca cmov pat pse36 clflush dts acpi mmx fxsr sse sse2 ss ht tm pbe nx rdtscp lm constant_tsc arch_perfmon pebs bts xtopology nonstop_tsc aperfmperf pni dtes64 monitor ds_cpl vmx est tm2 ssse3 cx16 xtpr pdcm sse4_1 sse4_2 popcnt lahf_lm arat dtherm tpr_shadow vnmi flexpriority ept vpid
bogomips	: 4255.93
clflush size	: 64
cache_alignment	: 64
address sizes	: 36 bits physical, 48 bits virtual
power management:

processor	: 3
vendor_id	: GenuineIntel
cpu family	: 6
model		: 37
model name	: Intel(R) Core(TM) i3 CPU       M 330  @ 2.13GHz
stepping	: 2
microcode	: 0x9
cpu MHz		: 2133.000
cache size	: 3072 KB
physical id	: 0
siblings	: 4
core id		: 2
cpu cores	: 2
apicid		: 5
initial apicid	: 5
fdiv_bug	: no
hlt_bug		: no
f00f_bug	: no
coma_bug	: no
fpu		: yes
fpu_exception	: yes
cpuid level	: 11
wp		: yes
flags		: fpu vme de pse tsc msr pae mce cx8 apic sep mtrr pge mca cmov pat pse36 clflush dts acpi mmx fxsr sse sse2 ss ht tm pbe nx rdtscp lm constant_tsc arch_perfmon pebs bts xtopology nonstop_tsc aperfmperf pni dtes64 monitor ds_cpl vmx est tm2 ssse3 cx16 xtpr pdcm sse4_1 sse4_2 popcnt lahf_lm arat dtherm tpr_shadow vnmi flexpriority ept vpid
bogomips	: 4255.93
clflush size	: 64
cache_alignment	: 64
address sizes	: 36 bits physical, 48 bits virtual
power management:



Memory: 4k page, physical 2962012k(644420k free), swap 3002364k(3002364k free)

vm_info: Java HotSpot(TM) Server VM (24.51-b03) for linux-x86 JRE (1.7.0_51-b13), built on Dec 18 2013 18:45:30 by "java_re" with gcc 4.3.0 20080428 (Red Hat 4.3.0-8)

time: Mon Aug 15 16:42:31 2016
elapsed time: 9 seconds

