#
# A fatal error has been detected by the Java Runtime Environment:
#
#  SIGSEGV (0xb) at pc=0x00000000, pid=5546, tid=2216188736
#
# JRE version: Java(TM) SE Runtime Environment (7.0_51-b13) (build 1.7.0_51-b13)
# Java VM: Java HotSpot(TM) Server VM (24.51-b03 mixed mode linux-x86 )
# Problematic frame:
# C  0x00000000
#
# Failed to write core dump. Core dumps have been disabled. To enable core dumping, try "ulimit -c unlimited" before starting Java again
#
# If you would like to submit a bug report, please visit:
#   http://bugreport.sun.com/bugreport/crash.jsp
#

---------------  T H R E A D  ---------------

Current thread is native thread

siginfo:si_signo=SIGSEGV: si_errno=0, si_code=1 (SEGV_MAPERR), si_addr=0x00000000

Registers:
EAX=0x891fa450, EBX=0x891f9ff4, ECX=0x00000000, EDX=0x8a328380
ESP=0x841851ec, EBP=0x00012000, ESI=0x00000800, EDI=0x8a312220
EIP=0x00000000, EFLAGS=0x00210246, CR2=0x00000000

Top of Stack: (sp=0x841851ec)
0x841851ec:   891c7348 8a312220 00000000 00002000
0x841851fc:   8918322d 8db6a3f8 89183086 00003ff3
0x8418520c:   88fc2cf4 00000000 00000001 00000086
0x8418521c:   88ffeff4 8db6a720 00004000 8db6a690
0x8418522c:   88fc3e62 bb800000 00004000 891a8ff4
0x8418523c:   88fc2a4d 8db6a744 00000005 00000000
0x8418524c:   88ffeff4 8db6bd28 8db6db80 00000000
0x8418525c:   88fdff9f 8db6a378 8db6bd28 88ffeff4 

Instructions: (pc=0x00000000)
0xffffffe0:   

Register to memory mapping:

EAX=0x891fa450: <offset 0x50450> in /home/nicolas/git_repo/arkanoide2/libopenal.so at 0x891aa000
EBX=0x891f9ff4: <offset 0x4fff4> in /home/nicolas/git_repo/arkanoide2/libopenal.so at 0x891aa000
ECX=0x00000000 is an unknown value
EDX=0x8a328380 is an unknown value
ESP=0x841851ec is an unknown value
EBP=0x00012000 is an unknown value
ESI=0x00000800 is an unknown value
EDI=0x8a312220 is an unknown value


Stack: [0x84085000,0x84186000],  sp=0x841851ec,  free space=1024k

---------------  P R O C E S S  ---------------

VM state:at safepoint (shutting down)

VM Mutex/Monitor currently owned by a thread:  ([mutex/lock_event])
[0xb6605988] Threads_lock - owner thread: 0x8df81000

Heap
 PSYoungGen      total 29184K, used 9934K [0xa8d80000, 0xab980000, 0xb3500000)
  eden space 14080K, 65% used [0xa8d80000,0xa9676f50,0xa9b40000)
  from space 15104K, 4% used [0xa9b40000,0xa9bfc8f8,0xaaa00000)
  to   space 14848K, 0% used [0xaab00000,0xaab00000,0xab980000)
 ParOldGen       total 40960K, used 12585K [0x93f00000, 0x96700000, 0xa8d80000)
  object space 40960K, 30% used [0x93f00000,0x94b4a700,0x96700000)
 PSPermGen       total 29440K, used 13528K [0x8ff00000, 0x91bc0000, 0x93f00000)
  object space 29440K, 45% used [0x8ff00000,0x90c362c0,0x91bc0000)

Card table byte_map: [0x8fde4000,0x8ff00000] byte_map_base: 0x8f964800

Polling page: 0xb7708000

Code Cache  [0xb35e2000, 0xb3822000, 0xb65e2000)
 total_blobs=703 nmethods=392 adapters=265 free_code_cache=48057Kb largest_free_block=49192192

Compilation events (10 events):
Event: 18,825 Thread 0x8df96400  409             javax.imageio.ImageReader::processImageProgress (56 bytes)
Event: 18,825 Thread 0x8df98400  410  s          javax.imageio.ImageReader::abortRequested (5 bytes)
Event: 18,825 Thread 0x8df96400 nmethod 409 0xb36f3a08 code [0xb36f3b00, 0xb36f3b70]
Event: 18,826 Thread 0x8df98400 nmethod 410 0xb36aad88 code [0xb36aae80, 0xb36aaff0]
Event: 18,868 Thread 0x8df96400  411             com.jme3.bounding.BoundingVolume::getCheckPlane (5 bytes)
Event: 18,868 Thread 0x8df98400  412             java.nio.DirectFloatBufferU::put (17 bytes)
Event: 18,868 Thread 0x8df96400 nmethod 411 0xb36aab88 code [0xb36aac60, 0xb36aacb0]
Event: 18,869 Thread 0x8df98400 nmethod 412 0xb36f5708 code [0xb36f5800, 0xb36f5870]
Event: 18,962 Thread 0x8df96400  413             com.jme3.material.MatParam::getVarType (5 bytes)
Event: 18,963 Thread 0x8df96400 nmethod 413 0xb36f5588 code [0xb36f5660, 0xb36f56b0]

GC Heap History (10 events):
Event: 7,761 GC heap before
{Heap before GC invocations=9 (full 2):
 PSYoungGen      total 19712K, used 18239K [0xa8d80000, 0xab140000, 0xb3500000)
  eden space 10496K, 93% used [0xa8d80000,0xa9721f30,0xa97c0000)
  from space 9216K, 90% used [0xaa840000,0xab06e070,0xab140000)
  to   space 13056K, 0% used [0xa97c0000,0xa97c0000,0xaa480000)
 ParOldGen       total 40960K, used 12585K [0x93f00000, 0x96700000, 0xa8d80000)
  object space 40960K, 30% used [0x93f00000,0x94b4a700,0x96700000)
 PSPermGen       total 29440K, used 13020K [0x8ff00000, 0x91bc0000, 0x93f00000)
  object space 29440K, 44% used [0x8ff00000,0x90bb7220,0x91bc0000)
Event: 7,762 GC heap after
Heap after GC invocations=9 (full 2):
 PSYoungGen      total 23552K, used 296K [0xa8d80000, 0xab3c0000, 0xb3500000)
  eden space 10496K, 0% used [0xa8d80000,0xa8d80000,0xa97c0000)
  from space 13056K, 2% used [0xa97c0000,0xa980a050,0xaa480000)
  to   space 13056K, 0% used [0xaa700000,0xaa700000,0xab3c0000)
 ParOldGen       total 40960K, used 12585K [0x93f00000, 0x96700000, 0xa8d80000)
  object space 40960K, 30% used [0x93f00000,0x94b4a700,0x96700000)
 PSPermGen       total 29440K, used 13020K [0x8ff00000, 0x91bc0000, 0x93f00000)
  object space 29440K, 44% used [0x8ff00000,0x90bb7220,0x91bc0000)
}
Event: 7,974 GC heap before
{Heap before GC invocations=10 (full 2):
 PSYoungGen      total 23552K, used 8786K [0xa8d80000, 0xab3c0000, 0xb3500000)
  eden space 10496K, 80% used [0xa8d80000,0xa95caa80,0xa97c0000)
  from space 13056K, 2% used [0xa97c0000,0xa980a050,0xaa480000)
  to   space 13056K, 0% used [0xaa700000,0xaa700000,0xab3c0000)
 ParOldGen       total 40960K, used 12585K [0x93f00000, 0x96700000, 0xa8d80000)
  object space 40960K, 30% used [0x93f00000,0x94b4a700,0x96700000)
 PSPermGen       total 29440K, used 13068K [0x8ff00000, 0x91bc0000, 0x93f00000)
  object space 29440K, 44% used [0x8ff00000,0x90bc3108,0x91bc0000)
Event: 7,976 GC heap after
Heap after GC invocations=10 (full 2):
 PSYoungGen      total 24576K, used 360K [0xa8d80000, 0xab2c0000, 0xb3500000)
  eden space 12544K, 0% used [0xa8d80000,0xa8d80000,0xa99c0000)
  from space 12032K, 2% used [0xaa700000,0xaa75a030,0xab2c0000)
  to   space 12800K, 0% used [0xa99c0000,0xa99c0000,0xaa640000)
 ParOldGen       total 40960K, used 12585K [0x93f00000, 0x96700000, 0xa8d80000)
  object space 40960K, 30% used [0x93f00000,0x94b4a700,0x96700000)
 PSPermGen       total 29440K, used 13068K [0x8ff00000, 0x91bc0000, 0x93f00000)
  object space 29440K, 44% used [0x8ff00000,0x90bc3108,0x91bc0000)
}
Event: 8,115 GC heap before
{Heap before GC invocations=11 (full 2):
 PSYoungGen      total 24576K, used 12904K [0xa8d80000, 0xab2c0000, 0xb3500000)
  eden space 12544K, 100% used [0xa8d80000,0xa99c0000,0xa99c0000)
  from space 12032K, 2% used [0xaa700000,0xaa75a030,0xab2c0000)
  to   space 12800K, 0% used [0xa99c0000,0xa99c0000,0xaa640000)
 ParOldGen       total 40960K, used 12585K [0x93f00000, 0x96700000, 0xa8d80000)
  object space 40960K, 30% used [0x93f00000,0x94b4a700,0x96700000)
 PSPermGen       total 29440K, used 13074K [0x8ff00000, 0x91bc0000, 0x93f00000)
  object space 29440K, 44% used [0x8ff00000,0x90bc4aa0,0x91bc0000)
Event: 8,124 GC heap after
Heap after GC invocations=11 (full 2):
 PSYoungGen      total 25344K, used 12760K [0xa8d80000, 0xab980000, 0xb3500000)
  eden space 12544K, 0% used [0xa8d80000,0xa8d80000,0xa99c0000)
  from space 12800K, 99% used [0xa99c0000,0xaa6360c0,0xaa640000)
  to   space 15360K, 0% used [0xaaa80000,0xaaa80000,0xab980000)
 ParOldGen       total 40960K, used 12585K [0x93f00000, 0x96700000, 0xa8d80000)
  object space 40960K, 30% used [0x93f00000,0x94b4a700,0x96700000)
 PSPermGen       total 29440K, used 13074K [0x8ff00000, 0x91bc0000, 0x93f00000)
  object space 29440K, 44% used [0x8ff00000,0x90bc4aa0,0x91bc0000)
}
Event: 8,390 GC heap before
{Heap before GC invocations=12 (full 2):
 PSYoungGen      total 25344K, used 23945K [0xa8d80000, 0xab980000, 0xb3500000)
  eden space 12544K, 89% used [0xa8d80000,0xa986c458,0xa99c0000)
  from space 12800K, 99% used [0xa99c0000,0xaa6360c0,0xaa640000)
  to   space 15360K, 0% used [0xaaa80000,0xaaa80000,0xab980000)
 ParOldGen       total 40960K, used 12585K [0x93f00000, 0x96700000, 0xa8d80000)
  object space 40960K, 30% used [0x93f00000,0x94b4a700,0x96700000)
 PSPermGen       total 29440K, used 13156K [0x8ff00000, 0x91bc0000, 0x93f00000)
  object space 29440K, 44% used [0x8ff00000,0x90bd92b0,0x91bc0000)
Event: 8,391 GC heap after
Heap after GC invocations=12 (full 2):
 PSYoungGen      total 28672K, used 591K [0xa8d80000, 0xab8c0000, 0xb3500000)
  eden space 14080K, 0% used [0xa8d80000,0xa8d80000,0xa9b40000)
  from space 14592K, 4% used [0xaaa80000,0xaab13e78,0xab8c0000)
  to   space 15104K, 0% used [0xa9b40000,0xa9b40000,0xaaa00000)
 ParOldGen       total 40960K, used 12585K [0x93f00000, 0x96700000, 0xa8d80000)
  object space 40960K, 30% used [0x93f00000,0x94b4a700,0x96700000)
 PSPermGen       total 29440K, used 13156K [0x8ff00000, 0x91bc0000, 0x93f00000)
  object space 29440K, 44% used [0x8ff00000,0x90bd92b0,0x91bc0000)
}
Event: 8,947 GC heap before
{Heap before GC invocations=13 (full 2):
 PSYoungGen      total 28672K, used 14671K [0xa8d80000, 0xab8c0000, 0xb3500000)
  eden space 14080K, 100% used [0xa8d80000,0xa9b40000,0xa9b40000)
  from space 14592K, 4% used [0xaaa80000,0xaab13e78,0xab8c0000)
  to   space 15104K, 0% used [0xa9b40000,0xa9b40000,0xaaa00000)
 ParOldGen       total 40960K, used 12585K [0x93f00000, 0x96700000, 0xa8d80000)
  object space 40960K, 30% used [0x93f00000,0x94b4a700,0x96700000)
 PSPermGen       total 29440K, used 13214K [0x8ff00000, 0x91bc0000, 0x93f00000)
  object space 29440K, 44% used [0x8ff00000,0x90be7b30,0x91bc0000)
Event: 8,949 GC heap after
Heap after GC invocations=13 (full 2):
 PSYoungGen      total 29184K, used 754K [0xa8d80000, 0xab980000, 0xb3500000)
  eden space 14080K, 0% used [0xa8d80000,0xa8d80000,0xa9b40000)
  from space 15104K, 4% used [0xa9b40000,0xa9bfc8f8,0xaaa00000)
  to   space 14848K, 0% used [0xaab00000,0xaab00000,0xab980000)
 ParOldGen       total 40960K, used 12585K [0x93f00000, 0x96700000, 0xa8d80000)
  object space 40960K, 30% used [0x93f00000,0x94b4a700,0x96700000)
 PSPermGen       total 29440K, used 13214K [0x8ff00000, 0x91bc0000, 0x93f00000)
  object space 29440K, 44% used [0x8ff00000,0x90be7b30,0x91bc0000)
}

Deoptimization events (10 events):
Event: 18,867 Thread 0x8d58ac00 Uncommon trap: reason=unreached action=reinterpret pc=0xb36621e0 method=com.jme3.util.SafeArrayList.getArray()[Ljava/lang/Object; @ 4
Event: 18,867 Thread 0x8d58ac00 Uncommon trap: reason=unreached action=reinterpret pc=0xb36625a0 method=com.jme3.util.SafeArrayList.getArray()[Ljava/lang/Object; @ 4
Event: 18,868 Thread 0x8d58ac00 Uncommon trap: reason=unreached action=reinterpret pc=0xb36ddfb0 method=com.jme3.scene.Spatial.getShadowMode()Lcom/jme3/renderer/queue/RenderQueue$ShadowMode; @ 7
Event: 18,868 Thread 0x8d58ac00 Uncommon trap: reason=unreached action=reinterpret pc=0xb3690d24 method=com.jme3.scene.Spatial.getShadowMode()Lcom/jme3/renderer/queue/RenderQueue$ShadowMode; @ 7
Event: 18,868 Thread 0x8d58ac00 Uncommon trap: reason=unreached action=reinterpret pc=0xb3668a98 method=com.jme3.math.Quaternion.getRotationColumn(ILcom/jme3/math/Vector3f;)Lcom/jme3/math/Vector3f; @ 1
Event: 18,895 Thread 0x8d58ac00 Uncommon trap: reason=null_check action=make_not_entrant pc=0xb368feb4 method=com.jme3.shader.Shader.getUniform(Ljava/lang/String;)Lcom/jme3/shader/Uniform; @ 8
Event: 18,895 Thread 0x8d58ac00 Uncommon trap: reason=unreached action=reinterpret pc=0xb369f878 method=com.jme3.material.Material.render(Lcom/jme3/scene/Geometry;Lcom/jme3/renderer/RenderManager;)V @ 66
Event: 18,895 Thread 0x8d58ac00 Uncommon trap: reason=unreached action=reinterpret pc=0xb3692c68 method=com.jme3.shader.Uniform.setValue(Lcom/jme3/shader/VarType;Ljava/lang/Object;)V @ 13
Event: 18,940 Thread 0x8d58ac00 Uncommon trap: reason=null_check action=make_not_entrant pc=0xb36a618c method=com.jme3.shader.Shader.getAttribute(Lcom/jme3/scene/VertexBuffer$Type;)Lcom/jme3/shader/Attribute; @ 13
Event: 20,291 Thread 0x80d83400 Uncommon trap: reason=unreached action=reinterpret pc=0xb367f2d4 method=java.lang.ThreadLocal.get()Ljava/lang/Object; @ 11

Internal exceptions (10 events):
Event: 18,361 Thread 0x8d58ac00 Implicit null exception at 0xb3647f65 to 0xb364804d
Event: 18,445 Thread 0x8d58ac00 Threw 0xa93b2ee8 at /HUDSON/workspace/7u-2-build-linux-i586/jdk7u51/527/hotspot/src/share/vm/prims/jvm.cpp:1244
Event: 18,825 Thread 0x8d58ac00 Threw 0xa9565610 at /HUDSON/workspace/7u-2-build-linux-i586/jdk7u51/527/hotspot/src/share/vm/prims/jvm.cpp:1244
Event: 18,867 Thread 0x8d58ac00 Implicit null exception at 0xb3662134 to 0xb36621d0
Event: 18,867 Thread 0x8d58ac00 Implicit null exception at 0xb36624f4 to 0xb3662590
Event: 18,895 Thread 0x8d58ac00 Implicit null exception at 0xb368fd42 to 0xb368fea5
Event: 19,271 Thread 0x8d58ac00 Threw 0xa95900d8 at /HUDSON/workspace/7u-2-build-linux-i586/jdk7u51/527/hotspot/src/share/vm/prims/jvm.cpp:1244
Event: 19,383 Thread 0x8d58ac00 Threw 0xa9593e30 at /HUDSON/workspace/7u-2-build-linux-i586/jdk7u51/527/hotspot/src/share/vm/prims/jvm.cpp:1244
Event: 20,244 Thread 0x88b0d400 Threw 0xa8fd0ed0 at /HUDSON/workspace/7u-2-build-linux-i586/jdk7u51/527/hotspot/src/share/vm/prims/jvm.cpp:2965
Event: 20,291 Thread 0x80d83400 Implicit null exception at 0xb367f210 to 0xb367f2c1

Events (10 events):
Event: 20,291 Thread 0x80d83400 Uncommon trap: trap_request=0xffffffad fr.pc=0xb367f2d4
Event: 20,291 Thread 0x80d83400 DEOPT PACKING pc=0xb367f2d4 sp=0x8d2767b0
Event: 20,291 Thread 0x80d83400 DEOPT UNPACKING pc=0xb360ebbc sp=0x8d276798 mode 2
Event: 20,291 Thread 0x83cc9c00 Thread exited: 0x83cc9c00
Event: 20,317 Thread 0x80d83400 Thread exited: 0x80d83400
Event: 20,339 loading class 0x8ddb6150
Event: 20,351 loading class 0x8ddb6150 done
Event: 20,351 loading class 0x8f6173b0 done
Event: 20,364 Thread 0x8d58ac00 Thread exited: 0x8d58ac00
Event: 20,364 Thread 0xb6608000 Thread exited: 0xb6608000


Dynamic libraries:
08048000-08049000 r-xp 00000000 08:06 164736     /home/nicolas/jmonkeyplatform/jdk/bin/java
08049000-0804a000 rw-p 00000000 08:06 164736     /home/nicolas/jmonkeyplatform/jdk/bin/java
095fd000-096ba000 rw-p 00000000 00:00 0          [heap]
7d500000-7d575000 rw-p 00000000 00:00 0 
7d575000-7d600000 ---p 00000000 00:00 0 
7d600000-7d6fe000 rw-p 00000000 00:00 0 
7d6fe000-7d700000 ---p 00000000 00:00 0 
7d788000-7d7a0000 rw-s 1a582000 00:05 8425       /dev/dri/card0
7d7a0000-7d800000 rw-s 1a522000 00:05 8425       /dev/dri/card0
7d800000-7de00000 rw-s 23e2c000 00:05 8425       /dev/dri/card0
7de00000-7dee3000 rw-p 00000000 00:00 0 
7dee3000-7df00000 ---p 00000000 00:00 0 
7df00000-7e000000 rw-p 00000000 00:00 0 
7e000000-7e0e3000 rw-p 00000000 00:00 0 
7e0e3000-7e100000 ---p 00000000 00:00 0 
7e198000-7e1a0000 rw-s 00000000 00:04 208006     /drm mm object (deleted)
7e1a0000-7e200000 rw-s 1a453000 00:05 8425       /dev/dri/card0
7e200000-7e700000 rw-s 19f53000 00:05 8425       /dev/dri/card0
7e700000-7e800000 rw-p 00000000 00:00 0 
7e800000-7ee00000 rw-s 19953000 00:05 8425       /dev/dri/card0
7ee00000-7f300000 rw-s 19452000 00:05 8425       /dev/dri/card0
7f300000-7f900000 rw-s 18e52000 00:05 8425       /dev/dri/card0
7f900000-7ff00000 rw-s 2070c000 00:05 8425       /dev/dri/card0
7ff00000-80500000 rw-s 1f470000 00:05 8425       /dev/dri/card0
80500000-805ed000 rw-p 00000000 00:00 0 
805ed000-80600000 ---p 00000000 00:00 0 
806ff000-80700000 rw-s 1f46f000 00:05 8425       /dev/dri/card0
80700000-80d00000 rw-s 1ee6f000 00:05 8425       /dev/dri/card0
80d00000-80e00000 rw-p 00000000 00:00 0 
80e9f000-80eff000 rw-s 1a5b3000 00:05 8425       /dev/dri/card0
80eff000-80f00000 rw-s 00000000 00:04 205739     /drm mm object (deleted)
80f00000-81500000 rw-s 1d890000 00:05 8425       /dev/dri/card0
81500000-815fe000 rw-p 00000000 00:00 0 
815fe000-81600000 ---p 00000000 00:00 0 
816c9000-83b00000 rw-p 00000000 00:00 0 
83b00000-83bfe000 rw-p 00000000 00:00 0 
83bfe000-83c00000 ---p 00000000 00:00 0 
83c00000-83cfb000 rw-p 00000000 00:00 0 
83cfb000-83d00000 ---p 00000000 00:00 0 
83d00000-83d8d000 rw-p 00000000 00:00 0 
83d8d000-83e00000 ---p 00000000 00:00 0 
83e00000-83ef8000 rw-p 00000000 00:00 0 
83ef8000-83f00000 ---p 00000000 00:00 0 
83f00000-83ff7000 rw-p 00000000 00:00 0 
83ff7000-84000000 ---p 00000000 00:00 0 
84025000-84085000 rw-s 1af28000 00:05 8425       /dev/dri/card0
84085000-84086000 ---p 00000000 00:00 0 
84086000-84186000 rw-p 00000000 00:00 0 
84186000-88187000 rw-s 00000000 00:12 207962     /run/shm/pulse-shm-479712624
88187000-88188000 ---p 00000000 00:00 0 
88188000-88988000 rw-p 00000000 00:00 0 
88988000-88aee000 r-xp 00000000 08:06 266786     /usr/lib/i386-linux-gnu/libvorbisenc.so.2.0.8
88aee000-88aff000 r--p 00165000 08:06 266786     /usr/lib/i386-linux-gnu/libvorbisenc.so.2.0.8
88aff000-88b00000 rw-p 00176000 08:06 266786     /usr/lib/i386-linux-gnu/libvorbisenc.so.2.0.8
88b00000-88bfe000 rw-p 00000000 00:00 0 
88bfe000-88c00000 ---p 00000000 00:00 0 
88c13000-88c14000 rw-s 1a521000 00:05 8425       /dev/dri/card0
88c14000-88c15000 rw-s 1a520000 00:05 8425       /dev/dri/card0
88c15000-88c16000 rw-s 1a51f000 00:05 8425       /dev/dri/card0
88c16000-88c17000 rw-s 1a51e000 00:05 8425       /dev/dri/card0
88c17000-88c18000 rw-s 1a51d000 00:05 8425       /dev/dri/card0
88c18000-88c19000 rw-s 1a51c000 00:05 8425       /dev/dri/card0
88c19000-88c1a000 rw-s 1a51b000 00:05 8425       /dev/dri/card0
88c1a000-88c1b000 rw-s 1a51a000 00:05 8425       /dev/dri/card0
88c1b000-88c1c000 rw-s 1a519000 00:05 8425       /dev/dri/card0
88c1c000-88c1d000 rw-s 1a518000 00:05 8425       /dev/dri/card0
88c1d000-88c1e000 rw-s 1a517000 00:05 8425       /dev/dri/card0
88c1e000-88c1f000 rw-s 1a516000 00:05 8425       /dev/dri/card0
88c1f000-88c20000 rw-s 1a515000 00:05 8425       /dev/dri/card0
88c20000-88c21000 rw-s 1a514000 00:05 8425       /dev/dri/card0
88c21000-88c81000 rw-s 1a4b4000 00:05 8425       /dev/dri/card0
88e00000-88efe000 rw-p 00000000 00:00 0 
88efe000-88f00000 ---p 00000000 00:00 0 
88f09000-88f0a000 rw-s 1a64b000 00:05 8425       /dev/dri/card0
88f0a000-88f0b000 rw-s 1a64a000 00:05 8425       /dev/dri/card0
88f0b000-88f0c000 rw-s 1a649000 00:05 8425       /dev/dri/card0
88f0c000-88f0d000 rw-s 1a648000 00:05 8425       /dev/dri/card0
88f0d000-88f0e000 rw-s 1a647000 00:05 8425       /dev/dri/card0
88f0e000-88f0f000 rw-s 1a646000 00:05 8425       /dev/dri/card0
88f0f000-88f10000 rw-s 1a645000 00:05 8425       /dev/dri/card0
88f10000-88f28000 rw-s 1a62d000 00:05 8425       /dev/dri/card0
88f28000-88f94000 r-xp 00000000 08:06 264124     /usr/lib/i386-linux-gnu/libsndfile.so.1.0.25
88f94000-88f96000 r--p 0006b000 08:06 264124     /usr/lib/i386-linux-gnu/libsndfile.so.1.0.25
88f96000-88f97000 rw-p 0006d000 08:06 264124     /usr/lib/i386-linux-gnu/libsndfile.so.1.0.25
88f97000-88f9b000 rw-p 00000000 00:00 0 
88f9b000-88ffe000 r-xp 00000000 08:06 270389     /usr/lib/i386-linux-gnu/libpulsecommon-1.1.so
88ffe000-88fff000 r--p 00062000 08:06 270389     /usr/lib/i386-linux-gnu/libpulsecommon-1.1.so
88fff000-89000000 rw-p 00063000 08:06 270389     /usr/lib/i386-linux-gnu/libpulsecommon-1.1.so
89000000-890f9000 rw-p 00000000 00:00 0 
890f9000-89100000 ---p 00000000 00:00 0 
8910e000-8915a000 r-xp 00000000 08:06 261870     /usr/lib/i386-linux-gnu/libFLAC.so.8.2.0
8915a000-8915b000 r--p 0004b000 08:06 261870     /usr/lib/i386-linux-gnu/libFLAC.so.8.2.0
8915b000-8915c000 rw-p 0004c000 08:06 261870     /usr/lib/i386-linux-gnu/libFLAC.so.8.2.0
8915c000-891a8000 r-xp 00000000 08:06 266663     /usr/lib/i386-linux-gnu/libpulse.so.0.13.5
891a8000-891a9000 r--p 0004b000 08:06 266663     /usr/lib/i386-linux-gnu/libpulse.so.0.13.5
891a9000-891aa000 rw-p 0004c000 08:06 266663     /usr/lib/i386-linux-gnu/libpulse.so.0.13.5
891aa000-891f8000 r-xp 00000000 08:06 183532     /home/nicolas/git_repo/arkanoide2/libopenal.so
891f8000-891fa000 r--p 0004d000 08:06 183532     /home/nicolas/git_repo/arkanoide2/libopenal.so
891fa000-891fb000 rw-p 0004f000 08:06 183532     /home/nicolas/git_repo/arkanoide2/libopenal.so
89b00000-89bfc000 rw-p 00000000 00:00 0 
89bfc000-89c00000 ---p 00000000 00:00 0 
89c06000-89c1e000 rw-s 1a614000 00:05 8425       /dev/dri/card0
89c1e000-89c26000 rw-s 00000000 00:04 207974     /drm mm object (deleted)
89c26000-89c3e000 rw-s 1a59b000 00:05 8425       /dev/dri/card0
89c3e000-89c46000 rw-s 00000000 00:04 205725     /drm mm object (deleted)
89c46000-89c4b000 r-xp 00000000 08:06 266273     /usr/lib/i386-linux-gnu/libasyncns.so.0.3.1
89c4b000-89c4c000 r--p 00004000 08:06 266273     /usr/lib/i386-linux-gnu/libasyncns.so.0.3.1
89c4c000-89c4d000 rw-p 00005000 08:06 266273     /usr/lib/i386-linux-gnu/libasyncns.so.0.3.1
89c4d000-89d25000 r-xp 00000000 08:06 266743     /usr/lib/i386-linux-gnu/libstdc++.so.6.0.16
89d25000-89d26000 ---p 000d8000 08:06 266743     /usr/lib/i386-linux-gnu/libstdc++.so.6.0.16
89d26000-89d2a000 r--p 000d8000 08:06 266743     /usr/lib/i386-linux-gnu/libstdc++.so.6.0.16
89d2a000-89d2b000 rw-p 000dc000 08:06 266743     /usr/lib/i386-linux-gnu/libstdc++.so.6.0.16
89d2b000-89d32000 rw-p 00000000 00:00 0 
89d32000-89d53000 r-xp 00000000 08:06 261905     /usr/lib/i386-linux-gnu/libdrm_intel.so.1.0.0
89d53000-89d54000 r--p 00020000 08:06 261905     /usr/lib/i386-linux-gnu/libdrm_intel.so.1.0.0
89d54000-89d55000 rw-p 00021000 08:06 261905     /usr/lib/i386-linux-gnu/libdrm_intel.so.1.0.0
89d55000-89e6a000 r-xp 00000000 08:06 263026     /usr/lib/i386-linux-gnu/dri/libglsl.so
89e6a000-89e6f000 r--p 00114000 08:06 263026     /usr/lib/i386-linux-gnu/dri/libglsl.so
89e6f000-89e71000 rw-p 00119000 08:06 263026     /usr/lib/i386-linux-gnu/dri/libglsl.so
89e71000-89e72000 rw-p 00000000 00:00 0 
89e72000-8a0ce000 r-xp 00000000 08:06 263022     /usr/lib/i386-linux-gnu/dri/libdricore.so
8a0ce000-8a0cf000 ---p 0025c000 08:06 263022     /usr/lib/i386-linux-gnu/dri/libdricore.so
8a0cf000-8a0d5000 r--p 0025c000 08:06 263022     /usr/lib/i386-linux-gnu/dri/libdricore.so
8a0d5000-8a0d7000 rw-p 00262000 08:06 263022     /usr/lib/i386-linux-gnu/dri/libdricore.so
8a0d7000-8a0ec000 rw-p 00000000 00:00 0 
8a0ec000-8a1c7000 r-xp 00000000 08:06 263028     /usr/lib/i386-linux-gnu/dri/i965_dri.so
8a1c7000-8a1c9000 r--p 000da000 08:06 263028     /usr/lib/i386-linux-gnu/dri/i965_dri.so
8a1c9000-8a1cb000 rw-p 000dc000 08:06 263028     /usr/lib/i386-linux-gnu/dri/i965_dri.so
8a1cb000-8a1cc000 rw-p 00000000 00:00 0 
8a1cc000-8a1e2000 r-xp 00000000 08:06 263321     /usr/lib/i386-linux-gnu/libxcb-glx.so.0.0.0
8a1e2000-8a1e3000 r--p 00016000 08:06 263321     /usr/lib/i386-linux-gnu/libxcb-glx.so.0.0.0
8a1e3000-8a1e4000 rw-p 00017000 08:06 263321     /usr/lib/i386-linux-gnu/libxcb-glx.so.0.0.0
8a1e4000-8a1f3000 r-xp 00000000 08:06 262470     /usr/lib/i386-linux-gnu/libglapi.so.0.0.0
8a1f3000-8a1f5000 r--p 0000f000 08:06 262470     /usr/lib/i386-linux-gnu/libglapi.so.0.0.0
8a1f5000-8a1fa000 rwxp 00011000 08:06 262470     /usr/lib/i386-linux-gnu/libglapi.so.0.0.0
8a1fa000-8a24c000 r-xp 00000000 08:06 263301     /usr/lib/i386-linux-gnu/mesa/libGL.so.1.2
8a24c000-8a24e000 r--p 00051000 08:06 263301     /usr/lib/i386-linux-gnu/mesa/libGL.so.1.2
8a24e000-8a253000 rwxp 00053000 08:06 263301     /usr/lib/i386-linux-gnu/mesa/libGL.so.1.2
8a253000-8a2ad000 r-xp 00000000 08:06 183404     /home/nicolas/git_repo/arkanoide2/liblwjgl.so
8a2ad000-8a2ae000 r--p 0005a000 08:06 183404     /home/nicolas/git_repo/arkanoide2/liblwjgl.so
8a2ae000-8a2af000 rw-p 0005b000 08:06 183404     /home/nicolas/git_repo/arkanoide2/liblwjgl.so
8a2af000-8a2b2000 ---p 00000000 00:00 0 
8a2b2000-8a300000 rw-p 00000000 00:00 0 
8a300000-8a3fd000 rw-p 00000000 00:00 0 
8a3fd000-8a400000 ---p 00000000 00:00 0 
8a400000-8a500000 rw-s 00000000 00:04 52723782   /SYSV00000000 (deleted)
8a500000-8a5fb000 rw-p 00000000 00:00 0 
8a5fb000-8a600000 ---p 00000000 00:00 0 
8a602000-8a662000 rw-s 00000000 00:04 52691012   /SYSV00000000 (deleted)
8a662000-8a6c2000 r-xp 00000000 08:06 575829     /home/nicolas/jmonkeyplatform/jdk/jre/lib/i386/libt2k.so
8a6c2000-8a6c6000 rw-p 0005f000 08:06 575829     /home/nicolas/jmonkeyplatform/jdk/jre/lib/i386/libt2k.so
8a6c6000-8a6ca000 rw-p 00000000 00:00 0 
8a6ca000-8a6cd000 ---p 00000000 00:00 0 
8a6cd000-8a71b000 rw-p 00000000 00:00 0 
8a71b000-8a71c000 ---p 00000000 00:00 0 
8a71c000-8af1c000 rw-p 00000000 00:00 0 
8af1c000-8af36000 r-xp 00000000 08:06 266360     /usr/lib/i386-linux-gnu/libdbusmenu-glib.so.4.0.13
8af36000-8af37000 r--p 00019000 08:06 266360     /usr/lib/i386-linux-gnu/libdbusmenu-glib.so.4.0.13
8af37000-8af38000 rw-p 0001a000 08:06 266360     /usr/lib/i386-linux-gnu/libdbusmenu-glib.so.4.0.13
8af38000-8af49000 r-xp 00000000 08:06 263297     /usr/lib/i386-linux-gnu/libdbusmenu-gtk.so.4.0.13
8af49000-8af4a000 r--p 00010000 08:06 263297     /usr/lib/i386-linux-gnu/libdbusmenu-gtk.so.4.0.13
8af4a000-8af4b000 rw-p 00011000 08:06 263297     /usr/lib/i386-linux-gnu/libdbusmenu-gtk.so.4.0.13
8af4b000-8af53000 r-xp 00000000 08:06 1440012    /lib/i386-linux-gnu/libwrap.so.0.7.6
8af53000-8af54000 r--p 00007000 08:06 1440012    /lib/i386-linux-gnu/libwrap.so.0.7.6
8af54000-8af55000 rw-p 00008000 08:06 1440012    /lib/i386-linux-gnu/libwrap.so.0.7.6
8af55000-8af5e000 r-xp 00000000 08:06 262037     /usr/lib/i386-linux-gnu/libpciaccess.so.0.11.0
8af5e000-8af5f000 r--p 00008000 08:06 262037     /usr/lib/i386-linux-gnu/libpciaccess.so.0.11.0
8af5f000-8af60000 rw-p 00009000 08:06 262037     /usr/lib/i386-linux-gnu/libpciaccess.so.0.11.0
8af60000-8af6e000 r-xp 00000000 08:06 1439979    /lib/i386-linux-gnu/libudev.so.0.13.0
8af6e000-8af6f000 r--p 0000e000 08:06 1439979    /lib/i386-linux-gnu/libudev.so.0.13.0
8af6f000-8af70000 rw-p 0000f000 08:06 1439979    /lib/i386-linux-gnu/libudev.so.0.13.0
8af70000-8afb7000 r-xp 00000000 08:06 1457784    /lib/i386-linux-gnu/libdbus-1.so.3.5.8
8afb7000-8afb8000 ---p 00047000 08:06 1457784    /lib/i386-linux-gnu/libdbus-1.so.3.5.8
8afb8000-8afb9000 r--p 00047000 08:06 1457784    /lib/i386-linux-gnu/libdbus-1.so.3.5.8
8afb9000-8afba000 rw-p 00048000 08:06 1457784    /lib/i386-linux-gnu/libdbus-1.so.3.5.8
8afba000-8afcf000 r-xp 00000000 08:06 262064     /usr/lib/i386-linux-gnu/gvfs/libgvfscommon.so
8afcf000-8afd0000 r--p 00014000 08:06 262064     /usr/lib/i386-linux-gnu/gvfs/libgvfscommon.so
8afd0000-8afd1000 rw-p 00015000 08:06 262064     /usr/lib/i386-linux-gnu/gvfs/libgvfscommon.so
8afd1000-8affa000 r-xp 00000000 08:06 262066     /usr/lib/i386-linux-gnu/gio/modules/libgvfsdbus.so
8affa000-8affb000 r--p 00028000 08:06 262066     /usr/lib/i386-linux-gnu/gio/modules/libgvfsdbus.so
8affb000-8affc000 rw-p 00029000 08:06 262066     /usr/lib/i386-linux-gnu/gio/modules/libgvfsdbus.so
8affc000-8b040000 r-xp 00000000 08:06 266541     /usr/lib/i386-linux-gnu/libibus-1.0.so.0.401.0
8b040000-8b041000 r--p 00043000 08:06 266541     /usr/lib/i386-linux-gnu/libibus-1.0.so.0.401.0
8b041000-8b042000 rw-p 00044000 08:06 266541     /usr/lib/i386-linux-gnu/libibus-1.0.so.0.401.0
8b043000-8b04e000 r-xp 00000000 08:06 265513     /usr/lib/i386-linux-gnu/libdrm.so.2.4.0
8b04e000-8b04f000 r--p 0000a000 08:06 265513     /usr/lib/i386-linux-gnu/libdrm.so.2.4.0
8b04f000-8b050000 rw-p 0000b000 08:06 265513     /usr/lib/i386-linux-gnu/libdrm.so.2.4.0
8b050000-8b055000 r-xp 00000000 08:06 263047     /usr/lib/i386-linux-gnu/gtk-2.0/2.10.0/menuproxies/libappmenu.so
8b055000-8b056000 r--p 00004000 08:06 263047     /usr/lib/i386-linux-gnu/gtk-2.0/2.10.0/menuproxies/libappmenu.so
8b056000-8b057000 rw-p 00005000 08:06 263047     /usr/lib/i386-linux-gnu/gtk-2.0/2.10.0/menuproxies/libappmenu.so
8b057000-8b0a9000 r--p 00000000 08:06 789302     /usr/share/fonts/truetype/ttf-dejavu/DejaVuSansMono.ttf
8b0a9000-8b100000 r--p 00000000 08:06 789331     /usr/share/fonts/truetype/ubuntu-font-family/Ubuntu-R.ttf
8b100000-8b1f9000 rw-p 00000000 00:00 0 
8b1f9000-8b200000 ---p 00000000 00:00 0 
8b205000-8b20b000 r-xp 00000000 08:06 267303     /usr/lib/i386-linux-gnu/gtk-2.0/2.10.0/immodules/im-ibus.so
8b20b000-8b20c000 r--p 00005000 08:06 267303     /usr/lib/i386-linux-gnu/gtk-2.0/2.10.0/immodules/im-ibus.so
8b20c000-8b20d000 rw-p 00006000 08:06 267303     /usr/lib/i386-linux-gnu/gtk-2.0/2.10.0/immodules/im-ibus.so
8b20d000-8b20f000 r-xp 00000000 08:06 267507     /usr/lib/i386-linux-gnu/pango/1.6.0/modules/pango-basic-fc.so
8b20f000-8b210000 r--p 00001000 08:06 267507     /usr/lib/i386-linux-gnu/pango/1.6.0/modules/pango-basic-fc.so
8b210000-8b211000 rw-p 00002000 08:06 267507     /usr/lib/i386-linux-gnu/pango/1.6.0/modules/pango-basic-fc.so
8b211000-8b212000 r--s 00000000 08:06 409378     /var/cache/fontconfig/c05880de57d1f5e948fdfacc138775d9-le32d4.cache-3
8b212000-8b218000 r--s 00000000 08:06 403145     /var/cache/fontconfig/945677eb7aeaf62f1d50efc3fb3ec7d8-le32d4.cache-3
8b218000-8b21a000 r--s 00000000 08:06 409374     /var/cache/fontconfig/99e8ed0e538f840c565b6ed5dad60d56-le32d4.cache-3
8b21a000-8b21d000 r--s 00000000 08:06 409372     /var/cache/fontconfig/2cd17615ca594fa2959ae173292e504c-le32d4.cache-3
8b21d000-8b21e000 r--s 00000000 08:06 409370     /var/cache/fontconfig/e7071f4a29fa870f4323321c154eba04-le32d4.cache-3
8b21e000-8b21f000 r--s 00000000 08:06 409368     /var/cache/fontconfig/0d8c3b2ac0904cb8a57a757ad11a4a08-le32d4.cache-3
8b21f000-8b223000 r--s 00000000 08:06 409366     /var/cache/fontconfig/a755afe4a08bf5b97852ceb7400b47bc-le32d4.cache-3
8b223000-8b22a000 r--s 00000000 08:06 452031     /var/cache/fontconfig/6d41288fd70b0be22e8c3a91e032eec0-le32d4.cache-3
8b22a000-8b235000 r--s 00000000 08:06 409362     /var/cache/fontconfig/04aabc0a78ac019cf9454389977116d2-le32d4.cache-3
8b235000-8b238000 r--s 00000000 08:06 409360     /var/cache/fontconfig/385c0604a188198f04d133e54aba7fe7-le32d4.cache-3
8b238000-8b239000 r--s 00000000 08:06 396924     /var/cache/fontconfig/4794a0821666d79190d59a36cb4f44b5-le32d4.cache-3
8b239000-8b23c000 r--s 00000000 08:06 404604     /var/cache/fontconfig/8801497958630a81b71ace7c5f9b32a8-le32d4.cache-3
8b23c000-8b25e000 r--s 00000000 08:06 403122     /var/cache/fontconfig/365b55f210c0a22e9a19e35191240f32-le32d4.cache-3
8b25e000-8b262000 r--s 00000000 08:06 403149     /var/cache/fontconfig/3047814df9a2f067bd2d96a2b9c36e5a-le32d4.cache-3
8b262000-8b263000 r--s 00000000 08:06 403147     /var/cache/fontconfig/56cf4f4769d0f4abc89a4895d7bd3ae1-le32d4.cache-3
8b263000-8b264000 r--s 00000000 08:06 403142     /var/cache/fontconfig/b9d506c9ac06c20b433354fa67a72993-le32d4.cache-3
8b264000-8b268000 r--s 00000000 08:06 403133     /var/cache/fontconfig/b47c4e1ecd0709278f4910c18777a504-le32d4.cache-3
8b268000-8b275000 r--s 00000000 08:06 403131     /var/cache/fontconfig/d52a8644073d54c13679302ca1180695-le32d4.cache-3
8b278000-8b279000 rw-s 1a4b3000 00:05 8425       /dev/dri/card0
8b279000-8b281000 rw-s 00000000 00:04 207997     /drm mm object (deleted)
8b285000-8b286000 rw-s 19952000 00:05 8425       /dev/dri/card0
8b286000-8b2b9000 r-xp 00000000 08:06 575823     /home/nicolas/jmonkeyplatform/jdk/jre/lib/i386/libjpeg.so
8b2b9000-8b2ba000 rw-p 00033000 08:06 575823     /home/nicolas/jmonkeyplatform/jdk/jre/lib/i386/libjpeg.so
8b2ba000-8b2c1000 r-xp 00000000 08:06 262752     /usr/lib/i386-linux-gnu/libjson.so.0.0.1
8b2c1000-8b2c2000 r--p 00006000 08:06 262752     /usr/lib/i386-linux-gnu/libjson.so.0.0.1
8b2c2000-8b2c3000 rw-p 00007000 08:06 262752     /usr/lib/i386-linux-gnu/libjson.so.0.0.1
8b2c3000-8b2c4000 r-xp 00000000 08:06 263034     /usr/lib/i386-linux-gnu/libX11-xcb.so.1.0.0
8b2c4000-8b2c5000 r--p 00000000 08:06 263034     /usr/lib/i386-linux-gnu/libX11-xcb.so.1.0.0
8b2c5000-8b2c6000 rw-p 00001000 08:06 263034     /usr/lib/i386-linux-gnu/libX11-xcb.so.1.0.0
8b2c6000-8b2c9000 ---p 00000000 00:00 0 
8b2c9000-8b2df000 rw-p 00000000 00:00 0 
8b2df000-8b2e3000 r-xp 00000000 08:06 263959     /usr/lib/i386-linux-gnu/libXxf86vm.so.1.0.0
8b2e3000-8b2e4000 r--p 00003000 08:06 263959     /usr/lib/i386-linux-gnu/libXxf86vm.so.1.0.0
8b2e4000-8b2e5000 rw-p 00004000 08:06 263959     /usr/lib/i386-linux-gnu/libXxf86vm.so.1.0.0
8b2e6000-8b2e7000 rw-s 1a62c000 00:05 8425       /dev/dri/card0
8b2e7000-8b2e8000 rw-s 1a613000 00:05 8425       /dev/dri/card0
8b2e8000-8b2e9000 rw-s 1a59a000 00:05 8425       /dev/dri/card0
8b2e9000-8b2fa000 r--p 00000000 08:06 543132     /usr/share/locale-langpack/es/LC_MESSAGES/pulseaudio.mo
8b2fa000-8b300000 r--p 00000000 08:06 537828     /usr/share/locale-langpack/es/LC_MESSAGES/gdk-pixbuf.mo
8b300000-8b400000 rw-p 00000000 00:00 0 
8b400000-8b415000 r-xp 00000000 08:06 575803     /home/nicolas/jmonkeyplatform/jdk/jre/lib/i386/libnet.so
8b415000-8b416000 rw-p 00014000 08:06 575803     /home/nicolas/jmonkeyplatform/jdk/jre/lib/i386/libnet.so
8b416000-8b432000 r-xp 00000000 08:06 1439924    /lib/i386-linux-gnu/libgcc_s.so.1
8b432000-8b433000 r--p 0001b000 08:06 1439924    /lib/i386-linux-gnu/libgcc_s.so.1
8b433000-8b434000 rw-p 0001c000 08:06 1439924    /lib/i386-linux-gnu/libgcc_s.so.1
8b434000-8b495000 r-xp 00000000 08:06 575758     /home/nicolas/jmonkeyplatform/jdk/jre/lib/i386/libfontmanager.so
8b495000-8b498000 rw-p 00060000 08:06 575758     /home/nicolas/jmonkeyplatform/jdk/jre/lib/i386/libfontmanager.so
8b498000-8b49c000 rw-p 00000000 00:00 0 
8b49c000-8b4a2000 r-xp 00000000 08:06 266626     /usr/lib/i386-linux-gnu/libogg.so.0.7.1
8b4a2000-8b4a3000 r--p 00005000 08:06 266626     /usr/lib/i386-linux-gnu/libogg.so.0.7.1
8b4a3000-8b4a4000 rw-p 00006000 08:06 266626     /usr/lib/i386-linux-gnu/libogg.so.0.7.1
8b4a4000-8b4cd000 r-xp 00000000 08:06 266784     /usr/lib/i386-linux-gnu/libvorbis.so.0.4.5
8b4cd000-8b4ce000 r--p 00028000 08:06 266784     /usr/lib/i386-linux-gnu/libvorbis.so.0.4.5
8b4ce000-8b4cf000 rw-p 00029000 08:06 266784     /usr/lib/i386-linux-gnu/libvorbis.so.0.4.5
8b4cf000-8b4d7000 r-xp 00000000 08:06 266583     /usr/lib/i386-linux-gnu/libltdl.so.7.3.0
8b4d7000-8b4d8000 r--p 00008000 08:06 266583     /usr/lib/i386-linux-gnu/libltdl.so.7.3.0
8b4d8000-8b4d9000 rw-p 00009000 08:06 266583     /usr/lib/i386-linux-gnu/libltdl.so.7.3.0
8b4d9000-8b4ea000 r-xp 00000000 08:06 266751     /usr/lib/i386-linux-gnu/libtdb.so.1.2.9
8b4ea000-8b4eb000 r--p 00010000 08:06 266751     /usr/lib/i386-linux-gnu/libtdb.so.1.2.9
8b4eb000-8b4ec000 rw-p 00011000 08:06 266751     /usr/lib/i386-linux-gnu/libtdb.so.1.2.9
8b4ec000-8b4f4000 r-xp 00000000 08:06 266788     /usr/lib/i386-linux-gnu/libvorbisfile.so.3.3.4
8b4f4000-8b4f5000 r--p 00007000 08:06 266788     /usr/lib/i386-linux-gnu/libvorbisfile.so.3.3.4
8b4f5000-8b4f6000 rw-p 00008000 08:06 266788     /usr/lib/i386-linux-gnu/libvorbisfile.so.3.3.4
8b4f6000-8b505000 r-xp 00000000 08:06 266321     /usr/lib/i386-linux-gnu/libcanberra.so.0.2.5
8b505000-8b506000 r--p 0000e000 08:06 266321     /usr/lib/i386-linux-gnu/libcanberra.so.0.2.5
8b506000-8b507000 rw-p 0000f000 08:06 266321     /usr/lib/i386-linux-gnu/libcanberra.so.0.2.5
8b507000-8b50b000 r-xp 00000000 08:06 266317     /usr/lib/i386-linux-gnu/libcanberra-gtk.so.0.1.8
8b50b000-8b50c000 r--p 00003000 08:06 266317     /usr/lib/i386-linux-gnu/libcanberra-gtk.so.0.1.8
8b50c000-8b50d000 rw-p 00004000 08:06 266317     /usr/lib/i386-linux-gnu/libcanberra-gtk.so.0.1.8
8b50d000-8b50e000 rw-s 1de90000 00:05 8425       /dev/dri/card0
8b50e000-8b510000 r--s 00000000 08:06 397451     /var/cache/fontconfig/e13b20fdb08344e0e664864cc2ede53d-le32d4.cache-3
8b510000-8b513000 r--s 00000000 08:06 403123     /var/cache/fontconfig/7ef2298fde41cc6eeb7af42e48b7d293-le32d4.cache-3
8b513000-8b521000 r-xp 00000000 08:06 575777     /home/nicolas/jmonkeyplatform/jdk/jre/lib/i386/libnio.so
8b521000-8b522000 rw-p 0000e000 08:06 575777     /home/nicolas/jmonkeyplatform/jdk/jre/lib/i386/libnio.so
8b522000-8b527000 r-xp 00000000 08:06 267317     /usr/lib/i386-linux-gnu/gtk-2.0/modules/libcanberra-gtk-module.so
8b527000-8b528000 r--p 00004000 08:06 267317     /usr/lib/i386-linux-gnu/gtk-2.0/modules/libcanberra-gtk-module.so
8b528000-8b529000 rw-p 00005000 08:06 267317     /usr/lib/i386-linux-gnu/gtk-2.0/modules/libcanberra-gtk-module.so
8b529000-8b55e000 r-xp 00000000 08:06 267296     /usr/lib/i386-linux-gnu/gtk-2.0/2.10.0/engines/libmurrine.so
8b55e000-8b55f000 r--p 00034000 08:06 267296     /usr/lib/i386-linux-gnu/gtk-2.0/2.10.0/engines/libmurrine.so
8b55f000-8b560000 rw-p 00035000 08:06 267296     /usr/lib/i386-linux-gnu/gtk-2.0/2.10.0/engines/libmurrine.so
8b560000-8b58a000 r--p 00000000 08:06 537636     /usr/share/locale-langpack/es/LC_MESSAGES/gtk20-properties.mo
8b58a000-8b58b000 ---p 00000000 00:00 0 
8b58b000-8bd8b000 rw-p 00000000 00:00 0 
8bd8b000-8bd8c000 ---p 00000000 00:00 0 
8bd8c000-8c58c000 rw-p 00000000 00:00 0 
8c58c000-8c593000 r-xp 00000000 08:06 267159     /usr/lib/i386-linux-gnu/gio/modules/libdconfsettings.so
8c593000-8c594000 r--p 00006000 08:06 267159     /usr/lib/i386-linux-gnu/gio/modules/libdconfsettings.so
8c594000-8c595000 rw-p 00007000 08:06 267159     /usr/lib/i386-linux-gnu/gio/modules/libdconfsettings.so
8c595000-8c5c2000 r--p 00000000 08:06 787668     /usr/share/glib-2.0/schemas/gschemas.compiled
8c5c2000-8c5da000 r--p 00000000 08:06 537592     /usr/share/locale-langpack/es/LC_MESSAGES/glib20.mo
8c5da000-8c5ea000 r-xp 00000000 08:06 264681     /usr/lib/liboverlay-scrollbar-0.2.so.0.0.16
8c5ea000-8c5eb000 r--p 0000f000 08:06 264681     /usr/lib/liboverlay-scrollbar-0.2.so.0.0.16
8c5eb000-8c5ec000 rw-p 00010000 08:06 264681     /usr/lib/liboverlay-scrollbar-0.2.so.0.0.16
8c5ec000-8c626000 r-xp 00000000 08:06 1440019    /lib/i386-linux-gnu/libpcre.so.3.12.1
8c626000-8c627000 r--p 00039000 08:06 1440019    /lib/i386-linux-gnu/libpcre.so.3.12.1
8c627000-8c628000 rw-p 0003a000 08:06 1440019    /lib/i386-linux-gnu/libpcre.so.3.12.1
8c628000-8c62d000 r-xp 00000000 08:06 266401     /usr/lib/i386-linux-gnu/libffi.so.6.0.0
8c62d000-8c62e000 r--p 00004000 08:06 266401     /usr/lib/i386-linux-gnu/libffi.so.6.0.0
8c62e000-8c62f000 rw-p 00005000 08:06 266401     /usr/lib/i386-linux-gnu/libffi.so.6.0.0
8c62f000-8c655000 r-xp 00000000 08:06 1457396    /lib/i386-linux-gnu/libexpat.so.1.5.2
8c655000-8c656000 ---p 00026000 08:06 1457396    /lib/i386-linux-gnu/libexpat.so.1.5.2
8c656000-8c658000 r--p 00026000 08:06 1457396    /lib/i386-linux-gnu/libexpat.so.1.5.2
8c658000-8c659000 rw-p 00028000 08:06 1457396    /lib/i386-linux-gnu/libexpat.so.1.5.2
8c659000-8c66c000 r-xp 00000000 08:06 1457734    /lib/i386-linux-gnu/libresolv-2.15.so
8c66c000-8c66d000 ---p 00013000 08:06 1457734    /lib/i386-linux-gnu/libresolv-2.15.so
8c66d000-8c66e000 r--p 00013000 08:06 1457734    /lib/i386-linux-gnu/libresolv-2.15.so
8c66e000-8c66f000 rw-p 00014000 08:06 1457734    /lib/i386-linux-gnu/libresolv-2.15.so
8c66f000-8c671000 rw-p 00000000 00:00 0 
8c671000-8c68e000 r-xp 00000000 08:06 1439991    /lib/i386-linux-gnu/libselinux.so.1
8c68e000-8c68f000 r--p 0001c000 08:06 1439991    /lib/i386-linux-gnu/libselinux.so.1
8c68f000-8c690000 rw-p 0001d000 08:06 1439991    /lib/i386-linux-gnu/libselinux.so.1
8c690000-8c693000 r-xp 00000000 08:06 264620     /usr/lib/i386-linux-gnu/libgmodule-2.0.so.0.3200.4
8c693000-8c694000 r--p 00002000 08:06 264620     /usr/lib/i386-linux-gnu/libgmodule-2.0.so.0.3200.4
8c694000-8c695000 rw-p 00003000 08:06 264620     /usr/lib/i386-linux-gnu/libgmodule-2.0.so.0.3200.4
8c695000-8c6a9000 r-xp 00000000 08:06 1440014    /lib/i386-linux-gnu/libz.so.1.2.3.4
8c6a9000-8c6aa000 r--p 00013000 08:06 1440014    /lib/i386-linux-gnu/libz.so.1.2.3.4
8c6aa000-8c6ab000 rw-p 00014000 08:06 1440014    /lib/i386-linux-gnu/libz.so.1.2.3.4
8c6ab000-8c6b3000 r-xp 00000000 08:06 263969     /usr/lib/i386-linux-gnu/libxcb-render.so.0.0.0
8c6b3000-8c6b4000 r--p 00008000 08:06 263969     /usr/lib/i386-linux-gnu/libxcb-render.so.0.0.0
8c6b4000-8c6b5000 rw-p 00009000 08:06 263969     /usr/lib/i386-linux-gnu/libxcb-render.so.0.0.0
8c6b5000-8c6b7000 r-xp 00000000 08:06 266211     /usr/lib/i386-linux-gnu/libxcb-shm.so.0.0.0
8c6b7000-8c6b8000 r--p 00001000 08:06 266211     /usr/lib/i386-linux-gnu/libxcb-shm.so.0.0.0
8c6b8000-8c6b9000 rw-p 00002000 08:06 266211     /usr/lib/i386-linux-gnu/libxcb-shm.so.0.0.0
8c6b9000-8c6e1000 r-xp 00000000 08:06 1440022    /lib/i386-linux-gnu/libpng12.so.0.46.0
8c6e1000-8c6e2000 r--p 00027000 08:06 1440022    /lib/i386-linux-gnu/libpng12.so.0.46.0
8c6e2000-8c6e3000 rw-p 00028000 08:06 1440022    /lib/i386-linux-gnu/libpng12.so.0.46.0
8c6e3000-8c778000 r-xp 00000000 08:06 263811     /usr/lib/i386-linux-gnu/libpixman-1.so.0.30.2
8c778000-8c77d000 r--p 00095000 08:06 263811     /usr/lib/i386-linux-gnu/libpixman-1.so.0.30.2
8c77d000-8c77e000 rw-p 0009a000 08:06 263811     /usr/lib/i386-linux-gnu/libpixman-1.so.0.30.2
8c77e000-8c814000 r-xp 00000000 08:06 261665     /usr/lib/i386-linux-gnu/libfreetype.so.6.8.0
8c814000-8c818000 r--p 00095000 08:06 261665     /usr/lib/i386-linux-gnu/libfreetype.so.6.8.0
8c818000-8c819000 rw-p 00099000 08:06 261665     /usr/lib/i386-linux-gnu/libfreetype.so.6.8.0
8c819000-8c910000 r-xp 00000000 08:06 1452961    /lib/i386-linux-gnu/libglib-2.0.so.0.3200.4
8c910000-8c911000 r--p 000f6000 08:06 1452961    /lib/i386-linux-gnu/libglib-2.0.so.0.3200.4
8c911000-8c912000 rw-p 000f7000 08:06 1452961    /lib/i386-linux-gnu/libglib-2.0.so.0.3200.4
8c912000-8c95f000 r-xp 00000000 08:06 264162     /usr/lib/i386-linux-gnu/libgobject-2.0.so.0.3200.4
8c95f000-8c960000 r--p 0004c000 08:06 264162     /usr/lib/i386-linux-gnu/libgobject-2.0.so.0.3200.4
8c960000-8c961000 rw-p 0004d000 08:06 264162     /usr/lib/i386-linux-gnu/libgobject-2.0.so.0.3200.4
8c961000-8c993000 r-xp 00000000 08:06 265215     /usr/lib/i386-linux-gnu/libfontconfig.so.1.4.4
8c993000-8c994000 r--p 00032000 08:06 265215     /usr/lib/i386-linux-gnu/libfontconfig.so.1.4.4
8c994000-8c995000 rw-p 00033000 08:06 265215     /usr/lib/i386-linux-gnu/libfontconfig.so.1.4.4
8c995000-8c9dc000 r-xp 00000000 08:06 266638     /usr/lib/i386-linux-gnu/libpango-1.0.so.0.3000.0
8c9dc000-8c9dd000 ---p 00047000 08:06 266638     /usr/lib/i386-linux-gnu/libpango-1.0.so.0.3000.0
8c9dd000-8c9de000 r--p 00047000 08:06 266638     /usr/lib/i386-linux-gnu/libpango-1.0.so.0.3000.0
8c9de000-8c9df000 rw-p 00048000 08:06 266638     /usr/lib/i386-linux-gnu/libpango-1.0.so.0.3000.0
8c9df000-8ca09000 r-xp 00000000 08:06 266642     /usr/lib/i386-linux-gnu/libpangoft2-1.0.so.0.3000.0
8ca09000-8ca0a000 r--p 00029000 08:06 266642     /usr/lib/i386-linux-gnu/libpangoft2-1.0.so.0.3000.0
8ca0a000-8ca0b000 rw-p 0002a000 08:06 266642     /usr/lib/i386-linux-gnu/libpangoft2-1.0.so.0.3000.0
8ca0b000-8cb5e000 r-xp 00000000 08:06 264180     /usr/lib/i386-linux-gnu/libgio-2.0.so.0.3200.4
8cb5e000-8cb60000 r--p 00153000 08:06 264180     /usr/lib/i386-linux-gnu/libgio-2.0.so.0.3200.4
8cb60000-8cb61000 rw-p 00155000 08:06 264180     /usr/lib/i386-linux-gnu/libgio-2.0.so.0.3200.4
8cb61000-8cb62000 rw-p 00000000 00:00 0 
8cb62000-8cb82000 r-xp 00000000 08:06 312675     /usr/lib/i386-linux-gnu/libgdk_pixbuf-2.0.so.0.2600.1
8cb82000-8cb83000 r--p 0001f000 08:06 312675     /usr/lib/i386-linux-gnu/libgdk_pixbuf-2.0.so.0.2600.1
8cb83000-8cb84000 rw-p 00020000 08:06 312675     /usr/lib/i386-linux-gnu/libgdk_pixbuf-2.0.so.0.2600.1
8cb84000-8cc4b000 r-xp 00000000 08:06 266313     /usr/lib/i386-linux-gnu/libcairo.so.2.11000.2
8cc4b000-8cc4c000 r--p 000c7000 08:06 266313     /usr/lib/i386-linux-gnu/libcairo.so.2.11000.2
8cc4c000-8cc4d000 rw-p 000c8000 08:06 266313     /usr/lib/i386-linux-gnu/libcairo.so.2.11000.2
8cc4d000-8cc4f000 rw-p 00000000 00:00 0 
8cc4f000-8cc6c000 r-xp 00000000 08:06 266275     /usr/lib/i386-linux-gnu/libatk-1.0.so.0.20409.1
8cc6c000-8cc6e000 r--p 0001c000 08:06 266275     /usr/lib/i386-linux-gnu/libatk-1.0.so.0.20409.1
8cc6e000-8cc6f000 rw-p 0001e000 08:06 266275     /usr/lib/i386-linux-gnu/libatk-1.0.so.0.20409.1
8cc6f000-8cd1a000 r-xp 00000000 08:06 267137     /usr/lib/i386-linux-gnu/libgdk-x11-2.0.so.0.2400.10
8cd1a000-8cd1c000 r--p 000ab000 08:06 267137     /usr/lib/i386-linux-gnu/libgdk-x11-2.0.so.0.2400.10
8cd1c000-8cd1d000 rw-p 000ad000 08:06 267137     /usr/lib/i386-linux-gnu/libgdk-x11-2.0.so.0.2400.10
8cd1d000-8d17e000 r-xp 00000000 08:06 312683     /usr/lib/i386-linux-gnu/libgtk-x11-2.0.so.0.2400.10
8d17e000-8d182000 r--p 00461000 08:06 312683     /usr/lib/i386-linux-gnu/libgtk-x11-2.0.so.0.2400.10
8d182000-8d184000 rw-p 00465000 08:06 312683     /usr/lib/i386-linux-gnu/libgtk-x11-2.0.so.0.2400.10
8d184000-8d186000 rw-p 00000000 00:00 0 
8d186000-8d189000 ---p 00000000 00:00 0 
8d189000-8d1d7000 rw-p 00000000 00:00 0 
8d1d7000-8d1da000 ---p 00000000 00:00 0 
8d1da000-8d228000 rw-p 00000000 00:00 0 
8d228000-8d22b000 ---p 00000000 00:00 0 
8d22b000-8d279000 rw-p 00000000 00:00 0 
8d279000-8d27c000 ---p 00000000 00:00 0 
8d27c000-8d2ca000 rw-p 00000000 00:00 0 
8d2ca000-8d2cd000 ---p 00000000 00:00 0 
8d2cd000-8d31b000 rw-p 00000000 00:00 0 
8d31b000-8d44b000 r-xp 00000000 08:06 262277     /usr/lib/i386-linux-gnu/libX11.so.6.3.0
8d44b000-8d44c000 r--p 0012f000 08:06 262277     /usr/lib/i386-linux-gnu/libX11.so.6.3.0
8d44c000-8d44e000 rw-p 00130000 08:06 262277     /usr/lib/i386-linux-gnu/libX11.so.6.3.0
8d44e000-8d44f000 rw-p 00000000 00:00 0 
8d44f000-8d4d5000 r-xp 00000000 08:06 575776     /home/nicolas/jmonkeyplatform/jdk/jre/lib/i386/libawt.so
8d4d5000-8d4dc000 rw-p 00086000 08:06 575776     /home/nicolas/jmonkeyplatform/jdk/jre/lib/i386/libawt.so
8d4dc000-8d500000 rw-p 00000000 00:00 0 
8d500000-8d5d2000 rw-p 00000000 00:00 0 
8d5d2000-8d600000 ---p 00000000 00:00 0 
8d600000-8d601000 rw-s 1d88f000 00:05 8425       /dev/dri/card0
8d601000-8d602000 rwxp 00000000 00:00 0 
8d602000-8d60d000 r-xp 00000000 08:06 266640     /usr/lib/i386-linux-gnu/libpangocairo-1.0.so.0.3000.0
8d60d000-8d60e000 r--p 0000a000 08:06 266640     /usr/lib/i386-linux-gnu/libpangocairo-1.0.so.0.3000.0
8d60e000-8d60f000 rw-p 0000b000 08:06 266640     /usr/lib/i386-linux-gnu/libpangocairo-1.0.so.0.3000.0
8d60f000-8d618000 r-xp 00000000 08:06 266248     /usr/lib/i386-linux-gnu/libXcursor.so.1.0.2
8d618000-8d619000 r--p 00008000 08:06 266248     /usr/lib/i386-linux-gnu/libXcursor.so.1.0.2
8d619000-8d61a000 rw-p 00009000 08:06 266248     /usr/lib/i386-linux-gnu/libXcursor.so.1.0.2
8d61a000-8d61b000 r-xp 00000000 08:06 575759     /home/nicolas/jmonkeyplatform/jdk/jre/lib/i386/libjawt.so
8d61b000-8d61c000 rw-p 00000000 08:06 575759     /home/nicolas/jmonkeyplatform/jdk/jre/lib/i386/libjawt.so
8d61c000-8d620000 r--p 00000000 08:06 162632     /home/nicolas/.config/dconf/user
8d620000-8d62f000 r--p 00000000 08:06 537640     /usr/share/locale-langpack/es/LC_MESSAGES/gtk20.mo
8d62f000-8d678000 r-xp 00000000 08:06 575820     /home/nicolas/jmonkeyplatform/jdk/jre/lib/i386/xawt/libmawt.so
8d678000-8d67a000 rw-p 00049000 08:06 575820     /home/nicolas/jmonkeyplatform/jdk/jre/lib/i386/xawt/libmawt.so
8d67a000-8d67b000 rw-p 00000000 00:00 0 
8d67b000-8d67c000 ---p 00000000 00:00 0 
8d67c000-8d6fc000 rw-p 00000000 00:00 0 
8d6fc000-8d6ff000 ---p 00000000 00:00 0 
8d6ff000-8d74d000 rw-p 00000000 00:00 0 
8d74d000-8d750000 ---p 00000000 00:00 0 
8d750000-8d7ce000 rw-p 00000000 00:00 0 
8d7ce000-8d900000 r--p 005e3000 08:06 269989     /usr/lib/locale/locale-archive
8d900000-8db00000 r--p 00000000 08:06 269989     /usr/lib/locale/locale-archive
8db00000-8dbfc000 rw-p 00000000 00:00 0 
8dbfc000-8dc00000 ---p 00000000 00:00 0 
8dc00000-8dc07000 r-xp 00000000 08:06 266242     /usr/lib/i386-linux-gnu/libXrandr.so.2.2.0
8dc07000-8dc08000 r--p 00006000 08:06 266242     /usr/lib/i386-linux-gnu/libXrandr.so.2.2.0
8dc08000-8dc09000 rw-p 00007000 08:06 266242     /usr/lib/i386-linux-gnu/libXrandr.so.2.2.0
8dc09000-8dc2e000 r--p 00000000 08:06 543153     /usr/share/locale-langpack/es/LC_MESSAGES/libc.mo
8dc2e000-8dc31000 ---p 00000000 00:00 0 
8dc31000-8dcaf000 rw-p 00000000 00:00 0 
8dcaf000-8dcb2000 ---p 00000000 00:00 0 
8dcb2000-8dd00000 rw-p 00000000 00:00 0 
8dd00000-8ddfd000 rw-p 00000000 00:00 0 
8ddfd000-8de00000 ---p 00000000 00:00 0 
8de00000-8de01000 r-xp 00000000 08:06 264433     /usr/lib/i386-linux-gnu/libgthread-2.0.so.0.3200.4
8de01000-8de02000 r--p 00000000 08:06 264433     /usr/lib/i386-linux-gnu/libgthread-2.0.so.0.3200.4
8de02000-8de03000 rw-p 00001000 08:06 264433     /usr/lib/i386-linux-gnu/libgthread-2.0.so.0.3200.4
8de03000-8de0d000 r--s 00250000 08:06 575835     /home/nicolas/jmonkeyplatform/jdk/jre/lib/resources.jar
8de0d000-8de2c000 r-xp 00000000 08:06 270372     /usr/lib/i386-linux-gnu/libxcb.so.1.1.0
8de2c000-8de2d000 r--p 0001f000 08:06 270372     /usr/lib/i386-linux-gnu/libxcb.so.1.1.0
8de2d000-8de2e000 rw-p 00020000 08:06 270372     /usr/lib/i386-linux-gnu/libxcb.so.1.1.0
8de2e000-8de31000 ---p 00000000 00:00 0 
8de31000-8de7f000 rw-p 00000000 00:00 0 
8de7f000-8de80000 ---p 00000000 00:00 0 
8de80000-8df00000 rw-p 00000000 00:00 0 
8df00000-8e000000 rw-p 00000000 00:00 0 
8e000000-8e001000 r--s 00000000 08:06 155677     /home/nicolas/.cache/dconf/user
8e001000-8e010000 r-xp 00000000 08:06 261832     /usr/lib/i386-linux-gnu/libXi.so.6.1.0
8e010000-8e011000 r--p 0000e000 08:06 261832     /usr/lib/i386-linux-gnu/libXi.so.6.1.0
8e011000-8e012000 rw-p 0000f000 08:06 261832     /usr/lib/i386-linux-gnu/libXi.so.6.1.0
8e012000-8e05d000 rw-p 00000000 00:00 0 
8e05d000-8e21a000 r--s 039bf000 08:06 575915     /home/nicolas/jmonkeyplatform/jdk/jre/lib/rt.jar
8e21a000-8f600000 rw-p 00000000 00:00 0 
8f600000-8f6f9000 rw-p 00000000 00:00 0 
8f6f9000-8f700000 ---p 00000000 00:00 0 
8f700000-8f702000 r-xp 00000000 08:06 266225     /usr/lib/i386-linux-gnu/libXdamage.so.1.1.0
8f702000-8f703000 r--p 00001000 08:06 266225     /usr/lib/i386-linux-gnu/libXdamage.so.1.1.0
8f703000-8f704000 rw-p 00002000 08:06 266225     /usr/lib/i386-linux-gnu/libXdamage.so.1.1.0
8f704000-8f709000 r-xp 00000000 08:06 266227     /usr/lib/i386-linux-gnu/libXdmcp.so.6.0.0
8f709000-8f70a000 r--p 00004000 08:06 266227     /usr/lib/i386-linux-gnu/libXdmcp.so.6.0.0
8f70a000-8f70b000 rw-p 00005000 08:06 266227     /usr/lib/i386-linux-gnu/libXdmcp.so.6.0.0
8f70b000-8f710000 r-xp 00000000 08:06 266250     /usr/lib/i386-linux-gnu/libXtst.so.6.1.0
8f710000-8f711000 r--p 00004000 08:06 266250     /usr/lib/i386-linux-gnu/libXtst.so.6.1.0
8f711000-8f712000 rw-p 00005000 08:06 266250     /usr/lib/i386-linux-gnu/libXtst.so.6.1.0
8f712000-8f71a000 r-xp 00000000 08:06 266256     /usr/lib/i386-linux-gnu/libXrender.so.1.3.0
8f71a000-8f71b000 r--p 00007000 08:06 266256     /usr/lib/i386-linux-gnu/libXrender.so.1.3.0
8f71b000-8f71c000 rw-p 00008000 08:06 266256     /usr/lib/i386-linux-gnu/libXrender.so.1.3.0
8f71c000-8f72c000 r-xp 00000000 08:06 266213     /usr/lib/i386-linux-gnu/libXext.so.6.4.0
8f72c000-8f72d000 r--p 0000f000 08:06 266213     /usr/lib/i386-linux-gnu/libXext.so.6.4.0
8f72d000-8f72e000 rw-p 00010000 08:06 266213     /usr/lib/i386-linux-gnu/libXext.so.6.4.0
8f72e000-8f731000 ---p 00000000 00:00 0 
8f731000-8f77f000 rw-p 00000000 00:00 0 
8f77f000-8f780000 ---p 00000000 00:00 0 
8f780000-8f800000 rw-p 00000000 00:00 0 
8f800000-8f821000 rw-p 00000000 00:00 0 
8f821000-8f900000 ---p 00000000 00:00 0 
8f900000-8f921000 rw-p 00000000 00:00 0 
8f921000-8fa00000 ---p 00000000 00:00 0 
8fa00000-8fa02000 r-xp 00000000 08:06 266216     /usr/lib/i386-linux-gnu/libXau.so.6.0.0
8fa02000-8fa03000 r--p 00001000 08:06 266216     /usr/lib/i386-linux-gnu/libXau.so.6.0.0
8fa03000-8fa04000 rw-p 00002000 08:06 266216     /usr/lib/i386-linux-gnu/libXau.so.6.0.0
8fa04000-8fa06000 r-xp 00000000 08:06 266221     /usr/lib/i386-linux-gnu/libXcomposite.so.1.0.0
8fa06000-8fa07000 r--p 00001000 08:06 266221     /usr/lib/i386-linux-gnu/libXcomposite.so.1.0.0
8fa07000-8fa08000 rw-p 00002000 08:06 266221     /usr/lib/i386-linux-gnu/libXcomposite.so.1.0.0
8fa08000-8fa0a000 r-xp 00000000 08:06 266234     /usr/lib/i386-linux-gnu/libXinerama.so.1.0.0
8fa0a000-8fa0b000 r--p 00001000 08:06 266234     /usr/lib/i386-linux-gnu/libXinerama.so.1.0.0
8fa0b000-8fa0c000 rw-p 00002000 08:06 266234     /usr/lib/i386-linux-gnu/libXinerama.so.1.0.0
8fa0c000-8fa10000 r-xp 00000000 08:06 263304     /usr/lib/i386-linux-gnu/libXfixes.so.3.1.0
8fa10000-8fa11000 r--p 00004000 08:06 263304     /usr/lib/i386-linux-gnu/libXfixes.so.3.1.0
8fa11000-8fa12000 rw-p 00005000 08:06 263304     /usr/lib/i386-linux-gnu/libXfixes.so.3.1.0
8fa12000-8fa19000 r--s 00000000 08:06 333336     /usr/lib/i386-linux-gnu/gconv/gconv-modules.cache
8fa19000-8fa24000 r--s 0037c000 08:06 575920     /home/nicolas/jmonkeyplatform/jdk/jre/lib/charsets.jar
8fa24000-8fa7f000 rw-p 00000000 00:00 0 
8fa7f000-8fa80000 ---p 00000000 00:00 0 
8fa80000-8fb00000 rw-p 00000000 00:00 0 
8fb00000-8fb21000 rw-p 00000000 00:00 0 
8fb21000-8fc00000 ---p 00000000 00:00 0 
8fc00000-8fc04000 r--s 000f7000 08:06 575905     /home/nicolas/jmonkeyplatform/jdk/jre/lib/ext/localedata.jar
8fc04000-8fc0b000 r--s 0286f000 08:06 446058     /home/nicolas/jmonkeyplatform/jmonkeyplatform/libs/jME3-testdata.jar
8fc0b000-8fc0e000 r--s 0001a000 08:06 446084     /home/nicolas/jmonkeyplatform/jmonkeyplatform/libs/xmlpull-xpp3.jar
8fc0e000-8fc16000 r--s 00039000 08:06 445856     /home/nicolas/jmonkeyplatform/jmonkeyplatform/libs/nifty-default-controls.jar
8fc16000-8fc22000 r--s 00076000 08:06 446255     /home/nicolas/jmonkeyplatform/jmonkeyplatform/libs/nifty.jar
8fc22000-8fc2c000 r--s 00079000 08:06 446212     /home/nicolas/jmonkeyplatform/jmonkeyplatform/libs/jbullet.jar
8fc2c000-8fc3a000 r--s 000e2000 08:06 446251     /home/nicolas/jmonkeyplatform/jmonkeyplatform/libs/lwjgl.jar
8fc3a000-8fc3b000 ---p 00000000 00:00 0 
8fc3b000-8fcbb000 rw-p 00000000 00:00 0 
8fcbb000-8fcbc000 ---p 00000000 00:00 0 
8fcbc000-8fd50000 rw-p 00000000 00:00 0 
8fd50000-8fde4000 rw-p 00000000 00:00 0 
8fde4000-8fdf3000 rw-p 00000000 00:00 0 
8fdf3000-8fe04000 rw-p 00000000 00:00 0 
8fe04000-8fe18000 rw-p 00000000 00:00 0 
8fe18000-8feab000 rw-p 00000000 00:00 0 
8feab000-8fec2000 rw-p 00000000 00:00 0 
8fec2000-8feff000 rw-p 00000000 00:00 0 
8feff000-91bc0000 rw-p 00000000 00:00 0 
91bc0000-93f00000 rw-p 00000000 00:00 0 
93f00000-96700000 rw-p 00000000 00:00 0 
96700000-a8d80000 rw-p 00000000 00:00 0 
a8d80000-ab980000 rw-p 00000000 00:00 0 
ab980000-b3500000 rw-p 00000000 00:00 0 
b3500000-b3502000 r--s 00012000 08:06 446185     /home/nicolas/jmonkeyplatform/jmonkeyplatform/libs/eventbus.jar
b3502000-b3511000 rw-p 00000000 00:00 0 
b3511000-b3522000 rw-p 00000000 00:00 0 
b3522000-b352b000 rw-p 00000000 00:00 0 
b352b000-b35e2000 rw-p 00000000 00:00 0 
b35e2000-b3822000 rwxp 00000000 00:00 0 
b3822000-b65e2000 rw-p 00000000 00:00 0 
b65e2000-b65e9000 r-xp 00000000 08:06 1463396    /lib/i386-linux-gnu/libnss_compat-2.15.so
b65e9000-b65ea000 r--p 00006000 08:06 1463396    /lib/i386-linux-gnu/libnss_compat-2.15.so
b65ea000-b65eb000 rw-p 00007000 08:06 1463396    /lib/i386-linux-gnu/libnss_compat-2.15.so
b65eb000-b65ed000 r--s 00010000 08:06 445976     /home/nicolas/jmonkeyplatform/jmonkeyplatform/libs/nifty-style-black.jar
b65ed000-b65ee000 r--s 00008000 08:06 446055     /home/nicolas/jmonkeyplatform/jmonkeyplatform/libs/jME3-niftygui.jar
b65ee000-b65ef000 r--s 0000b000 08:06 446112     /home/nicolas/jmonkeyplatform/jmonkeyplatform/libs/stack-alloc.jar
b65ef000-b6600000 r--s 0011b000 08:06 446159     /home/nicolas/jmonkeyplatform/jmonkeyplatform/libs/jME3-core.jar
b6600000-b66f6000 rw-p 00000000 00:00 0 
b66f6000-b6700000 ---p 00000000 00:00 0 
b6700000-b6702000 r--s 0003c000 08:06 446215     /home/nicolas/jmonkeyplatform/jmonkeyplatform/libs/vecmath.jar
b6702000-b6706000 r--s 00025000 08:06 446077     /home/nicolas/jmonkeyplatform/jmonkeyplatform/libs/jME3-jbullet.jar
b6706000-b670a000 r--s 00030000 08:06 446234     /home/nicolas/jmonkeyplatform/jmonkeyplatform/libs/jinput.jar
b670a000-b670c000 r--s 00243000 08:06 445962     /home/nicolas/jmonkeyplatform/jmonkeyplatform/libs/jME3-lwjgl-natives.jar
b670c000-b671a000 rw-p 00000000 00:00 0 
b671a000-b6731000 r-xp 00000000 08:06 575808     /home/nicolas/jmonkeyplatform/jdk/jre/lib/i386/libzip.so
b6731000-b6732000 rw-p 00017000 08:06 575808     /home/nicolas/jmonkeyplatform/jdk/jre/lib/i386/libzip.so
b6732000-b673c000 r-xp 00000000 08:06 1463496    /lib/i386-linux-gnu/libnss_files-2.15.so
b673c000-b673d000 r--p 00009000 08:06 1463496    /lib/i386-linux-gnu/libnss_files-2.15.so
b673d000-b673e000 rw-p 0000a000 08:06 1463496    /lib/i386-linux-gnu/libnss_files-2.15.so
b673e000-b6748000 r-xp 00000000 08:06 1457653    /lib/i386-linux-gnu/libnss_nis-2.15.so
b6748000-b6749000 r--p 00009000 08:06 1457653    /lib/i386-linux-gnu/libnss_nis-2.15.so
b6749000-b674a000 rw-p 0000a000 08:06 1457653    /lib/i386-linux-gnu/libnss_nis-2.15.so
b674a000-b674c000 r--s 00017000 08:06 446141     /home/nicolas/jmonkeyplatform/jmonkeyplatform/libs/jME3-lwjgl.jar
b674c000-b6750000 r--s 00023000 08:06 446085     /home/nicolas/jmonkeyplatform/jmonkeyplatform/libs/jME3-terrain.jar
b6750000-b6751000 r--s 00009000 08:06 446056     /home/nicolas/jmonkeyplatform/jmonkeyplatform/libs/j-ogg-vorbisd.jar
b6751000-b6753000 r--s 00005000 08:06 446135     /home/nicolas/jmonkeyplatform/jmonkeyplatform/libs/j-ogg-oggd.jar
b6753000-b6754000 r--s 00002000 08:06 446163     /home/nicolas/jmonkeyplatform/jmonkeyplatform/libs/jME3-jogg.jar
b6754000-b6757000 r--s 0001c000 08:06 446010     /home/nicolas/jmonkeyplatform/jmonkeyplatform/libs/jME3-networking.jar
b6757000-b675f000 rw-s 00000000 08:06 1048171    /tmp/hsperfdata_nicolas/5546 (deleted)
b675f000-b6775000 r-xp 00000000 08:06 1463387    /lib/i386-linux-gnu/libnsl-2.15.so
b6775000-b6776000 r--p 00015000 08:06 1463387    /lib/i386-linux-gnu/libnsl-2.15.so
b6776000-b6777000 rw-p 00016000 08:06 1463387    /lib/i386-linux-gnu/libnsl-2.15.so
b6777000-b6779000 rw-p 00000000 00:00 0 
b6779000-b679c000 r-xp 00000000 08:06 575809     /home/nicolas/jmonkeyplatform/jdk/jre/lib/i386/libjava.so
b679c000-b679d000 rw-p 00022000 08:06 575809     /home/nicolas/jmonkeyplatform/jdk/jre/lib/i386/libjava.so
b679d000-b67a4000 r-xp 00000000 08:06 1457733    /lib/i386-linux-gnu/librt-2.15.so
b67a4000-b67a5000 r--p 00006000 08:06 1457733    /lib/i386-linux-gnu/librt-2.15.so
b67a5000-b67a6000 rw-p 00007000 08:06 1457733    /lib/i386-linux-gnu/librt-2.15.so
b67a6000-b67a9000 ---p 00000000 00:00 0 
b67a9000-b67f7000 rw-p 00000000 00:00 0 
b67f7000-b6821000 r-xp 00000000 08:06 1463497    /lib/i386-linux-gnu/libm-2.15.so
b6821000-b6822000 r--p 00029000 08:06 1463497    /lib/i386-linux-gnu/libm-2.15.so
b6822000-b6823000 rw-p 0002a000 08:06 1463497    /lib/i386-linux-gnu/libm-2.15.so
b6823000-b709a000 r-xp 00000000 08:06 575813     /home/nicolas/jmonkeyplatform/jdk/jre/lib/i386/server/libjvm.so
b709a000-b70fe000 rw-p 00877000 08:06 575813     /home/nicolas/jmonkeyplatform/jdk/jre/lib/i386/server/libjvm.so
b70fe000-b7522000 rw-p 00000000 00:00 0 
b7522000-b76c5000 r-xp 00000000 08:06 1461095    /lib/i386-linux-gnu/libc-2.15.so
b76c5000-b76c7000 r--p 001a3000 08:06 1461095    /lib/i386-linux-gnu/libc-2.15.so
b76c7000-b76c8000 rw-p 001a5000 08:06 1461095    /lib/i386-linux-gnu/libc-2.15.so
b76c8000-b76cb000 rw-p 00000000 00:00 0 
b76cb000-b76ce000 r-xp 00000000 08:06 1457496    /lib/i386-linux-gnu/libdl-2.15.so
b76ce000-b76cf000 r--p 00002000 08:06 1457496    /lib/i386-linux-gnu/libdl-2.15.so
b76cf000-b76d0000 rw-p 00003000 08:06 1457496    /lib/i386-linux-gnu/libdl-2.15.so
b76d0000-b76e3000 r-xp 00000000 08:06 576436     /home/nicolas/jmonkeyplatform/jdk/lib/i386/jli/libjli.so
b76e3000-b76e4000 rw-p 00012000 08:06 576436     /home/nicolas/jmonkeyplatform/jdk/lib/i386/jli/libjli.so
b76e4000-b76e5000 rw-p 00000000 00:00 0 
b76e5000-b76fc000 r-xp 00000000 08:06 1463388    /lib/i386-linux-gnu/libpthread-2.15.so
b76fc000-b76fd000 r--p 00016000 08:06 1463388    /lib/i386-linux-gnu/libpthread-2.15.so
b76fd000-b76fe000 rw-p 00017000 08:06 1463388    /lib/i386-linux-gnu/libpthread-2.15.so
b76fe000-b7700000 rw-p 00000000 00:00 0 
b7700000-b7703000 r--s 0007f000 08:06 446081     /home/nicolas/jmonkeyplatform/jmonkeyplatform/libs/jME3-effects.jar
b7703000-b7704000 r--s 00010000 08:06 446083     /home/nicolas/jmonkeyplatform/jmonkeyplatform/libs/jME3-plugins.jar
b7704000-b7707000 r--s 00035000 08:06 446078     /home/nicolas/jmonkeyplatform/jmonkeyplatform/libs/jME3-desktop.jar
b7707000-b7708000 rw-p 00000000 00:00 0 
b7708000-b7709000 ---p 00000000 00:00 0 
b7709000-b7714000 r-xp 00000000 08:06 575810     /home/nicolas/jmonkeyplatform/jdk/jre/lib/i386/libverify.so
b7714000-b7715000 rw-p 0000b000 08:06 575810     /home/nicolas/jmonkeyplatform/jdk/jre/lib/i386/libverify.so
b7715000-b7717000 rw-p 00000000 00:00 0 
b7717000-b7718000 r-xp 00000000 00:00 0          [vdso]
b7718000-b7738000 r-xp 00000000 08:06 1463394    /lib/i386-linux-gnu/ld-2.15.so
b7738000-b7739000 r--p 0001f000 08:06 1463394    /lib/i386-linux-gnu/ld-2.15.so
b7739000-b773a000 rw-p 00020000 08:06 1463394    /lib/i386-linux-gnu/ld-2.15.so
bff05000-bff26000 rw-p 00000000 00:00 0          [stack]

VM Arguments:
jvm_args: -Dfile.encoding=UTF-8 
java_command: mygame.Main
Launcher Type: SUN_STANDARD

Environment Variables:
PATH=/usr/lib/lightdm/lightdm:/usr/local/sbin:/usr/local/bin:/usr/sbin:/usr/bin:/sbin:/bin:/usr/games
LD_LIBRARY_PATH=/home/nicolas/jmonkeyplatform/bin/../jdk/jre/lib/amd64:/home/nicolas/jmonkeyplatform/bin/../jdk/jre/lib/i386:
SHELL=/bin/bash
DISPLAY=:0.0

Signal Handlers:
SIGSEGV: [libjvm.so+0x7dd5e0], sa_mask[0]=0x7ffbfeff, sa_flags=0x10000004
SIGBUS: [libjvm.so+0x7dd5e0], sa_mask[0]=0x7ffbfeff, sa_flags=0x10000004
SIGFPE: [libjvm.so+0x678d60], sa_mask[0]=0x7ffbfeff, sa_flags=0x10000004
SIGPIPE: SIG_IGN, sa_mask[0]=0x00001000, sa_flags=0x10000000
SIGXFSZ: [libjvm.so+0x678d60], sa_mask[0]=0x7ffbfeff, sa_flags=0x10000004
SIGILL: [libjvm.so+0x678d60], sa_mask[0]=0x7ffbfeff, sa_flags=0x10000004
SIGUSR1: SIG_DFL, sa_mask[0]=0x00000000, sa_flags=0x00000000
SIGUSR2: [libjvm.so+0x67a250], sa_mask[0]=0x00000004, sa_flags=0x10000004
SIGHUP: [libjvm.so+0x67b3a0], sa_mask[0]=0x7ffbfeff, sa_flags=0x10000004
SIGINT: SIG_IGN, sa_mask[0]=0x00000000, sa_flags=0x00000000
SIGTERM: [libjvm.so+0x67b3a0], sa_mask[0]=0x7ffbfeff, sa_flags=0x10000004
SIGQUIT: [libjvm.so+0x67b3a0], sa_mask[0]=0x7ffbfeff, sa_flags=0x10000004


---------------  S Y S T E M  ---------------

OS:wheezy/sid

uname:Linux 3.2.0-104-generic-pae #145-Ubuntu SMP Thu Jun 9 10:25:50 UTC 2016 i686
libc:glibc 2.15 NPTL 2.15 
rlimit: STACK 8192k, CORE 0k, NPROC 15911, NOFILE 4096, AS infinity
load average:1,58 1,14 0,97

/proc/meminfo:
MemTotal:        2051308 kB
MemFree:          100452 kB
Buffers:            2448 kB
Cached:           255180 kB
SwapCached:        22372 kB
Active:          1217088 kB
Inactive:         662420 kB
Active(anon):    1183640 kB
Inactive(anon):   622648 kB
Active(file):      33448 kB
Inactive(file):    39772 kB
Unevictable:          16 kB
Mlocked:              16 kB
HighTotal:       1173704 kB
HighFree:            548 kB
LowTotal:         877604 kB
LowFree:           99904 kB
SwapTotal:       1309260 kB
SwapFree:         964748 kB
Dirty:               192 kB
Writeback:           864 kB
AnonPages:       1615304 kB
Mapped:            70344 kB
Shmem:            183752 kB
Slab:              38896 kB
SReclaimable:      19140 kB
SUnreclaim:        19756 kB
KernelStack:        4376 kB
PageTables:        12644 kB
NFS_Unstable:          0 kB
Bounce:                0 kB
WritebackTmp:          0 kB
CommitLimit:     2334912 kB
Committed_AS:    5286776 kB
VmallocTotal:     122880 kB
VmallocUsed:       11704 kB
VmallocChunk:     102292 kB
HardwareCorrupted:     0 kB
AnonHugePages:         0 kB
HugePages_Total:       0
HugePages_Free:        0
HugePages_Rsvd:        0
HugePages_Surp:        0
Hugepagesize:       2048 kB
DirectMap4k:       10232 kB
DirectMap2M:      903168 kB


CPU:total 4 (4 cores per cpu, 1 threads per core) family 6 model 15 stepping 11, cmov, cx8, fxsr, mmx, sse, sse2, sse3, ssse3, tsc

/proc/cpuinfo:
processor	: 0
vendor_id	: GenuineIntel
cpu family	: 6
model		: 15
model name	: Intel(R) Core(TM)2 Quad CPU    Q6600  @ 2.40GHz
stepping	: 11
microcode	: 0xb6
cpu MHz		: 2394.000
cache size	: 4096 KB
physical id	: 0
siblings	: 4
core id		: 0
cpu cores	: 4
apicid		: 0
initial apicid	: 0
fdiv_bug	: no
hlt_bug		: no
f00f_bug	: no
coma_bug	: no
fpu		: yes
fpu_exception	: yes
cpuid level	: 10
wp		: yes
flags		: fpu vme de pse tsc msr pae mce cx8 apic sep mtrr pge mca cmov pat pse36 clflush dts acpi mmx fxsr sse sse2 ss ht tm pbe nx lm constant_tsc arch_perfmon pebs bts aperfmperf pni dtes64 monitor ds_cpl vmx est tm2 ssse3 cx16 xtpr pdcm lahf_lm dtherm tpr_shadow vnmi flexpriority
bogomips	: 4775.79
clflush size	: 64
cache_alignment	: 64
address sizes	: 36 bits physical, 48 bits virtual
power management:

processor	: 1
vendor_id	: GenuineIntel
cpu family	: 6
model		: 15
model name	: Intel(R) Core(TM)2 Quad CPU    Q6600  @ 2.40GHz
stepping	: 11
microcode	: 0xb6
cpu MHz		: 2394.000
cache size	: 4096 KB
physical id	: 0
siblings	: 4
core id		: 2
cpu cores	: 4
apicid		: 2
initial apicid	: 2
fdiv_bug	: no
hlt_bug		: no
f00f_bug	: no
coma_bug	: no
fpu		: yes
fpu_exception	: yes
cpuid level	: 10
wp		: yes
flags		: fpu vme de pse tsc msr pae mce cx8 apic sep mtrr pge mca cmov pat pse36 clflush dts acpi mmx fxsr sse sse2 ss ht tm pbe nx lm constant_tsc arch_perfmon pebs bts aperfmperf pni dtes64 monitor ds_cpl vmx est tm2 ssse3 cx16 xtpr pdcm lahf_lm dtherm tpr_shadow vnmi flexpriority
bogomips	: 4775.99
clflush size	: 64
cache_alignment	: 64
address sizes	: 36 bits physical, 48 bits virtual
power management:

processor	: 2
vendor_id	: GenuineIntel
cpu family	: 6
model		: 15
model name	: Intel(R) Core(TM)2 Quad CPU    Q6600  @ 2.40GHz
stepping	: 11
microcode	: 0xb6
cpu MHz		: 1596.000
cache size	: 4096 KB
physical id	: 0
siblings	: 4
core id		: 1
cpu cores	: 4
apicid		: 1
initial apicid	: 1
fdiv_bug	: no
hlt_bug		: no
f00f_bug	: no
coma_bug	: no
fpu		: yes
fpu_exception	: yes
cpuid level	: 10
wp		: yes
flags		: fpu vme de pse tsc msr pae mce cx8 apic sep mtrr pge mca cmov pat pse36 clflush dts acpi mmx fxsr sse sse2 ss ht tm pbe nx lm constant_tsc arch_perfmon pebs bts aperfmperf pni dtes64 monitor ds_cpl vmx est tm2 ssse3 cx16 xtpr pdcm lahf_lm dtherm tpr_shadow vnmi flexpriority
bogomips	: 4775.98
clflush size	: 64
cache_alignment	: 64
address sizes	: 36 bits physical, 48 bits virtual
power management:

processor	: 3
vendor_id	: GenuineIntel
cpu family	: 6
model		: 15
model name	: Intel(R) Core(TM)2 Quad CPU    Q6600  @ 2.40GHz
stepping	: 11
microcode	: 0xb6
cpu MHz		: 2394.000
cache size	: 4096 KB
physical id	: 0
siblings	: 4
core id		: 3
cpu cores	: 4
apicid		: 3
initial apicid	: 3
fdiv_bug	: no
hlt_bug		: no
f00f_bug	: no
coma_bug	: no
fpu		: yes
fpu_exception	: yes
cpuid level	: 10
wp		: yes
flags		: fpu vme de pse tsc msr pae mce cx8 apic sep mtrr pge mca cmov pat pse36 clflush dts acpi mmx fxsr sse sse2 ss ht tm pbe nx lm constant_tsc arch_perfmon pebs bts aperfmperf pni dtes64 monitor ds_cpl vmx est tm2 ssse3 cx16 xtpr pdcm lahf_lm dtherm tpr_shadow vnmi flexpriority
bogomips	: 4775.99
clflush size	: 64
cache_alignment	: 64
address sizes	: 36 bits physical, 48 bits virtual
power management:



Memory: 4k page, physical 2051308k(100452k free), swap 1309260k(964748k free)

vm_info: Java HotSpot(TM) Server VM (24.51-b03) for linux-x86 JRE (1.7.0_51-b13), built on Dec 18 2013 18:45:30 by "java_re" with gcc 4.3.0 20080428 (Red Hat 4.3.0-8)

time: Wed Aug  3 23:54:54 2016
elapsed time: 23 seconds

