#
# A fatal error has been detected by the Java Runtime Environment:
#
#  SIGSEGV (0xb) at pc=0x89c6eac2, pid=5856, tid=2318871360
#
# JRE version: Java(TM) SE Runtime Environment (7.0_51-b13) (build 1.7.0_51-b13)
# Java VM: Java HotSpot(TM) Server VM (24.51-b03 mixed mode linux-x86 )
# Problematic frame:
# C  [libopenal.so+0x1bac2]  alcCreateContext+0xd2
#
# Failed to write core dump. Core dumps have been disabled. To enable core dumping, try "ulimit -c unlimited" before starting Java again
#
# If you would like to submit a bug report, please visit:
#   http://bugreport.sun.com/bugreport/crash.jsp
# The crash happened outside the Java Virtual Machine in native code.
# See problematic frame for where to report the bug.
#

---------------  T H R E A D  ---------------

Current thread (0x88b0a000):  JavaThread "jME3 Audio Thread" daemon [_thread_in_native, id=5888, stack(0x8a322000,0x8a373000)]

siginfo:si_signo=SIGSEGV: si_errno=0, si_code=2 (SEGV_ACCERR), si_addr=0x8b1fa004

Registers:
EAX=0x8b1fa004, EBX=0x89ca2ff4, ECX=0x000000ff, EDX=0x00000001
ESP=0x8a371b10, EBP=0x8b1f9ffc, ESI=0x8a239ac0, EDI=0x00000001
EIP=0x89c6eac2, EFLAGS=0x00210293, CR2=0x8b1fa004

Top of Stack: (sp=0x8a371b10)
0x8a371b10:   8f6d59dc 8f6d59cc 8f6d59cc fffffffe
0x8a371b20:   00000000 00000000 00000000 b35eab59
0x8a371b30:   00000008 b7066b68 8fa47a50 00000004
0x8a371b40:   00000000 909825fd 00014cd7 00000000
0x8a371b50:   0000000d 8f6d59bc 8a371c1c b35f5314
0x8a371b60:   b6a9988e 000000ff b6f3dcb6 8a371b7c
0x8a371b70:   b70fdc18 8a371eb0 88b14fe8 8a371bbc
0x8a371b80:   b6cb52ee 8a371ba8 00000004 0000ac44 

Instructions: (pc=0x89c6eac2)
0x89c6eaa2:   8d b6 00 00 00 00 8b 55 00 81 fa 11 10 00 00 74
0x89c6eab2:   3b 81 fa 03 00 02 00 75 07 8b 50 fc 89 54 24 78
0x89c6eac2:   8b 10 89 c5 83 c0 08 85 d2 74 3a 81 fa 07 10 00
0x89c6ead2:   00 75 d3 8b 50 fc 89 54 24 7c 83 8e cc 00 00 00 

Register to memory mapping:

EAX=0x8b1fa004 is an unknown value
EBX=0x89ca2ff4: <offset 0x4fff4> in /home/nicolas/git_repo/arkanoide2/libopenal.so at 0x89c53000
ECX=0x000000ff is an unknown value
EDX=0x00000001 is an unknown value
ESP=0x8a371b10 is pointing into the stack for thread: 0x88b0a000
EBP=0x8b1f9ffc is an unknown value
ESI=0x8a239ac0 is an unknown value
EDI=0x00000001 is an unknown value


Stack: [0x8a322000,0x8a373000],  sp=0x8a371b10,  free space=318k
Native frames: (J=compiled Java code, j=interpreted, Vv=VM code, C=native code)
C  [libopenal.so+0x1bac2]  alcCreateContext+0xd2

Java frames: (J=compiled Java code, j=interpreted, Vv=VM code)
j  org.lwjgl.openal.ALC10.nalcCreateContext(JJ)J+0
j  org.lwjgl.openal.ALC10.alcCreateContext(Lorg/lwjgl/openal/ALCdevice;Ljava/nio/IntBuffer;)Lorg/lwjgl/openal/ALCcontext;+8
j  org.lwjgl.openal.AL.init(Ljava/lang/String;IIZZ)V+69
j  org.lwjgl.openal.AL.create(Ljava/lang/String;IIZZ)V+227
j  org.lwjgl.openal.AL.create(Ljava/lang/String;IIZ)V+5
j  org.lwjgl.openal.AL.create()V+6
j  com.jme3.audio.lwjgl.LwjglAudioRenderer.initInThread()V+6
j  com.jme3.audio.lwjgl.LwjglAudioRenderer.run()V+1
j  java.lang.Thread.run()V+11
v  ~StubRoutines::call_stub

---------------  P R O C E S S  ---------------

Java Threads: ( => current thread )
=>0x88b0a000 JavaThread "jME3 Audio Thread" daemon [_thread_in_native, id=5888, stack(0x8a322000,0x8a373000)]
  0x8d5c9c00 JavaThread "process reaper" daemon [_thread_blocked, id=5884, stack(0x8a484000,0x8a49d000)]
  0xb6608400 JavaThread "DestroyJavaVM" [_thread_blocked, id=5860, stack(0xb67be000,0xb680f000)]
  0x8d5b4400 JavaThread "LWJGL Renderer Thread" [_thread_blocked, id=5882, stack(0x8a4f9000,0x8a54a000)]
  0x8b16a000 JavaThread "Image Fetcher 0" daemon [_thread_blocked, id=5881, stack(0x8a5b2000,0x8a603000)]
  0x8db25c00 JavaThread "Timer-0" daemon [_thread_blocked, id=5877, stack(0x8d186000,0x8d1d7000)]
  0x8d589000 JavaThread "AWT-EventQueue-0" [_thread_blocked, id=5876, stack(0x8d1d7000,0x8d228000)]
  0x8d588000 JavaThread "AWT-Shutdown" [_thread_blocked, id=5875, stack(0x8d228000,0x8d279000)]
  0x8d585800 JavaThread "AWT-XAWT" daemon [_thread_in_native, id=5874, stack(0x8d279000,0x8d2ca000)]
  0x8d571000 JavaThread "Java2D Disposer" daemon [_thread_blocked, id=5873, stack(0x8d2ca000,0x8d31b000)]
  0x8df9a000 JavaThread "Service Thread" daemon [_thread_blocked, id=5871, stack(0x8d6fc000,0x8d74d000)]
  0x8df98400 JavaThread "C2 CompilerThread1" daemon [_thread_blocked, id=5870, stack(0x8d74d000,0x8d7ce000)]
  0x8df96400 JavaThread "C2 CompilerThread0" daemon [_thread_blocked, id=5869, stack(0x8dc2e000,0x8dcaf000)]
  0x8df94c00 JavaThread "Signal Dispatcher" daemon [_thread_blocked, id=5868, stack(0x8dcaf000,0x8dd00000)]
  0x8df85000 JavaThread "Finalizer" daemon [_thread_blocked, id=5867, stack(0x8f72e000,0x8f77f000)]
  0x8df82800 JavaThread "Reference Handler" daemon [_thread_blocked, id=5866, stack(0x8de2e000,0x8de7f000)]

Other Threads:
  0x8df81000 VMThread [stack: 0x8de7f000,0x8df00000] [id=5865]
  0x8df9c000 WatcherThread [stack: 0x8d67b000,0x8d6fc000] [id=5872]

VM state:not at safepoint (normal execution)

VM Mutex/Monitor currently owned by a thread: None

Heap
 PSYoungGen      total 9472K, used 4781K [0xa8d80000, 0xa9800000, 0xb3500000)
  eden space 8192K, 42% used [0xa8d80000,0xa90eceb0,0xa9580000)
  from space 1280K, 99% used [0xa96c0000,0xa97fe838,0xa9800000)
  to   space 1280K, 0% used [0xa9580000,0xa9580000,0xa96c0000)
 ParOldGen       total 21248K, used 3660K [0x93f00000, 0x953c0000, 0xa8d80000)
  object space 21248K, 17% used [0x93f00000,0x942931c0,0x953c0000)
 PSPermGen       total 16384K, used 12198K [0x8ff00000, 0x90f00000, 0x93f00000)
  object space 16384K, 74% used [0x8ff00000,0x90ae9938,0x90f00000)

Card table byte_map: [0x8fde4000,0x8ff00000] byte_map_base: 0x8f964800

Polling page: 0xb7720000

Code Cache  [0xb35e2000, 0xb3822000, 0xb65e2000)
 total_blobs=373 nmethods=80 adapters=247 free_code_cache=48655Kb largest_free_block=49804544

Compilation events (10 events):
Event: 2,753 Thread 0x8df96400   76             sun.nio.cs.UTF_8$Decoder::decodeArrayLoop (543 bytes)
Event: 2,756 Thread 0x8df98400   77             java.util.ArrayList::get (11 bytes)
Event: 2,757 Thread 0x8df98400 nmethod 77 0xb365fa08 code [0xb365fb00, 0xb365fb90]
Event: 2,763 Thread 0x8df98400   78             java.util.regex.Matcher::reset (83 bytes)
Event: 2,766 Thread 0x8df98400 nmethod 78 0xb3655e48 code [0xb3655f40, 0xb3656070]
Event: 2,776 Thread 0x8df96400 nmethod 76 0xb3661188 code [0xb36613a0, 0xb3661edc]
Event: 2,780 Thread 0x8df98400   79             java.lang.String::startsWith (7 bytes)
Event: 2,784 Thread 0x8df98400 nmethod 79 0xb3659548 code [0xb3659640, 0xb36597b0]
Event: 2,795 Thread 0x8df96400   80             sun.misc.MetaIndex::mayContain (51 bytes)
Event: 2,801 Thread 0x8df96400 nmethod 80 0xb3658f88 code [0xb36590a0, 0xb365931c]

GC Heap History (4 events):
Event: 0,805 GC heap before
{Heap before GC invocations=1 (full 0):
 PSYoungGen      total 9472K, used 8192K [0xa8d80000, 0xa9800000, 0xb3500000)
  eden space 8192K, 100% used [0xa8d80000,0xa9580000,0xa9580000)
  from space 1280K, 0% used [0xa96c0000,0xa96c0000,0xa9800000)
  to   space 1280K, 0% used [0xa9580000,0xa9580000,0xa96c0000)
 ParOldGen       total 21248K, used 0K [0x93f00000, 0x953c0000, 0xa8d80000)
  object space 21248K, 0% used [0x93f00000,0x93f00000,0x953c0000)
 PSPermGen       total 16384K, used 8117K [0x8ff00000, 0x90f00000, 0x93f00000)
  object space 16384K, 49% used [0x8ff00000,0x906ed630,0x90f00000)
Event: 0,814 GC heap after
Heap after GC invocations=1 (full 0):
 PSYoungGen      total 9472K, used 1272K [0xa8d80000, 0xa9800000, 0xb3500000)
  eden space 8192K, 0% used [0xa8d80000,0xa8d80000,0xa9580000)
  from space 1280K, 99% used [0xa9580000,0xa96be070,0xa96c0000)
  to   space 1280K, 0% used [0xa96c0000,0xa96c0000,0xa9800000)
 ParOldGen       total 21248K, used 1817K [0x93f00000, 0x953c0000, 0xa8d80000)
  object space 21248K, 8% used [0x93f00000,0x940c65e8,0x953c0000)
 PSPermGen       total 16384K, used 8117K [0x8ff00000, 0x90f00000, 0x93f00000)
  object space 16384K, 49% used [0x8ff00000,0x906ed630,0x90f00000)
}
Event: 2,680 GC heap before
{Heap before GC invocations=2 (full 0):
 PSYoungGen      total 9472K, used 9464K [0xa8d80000, 0xa9800000, 0xb3500000)
  eden space 8192K, 100% used [0xa8d80000,0xa9580000,0xa9580000)
  from space 1280K, 99% used [0xa9580000,0xa96be070,0xa96c0000)
  to   space 1280K, 0% used [0xa96c0000,0xa96c0000,0xa9800000)
 ParOldGen       total 21248K, used 1817K [0x93f00000, 0x953c0000, 0xa8d80000)
  object space 21248K, 8% used [0x93f00000,0x940c65e8,0x953c0000)
 PSPermGen       total 16384K, used 11342K [0x8ff00000, 0x90f00000, 0x93f00000)
  object space 16384K, 69% used [0x8ff00000,0x90a13a60,0x90f00000)
Event: 2,692 GC heap after
Heap after GC invocations=2 (full 0):
 PSYoungGen      total 9472K, used 1274K [0xa8d80000, 0xa9800000, 0xb3500000)
  eden space 8192K, 0% used [0xa8d80000,0xa8d80000,0xa9580000)
  from space 1280K, 99% used [0xa96c0000,0xa97fe838,0xa9800000)
  to   space 1280K, 0% used [0xa9580000,0xa9580000,0xa96c0000)
 ParOldGen       total 21248K, used 3660K [0x93f00000, 0x953c0000, 0xa8d80000)
  object space 21248K, 17% used [0x93f00000,0x942931c0,0x953c0000)
 PSPermGen       total 16384K, used 11342K [0x8ff00000, 0x90f00000, 0x93f00000)
  object space 16384K, 69% used [0x8ff00000,0x90a13a60,0x90f00000)
}

Deoptimization events (10 events):
Event: 0,557 Thread 0x8d589000 Uncommon trap: reason=class_check action=maybe_recompile pc=0xb363cefc method=java.util.Properties$LineReader.readLine()I @ 62
Event: 0,778 Thread 0x8d589000 Uncommon trap: reason=class_check action=maybe_recompile pc=0xb3639a0c method=java.lang.String.equals(Ljava/lang/Object;)Z @ 8
Event: 0,778 Thread 0x8d589000 Uncommon trap: reason=class_check action=maybe_recompile pc=0xb3639a0c method=java.lang.String.equals(Ljava/lang/Object;)Z @ 8
Event: 0,778 Thread 0x8d589000 Uncommon trap: reason=class_check action=maybe_recompile pc=0xb3639a0c method=java.lang.String.equals(Ljava/lang/Object;)Z @ 8
Event: 0,778 Thread 0x8d589000 Uncommon trap: reason=class_check action=maybe_recompile pc=0xb3639a0c method=java.lang.String.equals(Ljava/lang/Object;)Z @ 8
Event: 1,950 Thread 0x8d589000 Uncommon trap: reason=class_check action=maybe_recompile pc=0xb363cefc method=java.util.Properties$LineReader.readLine()I @ 62
Event: 1,950 Thread 0x8d589000 Uncommon trap: reason=class_check action=maybe_recompile pc=0xb363cefc method=java.util.Properties$LineReader.readLine()I @ 62
Event: 2,048 Thread 0x8d585800 Uncommon trap: reason=unreached action=reinterpret pc=0xb3644ac4 method=java.util.TreeMap.getEntry(Ljava/lang/Object;)Ljava/util/TreeMap$Entry; @ 4
Event: 2,077 Thread 0xb6608400 Uncommon trap: reason=unreached action=reinterpret pc=0xb3641910 method=java.lang.AbstractStringBuilder.append(Ljava/lang/String;)Ljava/lang/AbstractStringBuilder; @ 1
Event: 2,077 Thread 0xb6608400 Uncommon trap: reason=unreached action=reinterpret pc=0xb3642a50 method=java.lang.AbstractStringBuilder.append(Ljava/lang/String;)Ljava/lang/AbstractStringBuilder; @ 1

Internal exceptions (10 events):
Event: 2,812 Thread 0x88b0a000 Threw 0xa90d0ad0 at /HUDSON/workspace/7u-2-build-linux-i586/jdk7u51/527/hotspot/src/share/vm/prims/jni.cpp:743
Event: 2,812 Thread 0x88b0a000 Threw 0xa90d0f40 at /HUDSON/workspace/7u-2-build-linux-i586/jdk7u51/527/hotspot/src/share/vm/prims/jni.cpp:743
Event: 2,812 Thread 0x88b0a000 Threw 0xa90d1308 at /HUDSON/workspace/7u-2-build-linux-i586/jdk7u51/527/hotspot/src/share/vm/prims/jni.cpp:743
Event: 2,813 Thread 0x88b0a000 Threw 0xa90d1750 at /HUDSON/workspace/7u-2-build-linux-i586/jdk7u51/527/hotspot/src/share/vm/prims/jni.cpp:743
Event: 2,813 Thread 0x88b0a000 Threw 0xa90d1be0 at /HUDSON/workspace/7u-2-build-linux-i586/jdk7u51/527/hotspot/src/share/vm/prims/jni.cpp:743
Event: 2,814 Thread 0x88b0a000 Threw 0xa90d22f0 at /HUDSON/workspace/7u-2-build-linux-i586/jdk7u51/527/hotspot/src/share/vm/prims/jvm.cpp:1244
Event: 2,816 Thread 0x88b0a000 Threw 0xa90dc940 at /HUDSON/workspace/7u-2-build-linux-i586/jdk7u51/527/hotspot/src/share/vm/prims/jvm.cpp:1244
Event: 2,826 Thread 0x88b0a000 Threw 0xa90e2b28 at /HUDSON/workspace/7u-2-build-linux-i586/jdk7u51/527/hotspot/src/share/vm/prims/jvm.cpp:1244
Event: 2,826 Thread 0x88b0a000 Threw 0xa90e6038 at /HUDSON/workspace/7u-2-build-linux-i586/jdk7u51/527/hotspot/src/share/vm/prims/jvm.cpp:1244
Event: 2,827 Thread 0x88b0a000 Threw 0xa90e8f48 at /HUDSON/workspace/7u-2-build-linux-i586/jdk7u51/527/hotspot/src/share/vm/prims/jvm.cpp:1244

Events (10 events):
Event: 2,814 loading class 0x88b092e0
Event: 2,814 loading class 0x88b092e0 done
Event: 2,816 loading class 0x88b09330
Event: 2,816 loading class 0x88b09330 done
Event: 2,826 loading class 0x8b1ee1d8
Event: 2,826 loading class 0x8b1ee1d8 done
Event: 2,826 loading class 0x8b1affe8
Event: 2,826 loading class 0x8b1affe8 done
Event: 2,827 loading class 0x8b1ee208
Event: 2,827 loading class 0x8b1ee208 done


Dynamic libraries:
08048000-08049000 r-xp 00000000 08:06 164736     /home/nicolas/jmonkeyplatform/jdk/bin/java
08049000-0804a000 rw-p 00000000 08:06 164736     /home/nicolas/jmonkeyplatform/jdk/bin/java
095f2000-09691000 rw-p 00000000 00:00 0          [heap]
84175000-84186000 r--p 00000000 08:06 543132     /usr/share/locale-langpack/es/LC_MESSAGES/pulseaudio.mo
84186000-88187000 rw-s 00000000 00:12 178420     /run/shm/pulse-shm-852174486
88187000-88188000 ---p 00000000 00:00 0 
88188000-88988000 rw-p 00000000 00:00 0 
88988000-88aee000 r-xp 00000000 08:06 266786     /usr/lib/i386-linux-gnu/libvorbisenc.so.2.0.8
88aee000-88aff000 r--p 00165000 08:06 266786     /usr/lib/i386-linux-gnu/libvorbisenc.so.2.0.8
88aff000-88b00000 rw-p 00176000 08:06 266786     /usr/lib/i386-linux-gnu/libvorbisenc.so.2.0.8
88b00000-88b57000 rw-p 00000000 00:00 0 
88b57000-88c00000 ---p 00000000 00:00 0 
88c81000-88e00000 rw-p 00000000 00:00 0 
88e00000-88f00000 rw-p 00000000 00:00 0 
88fb2000-88ffe000 r-xp 00000000 08:06 261870     /usr/lib/i386-linux-gnu/libFLAC.so.8.2.0
88ffe000-88fff000 r--p 0004b000 08:06 261870     /usr/lib/i386-linux-gnu/libFLAC.so.8.2.0
88fff000-89000000 rw-p 0004c000 08:06 261870     /usr/lib/i386-linux-gnu/libFLAC.so.8.2.0
89000000-890f6000 rw-p 00000000 00:00 0 
890f6000-89100000 ---p 00000000 00:00 0 
89123000-8918f000 r-xp 00000000 08:06 264124     /usr/lib/i386-linux-gnu/libsndfile.so.1.0.25
8918f000-89191000 r--p 0006b000 08:06 264124     /usr/lib/i386-linux-gnu/libsndfile.so.1.0.25
89191000-89192000 rw-p 0006d000 08:06 264124     /usr/lib/i386-linux-gnu/libsndfile.so.1.0.25
89192000-89196000 rw-p 00000000 00:00 0 
89196000-891f9000 r-xp 00000000 08:06 270389     /usr/lib/i386-linux-gnu/libpulsecommon-1.1.so
891f9000-891fa000 r--p 00062000 08:06 270389     /usr/lib/i386-linux-gnu/libpulsecommon-1.1.so
891fa000-891fb000 rw-p 00063000 08:06 270389     /usr/lib/i386-linux-gnu/libpulsecommon-1.1.so
891fb000-89b00000 rw-p 00000000 00:00 0 
89b00000-89c00000 rw-p 00000000 00:00 0 
89c05000-89c51000 r-xp 00000000 08:06 266663     /usr/lib/i386-linux-gnu/libpulse.so.0.13.5
89c51000-89c52000 r--p 0004b000 08:06 266663     /usr/lib/i386-linux-gnu/libpulse.so.0.13.5
89c52000-89c53000 rw-p 0004c000 08:06 266663     /usr/lib/i386-linux-gnu/libpulse.so.0.13.5
89c53000-89ca1000 r-xp 00000000 08:06 183532     /home/nicolas/git_repo/arkanoide2/libopenal.so
89ca1000-89ca3000 r--p 0004d000 08:06 183532     /home/nicolas/git_repo/arkanoide2/libopenal.so
89ca3000-89ca4000 rw-p 0004f000 08:06 183532     /home/nicolas/git_repo/arkanoide2/libopenal.so
89ca4000-89d7c000 r-xp 00000000 08:06 266743     /usr/lib/i386-linux-gnu/libstdc++.so.6.0.16
89d7c000-89d7d000 ---p 000d8000 08:06 266743     /usr/lib/i386-linux-gnu/libstdc++.so.6.0.16
89d7d000-89d81000 r--p 000d8000 08:06 266743     /usr/lib/i386-linux-gnu/libstdc++.so.6.0.16
89d81000-89d82000 rw-p 000dc000 08:06 266743     /usr/lib/i386-linux-gnu/libstdc++.so.6.0.16
89d82000-89d89000 rw-p 00000000 00:00 0 
89d89000-89e9e000 r-xp 00000000 08:06 263026     /usr/lib/i386-linux-gnu/dri/libglsl.so
89e9e000-89ea3000 r--p 00114000 08:06 263026     /usr/lib/i386-linux-gnu/dri/libglsl.so
89ea3000-89ea5000 rw-p 00119000 08:06 263026     /usr/lib/i386-linux-gnu/dri/libglsl.so
89ea5000-89ea6000 rw-p 00000000 00:00 0 
89ea6000-8a102000 r-xp 00000000 08:06 263022     /usr/lib/i386-linux-gnu/dri/libdricore.so
8a102000-8a103000 ---p 0025c000 08:06 263022     /usr/lib/i386-linux-gnu/dri/libdricore.so
8a103000-8a109000 r--p 0025c000 08:06 263022     /usr/lib/i386-linux-gnu/dri/libdricore.so
8a109000-8a10b000 rw-p 00262000 08:06 263022     /usr/lib/i386-linux-gnu/dri/libdricore.so
8a10b000-8a120000 rw-p 00000000 00:00 0 
8a120000-8a1fb000 r-xp 00000000 08:06 263028     /usr/lib/i386-linux-gnu/dri/i965_dri.so
8a1fb000-8a1fd000 r--p 000da000 08:06 263028     /usr/lib/i386-linux-gnu/dri/i965_dri.so
8a1fd000-8a1ff000 rw-p 000dc000 08:06 263028     /usr/lib/i386-linux-gnu/dri/i965_dri.so
8a1ff000-8a200000 rw-p 00000000 00:00 0 
8a200000-8a25a000 rw-p 00000000 00:00 0 
8a25a000-8a300000 ---p 00000000 00:00 0 
8a322000-8a325000 ---p 00000000 00:00 0 
8a325000-8a373000 rw-p 00000000 00:00 0 
8a373000-8a394000 r-xp 00000000 08:06 261905     /usr/lib/i386-linux-gnu/libdrm_intel.so.1.0.0
8a394000-8a395000 r--p 00020000 08:06 261905     /usr/lib/i386-linux-gnu/libdrm_intel.so.1.0.0
8a395000-8a396000 rw-p 00021000 08:06 261905     /usr/lib/i386-linux-gnu/libdrm_intel.so.1.0.0
8a396000-8a3ac000 r-xp 00000000 08:06 263321     /usr/lib/i386-linux-gnu/libxcb-glx.so.0.0.0
8a3ac000-8a3ad000 r--p 00016000 08:06 263321     /usr/lib/i386-linux-gnu/libxcb-glx.so.0.0.0
8a3ad000-8a3ae000 rw-p 00017000 08:06 263321     /usr/lib/i386-linux-gnu/libxcb-glx.so.0.0.0
8a3ae000-8a40e000 rw-s 00000000 00:04 35356711   /SYSV00000000 (deleted)
8a415000-8a424000 r-xp 00000000 08:06 262470     /usr/lib/i386-linux-gnu/libglapi.so.0.0.0
8a424000-8a426000 r--p 0000f000 08:06 262470     /usr/lib/i386-linux-gnu/libglapi.so.0.0.0
8a426000-8a42b000 rwxp 00011000 08:06 262470     /usr/lib/i386-linux-gnu/libglapi.so.0.0.0
8a42b000-8a47d000 r-xp 00000000 08:06 263301     /usr/lib/i386-linux-gnu/mesa/libGL.so.1.2
8a47d000-8a47f000 r--p 00051000 08:06 263301     /usr/lib/i386-linux-gnu/mesa/libGL.so.1.2
8a47f000-8a484000 rwxp 00053000 08:06 263301     /usr/lib/i386-linux-gnu/mesa/libGL.so.1.2
8a484000-8a487000 ---p 00000000 00:00 0 
8a487000-8a49d000 rw-p 00000000 00:00 0 
8a49d000-8a4f7000 r-xp 00000000 08:06 183404     /home/nicolas/git_repo/arkanoide2/liblwjgl.so
8a4f7000-8a4f8000 r--p 0005a000 08:06 183404     /home/nicolas/git_repo/arkanoide2/liblwjgl.so
8a4f8000-8a4f9000 rw-p 0005b000 08:06 183404     /home/nicolas/git_repo/arkanoide2/liblwjgl.so
8a4f9000-8a4fc000 ---p 00000000 00:00 0 
8a4fc000-8a54a000 rw-p 00000000 00:00 0 
8a54a000-8a5aa000 r-xp 00000000 08:06 575829     /home/nicolas/jmonkeyplatform/jdk/jre/lib/i386/libt2k.so
8a5aa000-8a5ae000 rw-p 0005f000 08:06 575829     /home/nicolas/jmonkeyplatform/jdk/jre/lib/i386/libt2k.so
8a5ae000-8a5b2000 rw-p 00000000 00:00 0 
8a5b2000-8a5b5000 ---p 00000000 00:00 0 
8a5b5000-8a603000 rw-p 00000000 00:00 0 
8a603000-8a604000 ---p 00000000 00:00 0 
8a604000-8ae04000 rw-p 00000000 00:00 0 
8ae04000-8ae1e000 r-xp 00000000 08:06 266360     /usr/lib/i386-linux-gnu/libdbusmenu-glib.so.4.0.13
8ae1e000-8ae1f000 r--p 00019000 08:06 266360     /usr/lib/i386-linux-gnu/libdbusmenu-glib.so.4.0.13
8ae1f000-8ae20000 rw-p 0001a000 08:06 266360     /usr/lib/i386-linux-gnu/libdbusmenu-glib.so.4.0.13
8ae20000-8ae31000 r-xp 00000000 08:06 263297     /usr/lib/i386-linux-gnu/libdbusmenu-gtk.so.4.0.13
8ae31000-8ae32000 r--p 00010000 08:06 263297     /usr/lib/i386-linux-gnu/libdbusmenu-gtk.so.4.0.13
8ae32000-8ae33000 rw-p 00011000 08:06 263297     /usr/lib/i386-linux-gnu/libdbusmenu-gtk.so.4.0.13
8ae36000-8ae3b000 r-xp 00000000 08:06 266273     /usr/lib/i386-linux-gnu/libasyncns.so.0.3.1
8ae3b000-8ae3c000 r--p 00004000 08:06 266273     /usr/lib/i386-linux-gnu/libasyncns.so.0.3.1
8ae3c000-8ae3d000 rw-p 00005000 08:06 266273     /usr/lib/i386-linux-gnu/libasyncns.so.0.3.1
8ae3d000-8ae46000 r-xp 00000000 08:06 262037     /usr/lib/i386-linux-gnu/libpciaccess.so.0.11.0
8ae46000-8ae47000 r--p 00008000 08:06 262037     /usr/lib/i386-linux-gnu/libpciaccess.so.0.11.0
8ae47000-8ae48000 rw-p 00009000 08:06 262037     /usr/lib/i386-linux-gnu/libpciaccess.so.0.11.0
8ae48000-8ae56000 r-xp 00000000 08:06 1439979    /lib/i386-linux-gnu/libudev.so.0.13.0
8ae56000-8ae57000 r--p 0000e000 08:06 1439979    /lib/i386-linux-gnu/libudev.so.0.13.0
8ae57000-8ae58000 rw-p 0000f000 08:06 1439979    /lib/i386-linux-gnu/libudev.so.0.13.0
8ae58000-8ae9f000 r-xp 00000000 08:06 1457784    /lib/i386-linux-gnu/libdbus-1.so.3.5.8
8ae9f000-8aea0000 ---p 00047000 08:06 1457784    /lib/i386-linux-gnu/libdbus-1.so.3.5.8
8aea0000-8aea1000 r--p 00047000 08:06 1457784    /lib/i386-linux-gnu/libdbus-1.so.3.5.8
8aea1000-8aea2000 rw-p 00048000 08:06 1457784    /lib/i386-linux-gnu/libdbus-1.so.3.5.8
8aea2000-8aeb7000 r-xp 00000000 08:06 262064     /usr/lib/i386-linux-gnu/gvfs/libgvfscommon.so
8aeb7000-8aeb8000 r--p 00014000 08:06 262064     /usr/lib/i386-linux-gnu/gvfs/libgvfscommon.so
8aeb8000-8aeb9000 rw-p 00015000 08:06 262064     /usr/lib/i386-linux-gnu/gvfs/libgvfscommon.so
8aeb9000-8aee2000 r-xp 00000000 08:06 262066     /usr/lib/i386-linux-gnu/gio/modules/libgvfsdbus.so
8aee2000-8aee3000 r--p 00028000 08:06 262066     /usr/lib/i386-linux-gnu/gio/modules/libgvfsdbus.so
8aee3000-8aee4000 rw-p 00029000 08:06 262066     /usr/lib/i386-linux-gnu/gio/modules/libgvfsdbus.so
8aee4000-8af28000 r-xp 00000000 08:06 266541     /usr/lib/i386-linux-gnu/libibus-1.0.so.0.401.0
8af28000-8af29000 r--p 00043000 08:06 266541     /usr/lib/i386-linux-gnu/libibus-1.0.so.0.401.0
8af29000-8af2a000 rw-p 00044000 08:06 266541     /usr/lib/i386-linux-gnu/libibus-1.0.so.0.401.0
8af2b000-8af36000 r-xp 00000000 08:06 265513     /usr/lib/i386-linux-gnu/libdrm.so.2.4.0
8af36000-8af37000 r--p 0000a000 08:06 265513     /usr/lib/i386-linux-gnu/libdrm.so.2.4.0
8af37000-8af38000 rw-p 0000b000 08:06 265513     /usr/lib/i386-linux-gnu/libdrm.so.2.4.0
8af38000-8af3d000 r-xp 00000000 08:06 263047     /usr/lib/i386-linux-gnu/gtk-2.0/2.10.0/menuproxies/libappmenu.so
8af3d000-8af3e000 r--p 00004000 08:06 263047     /usr/lib/i386-linux-gnu/gtk-2.0/2.10.0/menuproxies/libappmenu.so
8af3e000-8af3f000 rw-p 00005000 08:06 263047     /usr/lib/i386-linux-gnu/gtk-2.0/2.10.0/menuproxies/libappmenu.so
8af3f000-8af45000 r-xp 00000000 08:06 267303     /usr/lib/i386-linux-gnu/gtk-2.0/2.10.0/immodules/im-ibus.so
8af45000-8af46000 r--p 00005000 08:06 267303     /usr/lib/i386-linux-gnu/gtk-2.0/2.10.0/immodules/im-ibus.so
8af46000-8af47000 rw-p 00006000 08:06 267303     /usr/lib/i386-linux-gnu/gtk-2.0/2.10.0/immodules/im-ibus.so
8af47000-8af99000 r--p 00000000 08:06 789302     /usr/share/fonts/truetype/ttf-dejavu/DejaVuSansMono.ttf
8af99000-8aff0000 r--p 00000000 08:06 789331     /usr/share/fonts/truetype/ubuntu-font-family/Ubuntu-R.ttf
8aff0000-8aff2000 r-xp 00000000 08:06 267507     /usr/lib/i386-linux-gnu/pango/1.6.0/modules/pango-basic-fc.so
8aff2000-8aff3000 r--p 00001000 08:06 267507     /usr/lib/i386-linux-gnu/pango/1.6.0/modules/pango-basic-fc.so
8aff3000-8aff4000 rw-p 00002000 08:06 267507     /usr/lib/i386-linux-gnu/pango/1.6.0/modules/pango-basic-fc.so
8aff4000-8aff5000 r--s 00000000 08:06 409378     /var/cache/fontconfig/c05880de57d1f5e948fdfacc138775d9-le32d4.cache-3
8aff5000-8affb000 r--s 00000000 08:06 403145     /var/cache/fontconfig/945677eb7aeaf62f1d50efc3fb3ec7d8-le32d4.cache-3
8affb000-8affd000 r--s 00000000 08:06 409374     /var/cache/fontconfig/99e8ed0e538f840c565b6ed5dad60d56-le32d4.cache-3
8affd000-8b000000 r--s 00000000 08:06 409372     /var/cache/fontconfig/2cd17615ca594fa2959ae173292e504c-le32d4.cache-3
8b000000-8b0fb000 rw-p 00000000 00:00 0 
8b0fb000-8b100000 ---p 00000000 00:00 0 
8b100000-8b1fa000 rw-p 00000000 00:00 0 
8b1fa000-8b200000 ---p 00000000 00:00 0 
8b200000-8b2fd000 rw-p 00000000 00:00 0 
8b2fd000-8b300000 ---p 00000000 00:00 0 
8b300000-8b301000 r--s 00000000 08:06 409370     /var/cache/fontconfig/e7071f4a29fa870f4323321c154eba04-le32d4.cache-3
8b301000-8b302000 r--s 00000000 08:06 409368     /var/cache/fontconfig/0d8c3b2ac0904cb8a57a757ad11a4a08-le32d4.cache-3
8b302000-8b306000 r--s 00000000 08:06 409366     /var/cache/fontconfig/a755afe4a08bf5b97852ceb7400b47bc-le32d4.cache-3
8b306000-8b30d000 r--s 00000000 08:06 452031     /var/cache/fontconfig/6d41288fd70b0be22e8c3a91e032eec0-le32d4.cache-3
8b30d000-8b318000 r--s 00000000 08:06 409362     /var/cache/fontconfig/04aabc0a78ac019cf9454389977116d2-le32d4.cache-3
8b318000-8b31b000 r--s 00000000 08:06 409360     /var/cache/fontconfig/385c0604a188198f04d133e54aba7fe7-le32d4.cache-3
8b31b000-8b33d000 r--s 00000000 08:06 403122     /var/cache/fontconfig/365b55f210c0a22e9a19e35191240f32-le32d4.cache-3
8b33d000-8b341000 r--s 00000000 08:06 403133     /var/cache/fontconfig/b47c4e1ecd0709278f4910c18777a504-le32d4.cache-3
8b341000-8b34e000 r--s 00000000 08:06 403131     /var/cache/fontconfig/d52a8644073d54c13679302ca1180695-le32d4.cache-3
8b34e000-8b367000 r--s 00000000 08:06 789404     /usr/share/fonts/type1/gsfonts/n021003l.pfb
8b367000-8b37d000 r--s 00000000 08:06 789413     /usr/share/fonts/type1/gsfonts/n021024l.pfb
8b37d000-8b393000 r--s 00000000 08:06 789422     /usr/share/fonts/type1/gsfonts/n022023l.pfb
8b393000-8b3aa000 r--s 00000000 08:06 789410     /usr/share/fonts/type1/gsfonts/n021023l.pfb
8b3aa000-8b3b4000 r--s 00000000 08:06 789446     /usr/share/fonts/type1/mathml/Symbol.pfb
8b3b5000-8b3b6000 r-xp 00000000 08:06 263034     /usr/lib/i386-linux-gnu/libX11-xcb.so.1.0.0
8b3b6000-8b3b7000 r--p 00000000 08:06 263034     /usr/lib/i386-linux-gnu/libX11-xcb.so.1.0.0
8b3b7000-8b3b8000 rw-p 00001000 08:06 263034     /usr/lib/i386-linux-gnu/libX11-xcb.so.1.0.0
8b3b8000-8b3bc000 r-xp 00000000 08:06 263959     /usr/lib/i386-linux-gnu/libXxf86vm.so.1.0.0
8b3bc000-8b3bd000 r--p 00003000 08:06 263959     /usr/lib/i386-linux-gnu/libXxf86vm.so.1.0.0
8b3bd000-8b3be000 rw-p 00004000 08:06 263959     /usr/lib/i386-linux-gnu/libXxf86vm.so.1.0.0
8b3bf000-8b3c7000 r-xp 00000000 08:06 1440012    /lib/i386-linux-gnu/libwrap.so.0.7.6
8b3c7000-8b3c8000 r--p 00007000 08:06 1440012    /lib/i386-linux-gnu/libwrap.so.0.7.6
8b3c8000-8b3c9000 rw-p 00008000 08:06 1440012    /lib/i386-linux-gnu/libwrap.so.0.7.6
8b3c9000-8b3d0000 r-xp 00000000 08:06 262752     /usr/lib/i386-linux-gnu/libjson.so.0.0.1
8b3d0000-8b3d1000 r--p 00006000 08:06 262752     /usr/lib/i386-linux-gnu/libjson.so.0.0.1
8b3d1000-8b3d2000 rw-p 00007000 08:06 262752     /usr/lib/i386-linux-gnu/libjson.so.0.0.1
8b3d2000-8b3d3000 rwxp 00000000 00:00 0 
8b3d3000-8b3d9000 r--p 00000000 08:06 537828     /usr/share/locale-langpack/es/LC_MESSAGES/gdk-pixbuf.mo
8b3d9000-8b3ee000 r-xp 00000000 08:06 575803     /home/nicolas/jmonkeyplatform/jdk/jre/lib/i386/libnet.so
8b3ee000-8b3ef000 rw-p 00014000 08:06 575803     /home/nicolas/jmonkeyplatform/jdk/jre/lib/i386/libnet.so
8b3ef000-8b40b000 r-xp 00000000 08:06 1439924    /lib/i386-linux-gnu/libgcc_s.so.1
8b40b000-8b40c000 r--p 0001b000 08:06 1439924    /lib/i386-linux-gnu/libgcc_s.so.1
8b40c000-8b40d000 rw-p 0001c000 08:06 1439924    /lib/i386-linux-gnu/libgcc_s.so.1
8b40d000-8b46e000 r-xp 00000000 08:06 575758     /home/nicolas/jmonkeyplatform/jdk/jre/lib/i386/libfontmanager.so
8b46e000-8b471000 rw-p 00060000 08:06 575758     /home/nicolas/jmonkeyplatform/jdk/jre/lib/i386/libfontmanager.so
8b471000-8b475000 rw-p 00000000 00:00 0 
8b475000-8b47b000 r-xp 00000000 08:06 266626     /usr/lib/i386-linux-gnu/libogg.so.0.7.1
8b47b000-8b47c000 r--p 00005000 08:06 266626     /usr/lib/i386-linux-gnu/libogg.so.0.7.1
8b47c000-8b47d000 rw-p 00006000 08:06 266626     /usr/lib/i386-linux-gnu/libogg.so.0.7.1
8b47d000-8b4a6000 r-xp 00000000 08:06 266784     /usr/lib/i386-linux-gnu/libvorbis.so.0.4.5
8b4a6000-8b4a7000 r--p 00028000 08:06 266784     /usr/lib/i386-linux-gnu/libvorbis.so.0.4.5
8b4a7000-8b4a8000 rw-p 00029000 08:06 266784     /usr/lib/i386-linux-gnu/libvorbis.so.0.4.5
8b4a8000-8b4b0000 r-xp 00000000 08:06 266583     /usr/lib/i386-linux-gnu/libltdl.so.7.3.0
8b4b0000-8b4b1000 r--p 00008000 08:06 266583     /usr/lib/i386-linux-gnu/libltdl.so.7.3.0
8b4b1000-8b4b2000 rw-p 00009000 08:06 266583     /usr/lib/i386-linux-gnu/libltdl.so.7.3.0
8b4b2000-8b4c3000 r-xp 00000000 08:06 266751     /usr/lib/i386-linux-gnu/libtdb.so.1.2.9
8b4c3000-8b4c4000 r--p 00010000 08:06 266751     /usr/lib/i386-linux-gnu/libtdb.so.1.2.9
8b4c4000-8b4c5000 rw-p 00011000 08:06 266751     /usr/lib/i386-linux-gnu/libtdb.so.1.2.9
8b4c5000-8b4cd000 r-xp 00000000 08:06 266788     /usr/lib/i386-linux-gnu/libvorbisfile.so.3.3.4
8b4cd000-8b4ce000 r--p 00007000 08:06 266788     /usr/lib/i386-linux-gnu/libvorbisfile.so.3.3.4
8b4ce000-8b4cf000 rw-p 00008000 08:06 266788     /usr/lib/i386-linux-gnu/libvorbisfile.so.3.3.4
8b4cf000-8b4de000 r-xp 00000000 08:06 266321     /usr/lib/i386-linux-gnu/libcanberra.so.0.2.5
8b4de000-8b4df000 r--p 0000e000 08:06 266321     /usr/lib/i386-linux-gnu/libcanberra.so.0.2.5
8b4df000-8b4e0000 rw-p 0000f000 08:06 266321     /usr/lib/i386-linux-gnu/libcanberra.so.0.2.5
8b4e0000-8b4e4000 r-xp 00000000 08:06 266317     /usr/lib/i386-linux-gnu/libcanberra-gtk.so.0.1.8
8b4e4000-8b4e5000 r--p 00003000 08:06 266317     /usr/lib/i386-linux-gnu/libcanberra-gtk.so.0.1.8
8b4e5000-8b4e6000 rw-p 00004000 08:06 266317     /usr/lib/i386-linux-gnu/libcanberra-gtk.so.0.1.8
8b4e6000-8b4e7000 r-xp 00000000 08:06 575759     /home/nicolas/jmonkeyplatform/jdk/jre/lib/i386/libjawt.so
8b4e7000-8b4e8000 rw-p 00000000 08:06 575759     /home/nicolas/jmonkeyplatform/jdk/jre/lib/i386/libjawt.so
8b4e8000-8b4ec000 r--s 00000000 08:06 403149     /var/cache/fontconfig/3047814df9a2f067bd2d96a2b9c36e5a-le32d4.cache-3
8b4ec000-8b4fa000 r-xp 00000000 08:06 575777     /home/nicolas/jmonkeyplatform/jdk/jre/lib/i386/libnio.so
8b4fa000-8b4fb000 rw-p 0000e000 08:06 575777     /home/nicolas/jmonkeyplatform/jdk/jre/lib/i386/libnio.so
8b4fb000-8b500000 r-xp 00000000 08:06 267317     /usr/lib/i386-linux-gnu/gtk-2.0/modules/libcanberra-gtk-module.so
8b500000-8b501000 r--p 00004000 08:06 267317     /usr/lib/i386-linux-gnu/gtk-2.0/modules/libcanberra-gtk-module.so
8b501000-8b502000 rw-p 00005000 08:06 267317     /usr/lib/i386-linux-gnu/gtk-2.0/modules/libcanberra-gtk-module.so
8b502000-8b537000 r-xp 00000000 08:06 267296     /usr/lib/i386-linux-gnu/gtk-2.0/2.10.0/engines/libmurrine.so
8b537000-8b538000 r--p 00034000 08:06 267296     /usr/lib/i386-linux-gnu/gtk-2.0/2.10.0/engines/libmurrine.so
8b538000-8b539000 rw-p 00035000 08:06 267296     /usr/lib/i386-linux-gnu/gtk-2.0/2.10.0/engines/libmurrine.so
8b539000-8b53a000 ---p 00000000 00:00 0 
8b53a000-8bd3a000 rw-p 00000000 00:00 0 
8bd3a000-8bd64000 r--p 00000000 08:06 537636     /usr/share/locale-langpack/es/LC_MESSAGES/gtk20-properties.mo
8bd64000-8bd65000 ---p 00000000 00:00 0 
8bd65000-8c565000 rw-p 00000000 00:00 0 
8c565000-8c56c000 r-xp 00000000 08:06 267159     /usr/lib/i386-linux-gnu/gio/modules/libdconfsettings.so
8c56c000-8c56d000 r--p 00006000 08:06 267159     /usr/lib/i386-linux-gnu/gio/modules/libdconfsettings.so
8c56d000-8c56e000 rw-p 00007000 08:06 267159     /usr/lib/i386-linux-gnu/gio/modules/libdconfsettings.so
8c56e000-8c59c000 r--p 00000000 08:06 799689     /usr/share/glib-2.0/schemas/gschemas.compiled
8c59c000-8c5b4000 r--p 00000000 08:06 537592     /usr/share/locale-langpack/es/LC_MESSAGES/glib20.mo
8c5b4000-8c5c4000 r-xp 00000000 08:06 264681     /usr/lib/liboverlay-scrollbar-0.2.so.0.0.16
8c5c4000-8c5c5000 r--p 0000f000 08:06 264681     /usr/lib/liboverlay-scrollbar-0.2.so.0.0.16
8c5c5000-8c5c6000 rw-p 00010000 08:06 264681     /usr/lib/liboverlay-scrollbar-0.2.so.0.0.16
8c5c6000-8c600000 r-xp 00000000 08:06 1440019    /lib/i386-linux-gnu/libpcre.so.3.12.1
8c600000-8c601000 r--p 00039000 08:06 1440019    /lib/i386-linux-gnu/libpcre.so.3.12.1
8c601000-8c602000 rw-p 0003a000 08:06 1440019    /lib/i386-linux-gnu/libpcre.so.3.12.1
8c602000-8c607000 r-xp 00000000 08:06 266401     /usr/lib/i386-linux-gnu/libffi.so.6.0.0
8c607000-8c608000 r--p 00004000 08:06 266401     /usr/lib/i386-linux-gnu/libffi.so.6.0.0
8c608000-8c609000 rw-p 00005000 08:06 266401     /usr/lib/i386-linux-gnu/libffi.so.6.0.0
8c609000-8c62f000 r-xp 00000000 08:06 1457396    /lib/i386-linux-gnu/libexpat.so.1.5.2
8c62f000-8c630000 ---p 00026000 08:06 1457396    /lib/i386-linux-gnu/libexpat.so.1.5.2
8c630000-8c632000 r--p 00026000 08:06 1457396    /lib/i386-linux-gnu/libexpat.so.1.5.2
8c632000-8c633000 rw-p 00028000 08:06 1457396    /lib/i386-linux-gnu/libexpat.so.1.5.2
8c633000-8c646000 r-xp 00000000 08:06 1457734    /lib/i386-linux-gnu/libresolv-2.15.so
8c646000-8c647000 ---p 00013000 08:06 1457734    /lib/i386-linux-gnu/libresolv-2.15.so
8c647000-8c648000 r--p 00013000 08:06 1457734    /lib/i386-linux-gnu/libresolv-2.15.so
8c648000-8c649000 rw-p 00014000 08:06 1457734    /lib/i386-linux-gnu/libresolv-2.15.so
8c649000-8c64b000 rw-p 00000000 00:00 0 
8c64b000-8c668000 r-xp 00000000 08:06 1439991    /lib/i386-linux-gnu/libselinux.so.1
8c668000-8c669000 r--p 0001c000 08:06 1439991    /lib/i386-linux-gnu/libselinux.so.1
8c669000-8c66a000 rw-p 0001d000 08:06 1439991    /lib/i386-linux-gnu/libselinux.so.1
8c66a000-8c66d000 r-xp 00000000 08:06 264620     /usr/lib/i386-linux-gnu/libgmodule-2.0.so.0.3200.4
8c66d000-8c66e000 r--p 00002000 08:06 264620     /usr/lib/i386-linux-gnu/libgmodule-2.0.so.0.3200.4
8c66e000-8c66f000 rw-p 00003000 08:06 264620     /usr/lib/i386-linux-gnu/libgmodule-2.0.so.0.3200.4
8c66f000-8c683000 r-xp 00000000 08:06 1440014    /lib/i386-linux-gnu/libz.so.1.2.3.4
8c683000-8c684000 r--p 00013000 08:06 1440014    /lib/i386-linux-gnu/libz.so.1.2.3.4
8c684000-8c685000 rw-p 00014000 08:06 1440014    /lib/i386-linux-gnu/libz.so.1.2.3.4
8c685000-8c68d000 r-xp 00000000 08:06 263969     /usr/lib/i386-linux-gnu/libxcb-render.so.0.0.0
8c68d000-8c68e000 r--p 00008000 08:06 263969     /usr/lib/i386-linux-gnu/libxcb-render.so.0.0.0
8c68e000-8c68f000 rw-p 00009000 08:06 263969     /usr/lib/i386-linux-gnu/libxcb-render.so.0.0.0
8c68f000-8c691000 r-xp 00000000 08:06 266211     /usr/lib/i386-linux-gnu/libxcb-shm.so.0.0.0
8c691000-8c692000 r--p 00001000 08:06 266211     /usr/lib/i386-linux-gnu/libxcb-shm.so.0.0.0
8c692000-8c693000 rw-p 00002000 08:06 266211     /usr/lib/i386-linux-gnu/libxcb-shm.so.0.0.0
8c693000-8c6bb000 r-xp 00000000 08:06 1440022    /lib/i386-linux-gnu/libpng12.so.0.46.0
8c6bb000-8c6bc000 r--p 00027000 08:06 1440022    /lib/i386-linux-gnu/libpng12.so.0.46.0
8c6bc000-8c6bd000 rw-p 00028000 08:06 1440022    /lib/i386-linux-gnu/libpng12.so.0.46.0
8c6bd000-8c752000 r-xp 00000000 08:06 263811     /usr/lib/i386-linux-gnu/libpixman-1.so.0.30.2
8c752000-8c757000 r--p 00095000 08:06 263811     /usr/lib/i386-linux-gnu/libpixman-1.so.0.30.2
8c757000-8c758000 rw-p 0009a000 08:06 263811     /usr/lib/i386-linux-gnu/libpixman-1.so.0.30.2
8c758000-8c7ee000 r-xp 00000000 08:06 261665     /usr/lib/i386-linux-gnu/libfreetype.so.6.8.0
8c7ee000-8c7f2000 r--p 00095000 08:06 261665     /usr/lib/i386-linux-gnu/libfreetype.so.6.8.0
8c7f2000-8c7f3000 rw-p 00099000 08:06 261665     /usr/lib/i386-linux-gnu/libfreetype.so.6.8.0
8c7f3000-8c7f5000 r-xp 00000000 08:06 266225     /usr/lib/i386-linux-gnu/libXdamage.so.1.1.0
8c7f5000-8c7f6000 r--p 00001000 08:06 266225     /usr/lib/i386-linux-gnu/libXdamage.so.1.1.0
8c7f6000-8c7f7000 rw-p 00002000 08:06 266225     /usr/lib/i386-linux-gnu/libXdamage.so.1.1.0
8c7f7000-8c8ee000 r-xp 00000000 08:06 1452961    /lib/i386-linux-gnu/libglib-2.0.so.0.3200.4
8c8ee000-8c8ef000 r--p 000f6000 08:06 1452961    /lib/i386-linux-gnu/libglib-2.0.so.0.3200.4
8c8ef000-8c8f0000 rw-p 000f7000 08:06 1452961    /lib/i386-linux-gnu/libglib-2.0.so.0.3200.4
8c8f0000-8c93d000 r-xp 00000000 08:06 264162     /usr/lib/i386-linux-gnu/libgobject-2.0.so.0.3200.4
8c93d000-8c93e000 r--p 0004c000 08:06 264162     /usr/lib/i386-linux-gnu/libgobject-2.0.so.0.3200.4
8c93e000-8c93f000 rw-p 0004d000 08:06 264162     /usr/lib/i386-linux-gnu/libgobject-2.0.so.0.3200.4
8c93f000-8c971000 r-xp 00000000 08:06 265215     /usr/lib/i386-linux-gnu/libfontconfig.so.1.4.4
8c971000-8c972000 r--p 00032000 08:06 265215     /usr/lib/i386-linux-gnu/libfontconfig.so.1.4.4
8c972000-8c973000 rw-p 00033000 08:06 265215     /usr/lib/i386-linux-gnu/libfontconfig.so.1.4.4
8c973000-8c9ba000 r-xp 00000000 08:06 266638     /usr/lib/i386-linux-gnu/libpango-1.0.so.0.3000.0
8c9ba000-8c9bb000 ---p 00047000 08:06 266638     /usr/lib/i386-linux-gnu/libpango-1.0.so.0.3000.0
8c9bb000-8c9bc000 r--p 00047000 08:06 266638     /usr/lib/i386-linux-gnu/libpango-1.0.so.0.3000.0
8c9bc000-8c9bd000 rw-p 00048000 08:06 266638     /usr/lib/i386-linux-gnu/libpango-1.0.so.0.3000.0
8c9bd000-8c9e7000 r-xp 00000000 08:06 266642     /usr/lib/i386-linux-gnu/libpangoft2-1.0.so.0.3000.0
8c9e7000-8c9e8000 r--p 00029000 08:06 266642     /usr/lib/i386-linux-gnu/libpangoft2-1.0.so.0.3000.0
8c9e8000-8c9e9000 rw-p 0002a000 08:06 266642     /usr/lib/i386-linux-gnu/libpangoft2-1.0.so.0.3000.0
8c9e9000-8cb3c000 r-xp 00000000 08:06 264180     /usr/lib/i386-linux-gnu/libgio-2.0.so.0.3200.4
8cb3c000-8cb3e000 r--p 00153000 08:06 264180     /usr/lib/i386-linux-gnu/libgio-2.0.so.0.3200.4
8cb3e000-8cb3f000 rw-p 00155000 08:06 264180     /usr/lib/i386-linux-gnu/libgio-2.0.so.0.3200.4
8cb3f000-8cb40000 rw-p 00000000 00:00 0 
8cb40000-8cb60000 r-xp 00000000 08:06 312675     /usr/lib/i386-linux-gnu/libgdk_pixbuf-2.0.so.0.2600.1
8cb60000-8cb61000 r--p 0001f000 08:06 312675     /usr/lib/i386-linux-gnu/libgdk_pixbuf-2.0.so.0.2600.1
8cb61000-8cb62000 rw-p 00020000 08:06 312675     /usr/lib/i386-linux-gnu/libgdk_pixbuf-2.0.so.0.2600.1
8cb62000-8cc29000 r-xp 00000000 08:06 266313     /usr/lib/i386-linux-gnu/libcairo.so.2.11000.2
8cc29000-8cc2a000 r--p 000c7000 08:06 266313     /usr/lib/i386-linux-gnu/libcairo.so.2.11000.2
8cc2a000-8cc2b000 rw-p 000c8000 08:06 266313     /usr/lib/i386-linux-gnu/libcairo.so.2.11000.2
8cc2b000-8cc2d000 rw-p 00000000 00:00 0 
8cc2d000-8cc4a000 r-xp 00000000 08:06 266275     /usr/lib/i386-linux-gnu/libatk-1.0.so.0.20409.1
8cc4a000-8cc4c000 r--p 0001c000 08:06 266275     /usr/lib/i386-linux-gnu/libatk-1.0.so.0.20409.1
8cc4c000-8cc4d000 rw-p 0001e000 08:06 266275     /usr/lib/i386-linux-gnu/libatk-1.0.so.0.20409.1
8cc4d000-8cc58000 r-xp 00000000 08:06 266640     /usr/lib/i386-linux-gnu/libpangocairo-1.0.so.0.3000.0
8cc58000-8cc59000 r--p 0000a000 08:06 266640     /usr/lib/i386-linux-gnu/libpangocairo-1.0.so.0.3000.0
8cc59000-8cc5a000 rw-p 0000b000 08:06 266640     /usr/lib/i386-linux-gnu/libpangocairo-1.0.so.0.3000.0
8cc5a000-8cd05000 r-xp 00000000 08:06 267137     /usr/lib/i386-linux-gnu/libgdk-x11-2.0.so.0.2400.10
8cd05000-8cd07000 r--p 000ab000 08:06 267137     /usr/lib/i386-linux-gnu/libgdk-x11-2.0.so.0.2400.10
8cd07000-8cd08000 rw-p 000ad000 08:06 267137     /usr/lib/i386-linux-gnu/libgdk-x11-2.0.so.0.2400.10
8cd08000-8d169000 r-xp 00000000 08:06 312683     /usr/lib/i386-linux-gnu/libgtk-x11-2.0.so.0.2400.10
8d169000-8d16d000 r--p 00461000 08:06 312683     /usr/lib/i386-linux-gnu/libgtk-x11-2.0.so.0.2400.10
8d16d000-8d16f000 rw-p 00465000 08:06 312683     /usr/lib/i386-linux-gnu/libgtk-x11-2.0.so.0.2400.10
8d16f000-8d171000 rw-p 00000000 00:00 0 
8d171000-8d172000 r--s 00000000 08:06 409817     /var/cache/fontconfig/4794a0821666d79190d59a36cb4f44b5-le32d4.cache-3
8d172000-8d177000 r--p 00000000 08:06 184898     /home/nicolas/.config/dconf/user
8d177000-8d186000 r--p 00000000 08:06 537640     /usr/share/locale-langpack/es/LC_MESSAGES/gtk20.mo
8d186000-8d189000 ---p 00000000 00:00 0 
8d189000-8d1d7000 rw-p 00000000 00:00 0 
8d1d7000-8d1da000 ---p 00000000 00:00 0 
8d1da000-8d228000 rw-p 00000000 00:00 0 
8d228000-8d22b000 ---p 00000000 00:00 0 
8d22b000-8d279000 rw-p 00000000 00:00 0 
8d279000-8d27c000 ---p 00000000 00:00 0 
8d27c000-8d2ca000 rw-p 00000000 00:00 0 
8d2ca000-8d2cd000 ---p 00000000 00:00 0 
8d2cd000-8d31b000 rw-p 00000000 00:00 0 
8d31b000-8d44b000 r-xp 00000000 08:06 262277     /usr/lib/i386-linux-gnu/libX11.so.6.3.0
8d44b000-8d44c000 r--p 0012f000 08:06 262277     /usr/lib/i386-linux-gnu/libX11.so.6.3.0
8d44c000-8d44e000 rw-p 00130000 08:06 262277     /usr/lib/i386-linux-gnu/libX11.so.6.3.0
8d44e000-8d44f000 rw-p 00000000 00:00 0 
8d44f000-8d4d5000 r-xp 00000000 08:06 575776     /home/nicolas/jmonkeyplatform/jdk/jre/lib/i386/libawt.so
8d4d5000-8d4dc000 rw-p 00086000 08:06 575776     /home/nicolas/jmonkeyplatform/jdk/jre/lib/i386/libawt.so
8d4dc000-8d500000 rw-p 00000000 00:00 0 
8d500000-8d5f8000 rw-p 00000000 00:00 0 
8d5f8000-8d600000 ---p 00000000 00:00 0 
8d600000-8d603000 r--s 00000000 08:06 404604     /var/cache/fontconfig/8801497958630a81b71ace7c5f9b32a8-le32d4.cache-3
8d603000-8d60a000 r--s 00000000 08:06 333336     /usr/lib/i386-linux-gnu/gconv/gconv-modules.cache
8d60a000-8d62f000 r--p 00000000 08:06 543153     /usr/share/locale-langpack/es/LC_MESSAGES/libc.mo
8d62f000-8d678000 r-xp 00000000 08:06 575820     /home/nicolas/jmonkeyplatform/jdk/jre/lib/i386/xawt/libmawt.so
8d678000-8d67a000 rw-p 00049000 08:06 575820     /home/nicolas/jmonkeyplatform/jdk/jre/lib/i386/xawt/libmawt.so
8d67a000-8d67b000 rw-p 00000000 00:00 0 
8d67b000-8d67c000 ---p 00000000 00:00 0 
8d67c000-8d6fc000 rw-p 00000000 00:00 0 
8d6fc000-8d6ff000 ---p 00000000 00:00 0 
8d6ff000-8d74d000 rw-p 00000000 00:00 0 
8d74d000-8d750000 ---p 00000000 00:00 0 
8d750000-8d7ce000 rw-p 00000000 00:00 0 
8d7ce000-8d900000 r--p 005e3000 08:06 269989     /usr/lib/locale/locale-archive
8d900000-8db00000 r--p 00000000 08:06 269989     /usr/lib/locale/locale-archive
8db00000-8dc00000 rw-p 00000000 00:00 0 
8dc00000-8dc03000 r--s 00000000 08:06 403123     /var/cache/fontconfig/7ef2298fde41cc6eeb7af42e48b7d293-le32d4.cache-3
8dc03000-8dc05000 r-xp 00000000 08:06 266221     /usr/lib/i386-linux-gnu/libXcomposite.so.1.0.0
8dc05000-8dc06000 r--p 00001000 08:06 266221     /usr/lib/i386-linux-gnu/libXcomposite.so.1.0.0
8dc06000-8dc07000 rw-p 00002000 08:06 266221     /usr/lib/i386-linux-gnu/libXcomposite.so.1.0.0
8dc07000-8dc0b000 r-xp 00000000 08:06 263304     /usr/lib/i386-linux-gnu/libXfixes.so.3.1.0
8dc0b000-8dc0c000 r--p 00004000 08:06 263304     /usr/lib/i386-linux-gnu/libXfixes.so.3.1.0
8dc0c000-8dc0d000 rw-p 00005000 08:06 263304     /usr/lib/i386-linux-gnu/libXfixes.so.3.1.0
8dc0d000-8dc2c000 r-xp 00000000 08:06 270372     /usr/lib/i386-linux-gnu/libxcb.so.1.1.0
8dc2c000-8dc2d000 r--p 0001f000 08:06 270372     /usr/lib/i386-linux-gnu/libxcb.so.1.1.0
8dc2d000-8dc2e000 rw-p 00020000 08:06 270372     /usr/lib/i386-linux-gnu/libxcb.so.1.1.0
8dc2e000-8dc31000 ---p 00000000 00:00 0 
8dc31000-8dcaf000 rw-p 00000000 00:00 0 
8dcaf000-8dcb2000 ---p 00000000 00:00 0 
8dcb2000-8dd00000 rw-p 00000000 00:00 0 
8dd00000-8ddf9000 rw-p 00000000 00:00 0 
8ddf9000-8de00000 ---p 00000000 00:00 0 
8de00000-8de02000 r-xp 00000000 08:06 266234     /usr/lib/i386-linux-gnu/libXinerama.so.1.0.0
8de02000-8de03000 r--p 00001000 08:06 266234     /usr/lib/i386-linux-gnu/libXinerama.so.1.0.0
8de03000-8de04000 rw-p 00002000 08:06 266234     /usr/lib/i386-linux-gnu/libXinerama.so.1.0.0
8de04000-8de0d000 r-xp 00000000 08:06 266248     /usr/lib/i386-linux-gnu/libXcursor.so.1.0.2
8de0d000-8de0e000 r--p 00008000 08:06 266248     /usr/lib/i386-linux-gnu/libXcursor.so.1.0.2
8de0e000-8de0f000 rw-p 00009000 08:06 266248     /usr/lib/i386-linux-gnu/libXcursor.so.1.0.2
8de0f000-8de14000 r-xp 00000000 08:06 266227     /usr/lib/i386-linux-gnu/libXdmcp.so.6.0.0
8de14000-8de15000 r--p 00004000 08:06 266227     /usr/lib/i386-linux-gnu/libXdmcp.so.6.0.0
8de15000-8de16000 rw-p 00005000 08:06 266227     /usr/lib/i386-linux-gnu/libXdmcp.so.6.0.0
8de16000-8de25000 r-xp 00000000 08:06 261832     /usr/lib/i386-linux-gnu/libXi.so.6.1.0
8de25000-8de26000 r--p 0000e000 08:06 261832     /usr/lib/i386-linux-gnu/libXi.so.6.1.0
8de26000-8de27000 rw-p 0000f000 08:06 261832     /usr/lib/i386-linux-gnu/libXi.so.6.1.0
8de27000-8de2c000 r-xp 00000000 08:06 266250     /usr/lib/i386-linux-gnu/libXtst.so.6.1.0
8de2c000-8de2d000 r--p 00004000 08:06 266250     /usr/lib/i386-linux-gnu/libXtst.so.6.1.0
8de2d000-8de2e000 rw-p 00005000 08:06 266250     /usr/lib/i386-linux-gnu/libXtst.so.6.1.0
8de2e000-8de31000 ---p 00000000 00:00 0 
8de31000-8de7f000 rw-p 00000000 00:00 0 
8de7f000-8de80000 ---p 00000000 00:00 0 
8de80000-8df00000 rw-p 00000000 00:00 0 
8df00000-8dfff000 rw-p 00000000 00:00 0 
8dfff000-8e000000 ---p 00000000 00:00 0 
8e000000-8e010000 r-xp 00000000 08:06 266213     /usr/lib/i386-linux-gnu/libXext.so.6.4.0
8e010000-8e011000 r--p 0000f000 08:06 266213     /usr/lib/i386-linux-gnu/libXext.so.6.4.0
8e011000-8e012000 rw-p 00010000 08:06 266213     /usr/lib/i386-linux-gnu/libXext.so.6.4.0
8e012000-8e05d000 rw-p 00000000 00:00 0 
8e05d000-8e21a000 r--s 039bf000 08:06 575915     /home/nicolas/jmonkeyplatform/jdk/jre/lib/rt.jar
8e21a000-8f600000 rw-p 00000000 00:00 0 
8f600000-8f6f8000 rw-p 00000000 00:00 0 
8f6f8000-8f700000 ---p 00000000 00:00 0 
8f700000-8f702000 r--s 00000000 08:06 397451     /var/cache/fontconfig/e13b20fdb08344e0e664864cc2ede53d-le32d4.cache-3
8f702000-8f72e000 r--s 00208000 08:06 1047999    /home/nicolas/Descargas/guava-19.0.jar
8f72e000-8f731000 ---p 00000000 00:00 0 
8f731000-8f77f000 rw-p 00000000 00:00 0 
8f77f000-8f780000 ---p 00000000 00:00 0 
8f780000-8f800000 rw-p 00000000 00:00 0 
8f800000-8f821000 rw-p 00000000 00:00 0 
8f821000-8f900000 ---p 00000000 00:00 0 
8f900000-8f921000 rw-p 00000000 00:00 0 
8f921000-8fa00000 ---p 00000000 00:00 0 
8fa00000-8fa01000 r--s 00000000 08:06 403147     /var/cache/fontconfig/56cf4f4769d0f4abc89a4895d7bd3ae1-le32d4.cache-3
8fa01000-8fa03000 r-xp 00000000 08:06 266216     /usr/lib/i386-linux-gnu/libXau.so.6.0.0
8fa03000-8fa04000 r--p 00001000 08:06 266216     /usr/lib/i386-linux-gnu/libXau.so.6.0.0
8fa04000-8fa05000 rw-p 00002000 08:06 266216     /usr/lib/i386-linux-gnu/libXau.so.6.0.0
8fa05000-8fa0d000 r-xp 00000000 08:06 266256     /usr/lib/i386-linux-gnu/libXrender.so.1.3.0
8fa0d000-8fa0e000 r--p 00007000 08:06 266256     /usr/lib/i386-linux-gnu/libXrender.so.1.3.0
8fa0e000-8fa0f000 rw-p 00008000 08:06 266256     /usr/lib/i386-linux-gnu/libXrender.so.1.3.0
8fa0f000-8fa10000 r--s 00000000 08:06 403142     /var/cache/fontconfig/b9d506c9ac06c20b433354fa67a72993-le32d4.cache-3
8fa10000-8fa11000 r--s 00000000 08:06 183253     /home/nicolas/.cache/dconf/user
8fa11000-8fa18000 r-xp 00000000 08:06 266242     /usr/lib/i386-linux-gnu/libXrandr.so.2.2.0
8fa18000-8fa19000 r--p 00006000 08:06 266242     /usr/lib/i386-linux-gnu/libXrandr.so.2.2.0
8fa19000-8fa1a000 rw-p 00007000 08:06 266242     /usr/lib/i386-linux-gnu/libXrandr.so.2.2.0
8fa1a000-8fa24000 r--s 00250000 08:06 575835     /home/nicolas/jmonkeyplatform/jdk/jre/lib/resources.jar
8fa24000-8fa7f000 rw-p 00000000 00:00 0 
8fa7f000-8fa80000 ---p 00000000 00:00 0 
8fa80000-8fb00000 rw-p 00000000 00:00 0 
8fb00000-8fb23000 rw-p 00000000 00:00 0 
8fb23000-8fc00000 ---p 00000000 00:00 0 
8fc00000-8fc01000 r-xp 00000000 08:06 264433     /usr/lib/i386-linux-gnu/libgthread-2.0.so.0.3200.4
8fc01000-8fc02000 r--p 00000000 08:06 264433     /usr/lib/i386-linux-gnu/libgthread-2.0.so.0.3200.4
8fc02000-8fc03000 rw-p 00001000 08:06 264433     /usr/lib/i386-linux-gnu/libgthread-2.0.so.0.3200.4
8fc03000-8fc0e000 r--s 0037c000 08:06 575920     /home/nicolas/jmonkeyplatform/jdk/jre/lib/charsets.jar
8fc0e000-8fc12000 r--s 000f7000 08:06 575905     /home/nicolas/jmonkeyplatform/jdk/jre/lib/ext/localedata.jar
8fc12000-8fc18000 r--s 00044000 08:06 1047997    /home/nicolas/Descargas/lemur-1.8.2.jar
8fc18000-8fc1f000 r--s 0286f000 08:06 446058     /home/nicolas/jmonkeyplatform/jmonkeyplatform/libs/jME3-testdata.jar
8fc1f000-8fc22000 r--s 0001a000 08:06 446084     /home/nicolas/jmonkeyplatform/jmonkeyplatform/libs/xmlpull-xpp3.jar
8fc22000-8fc24000 r--s 00012000 08:06 446185     /home/nicolas/jmonkeyplatform/jmonkeyplatform/libs/eventbus.jar
8fc24000-8fc26000 r--s 00010000 08:06 445976     /home/nicolas/jmonkeyplatform/jmonkeyplatform/libs/nifty-style-black.jar
8fc26000-8fc2e000 r--s 00039000 08:06 445856     /home/nicolas/jmonkeyplatform/jmonkeyplatform/libs/nifty-default-controls.jar
8fc2e000-8fc3a000 r--s 00076000 08:06 446255     /home/nicolas/jmonkeyplatform/jmonkeyplatform/libs/nifty.jar
8fc3a000-8fc3b000 ---p 00000000 00:00 0 
8fc3b000-8fcbb000 rw-p 00000000 00:00 0 
8fcbb000-8fcbc000 ---p 00000000 00:00 0 
8fcbc000-8fd47000 rw-p 00000000 00:00 0 
8fd47000-8fde4000 rw-p 00000000 00:00 0 
8fde4000-8fdec000 rw-p 00000000 00:00 0 
8fdec000-8fe04000 rw-p 00000000 00:00 0 
8fe04000-8fe0f000 rw-p 00000000 00:00 0 
8fe0f000-8feab000 rw-p 00000000 00:00 0 
8feab000-8feb1000 rw-p 00000000 00:00 0 
8feb1000-8feff000 rw-p 00000000 00:00 0 
8feff000-90f00000 rw-p 00000000 00:00 0 
90f00000-93f00000 rw-p 00000000 00:00 0 
93f00000-953c0000 rw-p 00000000 00:00 0 
953c0000-a8d80000 rw-p 00000000 00:00 0 
a8d80000-a9800000 rw-p 00000000 00:00 0 
a9800000-b3500000 rw-p 00000000 00:00 0 
b3500000-b3502000 r--s 0000d000 08:06 1047939    /home/nicolas/Descargas/lemur-proto-1.7.1.jar
b3502000-b3504000 r--s 00009000 08:06 183405     /home/nicolas/Descargas/slf4j-1.7.21/slf4j-api-1.7.21.jar
b3504000-b3505000 r--s 00008000 08:06 446055     /home/nicolas/jmonkeyplatform/jmonkeyplatform/libs/jME3-niftygui.jar
b3505000-b3506000 r--s 0000b000 08:06 446112     /home/nicolas/jmonkeyplatform/jmonkeyplatform/libs/stack-alloc.jar
b3506000-b3510000 r--s 00079000 08:06 446212     /home/nicolas/jmonkeyplatform/jmonkeyplatform/libs/jbullet.jar
b3510000-b3514000 r--s 00025000 08:06 446077     /home/nicolas/jmonkeyplatform/jmonkeyplatform/libs/jME3-jbullet.jar
b3514000-b3522000 r--s 000e2000 08:06 446251     /home/nicolas/jmonkeyplatform/jmonkeyplatform/libs/lwjgl.jar
b3522000-b352b000 rw-p 00000000 00:00 0 
b352b000-b35e2000 rw-p 00000000 00:00 0 
b35e2000-b3822000 rwxp 00000000 00:00 0 
b3822000-b65e2000 rw-p 00000000 00:00 0 
b65e2000-b65e9000 r-xp 00000000 08:06 1463396    /lib/i386-linux-gnu/libnss_compat-2.15.so
b65e9000-b65ea000 r--p 00006000 08:06 1463396    /lib/i386-linux-gnu/libnss_compat-2.15.so
b65ea000-b65eb000 rw-p 00007000 08:06 1463396    /lib/i386-linux-gnu/libnss_compat-2.15.so
b65eb000-b65ef000 r--s 00030000 08:06 446234     /home/nicolas/jmonkeyplatform/jmonkeyplatform/libs/jinput.jar
b65ef000-b6600000 r--s 0011b000 08:06 446159     /home/nicolas/jmonkeyplatform/jmonkeyplatform/libs/jME3-core.jar
b6600000-b66f6000 rw-p 00000000 00:00 0 
b66f6000-b6700000 ---p 00000000 00:00 0 
b6700000-b6702000 r--s 0003c000 08:06 446215     /home/nicolas/jmonkeyplatform/jmonkeyplatform/libs/vecmath.jar
b6702000-b6704000 r--s 00243000 08:06 445962     /home/nicolas/jmonkeyplatform/jmonkeyplatform/libs/jME3-lwjgl-natives.jar
b6704000-b671a000 rw-p 00000000 00:00 0 
b671a000-b6732000 rw-p 00000000 00:00 0 
b6732000-b6749000 r-xp 00000000 08:06 575808     /home/nicolas/jmonkeyplatform/jdk/jre/lib/i386/libzip.so
b6749000-b674a000 rw-p 00017000 08:06 575808     /home/nicolas/jmonkeyplatform/jdk/jre/lib/i386/libzip.so
b674a000-b6754000 r-xp 00000000 08:06 1463496    /lib/i386-linux-gnu/libnss_files-2.15.so
b6754000-b6755000 r--p 00009000 08:06 1463496    /lib/i386-linux-gnu/libnss_files-2.15.so
b6755000-b6756000 rw-p 0000a000 08:06 1463496    /lib/i386-linux-gnu/libnss_files-2.15.so
b6756000-b6760000 r-xp 00000000 08:06 1457653    /lib/i386-linux-gnu/libnss_nis-2.15.so
b6760000-b6761000 r--p 00009000 08:06 1457653    /lib/i386-linux-gnu/libnss_nis-2.15.so
b6761000-b6762000 rw-p 0000a000 08:06 1457653    /lib/i386-linux-gnu/libnss_nis-2.15.so
b6762000-b6764000 r--s 00017000 08:06 446141     /home/nicolas/jmonkeyplatform/jmonkeyplatform/libs/jME3-lwjgl.jar
b6764000-b6768000 r--s 00023000 08:06 446085     /home/nicolas/jmonkeyplatform/jmonkeyplatform/libs/jME3-terrain.jar
b6768000-b6769000 r--s 00009000 08:06 446056     /home/nicolas/jmonkeyplatform/jmonkeyplatform/libs/j-ogg-vorbisd.jar
b6769000-b676b000 r--s 00005000 08:06 446135     /home/nicolas/jmonkeyplatform/jmonkeyplatform/libs/j-ogg-oggd.jar
b676b000-b676c000 r--s 00002000 08:06 446163     /home/nicolas/jmonkeyplatform/jmonkeyplatform/libs/jME3-jogg.jar
b676c000-b676f000 r--s 0001c000 08:06 446010     /home/nicolas/jmonkeyplatform/jmonkeyplatform/libs/jME3-networking.jar
b676f000-b6777000 rw-s 00000000 08:06 1047936    /tmp/hsperfdata_nicolas/5856
b6777000-b678d000 r-xp 00000000 08:06 1463387    /lib/i386-linux-gnu/libnsl-2.15.so
b678d000-b678e000 r--p 00015000 08:06 1463387    /lib/i386-linux-gnu/libnsl-2.15.so
b678e000-b678f000 rw-p 00016000 08:06 1463387    /lib/i386-linux-gnu/libnsl-2.15.so
b678f000-b6791000 rw-p 00000000 00:00 0 
b6791000-b67b4000 r-xp 00000000 08:06 575809     /home/nicolas/jmonkeyplatform/jdk/jre/lib/i386/libjava.so
b67b4000-b67b5000 rw-p 00022000 08:06 575809     /home/nicolas/jmonkeyplatform/jdk/jre/lib/i386/libjava.so
b67b5000-b67bc000 r-xp 00000000 08:06 1457733    /lib/i386-linux-gnu/librt-2.15.so
b67bc000-b67bd000 r--p 00006000 08:06 1457733    /lib/i386-linux-gnu/librt-2.15.so
b67bd000-b67be000 rw-p 00007000 08:06 1457733    /lib/i386-linux-gnu/librt-2.15.so
b67be000-b67c1000 ---p 00000000 00:00 0 
b67c1000-b680f000 rw-p 00000000 00:00 0 
b680f000-b6839000 r-xp 00000000 08:06 1463497    /lib/i386-linux-gnu/libm-2.15.so
b6839000-b683a000 r--p 00029000 08:06 1463497    /lib/i386-linux-gnu/libm-2.15.so
b683a000-b683b000 rw-p 0002a000 08:06 1463497    /lib/i386-linux-gnu/libm-2.15.so
b683b000-b70b2000 r-xp 00000000 08:06 575813     /home/nicolas/jmonkeyplatform/jdk/jre/lib/i386/server/libjvm.so
b70b2000-b7116000 rw-p 00877000 08:06 575813     /home/nicolas/jmonkeyplatform/jdk/jre/lib/i386/server/libjvm.so
b7116000-b753a000 rw-p 00000000 00:00 0 
b753a000-b76dd000 r-xp 00000000 08:06 1461095    /lib/i386-linux-gnu/libc-2.15.so
b76dd000-b76df000 r--p 001a3000 08:06 1461095    /lib/i386-linux-gnu/libc-2.15.so
b76df000-b76e0000 rw-p 001a5000 08:06 1461095    /lib/i386-linux-gnu/libc-2.15.so
b76e0000-b76e3000 rw-p 00000000 00:00 0 
b76e3000-b76e6000 r-xp 00000000 08:06 1457496    /lib/i386-linux-gnu/libdl-2.15.so
b76e6000-b76e7000 r--p 00002000 08:06 1457496    /lib/i386-linux-gnu/libdl-2.15.so
b76e7000-b76e8000 rw-p 00003000 08:06 1457496    /lib/i386-linux-gnu/libdl-2.15.so
b76e8000-b76fb000 r-xp 00000000 08:06 576436     /home/nicolas/jmonkeyplatform/jdk/lib/i386/jli/libjli.so
b76fb000-b76fc000 rw-p 00012000 08:06 576436     /home/nicolas/jmonkeyplatform/jdk/lib/i386/jli/libjli.so
b76fc000-b76fd000 rw-p 00000000 00:00 0 
b76fd000-b7714000 r-xp 00000000 08:06 1463388    /lib/i386-linux-gnu/libpthread-2.15.so
b7714000-b7715000 r--p 00016000 08:06 1463388    /lib/i386-linux-gnu/libpthread-2.15.so
b7715000-b7716000 rw-p 00017000 08:06 1463388    /lib/i386-linux-gnu/libpthread-2.15.so
b7716000-b7718000 rw-p 00000000 00:00 0 
b7718000-b771b000 r--s 0007f000 08:06 446081     /home/nicolas/jmonkeyplatform/jmonkeyplatform/libs/jME3-effects.jar
b771b000-b771c000 r--s 00010000 08:06 446083     /home/nicolas/jmonkeyplatform/jmonkeyplatform/libs/jME3-plugins.jar
b771c000-b771f000 r--s 00035000 08:06 446078     /home/nicolas/jmonkeyplatform/jmonkeyplatform/libs/jME3-desktop.jar
b771f000-b7720000 rw-p 00000000 00:00 0 
b7720000-b7721000 r--p 00000000 00:00 0 
b7721000-b772c000 r-xp 00000000 08:06 575810     /home/nicolas/jmonkeyplatform/jdk/jre/lib/i386/libverify.so
b772c000-b772d000 rw-p 0000b000 08:06 575810     /home/nicolas/jmonkeyplatform/jdk/jre/lib/i386/libverify.so
b772d000-b772f000 rw-p 00000000 00:00 0 
b772f000-b7730000 r-xp 00000000 00:00 0          [vdso]
b7730000-b7750000 r-xp 00000000 08:06 1463394    /lib/i386-linux-gnu/ld-2.15.so
b7750000-b7751000 r--p 0001f000 08:06 1463394    /lib/i386-linux-gnu/ld-2.15.so
b7751000-b7752000 rw-p 00020000 08:06 1463394    /lib/i386-linux-gnu/ld-2.15.so
bfd8e000-bfdaf000 rw-p 00000000 00:00 0          [stack]

VM Arguments:
jvm_args: -Dfile.encoding=UTF-8 
java_command: mygame.Main
Launcher Type: SUN_STANDARD

Environment Variables:
PATH=/usr/lib/lightdm/lightdm:/usr/local/sbin:/usr/local/bin:/usr/sbin:/usr/bin:/sbin:/bin:/usr/games
LD_LIBRARY_PATH=/home/nicolas/jmonkeyplatform/bin/../jdk/jre/lib/amd64:/home/nicolas/jmonkeyplatform/bin/../jdk/jre/lib/i386:
SHELL=/bin/bash
DISPLAY=:0.0

Signal Handlers:
SIGSEGV: [libjvm.so+0x7dd5e0], sa_mask[0]=0x7ffbfeff, sa_flags=0x10000004
SIGBUS: [libjvm.so+0x7dd5e0], sa_mask[0]=0x7ffbfeff, sa_flags=0x10000004
SIGFPE: [libjvm.so+0x678d60], sa_mask[0]=0x7ffbfeff, sa_flags=0x10000004
SIGPIPE: SIG_IGN, sa_mask[0]=0x00001000, sa_flags=0x10000000
SIGXFSZ: [libjvm.so+0x678d60], sa_mask[0]=0x7ffbfeff, sa_flags=0x10000004
SIGILL: [libjvm.so+0x678d60], sa_mask[0]=0x7ffbfeff, sa_flags=0x10000004
SIGUSR1: SIG_DFL, sa_mask[0]=0x00000000, sa_flags=0x00000000
SIGUSR2: [libjvm.so+0x67a250], sa_mask[0]=0x00000004, sa_flags=0x10000004
SIGHUP: [libjvm.so+0x67b3a0], sa_mask[0]=0x7ffbfeff, sa_flags=0x10000004
SIGINT: SIG_IGN, sa_mask[0]=0x00000000, sa_flags=0x00000000
SIGTERM: [libjvm.so+0x67b3a0], sa_mask[0]=0x7ffbfeff, sa_flags=0x10000004
SIGQUIT: [libjvm.so+0x67b3a0], sa_mask[0]=0x7ffbfeff, sa_flags=0x10000004


---------------  S Y S T E M  ---------------

OS:wheezy/sid

uname:Linux 3.2.0-107-generic-pae #148-Ubuntu SMP Mon Jul 18 20:44:42 UTC 2016 i686
libc:glibc 2.15 NPTL 2.15 
rlimit: STACK 8192k, CORE 0k, NPROC 15911, NOFILE 4096, AS infinity
load average:2,49 1,16 0,83

/proc/meminfo:
MemTotal:        2051308 kB
MemFree:          330272 kB
Buffers:          101772 kB
Cached:           420864 kB
SwapCached:         1532 kB
Active:           988848 kB
Inactive:         634236 kB
Active(anon):     786640 kB
Inactive(anon):   471232 kB
Active(file):     202208 kB
Inactive(file):   163004 kB
Unevictable:          16 kB
Mlocked:              16 kB
HighTotal:       1173704 kB
HighFree:          60680 kB
LowTotal:         877604 kB
LowFree:          269592 kB
SwapTotal:       1309260 kB
SwapFree:        1254608 kB
Dirty:               488 kB
Writeback:             0 kB
AnonPages:       1099304 kB
Mapped:           115796 kB
Shmem:            157424 kB
Slab:              69688 kB
SReclaimable:      51444 kB
SUnreclaim:        18244 kB
KernelStack:        3856 kB
PageTables:        10076 kB
NFS_Unstable:          0 kB
Bounce:                0 kB
WritebackTmp:          0 kB
CommitLimit:     2334912 kB
Committed_AS:    3993916 kB
VmallocTotal:     122880 kB
VmallocUsed:       11580 kB
VmallocChunk:     107144 kB
HardwareCorrupted:     0 kB
AnonHugePages:         0 kB
HugePages_Total:       0
HugePages_Free:        0
HugePages_Rsvd:        0
HugePages_Surp:        0
Hugepagesize:       2048 kB
DirectMap4k:       10232 kB
DirectMap2M:      903168 kB


CPU:total 4 (4 cores per cpu, 1 threads per core) family 6 model 15 stepping 11, cmov, cx8, fxsr, mmx, sse, sse2, sse3, ssse3, tsc

/proc/cpuinfo:
processor	: 0
vendor_id	: GenuineIntel
cpu family	: 6
model		: 15
model name	: Intel(R) Core(TM)2 Quad CPU    Q6600  @ 2.40GHz
stepping	: 11
microcode	: 0xb6
cpu MHz		: 2394.000
cache size	: 4096 KB
physical id	: 0
siblings	: 4
core id		: 0
cpu cores	: 4
apicid		: 0
initial apicid	: 0
fdiv_bug	: no
hlt_bug		: no
f00f_bug	: no
coma_bug	: no
fpu		: yes
fpu_exception	: yes
cpuid level	: 10
wp		: yes
flags		: fpu vme de pse tsc msr pae mce cx8 apic sep mtrr pge mca cmov pat pse36 clflush dts acpi mmx fxsr sse sse2 ss ht tm pbe nx lm constant_tsc arch_perfmon pebs bts aperfmperf pni dtes64 monitor ds_cpl vmx est tm2 ssse3 cx16 xtpr pdcm lahf_lm dtherm tpr_shadow vnmi flexpriority
bogomips	: 4776.09
clflush size	: 64
cache_alignment	: 64
address sizes	: 36 bits physical, 48 bits virtual
power management:

processor	: 1
vendor_id	: GenuineIntel
cpu family	: 6
model		: 15
model name	: Intel(R) Core(TM)2 Quad CPU    Q6600  @ 2.40GHz
stepping	: 11
microcode	: 0xb6
cpu MHz		: 2394.000
cache size	: 4096 KB
physical id	: 0
siblings	: 4
core id		: 2
cpu cores	: 4
apicid		: 2
initial apicid	: 2
fdiv_bug	: no
hlt_bug		: no
f00f_bug	: no
coma_bug	: no
fpu		: yes
fpu_exception	: yes
cpuid level	: 10
wp		: yes
flags		: fpu vme de pse tsc msr pae mce cx8 apic sep mtrr pge mca cmov pat pse36 clflush dts acpi mmx fxsr sse sse2 ss ht tm pbe nx lm constant_tsc arch_perfmon pebs bts aperfmperf pni dtes64 monitor ds_cpl vmx est tm2 ssse3 cx16 xtpr pdcm lahf_lm dtherm tpr_shadow vnmi flexpriority
bogomips	: 4775.99
clflush size	: 64
cache_alignment	: 64
address sizes	: 36 bits physical, 48 bits virtual
power management:

processor	: 2
vendor_id	: GenuineIntel
cpu family	: 6
model		: 15
model name	: Intel(R) Core(TM)2 Quad CPU    Q6600  @ 2.40GHz
stepping	: 11
microcode	: 0xb6
cpu MHz		: 2394.000
cache size	: 4096 KB
physical id	: 0
siblings	: 4
core id		: 1
cpu cores	: 4
apicid		: 1
initial apicid	: 1
fdiv_bug	: no
hlt_bug		: no
f00f_bug	: no
coma_bug	: no
fpu		: yes
fpu_exception	: yes
cpuid level	: 10
wp		: yes
flags		: fpu vme de pse tsc msr pae mce cx8 apic sep mtrr pge mca cmov pat pse36 clflush dts acpi mmx fxsr sse sse2 ss ht tm pbe nx lm constant_tsc arch_perfmon pebs bts aperfmperf pni dtes64 monitor ds_cpl vmx est tm2 ssse3 cx16 xtpr pdcm lahf_lm dtherm tpr_shadow vnmi flexpriority
bogomips	: 4775.98
clflush size	: 64
cache_alignment	: 64
address sizes	: 36 bits physical, 48 bits virtual
power management:

processor	: 3
vendor_id	: GenuineIntel
cpu family	: 6
model		: 15
model name	: Intel(R) Core(TM)2 Quad CPU    Q6600  @ 2.40GHz
stepping	: 11
microcode	: 0xb6
cpu MHz		: 1596.000
cache size	: 4096 KB
physical id	: 0
siblings	: 4
core id		: 3
cpu cores	: 4
apicid		: 3
initial apicid	: 3
fdiv_bug	: no
hlt_bug		: no
f00f_bug	: no
coma_bug	: no
fpu		: yes
fpu_exception	: yes
cpuid level	: 10
wp		: yes
flags		: fpu vme de pse tsc msr pae mce cx8 apic sep mtrr pge mca cmov pat pse36 clflush dts acpi mmx fxsr sse sse2 ss ht tm pbe nx lm constant_tsc arch_perfmon pebs bts aperfmperf pni dtes64 monitor ds_cpl vmx est tm2 ssse3 cx16 xtpr pdcm lahf_lm dtherm tpr_shadow vnmi flexpriority
bogomips	: 4775.98
clflush size	: 64
cache_alignment	: 64
address sizes	: 36 bits physical, 48 bits virtual
power management:



Memory: 4k page, physical 2051308k(330272k free), swap 1309260k(1254608k free)

vm_info: Java HotSpot(TM) Server VM (24.51-b03) for linux-x86 JRE (1.7.0_51-b13), built on Dec 18 2013 18:45:30 by "java_re" with gcc 4.3.0 20080428 (Red Hat 4.3.0-8)

time: Thu Sep 15 23:18:46 2016
elapsed time: 2 seconds

