#
# A fatal error has been detected by the Java Runtime Environment:
#
#  SIGSEGV (0xb) at pc=0x7a5c5ac2, pid=3951, tid=2068196160
#
# JRE version: Java(TM) SE Runtime Environment (7.0_51-b13) (build 1.7.0_51-b13)
# Java VM: Java HotSpot(TM) Server VM (24.51-b03 mixed mode linux-x86 )
# Problematic frame:
# C  [libopenal.so+0x1bac2]  alcCreateContext+0xd2
#
# Failed to write core dump. Core dumps have been disabled. To enable core dumping, try "ulimit -c unlimited" before starting Java again
#
# If you would like to submit a bug report, please visit:
#   http://bugreport.sun.com/bugreport/crash.jsp
# The crash happened outside the Java Virtual Machine in native code.
# See problematic frame for where to report the bug.
#

---------------  T H R E A D  ---------------

Current thread (0x79e14800):  JavaThread "jME3 Audio Thread" daemon [_thread_in_native, id=3985, stack(0x7b412000,0x7b463000)]

siginfo:si_signo=SIGSEGV: si_errno=0, si_code=2 (SEGV_ACCERR), si_addr=0x7cbfa004

Registers:
EAX=0x7cbfa004, EBX=0x7a5f9ff4, ECX=0x000000ff, EDX=0x00000001
ESP=0x7b461c10, EBP=0x7cbf9ffc, ESI=0x7bd08010, EDI=0x00000001
EIP=0x7a5c5ac2, EFLAGS=0x00210293, CR2=0x7cbfa004

Top of Stack: (sp=0x7b461c10)
0x7b461c10:   81731f7c 81731f6c 81731f6c fffffffe
0x7b461c20:   00000000 00000000 00000000 b3608b59
0x7b461c30:   00000008 b707cb68 81c47a50 00000004
0x7b461c40:   00000000 82bc7b55 00014cd7 00000000
0x7b461c50:   0000000d 81731f5c 7b461d1c b3613314
0x7b461c60:   b6aaf88e 000000ff b6f53cb6 7b461c7c
0x7b461c70:   b7113c18 7b461fb0 7a3f07b8 7b461cbc
0x7b461c80:   b6ccb2ee 7b461ca8 00000004 0000ac44 

Instructions: (pc=0x7a5c5ac2)
0x7a5c5aa2:   8d b6 00 00 00 00 8b 55 00 81 fa 11 10 00 00 74
0x7a5c5ab2:   3b 81 fa 03 00 02 00 75 07 8b 50 fc 89 54 24 78
0x7a5c5ac2:   8b 10 89 c5 83 c0 08 85 d2 74 3a 81 fa 07 10 00
0x7a5c5ad2:   00 75 d3 8b 50 fc 89 54 24 7c 83 8e cc 00 00 00 

Register to memory mapping:

EAX=0x7cbfa004 is an unknown value
EBX=0x7a5f9ff4: <offset 0x4fff4> in /home/nicolas/git_repo/arkanoide2/libopenal.so at 0x7a5aa000
ECX=0x000000ff is an unknown value
EDX=0x00000001 is an unknown value
ESP=0x7b461c10 is pointing into the stack for thread: 0x79e14800
EBP=0x7cbf9ffc is an unknown value
ESI=0x7bd08010 is an unknown value
EDI=0x00000001 is an unknown value


Stack: [0x7b412000,0x7b463000],  sp=0x7b461c10,  free space=319k
Native frames: (J=compiled Java code, j=interpreted, Vv=VM code, C=native code)
C  [libopenal.so+0x1bac2]  alcCreateContext+0xd2

Java frames: (J=compiled Java code, j=interpreted, Vv=VM code)
j  org.lwjgl.openal.ALC10.nalcCreateContext(JJ)J+0
j  org.lwjgl.openal.ALC10.alcCreateContext(Lorg/lwjgl/openal/ALCdevice;Ljava/nio/IntBuffer;)Lorg/lwjgl/openal/ALCcontext;+8
j  org.lwjgl.openal.AL.init(Ljava/lang/String;IIZZ)V+69
j  org.lwjgl.openal.AL.create(Ljava/lang/String;IIZZ)V+227
j  org.lwjgl.openal.AL.create(Ljava/lang/String;IIZ)V+5
j  org.lwjgl.openal.AL.create()V+6
j  com.jme3.audio.lwjgl.LwjglAudioRenderer.initInThread()V+6
j  com.jme3.audio.lwjgl.LwjglAudioRenderer.run()V+1
j  java.lang.Thread.run()V+11
v  ~StubRoutines::call_stub

---------------  P R O C E S S  ---------------

Java Threads: ( => current thread )
=>0x79e14800 JavaThread "jME3 Audio Thread" daemon [_thread_in_native, id=3985, stack(0x7b412000,0x7b463000)]
  0x7efae400 JavaThread "process reaper" daemon [_thread_blocked, id=3982, stack(0x7be09000,0x7be22000)]
  0x7efb0c00 JavaThread "process reaper" daemon [_thread_blocked, id=3980, stack(0x7be22000,0x7be3b000)]
  0xb6608000 JavaThread "DestroyJavaVM" [_thread_blocked, id=3956, stack(0xb67d4000,0xb6825000)]
  0x7ef9d400 JavaThread "LWJGL Renderer Thread" [_thread_blocked, id=3978, stack(0x7bcaf000,0x7bd00000)]
  0x7c86f400 JavaThread "Image Fetcher 0" daemon [_thread_blocked, id=3977, stack(0x7bea3000,0x7bef4000)]
  0x7f729800 JavaThread "Timer-0" daemon [_thread_blocked, id=3973, stack(0x7eb40000,0x7eb91000)]
  0x7ef74800 JavaThread "AWT-EventQueue-0" [_thread_blocked, id=3972, stack(0x7eb91000,0x7ebe2000)]
  0x7ef73c00 JavaThread "AWT-Shutdown" [_thread_blocked, id=3971, stack(0x7ebe2000,0x7ec33000)]
  0x7ef71400 JavaThread "AWT-XAWT" daemon [_thread_in_native, id=3970, stack(0x7ec33000,0x7ec84000)]
  0x7ef5c800 JavaThread "Java2D Disposer" daemon [_thread_blocked, id=3969, stack(0x7ec84000,0x7ecd5000)]
  0x7f89a000 JavaThread "Service Thread" daemon [_thread_blocked, id=3967, stack(0x7f0d9000,0x7f12a000)]
  0x7f898400 JavaThread "C2 CompilerThread1" daemon [_thread_blocked, id=3966, stack(0x7f12a000,0x7f1ab000)]
  0x7f896400 JavaThread "C2 CompilerThread0" daemon [_thread_blocked, id=3965, stack(0x7f1ab000,0x7f22c000)]
  0x7f894800 JavaThread "Signal Dispatcher" daemon [_thread_blocked, id=3964, stack(0x7f22c000,0x7f27d000)]
  0x7f885000 JavaThread "Finalizer" daemon [_thread_blocked, id=3963, stack(0x7f5af000,0x7f600000)]
  0x7f882800 JavaThread "Reference Handler" daemon [_thread_blocked, id=3962, stack(0x8182e000,0x8187f000)]

Other Threads:
  0x7f881000 VMThread [stack: 0x7f90e000,0x7f98f000] [id=3961]
  0x7f89bc00 WatcherThread [stack: 0x7f058000,0x7f0d9000] [id=3968]

VM state:not at safepoint (normal execution)

VM Mutex/Monitor currently owned by a thread: None

Heap
 PSYoungGen      total 13824K, used 9639K [0xa43c0000, 0xa5300000, 0xb3540000)
  eden space 12032K, 65% used [0xa43c0000,0xa4b6bce8,0xa4f80000)
  from space 1792K, 99% used [0xa4f80000,0xa513e300,0xa5140000)
  to   space 1792K, 0% used [0xa5140000,0xa5140000,0xa5300000)
 ParOldGen       total 30720K, used 5421K [0x86140000, 0x87f40000, 0xa43c0000)
  object space 30720K, 17% used [0x86140000,0x8668b650,0x87f40000)
 PSPermGen       total 16384K, used 12219K [0x82140000, 0x83140000, 0x86140000)
  object space 16384K, 74% used [0x82140000,0x82d2edd0,0x83140000)

Card table byte_map: [0x81fb5000,0x82140000] byte_map_base: 0x81ba4600

Polling page: 0xb7734000

Code Cache  [0xb3600000, 0xb3840000, 0xb6600000)
 total_blobs=367 nmethods=76 adapters=245 free_code_cache=48655Kb largest_free_block=49807232

Compilation events (10 events):
Event: 3,147 Thread 0x7f896400 nmethod 72 0xb3673c08 code [0xb3673d00, 0xb3673d70]
Event: 3,156 Thread 0x7f898400 nmethod 69 0xb3676d08 code [0xb3676e80, 0xb3677358]
Event: 3,193 Thread 0x7f896400   73             sun.nio.cs.UTF_8$Decoder::decode (640 bytes)
Event: 3,232 Thread 0x7f896400 nmethod 73 0xb367c7c8 code [0xb367ca60, 0xb367d678]
Event: 3,289 Thread 0x7f898400   74             sun.nio.cs.UTF_8$Decoder::decodeArrayLoop (543 bytes)
Event: 3,327 Thread 0x7f898400 nmethod 74 0xb367e708 code [0xb367e920, 0xb367f45c]
Event: 3,334 Thread 0x7f896400   75             java.lang.String::startsWith (7 bytes)
Event: 3,337 Thread 0x7f896400 nmethod 75 0xb36795c8 code [0xb36796c0, 0xb3679830]
Event: 3,351 Thread 0x7f898400   76             sun.misc.MetaIndex::mayContain (51 bytes)
Event: 3,360 Thread 0x7f898400 nmethod 76 0xb367a748 code [0xb367a860, 0xb367aadc]

GC Heap History (2 events):
Event: 2,556 GC heap before
{Heap before GC invocations=1 (full 0):
 PSYoungGen      total 13824K, used 12032K [0xa43c0000, 0xa5300000, 0xb3540000)
  eden space 12032K, 100% used [0xa43c0000,0xa4f80000,0xa4f80000)
  from space 1792K, 0% used [0xa5140000,0xa5140000,0xa5300000)
  to   space 1792K, 0% used [0xa4f80000,0xa4f80000,0xa5140000)
 ParOldGen       total 30720K, used 0K [0x86140000, 0x87f40000, 0xa43c0000)
  object space 30720K, 0% used [0x86140000,0x86140000,0x87f40000)
 PSPermGen       total 16384K, used 10450K [0x82140000, 0x83140000, 0x86140000)
  object space 16384K, 63% used [0x82140000,0x82b74890,0x83140000)
Event: 2,570 GC heap after
Heap after GC invocations=1 (full 0):
 PSYoungGen      total 13824K, used 1784K [0xa43c0000, 0xa5300000, 0xb3540000)
  eden space 12032K, 0% used [0xa43c0000,0xa43c0000,0xa4f80000)
  from space 1792K, 99% used [0xa4f80000,0xa513e300,0xa5140000)
  to   space 1792K, 0% used [0xa5140000,0xa5140000,0xa5300000)
 ParOldGen       total 30720K, used 5421K [0x86140000, 0x87f40000, 0xa43c0000)
  object space 30720K, 17% used [0x86140000,0x8668b650,0x87f40000)
 PSPermGen       total 16384K, used 10450K [0x82140000, 0x83140000, 0x86140000)
  object space 16384K, 63% used [0x82140000,0x82b74890,0x83140000)
}

Deoptimization events (10 events):
Event: 0,666 Thread 0x7ef74800 Uncommon trap: reason=class_check action=maybe_recompile pc=0xb3659440 method=java.util.Properties$LineReader.readLine()I @ 62
Event: 0,666 Thread 0x7ef74800 Uncommon trap: reason=class_check action=maybe_recompile pc=0xb3659440 method=java.util.Properties$LineReader.readLine()I @ 62
Event: 0,943 Thread 0x7ef74800 Uncommon trap: reason=class_check action=maybe_recompile pc=0xb3657a0c method=java.lang.String.equals(Ljava/lang/Object;)Z @ 8
Event: 0,943 Thread 0x7ef74800 Uncommon trap: reason=class_check action=maybe_recompile pc=0xb3657a0c method=java.lang.String.equals(Ljava/lang/Object;)Z @ 8
Event: 0,943 Thread 0x7ef74800 Uncommon trap: reason=class_check action=maybe_recompile pc=0xb3657a0c method=java.lang.String.equals(Ljava/lang/Object;)Z @ 8
Event: 0,943 Thread 0x7ef74800 Uncommon trap: reason=class_check action=maybe_recompile pc=0xb3657a0c method=java.lang.String.equals(Ljava/lang/Object;)Z @ 8
Event: 2,363 Thread 0x7ef74800 Uncommon trap: reason=class_check action=maybe_recompile pc=0xb3659440 method=java.util.Properties$LineReader.readLine()I @ 62
Event: 2,493 Thread 0x7ef71400 Uncommon trap: reason=unreached action=reinterpret pc=0xb366a004 method=java.util.TreeMap.getEntry(Ljava/lang/Object;)Ljava/util/TreeMap$Entry; @ 4
Event: 2,536 Thread 0xb6608000 Uncommon trap: reason=unreached action=reinterpret pc=0xb3664220 method=java.lang.AbstractStringBuilder.append(Ljava/lang/String;)Ljava/lang/AbstractStringBuilder; @ 1
Event: 2,536 Thread 0xb6608000 Uncommon trap: reason=unreached action=reinterpret pc=0xb3662a5c method=java.lang.AbstractStringBuilder.append(Ljava/lang/String;)Ljava/lang/AbstractStringBuilder; @ 1

Internal exceptions (10 events):
Event: 3,373 Thread 0x79e14800 Threw 0xa4b412d8 at /HUDSON/workspace/7u-2-build-linux-i586/jdk7u51/527/hotspot/src/share/vm/prims/jni.cpp:743
Event: 3,373 Thread 0x79e14800 Threw 0xa4b41748 at /HUDSON/workspace/7u-2-build-linux-i586/jdk7u51/527/hotspot/src/share/vm/prims/jni.cpp:743
Event: 3,373 Thread 0x79e14800 Threw 0xa4b41b10 at /HUDSON/workspace/7u-2-build-linux-i586/jdk7u51/527/hotspot/src/share/vm/prims/jni.cpp:743
Event: 3,373 Thread 0x79e14800 Threw 0xa4b41f58 at /HUDSON/workspace/7u-2-build-linux-i586/jdk7u51/527/hotspot/src/share/vm/prims/jni.cpp:743
Event: 3,373 Thread 0x79e14800 Threw 0xa4b423e8 at /HUDSON/workspace/7u-2-build-linux-i586/jdk7u51/527/hotspot/src/share/vm/prims/jni.cpp:743
Event: 3,374 Thread 0x79e14800 Threw 0xa4b42af8 at /HUDSON/workspace/7u-2-build-linux-i586/jdk7u51/527/hotspot/src/share/vm/prims/jvm.cpp:1244
Event: 3,377 Thread 0x79e14800 Threw 0xa4b45b78 at /HUDSON/workspace/7u-2-build-linux-i586/jdk7u51/527/hotspot/src/share/vm/prims/jvm.cpp:1244
Event: 3,390 Thread 0x79e14800 Threw 0xa4b531b8 at /HUDSON/workspace/7u-2-build-linux-i586/jdk7u51/527/hotspot/src/share/vm/prims/jvm.cpp:1244
Event: 3,391 Thread 0x79e14800 Threw 0xa4b566c8 at /HUDSON/workspace/7u-2-build-linux-i586/jdk7u51/527/hotspot/src/share/vm/prims/jvm.cpp:1244
Event: 3,392 Thread 0x79e14800 Threw 0xa4b595d8 at /HUDSON/workspace/7u-2-build-linux-i586/jdk7u51/527/hotspot/src/share/vm/prims/jvm.cpp:1244

Events (10 events):
Event: 3,374 loading class 0x79e128e8
Event: 3,374 loading class 0x79e128e8 done
Event: 3,377 loading class 0x79e12938
Event: 3,377 loading class 0x79e12938 done
Event: 3,389 loading class 0x7f6f5188
Event: 3,389 loading class 0x7f6f5188 done
Event: 3,391 loading class 0x7cbc3ba0
Event: 3,391 loading class 0x7cbc3ba0 done
Event: 3,392 loading class 0x7f6f51b8
Event: 3,392 loading class 0x7f6f51b8 done


Dynamic libraries:
08048000-08049000 r-xp 00000000 08:01 3283737    /home/nicolas/jmonkeyplatform/jdk/bin/java
08049000-0804a000 rw-p 00000000 08:01 3283737    /home/nicolas/jmonkeyplatform/jdk/bin/java
08cf9000-08d9c000 rw-p 00000000 00:00 0          [heap]
75414000-79415000 rw-s 00000000 00:12 230914     /run/shm/pulse-shm-224294394
79415000-79416000 ---p 00000000 00:00 0 
79416000-79c16000 rw-p 00000000 00:00 0          [stack:3987]
79c16000-79d7c000 r-xp 00000000 08:01 5394       /usr/lib/i386-linux-gnu/libvorbisenc.so.2.0.8
79d7c000-79d8d000 r--p 00165000 08:01 5394       /usr/lib/i386-linux-gnu/libvorbisenc.so.2.0.8
79d8d000-79d8e000 rw-p 00176000 08:01 5394       /usr/lib/i386-linux-gnu/libvorbisenc.so.2.0.8
79d8e000-79dfa000 r-xp 00000000 08:01 5337       /usr/lib/i386-linux-gnu/libsndfile.so.1.0.25
79dfa000-79dfb000 r--p 0006c000 08:01 5337       /usr/lib/i386-linux-gnu/libsndfile.so.1.0.25
79dfb000-79dfc000 rw-p 0006d000 08:01 5337       /usr/lib/i386-linux-gnu/libsndfile.so.1.0.25
79dfc000-79e00000 rw-p 00000000 00:00 0 
79e00000-79e61000 rw-p 00000000 00:00 0 
79e61000-79f00000 ---p 00000000 00:00 0 
79f60000-79fc3000 r-xp 00000000 08:01 2219       /usr/lib/i386-linux-gnu/libpulsecommon-1.1.so
79fc3000-79fc4000 r--p 00062000 08:01 2219       /usr/lib/i386-linux-gnu/libpulsecommon-1.1.so
79fc4000-79fc5000 rw-p 00063000 08:01 2219       /usr/lib/i386-linux-gnu/libpulsecommon-1.1.so
79fc5000-7a200000 rw-p 00000000 00:00 0 
7a200000-7a2e8000 rw-p 00000000 00:00 0 
7a2e8000-7a300000 ---p 00000000 00:00 0 
7a300000-7a3fe000 rw-p 00000000 00:00 0 
7a3fe000-7a400000 ---p 00000000 00:00 0 
7a400000-7a4fc000 rw-p 00000000 00:00 0 
7a4fc000-7a500000 ---p 00000000 00:00 0 
7a50e000-7a55a000 r-xp 00000000 08:01 1975       /usr/lib/i386-linux-gnu/libFLAC.so.8.2.0
7a55a000-7a55b000 r--p 0004b000 08:01 1975       /usr/lib/i386-linux-gnu/libFLAC.so.8.2.0
7a55b000-7a55c000 rw-p 0004c000 08:01 1975       /usr/lib/i386-linux-gnu/libFLAC.so.8.2.0
7a55c000-7a5a8000 r-xp 00000000 08:01 2218       /usr/lib/i386-linux-gnu/libpulse.so.0.13.5
7a5a8000-7a5a9000 r--p 0004b000 08:01 2218       /usr/lib/i386-linux-gnu/libpulse.so.0.13.5
7a5a9000-7a5aa000 rw-p 0004c000 08:01 2218       /usr/lib/i386-linux-gnu/libpulse.so.0.13.5
7a5aa000-7a5f8000 r-xp 00000000 08:01 2098287    /home/nicolas/git_repo/arkanoide2/libopenal.so
7a5f8000-7a5fa000 r--p 0004d000 08:01 2098287    /home/nicolas/git_repo/arkanoide2/libopenal.so
7a5fa000-7a5fb000 rw-p 0004f000 08:01 2098287    /home/nicolas/git_repo/arkanoide2/libopenal.so
7a5fb000-7b300000 rw-p 00000000 00:00 0 
7b300000-7b400000 rw-p 00000000 00:00 0 
7b412000-7b415000 ---p 00000000 00:00 0 
7b415000-7b463000 rw-p 00000000 00:00 0          [stack:3985]
7b463000-7b802000 r-xp 00000000 08:01 2193       /usr/lib/i386-linux-gnu/libdricore9.1.7.so.1.0.0
7b802000-7b80b000 r--p 0039f000 08:01 2193       /usr/lib/i386-linux-gnu/libdricore9.1.7.so.1.0.0
7b80b000-7b810000 rw-p 003a8000 08:01 2193       /usr/lib/i386-linux-gnu/libdricore9.1.7.so.1.0.0
7b810000-7b825000 rw-p 00000000 00:00 0 
7b825000-7b8fc000 r-xp 00000000 08:01 2190       /usr/lib/i386-linux-gnu/dri/i965_dri.so
7b8fc000-7b8fe000 r--p 000d7000 08:01 2190       /usr/lib/i386-linux-gnu/dri/i965_dri.so
7b8fe000-7b8ff000 rw-p 000d9000 08:01 2190       /usr/lib/i386-linux-gnu/dri/i965_dri.so
7b8ff000-7b900000 rw-p 00000000 00:00 0 
7b900000-7b94a000 rw-p 00000000 00:00 0 
7b94a000-7ba00000 ---p 00000000 00:00 0 
7ba0d000-7ba15000 r-xp 00000000 08:01 166131     /lib/i386-linux-gnu/libwrap.so.0.7.6
7ba15000-7ba16000 r--p 00007000 08:01 166131     /lib/i386-linux-gnu/libwrap.so.0.7.6
7ba16000-7ba17000 rw-p 00008000 08:01 166131     /lib/i386-linux-gnu/libwrap.so.0.7.6
7ba18000-7ba29000 r--p 00000000 08:01 144609     /usr/share/locale-langpack/es/LC_MESSAGES/pulseaudio.mo
7ba29000-7ba32000 r-xp 00000000 08:01 5268       /usr/lib/i386-linux-gnu/libpciaccess.so.0.11.0
7ba32000-7ba33000 r--p 00008000 08:01 5268       /usr/lib/i386-linux-gnu/libpciaccess.so.0.11.0
7ba33000-7ba34000 rw-p 00009000 08:01 5268       /usr/lib/i386-linux-gnu/libpciaccess.so.0.11.0
7ba34000-7ba55000 r-xp 00000000 08:01 1814       /usr/lib/i386-linux-gnu/libdrm_intel.so.1.0.0
7ba55000-7ba56000 r--p 00020000 08:01 1814       /usr/lib/i386-linux-gnu/libdrm_intel.so.1.0.0
7ba56000-7ba57000 rw-p 00021000 08:01 1814       /usr/lib/i386-linux-gnu/libdrm_intel.so.1.0.0
7ba57000-7ba62000 r-xp 00000000 08:01 1811       /usr/lib/i386-linux-gnu/libdrm.so.2.4.0
7ba62000-7ba63000 r--p 0000a000 08:01 1811       /usr/lib/i386-linux-gnu/libdrm.so.2.4.0
7ba63000-7ba64000 rw-p 0000b000 08:01 1811       /usr/lib/i386-linux-gnu/libdrm.so.2.4.0
7ba64000-7bb64000 rw-s 00000000 00:04 6586381    /SYSV00000000 (deleted)
7bb64000-7bbc4000 rw-s 00000000 00:04 6553611    /SYSV00000000 (deleted)
7bbcb000-7bbe1000 r-xp 00000000 08:01 5413       /usr/lib/i386-linux-gnu/libxcb-glx.so.0.0.0
7bbe1000-7bbe2000 r--p 00016000 08:01 5413       /usr/lib/i386-linux-gnu/libxcb-glx.so.0.0.0
7bbe2000-7bbe3000 rw-p 00017000 08:01 5413       /usr/lib/i386-linux-gnu/libxcb-glx.so.0.0.0
7bbe3000-7bbf2000 r-xp 00000000 08:01 2209       /usr/lib/i386-linux-gnu/libglapi.so.0.0.0
7bbf2000-7bbf4000 r--p 0000f000 08:01 2209       /usr/lib/i386-linux-gnu/libglapi.so.0.0.0
7bbf4000-7bbf9000 rwxp 00011000 08:01 2209       /usr/lib/i386-linux-gnu/libglapi.so.0.0.0
7bbf9000-7bc4c000 r-xp 00000000 08:01 2206       /usr/lib/i386-linux-gnu/mesa/libGL.so.1.2.0
7bc4c000-7bc4e000 r--p 00052000 08:01 2206       /usr/lib/i386-linux-gnu/mesa/libGL.so.1.2.0
7bc4e000-7bc52000 rwxp 00054000 08:01 2206       /usr/lib/i386-linux-gnu/mesa/libGL.so.1.2.0
7bc52000-7bc53000 rwxp 00000000 00:00 0 
7bc53000-7bcad000 r-xp 00000000 08:01 2098283    /home/nicolas/git_repo/arkanoide2/liblwjgl.so
7bcad000-7bcae000 r--p 0005a000 08:01 2098283    /home/nicolas/git_repo/arkanoide2/liblwjgl.so
7bcae000-7bcaf000 rw-p 0005b000 08:01 2098283    /home/nicolas/git_repo/arkanoide2/liblwjgl.so
7bcaf000-7bcb2000 ---p 00000000 00:00 0 
7bcb2000-7bd00000 rw-p 00000000 00:00 0          [stack:3978]
7bd00000-7bd88000 rw-p 00000000 00:00 0 
7bd88000-7be00000 ---p 00000000 00:00 0 
7be04000-7be07000 r-xp 00000000 08:01 5411       /usr/lib/i386-linux-gnu/libxcb-dri2.so.0.0.0
7be07000-7be08000 r--p 00003000 08:01 5411       /usr/lib/i386-linux-gnu/libxcb-dri2.so.0.0.0
7be08000-7be09000 rw-p 00004000 08:01 5411       /usr/lib/i386-linux-gnu/libxcb-dri2.so.0.0.0
7be09000-7be0c000 ---p 00000000 00:00 0 
7be0c000-7be22000 rw-p 00000000 00:00 0          [stack:3982]
7be22000-7be25000 ---p 00000000 00:00 0 
7be25000-7be3b000 rw-p 00000000 00:00 0          [stack:3980]
7be3b000-7be9b000 r-xp 00000000 08:01 3284935    /home/nicolas/jmonkeyplatform/jdk/jre/lib/i386/libt2k.so
7be9b000-7be9f000 rw-p 0005f000 08:01 3284935    /home/nicolas/jmonkeyplatform/jdk/jre/lib/i386/libt2k.so
7be9f000-7bea3000 rw-p 00000000 00:00 0 
7bea3000-7bea6000 ---p 00000000 00:00 0 
7bea6000-7bef4000 rw-p 00000000 00:00 0          [stack:3977]
7bef4000-7bef5000 ---p 00000000 00:00 0 
7bef5000-7c6f5000 rw-p 00000000 00:00 0          [stack:3976]
7c6f5000-7c70f000 r-xp 00000000 08:01 4965       /usr/lib/i386-linux-gnu/libdbusmenu-glib.so.4.0.13
7c70f000-7c710000 r--p 00019000 08:01 4965       /usr/lib/i386-linux-gnu/libdbusmenu-glib.so.4.0.13
7c710000-7c711000 rw-p 0001a000 08:01 4965       /usr/lib/i386-linux-gnu/libdbusmenu-glib.so.4.0.13
7c711000-7c755000 r-xp 00000000 08:01 5157       /usr/lib/i386-linux-gnu/libibus-1.0.so.0.401.0
7c755000-7c756000 r--p 00043000 08:01 5157       /usr/lib/i386-linux-gnu/libibus-1.0.so.0.401.0
7c756000-7c757000 rw-p 00044000 08:01 5157       /usr/lib/i386-linux-gnu/libibus-1.0.so.0.401.0
7c757000-7c7a9000 r--p 00000000 08:01 59461      /usr/share/fonts/truetype/ttf-dejavu/DejaVuSansMono.ttf
7c7a9000-7c800000 r--p 00000000 08:01 59490      /usr/share/fonts/truetype/ubuntu-font-family/Ubuntu-R.ttf
7c800000-7c8ef000 rw-p 00000000 00:00 0 
7c8ef000-7c900000 ---p 00000000 00:00 0 
7c900000-7c9aa000 rw-p 00000000 00:00 0 
7c9aa000-7ca00000 ---p 00000000 00:00 0 
7ca01000-7ca06000 r-xp 00000000 08:01 4879       /usr/lib/i386-linux-gnu/libasyncns.so.0.3.1
7ca06000-7ca07000 r--p 00004000 08:01 4879       /usr/lib/i386-linux-gnu/libasyncns.so.0.3.1
7ca07000-7ca08000 rw-p 00005000 08:01 4879       /usr/lib/i386-linux-gnu/libasyncns.so.0.3.1
7ca08000-7ca0f000 r-xp 00000000 08:01 1249       /usr/lib/i386-linux-gnu/libjson.so.0.0.1
7ca0f000-7ca10000 r--p 00006000 08:01 1249       /usr/lib/i386-linux-gnu/libjson.so.0.0.1
7ca10000-7ca11000 rw-p 00007000 08:01 1249       /usr/lib/i386-linux-gnu/libjson.so.0.0.1
7ca11000-7ca12000 rw-s 18377000 00:05 7816       /dev/dri/card0
7ca12000-7ca13000 rw-s 00000000 00:04 231482     /drm mm object (deleted)
7ca13000-7ca24000 r-xp 00000000 08:01 4967       /usr/lib/i386-linux-gnu/libdbusmenu-gtk.so.4.0.13
7ca24000-7ca25000 r--p 00010000 08:01 4967       /usr/lib/i386-linux-gnu/libdbusmenu-gtk.so.4.0.13
7ca25000-7ca26000 rw-p 00011000 08:01 4967       /usr/lib/i386-linux-gnu/libdbusmenu-gtk.so.4.0.13
7ca26000-7ca27000 rwxp 00000000 00:00 0 
7ca27000-7ca28000 r-xp 00000000 08:01 2211       /usr/lib/i386-linux-gnu/libX11-xcb.so.1.0.0
7ca28000-7ca29000 r--p 00000000 08:01 2211       /usr/lib/i386-linux-gnu/libX11-xcb.so.1.0.0
7ca29000-7ca2a000 rw-p 00001000 08:01 2211       /usr/lib/i386-linux-gnu/libX11-xcb.so.1.0.0
7ca2a000-7ca2e000 r-xp 00000000 08:01 4861       /usr/lib/i386-linux-gnu/libXxf86vm.so.1.0.0
7ca2e000-7ca2f000 r--p 00003000 08:01 4861       /usr/lib/i386-linux-gnu/libXxf86vm.so.1.0.0
7ca2f000-7ca30000 rw-p 00004000 08:01 4861       /usr/lib/i386-linux-gnu/libXxf86vm.so.1.0.0
7ca30000-7ca31000 r-xp 00000000 08:01 3284892    /home/nicolas/jmonkeyplatform/jdk/jre/lib/i386/libjawt.so
7ca31000-7ca32000 rw-p 00000000 08:01 3284892    /home/nicolas/jmonkeyplatform/jdk/jre/lib/i386/libjawt.so
7ca32000-7ca38000 r--p 00000000 08:01 135515     /usr/share/locale-langpack/es/LC_MESSAGES/gdk-pixbuf.mo
7ca38000-7ca3d000 r-xp 00000000 08:01 5925       /usr/lib/i386-linux-gnu/gtk-2.0/2.10.0/menuproxies/libappmenu.so
7ca3d000-7ca3e000 r--p 00004000 08:01 5925       /usr/lib/i386-linux-gnu/gtk-2.0/2.10.0/menuproxies/libappmenu.so
7ca3e000-7ca3f000 rw-p 00005000 08:01 5925       /usr/lib/i386-linux-gnu/gtk-2.0/2.10.0/menuproxies/libappmenu.so
7ca3f000-7ca45000 r-xp 00000000 08:01 5916       /usr/lib/i386-linux-gnu/gtk-2.0/2.10.0/immodules/im-ibus.so
7ca45000-7ca46000 r--p 00005000 08:01 5916       /usr/lib/i386-linux-gnu/gtk-2.0/2.10.0/immodules/im-ibus.so
7ca46000-7ca47000 rw-p 00006000 08:01 5916       /usr/lib/i386-linux-gnu/gtk-2.0/2.10.0/immodules/im-ibus.so
7ca47000-7ca49000 r-xp 00000000 08:01 6118       /usr/lib/i386-linux-gnu/pango/1.6.0/modules/pango-basic-fc.so
7ca49000-7ca4a000 r--p 00001000 08:01 6118       /usr/lib/i386-linux-gnu/pango/1.6.0/modules/pango-basic-fc.so
7ca4a000-7ca4b000 rw-p 00002000 08:01 6118       /usr/lib/i386-linux-gnu/pango/1.6.0/modules/pango-basic-fc.so
7ca4b000-7ca4c000 r--s 00000000 08:01 7340115    /var/cache/fontconfig/c05880de57d1f5e948fdfacc138775d9-le32d4.cache-3
7ca4c000-7ca52000 r--s 00000000 08:01 7340110    /var/cache/fontconfig/945677eb7aeaf62f1d50efc3fb3ec7d8-le32d4.cache-3
7ca52000-7ca55000 r--s 00000000 08:01 7340097    /var/cache/fontconfig/2cd17615ca594fa2959ae173292e504c-le32d4.cache-3
7ca55000-7ca59000 r--s 00000000 08:01 7340112    /var/cache/fontconfig/a755afe4a08bf5b97852ceb7400b47bc-le32d4.cache-3
7ca59000-7ca60000 r--s 00000000 08:01 7348183    /var/cache/fontconfig/6d41288fd70b0be22e8c3a91e032eec0-le32d4.cache-3
7ca60000-7ca6b000 r--s 00000000 08:01 7340094    /var/cache/fontconfig/04aabc0a78ac019cf9454389977116d2-le32d4.cache-3
7ca6b000-7ca6e000 r--s 00000000 08:01 7340100    /var/cache/fontconfig/385c0604a188198f04d133e54aba7fe7-le32d4.cache-3
7ca6e000-7ca71000 r--s 00000000 08:01 7340109    /var/cache/fontconfig/8801497958630a81b71ace7c5f9b32a8-le32d4.cache-3
7ca71000-7ca75000 r--s 00000000 08:01 7340098    /var/cache/fontconfig/3047814df9a2f067bd2d96a2b9c36e5a-le32d4.cache-3
7ca75000-7ca79000 r--s 00000000 08:01 7340113    /var/cache/fontconfig/b47c4e1ecd0709278f4910c18777a504-le32d4.cache-3
7ca79000-7ca86000 r--s 00000000 08:01 7340118    /var/cache/fontconfig/d52a8644073d54c13679302ca1180695-le32d4.cache-3
7ca86000-7ca9f000 r--s 00000000 08:01 59563      /usr/share/fonts/type1/gsfonts/n021003l.pfb
7ca9f000-7cab5000 r--s 00000000 08:01 59572      /usr/share/fonts/type1/gsfonts/n021024l.pfb
7cab5000-7cacb000 r--s 00000000 08:01 59581      /usr/share/fonts/type1/gsfonts/n022023l.pfb
7cacb000-7cae2000 r--s 00000000 08:01 59569      /usr/share/fonts/type1/gsfonts/n021023l.pfb
7cae2000-7caec000 r--s 00000000 08:01 59605      /usr/share/fonts/type1/mathml/Symbol.pfb
7caec000-7cb00000 r--s 00000000 08:01 59539      /usr/share/fonts/type1/gsfonts/n019003l.pfb
7cb00000-7cbfa000 rw-p 00000000 00:00 0 
7cbfa000-7cc00000 ---p 00000000 00:00 0 
7cc00000-7cc02000 r--s 00000000 08:01 7340111    /var/cache/fontconfig/99e8ed0e538f840c565b6ed5dad60d56-le32d4.cache-3
7cc02000-7cc13000 r--s 00000000 08:01 59545      /usr/share/fonts/type1/gsfonts/n019023l.pfb
7cc13000-7cc28000 r-xp 00000000 08:01 3284911    /home/nicolas/jmonkeyplatform/jdk/jre/lib/i386/libnet.so
7cc28000-7cc29000 rw-p 00014000 08:01 3284911    /home/nicolas/jmonkeyplatform/jdk/jre/lib/i386/libnet.so
7cc29000-7cc8a000 r-xp 00000000 08:01 3284940    /home/nicolas/jmonkeyplatform/jdk/jre/lib/i386/libfontmanager.so
7cc8a000-7cc8d000 rw-p 00060000 08:01 3284940    /home/nicolas/jmonkeyplatform/jdk/jre/lib/i386/libfontmanager.so
7cc8d000-7cc91000 rw-p 00000000 00:00 0 
7cc91000-7cc97000 r-xp 00000000 08:01 5242       /usr/lib/i386-linux-gnu/libogg.so.0.7.1
7cc97000-7cc98000 r--p 00005000 08:01 5242       /usr/lib/i386-linux-gnu/libogg.so.0.7.1
7cc98000-7cc99000 rw-p 00006000 08:01 5242       /usr/lib/i386-linux-gnu/libogg.so.0.7.1
7cc99000-7ccc2000 r-xp 00000000 08:01 5392       /usr/lib/i386-linux-gnu/libvorbis.so.0.4.5
7ccc2000-7ccc3000 r--p 00028000 08:01 5392       /usr/lib/i386-linux-gnu/libvorbis.so.0.4.5
7ccc3000-7ccc4000 rw-p 00029000 08:01 5392       /usr/lib/i386-linux-gnu/libvorbis.so.0.4.5
7ccc4000-7cccc000 r-xp 00000000 08:01 5200       /usr/lib/i386-linux-gnu/libltdl.so.7.3.0
7cccc000-7cccd000 r--p 00008000 08:01 5200       /usr/lib/i386-linux-gnu/libltdl.so.7.3.0
7cccd000-7ccce000 rw-p 00009000 08:01 5200       /usr/lib/i386-linux-gnu/libltdl.so.7.3.0
7ccce000-7ccdf000 r-xp 00000000 08:01 5367       /usr/lib/i386-linux-gnu/libtdb.so.1.2.9
7ccdf000-7cce0000 r--p 00010000 08:01 5367       /usr/lib/i386-linux-gnu/libtdb.so.1.2.9
7cce0000-7cce1000 rw-p 00011000 08:01 5367       /usr/lib/i386-linux-gnu/libtdb.so.1.2.9
7cce1000-7cce9000 r-xp 00000000 08:01 5396       /usr/lib/i386-linux-gnu/libvorbisfile.so.3.3.4
7cce9000-7ccea000 r--p 00007000 08:01 5396       /usr/lib/i386-linux-gnu/libvorbisfile.so.3.3.4
7ccea000-7cceb000 rw-p 00008000 08:01 5396       /usr/lib/i386-linux-gnu/libvorbisfile.so.3.3.4
7cceb000-7ccfa000 r-xp 00000000 08:01 4927       /usr/lib/i386-linux-gnu/libcanberra.so.0.2.5
7ccfa000-7ccfb000 r--p 0000e000 08:01 4927       /usr/lib/i386-linux-gnu/libcanberra.so.0.2.5
7ccfb000-7ccfc000 rw-p 0000f000 08:01 4927       /usr/lib/i386-linux-gnu/libcanberra.so.0.2.5
7ccfc000-7cd00000 r-xp 00000000 08:01 4923       /usr/lib/i386-linux-gnu/libcanberra-gtk.so.0.1.8
7cd00000-7cd01000 r--p 00003000 08:01 4923       /usr/lib/i386-linux-gnu/libcanberra-gtk.so.0.1.8
7cd01000-7cd02000 rw-p 00004000 08:01 4923       /usr/lib/i386-linux-gnu/libcanberra-gtk.so.0.1.8
7cd02000-7cd03000 r--s 00000000 08:01 7340122    /var/cache/fontconfig/e7071f4a29fa870f4323321c154eba04-le32d4.cache-3
7cd03000-7cd05000 r--s 00000000 08:01 7341156    /var/cache/fontconfig/e13b20fdb08344e0e664864cc2ede53d-le32d4.cache-3
7cd05000-7cd13000 r-xp 00000000 08:01 3284938    /home/nicolas/jmonkeyplatform/jdk/jre/lib/i386/libnio.so
7cd13000-7cd14000 rw-p 0000e000 08:01 3284938    /home/nicolas/jmonkeyplatform/jdk/jre/lib/i386/libnio.so
7cd14000-7cd19000 r-xp 00000000 08:01 5929       /usr/lib/i386-linux-gnu/gtk-2.0/modules/libcanberra-gtk-module.so
7cd19000-7cd1a000 r--p 00004000 08:01 5929       /usr/lib/i386-linux-gnu/gtk-2.0/modules/libcanberra-gtk-module.so
7cd1a000-7cd1b000 rw-p 00005000 08:01 5929       /usr/lib/i386-linux-gnu/gtk-2.0/modules/libcanberra-gtk-module.so
7cd1b000-7cd50000 r-xp 00000000 08:01 5909       /usr/lib/i386-linux-gnu/gtk-2.0/2.10.0/engines/libmurrine.so
7cd50000-7cd51000 r--p 00034000 08:01 5909       /usr/lib/i386-linux-gnu/gtk-2.0/2.10.0/engines/libmurrine.so
7cd51000-7cd52000 rw-p 00035000 08:01 5909       /usr/lib/i386-linux-gnu/gtk-2.0/2.10.0/engines/libmurrine.so
7cd52000-7cd53000 ---p 00000000 00:00 0 
7cd53000-7d553000 rw-p 00000000 00:00 0          [stack:3975]
7d553000-7d554000 ---p 00000000 00:00 0 
7d554000-7dd54000 rw-p 00000000 00:00 0          [stack:3974]
7dd54000-7dd70000 r-xp 00000000 08:01 166043     /lib/i386-linux-gnu/libgcc_s.so.1
7dd70000-7dd71000 r--p 0001b000 08:01 166043     /lib/i386-linux-gnu/libgcc_s.so.1
7dd71000-7dd72000 rw-p 0001c000 08:01 166043     /lib/i386-linux-gnu/libgcc_s.so.1
7dd72000-7de4a000 r-xp 00000000 08:01 5359       /usr/lib/i386-linux-gnu/libstdc++.so.6.0.16
7de4a000-7de4b000 ---p 000d8000 08:01 5359       /usr/lib/i386-linux-gnu/libstdc++.so.6.0.16
7de4b000-7de4f000 r--p 000d8000 08:01 5359       /usr/lib/i386-linux-gnu/libstdc++.so.6.0.16
7de4f000-7de50000 rw-p 000dc000 08:01 5359       /usr/lib/i386-linux-gnu/libstdc++.so.6.0.16
7de50000-7de57000 rw-p 00000000 00:00 0 
7de57000-7de81000 r--p 00000000 08:01 135370     /usr/share/locale-langpack/es/LC_MESSAGES/gtk20-properties.mo
7de81000-7de85000 r--p 00000000 08:01 229175     /home/nicolas/.config/dconf/user
7de85000-7de8c000 r-xp 00000000 08:01 5771       /usr/lib/i386-linux-gnu/gio/modules/libdconfsettings.so
7de8c000-7de8d000 r--p 00006000 08:01 5771       /usr/lib/i386-linux-gnu/gio/modules/libdconfsettings.so
7de8d000-7de8e000 rw-p 00007000 08:01 5771       /usr/lib/i386-linux-gnu/gio/modules/libdconfsettings.so
7de8e000-7de9c000 r-xp 00000000 08:01 140261     /lib/i386-linux-gnu/libudev.so.0.13.0
7de9c000-7de9d000 r--p 0000e000 08:01 140261     /lib/i386-linux-gnu/libudev.so.0.13.0
7de9d000-7de9e000 rw-p 0000f000 08:01 140261     /lib/i386-linux-gnu/libudev.so.0.13.0
7de9e000-7dee5000 r-xp 00000000 08:01 136829     /lib/i386-linux-gnu/libdbus-1.so.3.5.8
7dee5000-7dee6000 ---p 00047000 08:01 136829     /lib/i386-linux-gnu/libdbus-1.so.3.5.8
7dee6000-7dee7000 r--p 00047000 08:01 136829     /lib/i386-linux-gnu/libdbus-1.so.3.5.8
7dee7000-7dee8000 rw-p 00048000 08:01 136829     /lib/i386-linux-gnu/libdbus-1.so.3.5.8
7dee8000-7def8000 r-xp 00000000 08:01 5775       /usr/lib/i386-linux-gnu/gio/modules/libgioremote-volume-monitor.so
7def8000-7def9000 r--p 0000f000 08:01 5775       /usr/lib/i386-linux-gnu/gio/modules/libgioremote-volume-monitor.so
7def9000-7defa000 rw-p 00010000 08:01 5775       /usr/lib/i386-linux-gnu/gio/modules/libgioremote-volume-monitor.so
7defa000-7df0f000 r-xp 00000000 08:01 5977       /usr/lib/i386-linux-gnu/gvfs/libgvfscommon.so
7df0f000-7df10000 r--p 00014000 08:01 5977       /usr/lib/i386-linux-gnu/gvfs/libgvfscommon.so
7df10000-7df11000 rw-p 00015000 08:01 5977       /usr/lib/i386-linux-gnu/gvfs/libgvfscommon.so
7df11000-7df3a000 r-xp 00000000 08:01 5776       /usr/lib/i386-linux-gnu/gio/modules/libgvfsdbus.so
7df3a000-7df3b000 r--p 00028000 08:01 5776       /usr/lib/i386-linux-gnu/gio/modules/libgvfsdbus.so
7df3b000-7df3c000 rw-p 00029000 08:01 5776       /usr/lib/i386-linux-gnu/gio/modules/libgvfsdbus.so
7df3c000-7df62000 r--p 00000000 08:01 6914       /usr/share/glib-2.0/schemas/gschemas.compiled
7df62000-7df7a000 r--p 00000000 08:01 135315     /usr/share/locale-langpack/es/LC_MESSAGES/glib20.mo
7df7a000-7df8a000 r-xp 00000000 08:01 3321       /usr/lib/liboverlay-scrollbar-0.2.so.0.0.16
7df8a000-7df8b000 r--p 0000f000 08:01 3321       /usr/lib/liboverlay-scrollbar-0.2.so.0.0.16
7df8b000-7df8c000 rw-p 00010000 08:01 3321       /usr/lib/liboverlay-scrollbar-0.2.so.0.0.16
7df8c000-7dfc6000 r-xp 00000000 08:01 166095     /lib/i386-linux-gnu/libpcre.so.3.12.1
7dfc6000-7dfc7000 r--p 00039000 08:01 166095     /lib/i386-linux-gnu/libpcre.so.3.12.1
7dfc7000-7dfc8000 rw-p 0003a000 08:01 166095     /lib/i386-linux-gnu/libpcre.so.3.12.1
7dfc8000-7dfcd000 r-xp 00000000 08:01 5011       /usr/lib/i386-linux-gnu/libffi.so.6.0.0
7dfcd000-7dfce000 r--p 00004000 08:01 5011       /usr/lib/i386-linux-gnu/libffi.so.6.0.0
7dfce000-7dfcf000 rw-p 00005000 08:01 5011       /usr/lib/i386-linux-gnu/libffi.so.6.0.0
7dfcf000-7dff5000 r-xp 00000000 08:01 166040     /lib/i386-linux-gnu/libexpat.so.1.5.2
7dff5000-7dff6000 ---p 00026000 08:01 166040     /lib/i386-linux-gnu/libexpat.so.1.5.2
7dff6000-7dff8000 r--p 00026000 08:01 166040     /lib/i386-linux-gnu/libexpat.so.1.5.2
7dff8000-7dff9000 rw-p 00028000 08:01 166040     /lib/i386-linux-gnu/libexpat.so.1.5.2
7dff9000-7e00c000 r-xp 00000000 08:01 136638     /lib/i386-linux-gnu/libresolv-2.15.so
7e00c000-7e00d000 ---p 00013000 08:01 136638     /lib/i386-linux-gnu/libresolv-2.15.so
7e00d000-7e00e000 r--p 00013000 08:01 136638     /lib/i386-linux-gnu/libresolv-2.15.so
7e00e000-7e00f000 rw-p 00014000 08:01 136638     /lib/i386-linux-gnu/libresolv-2.15.so
7e00f000-7e011000 rw-p 00000000 00:00 0 
7e011000-7e02e000 r-xp 00000000 08:01 166110     /lib/i386-linux-gnu/libselinux.so.1
7e02e000-7e02f000 r--p 0001c000 08:01 166110     /lib/i386-linux-gnu/libselinux.so.1
7e02f000-7e030000 rw-p 0001d000 08:01 166110     /lib/i386-linux-gnu/libselinux.so.1
7e030000-7e033000 r-xp 00000000 08:01 2141       /usr/lib/i386-linux-gnu/libgmodule-2.0.so.0.3200.4
7e033000-7e034000 r--p 00002000 08:01 2141       /usr/lib/i386-linux-gnu/libgmodule-2.0.so.0.3200.4
7e034000-7e035000 rw-p 00003000 08:01 2141       /usr/lib/i386-linux-gnu/libgmodule-2.0.so.0.3200.4
7e035000-7e049000 r-xp 00000000 08:01 166133     /lib/i386-linux-gnu/libz.so.1.2.3.4
7e049000-7e04a000 r--p 00013000 08:01 166133     /lib/i386-linux-gnu/libz.so.1.2.3.4
7e04a000-7e04b000 rw-p 00014000 08:01 166133     /lib/i386-linux-gnu/libz.so.1.2.3.4
7e04b000-7e053000 r-xp 00000000 08:01 5415       /usr/lib/i386-linux-gnu/libxcb-render.so.0.0.0
7e053000-7e054000 r--p 00008000 08:01 5415       /usr/lib/i386-linux-gnu/libxcb-render.so.0.0.0
7e054000-7e055000 rw-p 00009000 08:01 5415       /usr/lib/i386-linux-gnu/libxcb-render.so.0.0.0
7e055000-7e07d000 r-xp 00000000 08:01 166099     /lib/i386-linux-gnu/libpng12.so.0.46.0
7e07d000-7e07e000 r--p 00027000 08:01 166099     /lib/i386-linux-gnu/libpng12.so.0.46.0
7e07e000-7e07f000 rw-p 00028000 08:01 166099     /lib/i386-linux-gnu/libpng12.so.0.46.0
7e07f000-7e114000 r-xp 00000000 08:01 2028       /usr/lib/i386-linux-gnu/libpixman-1.so.0.30.2
7e114000-7e119000 r--p 00095000 08:01 2028       /usr/lib/i386-linux-gnu/libpixman-1.so.0.30.2
7e119000-7e11a000 rw-p 0009a000 08:01 2028       /usr/lib/i386-linux-gnu/libpixman-1.so.0.30.2
7e11a000-7e1b0000 r-xp 00000000 08:01 5709       /usr/lib/i386-linux-gnu/libfreetype.so.6.8.0
7e1b0000-7e1b4000 r--p 00095000 08:01 5709       /usr/lib/i386-linux-gnu/libfreetype.so.6.8.0
7e1b4000-7e1b5000 rw-p 00099000 08:01 5709       /usr/lib/i386-linux-gnu/libfreetype.so.6.8.0
7e1b5000-7e2ac000 r-xp 00000000 08:01 166004     /lib/i386-linux-gnu/libglib-2.0.so.0.3200.4
7e2ac000-7e2ad000 r--p 000f6000 08:01 166004     /lib/i386-linux-gnu/libglib-2.0.so.0.3200.4
7e2ad000-7e2ae000 rw-p 000f7000 08:01 166004     /lib/i386-linux-gnu/libglib-2.0.so.0.3200.4
7e2ae000-7e2fb000 r-xp 00000000 08:01 633        /usr/lib/i386-linux-gnu/libgobject-2.0.so.0.3200.4
7e2fb000-7e2fc000 r--p 0004c000 08:01 633        /usr/lib/i386-linux-gnu/libgobject-2.0.so.0.3200.4
7e2fc000-7e2fd000 rw-p 0004d000 08:01 633        /usr/lib/i386-linux-gnu/libgobject-2.0.so.0.3200.4
7e2fd000-7e32f000 r-xp 00000000 08:01 5013       /usr/lib/i386-linux-gnu/libfontconfig.so.1.4.4
7e32f000-7e330000 r--p 00032000 08:01 5013       /usr/lib/i386-linux-gnu/libfontconfig.so.1.4.4
7e330000-7e331000 rw-p 00033000 08:01 5013       /usr/lib/i386-linux-gnu/libfontconfig.so.1.4.4
7e331000-7e378000 r-xp 00000000 08:01 5254       /usr/lib/i386-linux-gnu/libpango-1.0.so.0.3000.0
7e378000-7e379000 ---p 00047000 08:01 5254       /usr/lib/i386-linux-gnu/libpango-1.0.so.0.3000.0
7e379000-7e37a000 r--p 00047000 08:01 5254       /usr/lib/i386-linux-gnu/libpango-1.0.so.0.3000.0
7e37a000-7e37b000 rw-p 00048000 08:01 5254       /usr/lib/i386-linux-gnu/libpango-1.0.so.0.3000.0
7e37b000-7e3a5000 r-xp 00000000 08:01 5258       /usr/lib/i386-linux-gnu/libpangoft2-1.0.so.0.3000.0
7e3a5000-7e3a6000 r--p 00029000 08:01 5258       /usr/lib/i386-linux-gnu/libpangoft2-1.0.so.0.3000.0
7e3a6000-7e3a7000 rw-p 0002a000 08:01 5258       /usr/lib/i386-linux-gnu/libpangoft2-1.0.so.0.3000.0
7e3a7000-7e4fa000 r-xp 00000000 08:01 650        /usr/lib/i386-linux-gnu/libgio-2.0.so.0.3200.4
7e4fa000-7e4fc000 r--p 00153000 08:01 650        /usr/lib/i386-linux-gnu/libgio-2.0.so.0.3200.4
7e4fc000-7e4fd000 rw-p 00155000 08:01 650        /usr/lib/i386-linux-gnu/libgio-2.0.so.0.3200.4
7e4fd000-7e4fe000 rw-p 00000000 00:00 0 
7e4fe000-7e51d000 r-xp 00000000 08:01 2594       /usr/lib/i386-linux-gnu/libgdk_pixbuf-2.0.so.0.2600.1
7e51d000-7e51e000 r--p 0001e000 08:01 2594       /usr/lib/i386-linux-gnu/libgdk_pixbuf-2.0.so.0.2600.1
7e51e000-7e51f000 rw-p 0001f000 08:01 2594       /usr/lib/i386-linux-gnu/libgdk_pixbuf-2.0.so.0.2600.1
7e51f000-7e5e6000 r-xp 00000000 08:01 4919       /usr/lib/i386-linux-gnu/libcairo.so.2.11000.2
7e5e6000-7e5e7000 r--p 000c7000 08:01 4919       /usr/lib/i386-linux-gnu/libcairo.so.2.11000.2
7e5e7000-7e5e8000 rw-p 000c8000 08:01 4919       /usr/lib/i386-linux-gnu/libcairo.so.2.11000.2
7e5e8000-7e5ea000 rw-p 00000000 00:00 0 
7e5ea000-7e607000 r-xp 00000000 08:01 4881       /usr/lib/i386-linux-gnu/libatk-1.0.so.0.20409.1
7e607000-7e609000 r--p 0001c000 08:01 4881       /usr/lib/i386-linux-gnu/libatk-1.0.so.0.20409.1
7e609000-7e60a000 rw-p 0001e000 08:01 4881       /usr/lib/i386-linux-gnu/libatk-1.0.so.0.20409.1
7e60a000-7e615000 r-xp 00000000 08:01 5256       /usr/lib/i386-linux-gnu/libpangocairo-1.0.so.0.3000.0
7e615000-7e616000 r--p 0000a000 08:01 5256       /usr/lib/i386-linux-gnu/libpangocairo-1.0.so.0.3000.0
7e616000-7e617000 rw-p 0000b000 08:01 5256       /usr/lib/i386-linux-gnu/libpangocairo-1.0.so.0.3000.0
7e617000-7e6c2000 r-xp 00000000 08:01 9606       /usr/lib/i386-linux-gnu/libgdk-x11-2.0.so.0.2400.10
7e6c2000-7e6c3000 ---p 000ab000 08:01 9606       /usr/lib/i386-linux-gnu/libgdk-x11-2.0.so.0.2400.10
7e6c3000-7e6c5000 r--p 000ab000 08:01 9606       /usr/lib/i386-linux-gnu/libgdk-x11-2.0.so.0.2400.10
7e6c5000-7e6c6000 rw-p 000ad000 08:01 9606       /usr/lib/i386-linux-gnu/libgdk-x11-2.0.so.0.2400.10
7e6c6000-7eb26000 r-xp 00000000 08:01 5025       /usr/lib/i386-linux-gnu/libgtk-x11-2.0.so.0.2400.10
7eb26000-7eb2a000 r--p 00460000 08:01 5025       /usr/lib/i386-linux-gnu/libgtk-x11-2.0.so.0.2400.10
7eb2a000-7eb2c000 rw-p 00464000 08:01 5025       /usr/lib/i386-linux-gnu/libgtk-x11-2.0.so.0.2400.10
7eb2c000-7eb2e000 rw-p 00000000 00:00 0 
7eb2e000-7eb31000 r--s 00000000 08:01 7341153    /var/cache/fontconfig/7ef2298fde41cc6eeb7af42e48b7d293-le32d4.cache-3
7eb31000-7eb40000 r--p 00000000 08:01 135373     /usr/share/locale-langpack/es/LC_MESSAGES/gtk20.mo
7eb40000-7eb43000 ---p 00000000 00:00 0 
7eb43000-7eb91000 rw-p 00000000 00:00 0          [stack:3973]
7eb91000-7eb94000 ---p 00000000 00:00 0 
7eb94000-7ebe2000 rw-p 00000000 00:00 0          [stack:3972]
7ebe2000-7ebe5000 ---p 00000000 00:00 0 
7ebe5000-7ec33000 rw-p 00000000 00:00 0          [stack:3971]
7ec33000-7ec36000 ---p 00000000 00:00 0 
7ec36000-7ec84000 rw-p 00000000 00:00 0          [stack:3970]
7ec84000-7ec87000 ---p 00000000 00:00 0 
7ec87000-7ecd5000 rw-p 00000000 00:00 0          [stack:3969]
7ecd5000-7ecfa000 r--p 00000000 08:01 144630     /usr/share/locale-langpack/es/LC_MESSAGES/libc.mo
7ecfa000-7ed19000 r-xp 00000000 08:01 5423       /usr/lib/i386-linux-gnu/libxcb.so.1.1.0
7ed19000-7ed1a000 r--p 0001f000 08:01 5423       /usr/lib/i386-linux-gnu/libxcb.so.1.1.0
7ed1a000-7ed1b000 rw-p 00020000 08:01 5423       /usr/lib/i386-linux-gnu/libxcb.so.1.1.0
7ed1b000-7ee4b000 r-xp 00000000 08:01 2166       /usr/lib/i386-linux-gnu/libX11.so.6.3.0
7ee4b000-7ee4c000 r--p 0012f000 08:01 2166       /usr/lib/i386-linux-gnu/libX11.so.6.3.0
7ee4c000-7ee4e000 rw-p 00130000 08:01 2166       /usr/lib/i386-linux-gnu/libX11.so.6.3.0
7ee4e000-7ee4f000 rw-p 00000000 00:00 0 
7ee4f000-7eed5000 r-xp 00000000 08:01 3284902    /home/nicolas/jmonkeyplatform/jdk/jre/lib/i386/libawt.so
7eed5000-7eedc000 rw-p 00086000 08:01 3284902    /home/nicolas/jmonkeyplatform/jdk/jre/lib/i386/libawt.so
7eedc000-7ef00000 rw-p 00000000 00:00 0 
7ef00000-7efdf000 rw-p 00000000 00:00 0 
7efdf000-7f000000 ---p 00000000 00:00 0 
7f000000-7f001000 r--s 00000000 08:01 7340095    /var/cache/fontconfig/0d8c3b2ac0904cb8a57a757ad11a4a08-le32d4.cache-3
7f001000-7f002000 r-xp 00000000 08:01 2137       /usr/lib/i386-linux-gnu/libgthread-2.0.so.0.3200.4
7f002000-7f003000 r--p 00000000 08:01 2137       /usr/lib/i386-linux-gnu/libgthread-2.0.so.0.3200.4
7f003000-7f004000 rw-p 00001000 08:01 2137       /usr/lib/i386-linux-gnu/libgthread-2.0.so.0.3200.4
7f004000-7f006000 r-xp 00000000 08:01 5419       /usr/lib/i386-linux-gnu/libxcb-shm.so.0.0.0
7f006000-7f007000 r--p 00001000 08:01 5419       /usr/lib/i386-linux-gnu/libxcb-shm.so.0.0.0
7f007000-7f008000 rw-p 00002000 08:01 5419       /usr/lib/i386-linux-gnu/libxcb-shm.so.0.0.0
7f008000-7f00a000 r-xp 00000000 08:01 4827       /usr/lib/i386-linux-gnu/libXdamage.so.1.1.0
7f00a000-7f00b000 r--p 00001000 08:01 4827       /usr/lib/i386-linux-gnu/libXdamage.so.1.1.0
7f00b000-7f00c000 rw-p 00002000 08:01 4827       /usr/lib/i386-linux-gnu/libXdamage.so.1.1.0
7f00c000-7f055000 r-xp 00000000 08:01 3284933    /home/nicolas/jmonkeyplatform/jdk/jre/lib/i386/xawt/libmawt.so
7f055000-7f057000 rw-p 00049000 08:01 3284933    /home/nicolas/jmonkeyplatform/jdk/jre/lib/i386/xawt/libmawt.so
7f057000-7f058000 rw-p 00000000 00:00 0 
7f058000-7f059000 ---p 00000000 00:00 0 
7f059000-7f0d9000 rw-p 00000000 00:00 0          [stack:3968]
7f0d9000-7f0dc000 ---p 00000000 00:00 0 
7f0dc000-7f12a000 rw-p 00000000 00:00 0          [stack:3967]
7f12a000-7f12d000 ---p 00000000 00:00 0 
7f12d000-7f1ab000 rw-p 00000000 00:00 0          [stack:3966]
7f1ab000-7f1ae000 ---p 00000000 00:00 0 
7f1ae000-7f22c000 rw-p 00000000 00:00 0          [stack:3965]
7f22c000-7f22f000 ---p 00000000 00:00 0 
7f22f000-7f27d000 rw-p 00000000 00:00 0          [stack:3964]
7f27d000-7f3af000 r--p 005e3000 08:01 7445       /usr/lib/locale/locale-archive
7f3af000-7f5af000 r--p 00000000 08:01 7445       /usr/lib/locale/locale-archive
7f5af000-7f5b2000 ---p 00000000 00:00 0 
7f5b2000-7f600000 rw-p 00000000 00:00 0          [stack:3963]
7f600000-7f6fe000 rw-p 00000000 00:00 0 
7f6fe000-7f700000 ---p 00000000 00:00 0 
7f700000-7f800000 rw-p 00000000 00:00 0 
7f800000-7f8ff000 rw-p 00000000 00:00 0 
7f8ff000-7f900000 ---p 00000000 00:00 0 
7f900000-7f901000 r--s 00000000 08:01 7346600    /var/cache/fontconfig/4794a0821666d79190d59a36cb4f44b5-le32d4.cache-3
7f901000-7f903000 r-xp 00000000 08:01 4823       /usr/lib/i386-linux-gnu/libXcomposite.so.1.0.0
7f903000-7f904000 r--p 00001000 08:01 4823       /usr/lib/i386-linux-gnu/libXcomposite.so.1.0.0
7f904000-7f905000 rw-p 00002000 08:01 4823       /usr/lib/i386-linux-gnu/libXcomposite.so.1.0.0
7f905000-7f90c000 r-xp 00000000 08:01 4849       /usr/lib/i386-linux-gnu/libXrandr.so.2.2.0
7f90c000-7f90d000 r--p 00006000 08:01 4849       /usr/lib/i386-linux-gnu/libXrandr.so.2.2.0
7f90d000-7f90e000 rw-p 00007000 08:01 4849       /usr/lib/i386-linux-gnu/libXrandr.so.2.2.0
7f90e000-7f90f000 ---p 00000000 00:00 0 
7f90f000-7f98f000 rw-p 00000000 00:00 0          [stack:3961]
7f98f000-7fb4c000 r--s 039bf000 08:01 3284867    /home/nicolas/jmonkeyplatform/jdk/jre/lib/rt.jar
7fb4c000-81700000 rw-p 00000000 00:00 0 
81700000-817f9000 rw-p 00000000 00:00 0 
817f9000-81800000 ---p 00000000 00:00 0 
81800000-81801000 r--s 00000000 08:01 7340103    /var/cache/fontconfig/56cf4f4769d0f4abc89a4895d7bd3ae1-le32d4.cache-3
81801000-81803000 r-xp 00000000 08:01 4839       /usr/lib/i386-linux-gnu/libXinerama.so.1.0.0
81803000-81804000 r--p 00001000 08:01 4839       /usr/lib/i386-linux-gnu/libXinerama.so.1.0.0
81804000-81805000 rw-p 00002000 08:01 4839       /usr/lib/i386-linux-gnu/libXinerama.so.1.0.0
81805000-8180f000 r--s 00250000 08:01 3284993    /home/nicolas/jmonkeyplatform/jdk/jre/lib/resources.jar
8180f000-81814000 r-xp 00000000 08:01 4829       /usr/lib/i386-linux-gnu/libXdmcp.so.6.0.0
81814000-81815000 r--p 00004000 08:01 4829       /usr/lib/i386-linux-gnu/libXdmcp.so.6.0.0
81815000-81816000 rw-p 00005000 08:01 4829       /usr/lib/i386-linux-gnu/libXdmcp.so.6.0.0
81816000-81825000 r-xp 00000000 08:01 1929       /usr/lib/i386-linux-gnu/libXi.so.6.1.0
81825000-81826000 r--p 0000e000 08:01 1929       /usr/lib/i386-linux-gnu/libXi.so.6.1.0
81826000-81827000 rw-p 0000f000 08:01 1929       /usr/lib/i386-linux-gnu/libXi.so.6.1.0
81827000-8182c000 r-xp 00000000 08:01 4857       /usr/lib/i386-linux-gnu/libXtst.so.6.1.0
8182c000-8182d000 r--p 00004000 08:01 4857       /usr/lib/i386-linux-gnu/libXtst.so.6.1.0
8182d000-8182e000 rw-p 00005000 08:01 4857       /usr/lib/i386-linux-gnu/libXtst.so.6.1.0
8182e000-81831000 ---p 00000000 00:00 0 
81831000-8187f000 rw-p 00000000 00:00 0          [stack:3962]
8187f000-81880000 ---p 00000000 00:00 0 
81880000-81900000 rw-p 00000000 00:00 0          [stack:3960]
81900000-81921000 rw-p 00000000 00:00 0 
81921000-81a00000 ---p 00000000 00:00 0 
81a00000-81a04000 r-xp 00000000 08:01 1927       /usr/lib/i386-linux-gnu/libXfixes.so.3.1.0
81a04000-81a05000 r--p 00004000 08:01 1927       /usr/lib/i386-linux-gnu/libXfixes.so.3.1.0
81a05000-81a06000 rw-p 00005000 08:01 1927       /usr/lib/i386-linux-gnu/libXfixes.so.3.1.0
81a06000-81a0e000 r-xp 00000000 08:01 4853       /usr/lib/i386-linux-gnu/libXrender.so.1.3.0
81a0e000-81a0f000 r--p 00007000 08:01 4853       /usr/lib/i386-linux-gnu/libXrender.so.1.3.0
81a0f000-81a10000 rw-p 00008000 08:01 4853       /usr/lib/i386-linux-gnu/libXrender.so.1.3.0
81a10000-81a20000 r-xp 00000000 08:01 4831       /usr/lib/i386-linux-gnu/libXext.so.6.4.0
81a20000-81a21000 r--p 0000f000 08:01 4831       /usr/lib/i386-linux-gnu/libXext.so.6.4.0
81a21000-81a22000 rw-p 00010000 08:01 4831       /usr/lib/i386-linux-gnu/libXext.so.6.4.0
81a22000-81a2b000 r-xp 00000000 08:01 4825       /usr/lib/i386-linux-gnu/libXcursor.so.1.0.2
81a2b000-81a2c000 r--p 00008000 08:01 4825       /usr/lib/i386-linux-gnu/libXcursor.so.1.0.2
81a2c000-81a2d000 rw-p 00009000 08:01 4825       /usr/lib/i386-linux-gnu/libXcursor.so.1.0.2
81a2d000-81a34000 r--s 00000000 08:01 31115      /usr/lib/i386-linux-gnu/gconv/gconv-modules.cache
81a34000-81a7f000 rw-p 00000000 00:00 0 
81a7f000-81a80000 ---p 00000000 00:00 0 
81a80000-81b00000 rw-p 00000000 00:00 0          [stack:3959]
81b00000-81b21000 rw-p 00000000 00:00 0 
81b21000-81c00000 ---p 00000000 00:00 0 
81c00000-81c01000 r--s 00000000 08:01 7340114    /var/cache/fontconfig/b9d506c9ac06c20b433354fa67a72993-le32d4.cache-3
81c01000-81c02000 r--s 00000000 08:01 229178     /home/nicolas/.cache/dconf/user
81c02000-81c04000 r-xp 00000000 08:01 4818       /usr/lib/i386-linux-gnu/libXau.so.6.0.0
81c04000-81c05000 r--p 00001000 08:01 4818       /usr/lib/i386-linux-gnu/libXau.so.6.0.0
81c05000-81c06000 rw-p 00002000 08:01 4818       /usr/lib/i386-linux-gnu/libXau.so.6.0.0
81c06000-81c11000 r--s 0037c000 08:01 3285647    /home/nicolas/jmonkeyplatform/jdk/jre/lib/charsets.jar
81c11000-81c15000 r--s 000f7000 08:01 3284977    /home/nicolas/jmonkeyplatform/jdk/jre/lib/ext/localedata.jar
81c15000-81c1c000 r--s 0286f000 08:01 3283320    /home/nicolas/jmonkeyplatform/jmonkeyplatform/libs/jME3-testdata.jar
81c1c000-81c24000 r--s 00039000 08:01 3282745    /home/nicolas/jmonkeyplatform/jmonkeyplatform/libs/nifty-default-controls.jar
81c24000-81c7f000 rw-p 00000000 00:00 0 
81c7f000-81c80000 ---p 00000000 00:00 0 
81c80000-81d00000 rw-p 00000000 00:00 0          [stack:3958]
81d00000-81d22000 rw-p 00000000 00:00 0 
81d22000-81e00000 ---p 00000000 00:00 0 
81e00000-81e03000 r--s 0001a000 08:01 3283361    /home/nicolas/jmonkeyplatform/jmonkeyplatform/libs/xmlpull-xpp3.jar
81e03000-81e05000 r--s 00012000 08:01 3283497    /home/nicolas/jmonkeyplatform/jmonkeyplatform/libs/eventbus.jar
81e05000-81e07000 r--s 00010000 08:01 3283113    /home/nicolas/jmonkeyplatform/jmonkeyplatform/libs/nifty-style-black.jar
81e07000-81e13000 r--s 00076000 08:01 3283572    /home/nicolas/jmonkeyplatform/jmonkeyplatform/libs/nifty.jar
81e13000-81e14000 r--s 00008000 08:01 3283318    /home/nicolas/jmonkeyplatform/jmonkeyplatform/libs/jME3-niftygui.jar
81e14000-81e15000 r--s 0000b000 08:01 3283406    /home/nicolas/jmonkeyplatform/jmonkeyplatform/libs/stack-alloc.jar
81e15000-81e1f000 r--s 00079000 08:01 3283524    /home/nicolas/jmonkeyplatform/jmonkeyplatform/libs/jbullet.jar
81e1f000-81e23000 r--s 00025000 08:01 3283355    /home/nicolas/jmonkeyplatform/jmonkeyplatform/libs/jME3-jbullet.jar
81e23000-81e31000 r--s 000e2000 08:01 3283569    /home/nicolas/jmonkeyplatform/jmonkeyplatform/libs/lwjgl.jar
81e31000-81e42000 r--s 0011b000 08:01 3283470    /home/nicolas/jmonkeyplatform/jmonkeyplatform/libs/jME3-core.jar
81e42000-81e43000 ---p 00000000 00:00 0 
81e43000-81ed2000 rw-p 00000000 00:00 0          [stack:3957]
81ed2000-81fb5000 rw-p 00000000 00:00 0 
81fb5000-81fbd000 rw-p 00000000 00:00 0 
81fbd000-81fd5000 rw-p 00000000 00:00 0 
81fd5000-81fe4000 rw-p 00000000 00:00 0 
81fe4000-820c6000 rw-p 00000000 00:00 0 
820c6000-820ce000 rw-p 00000000 00:00 0 
820ce000-8213f000 rw-p 00000000 00:00 0 
8213f000-83140000 rw-p 00000000 00:00 0 
83140000-86140000 rw-p 00000000 00:00 0 
86140000-87f40000 rw-p 00000000 00:00 0 
87f40000-a43c0000 rw-p 00000000 00:00 0 
a43c0000-a5300000 rw-p 00000000 00:00 0 
a5300000-b3540000 rw-p 00000000 00:00 0 
b3540000-b3549000 rw-p 00000000 00:00 0 
b3549000-b3600000 rw-p 00000000 00:00 0 
b3600000-b3840000 rwxp 00000000 00:00 0 
b3840000-b66f6000 rw-p 00000000 00:00 0 
b66f6000-b6700000 ---p 00000000 00:00 0 
b6700000-b6702000 r--s 0003c000 08:01 3283527    /home/nicolas/jmonkeyplatform/jmonkeyplatform/libs/vecmath.jar
b6702000-b6706000 r--s 00030000 08:01 3283550    /home/nicolas/jmonkeyplatform/jmonkeyplatform/libs/jinput.jar
b6706000-b6708000 r--s 00243000 08:01 3283055    /home/nicolas/jmonkeyplatform/jmonkeyplatform/libs/jME3-lwjgl-natives.jar
b6708000-b670a000 r--s 00017000 08:01 3283446    /home/nicolas/jmonkeyplatform/jmonkeyplatform/libs/jME3-lwjgl.jar
b670a000-b670e000 r--s 00023000 08:01 3283362    /home/nicolas/jmonkeyplatform/jmonkeyplatform/libs/jME3-terrain.jar
b670e000-b6729000 rw-p 00000000 00:00 0 
b6729000-b6741000 rw-p 00000000 00:00 0 
b6741000-b6758000 r-xp 00000000 08:01 3284884    /home/nicolas/jmonkeyplatform/jdk/jre/lib/i386/libzip.so
b6758000-b6759000 rw-p 00017000 08:01 3284884    /home/nicolas/jmonkeyplatform/jdk/jre/lib/i386/libzip.so
b6759000-b6764000 r-xp 00000000 08:01 136582     /lib/i386-linux-gnu/libnss_files-2.15.so
b6764000-b6765000 r--p 0000a000 08:01 136582     /lib/i386-linux-gnu/libnss_files-2.15.so
b6765000-b6766000 rw-p 0000b000 08:01 136582     /lib/i386-linux-gnu/libnss_files-2.15.so
b6766000-b6770000 r-xp 00000000 08:01 136503     /lib/i386-linux-gnu/libnss_nis-2.15.so
b6770000-b6771000 r--p 00009000 08:01 136503     /lib/i386-linux-gnu/libnss_nis-2.15.so
b6771000-b6772000 rw-p 0000a000 08:01 136503     /lib/i386-linux-gnu/libnss_nis-2.15.so
b6772000-b6788000 r-xp 00000000 08:01 136889     /lib/i386-linux-gnu/libnsl-2.15.so
b6788000-b6789000 r--p 00015000 08:01 136889     /lib/i386-linux-gnu/libnsl-2.15.so
b6789000-b678a000 rw-p 00016000 08:01 136889     /lib/i386-linux-gnu/libnsl-2.15.so
b678a000-b678c000 rw-p 00000000 00:00 0 
b678c000-b6793000 r-xp 00000000 08:01 146445     /lib/i386-linux-gnu/libnss_compat-2.15.so
b6793000-b6794000 r--p 00006000 08:01 146445     /lib/i386-linux-gnu/libnss_compat-2.15.so
b6794000-b6795000 rw-p 00007000 08:01 146445     /lib/i386-linux-gnu/libnss_compat-2.15.so
b6795000-b6796000 r--s 00009000 08:01 3283319    /home/nicolas/jmonkeyplatform/jmonkeyplatform/libs/j-ogg-vorbisd.jar
b6796000-b6798000 r--s 00005000 08:01 3283442    /home/nicolas/jmonkeyplatform/jmonkeyplatform/libs/j-ogg-oggd.jar
b6798000-b6799000 r--s 00002000 08:01 3283474    /home/nicolas/jmonkeyplatform/jmonkeyplatform/libs/jME3-jogg.jar
b6799000-b679c000 r--s 0001c000 08:01 3283216    /home/nicolas/jmonkeyplatform/jmonkeyplatform/libs/jME3-networking.jar
b679c000-b679f000 r--s 0007f000 08:01 3283358    /home/nicolas/jmonkeyplatform/jmonkeyplatform/libs/jME3-effects.jar
b679f000-b67a7000 rw-s 00000000 08:01 1707866    /tmp/hsperfdata_nicolas/3951
b67a7000-b67ca000 r-xp 00000000 08:01 3284886    /home/nicolas/jmonkeyplatform/jdk/jre/lib/i386/libjava.so
b67ca000-b67cb000 rw-p 00022000 08:01 3284886    /home/nicolas/jmonkeyplatform/jdk/jre/lib/i386/libjava.so
b67cb000-b67d2000 r-xp 00000000 08:01 136604     /lib/i386-linux-gnu/librt-2.15.so
b67d2000-b67d3000 r--p 00006000 08:01 136604     /lib/i386-linux-gnu/librt-2.15.so
b67d3000-b67d4000 rw-p 00007000 08:01 136604     /lib/i386-linux-gnu/librt-2.15.so
b67d4000-b67d7000 ---p 00000000 00:00 0 
b67d7000-b6825000 rw-p 00000000 00:00 0          [stack:3956]
b6825000-b684f000 r-xp 00000000 08:01 136924     /lib/i386-linux-gnu/libm-2.15.so
b684f000-b6850000 r--p 00029000 08:01 136924     /lib/i386-linux-gnu/libm-2.15.so
b6850000-b6851000 rw-p 0002a000 08:01 136924     /lib/i386-linux-gnu/libm-2.15.so
b6851000-b70c8000 r-xp 00000000 08:01 3284882    /home/nicolas/jmonkeyplatform/jdk/jre/lib/i386/server/libjvm.so
b70c8000-b712c000 rw-p 00877000 08:01 3284882    /home/nicolas/jmonkeyplatform/jdk/jre/lib/i386/server/libjvm.so
b712c000-b7550000 rw-p 00000000 00:00 0 
b7550000-b76f3000 r-xp 00000000 08:01 146446     /lib/i386-linux-gnu/libc-2.15.so
b76f3000-b76f4000 ---p 001a3000 08:01 146446     /lib/i386-linux-gnu/libc-2.15.so
b76f4000-b76f6000 r--p 001a3000 08:01 146446     /lib/i386-linux-gnu/libc-2.15.so
b76f6000-b76f7000 rw-p 001a5000 08:01 146446     /lib/i386-linux-gnu/libc-2.15.so
b76f7000-b76fa000 rw-p 00000000 00:00 0 
b76fa000-b76fd000 r-xp 00000000 08:01 146443     /lib/i386-linux-gnu/libdl-2.15.so
b76fd000-b76fe000 r--p 00002000 08:01 146443     /lib/i386-linux-gnu/libdl-2.15.so
b76fe000-b76ff000 rw-p 00003000 08:01 146443     /lib/i386-linux-gnu/libdl-2.15.so
b76ff000-b7712000 r-xp 00000000 08:01 3283781    /home/nicolas/jmonkeyplatform/jdk/lib/i386/jli/libjli.so
b7712000-b7713000 rw-p 00012000 08:01 3283781    /home/nicolas/jmonkeyplatform/jdk/lib/i386/jli/libjli.so
b7713000-b7714000 rw-p 00000000 00:00 0 
b7714000-b772b000 r-xp 00000000 08:01 136563     /lib/i386-linux-gnu/libpthread-2.15.so
b772b000-b772c000 r--p 00016000 08:01 136563     /lib/i386-linux-gnu/libpthread-2.15.so
b772c000-b772d000 rw-p 00017000 08:01 136563     /lib/i386-linux-gnu/libpthread-2.15.so
b772d000-b772f000 rw-p 00000000 00:00 0 
b772f000-b7730000 r--s 00010000 08:01 3283360    /home/nicolas/jmonkeyplatform/jmonkeyplatform/libs/jME3-plugins.jar
b7730000-b7733000 r--s 00035000 08:01 3283356    /home/nicolas/jmonkeyplatform/jmonkeyplatform/libs/jME3-desktop.jar
b7733000-b7734000 rw-p 00000000 00:00 0 
b7734000-b7735000 r--p 00000000 00:00 0 
b7735000-b7740000 r-xp 00000000 08:01 3284903    /home/nicolas/jmonkeyplatform/jdk/jre/lib/i386/libverify.so
b7740000-b7741000 rw-p 0000b000 08:01 3284903    /home/nicolas/jmonkeyplatform/jdk/jre/lib/i386/libverify.so
b7741000-b7743000 rw-p 00000000 00:00 0 
b7743000-b7744000 r-xp 00000000 00:00 0          [vdso]
b7744000-b7764000 r-xp 00000000 08:01 136627     /lib/i386-linux-gnu/ld-2.15.so
b7764000-b7765000 r--p 0001f000 08:01 136627     /lib/i386-linux-gnu/ld-2.15.so
b7765000-b7766000 rw-p 00020000 08:01 136627     /lib/i386-linux-gnu/ld-2.15.so
bf815000-bf836000 rw-p 00000000 00:00 0          [stack]

VM Arguments:
jvm_args: -Dfile.encoding=UTF-8 
java_command: mygame.Main
Launcher Type: SUN_STANDARD

Environment Variables:
PATH=/usr/lib/lightdm/lightdm:/usr/local/sbin:/usr/local/bin:/usr/sbin:/usr/bin:/sbin:/bin:/usr/games
LD_LIBRARY_PATH=/home/nicolas/jmonkeyplatform/bin/../jdk/jre/lib/amd64:/home/nicolas/jmonkeyplatform/bin/../jdk/jre/lib/i386:
SHELL=/bin/bash
DISPLAY=:0.0

Signal Handlers:
SIGSEGV: [libjvm.so+0x7dd5e0], sa_mask[0]=0x7ffbfeff, sa_flags=0x10000004
SIGBUS: [libjvm.so+0x7dd5e0], sa_mask[0]=0x7ffbfeff, sa_flags=0x10000004
SIGFPE: [libjvm.so+0x678d60], sa_mask[0]=0x7ffbfeff, sa_flags=0x10000004
SIGPIPE: SIG_IGN, sa_mask[0]=0x00001000, sa_flags=0x10000000
SIGXFSZ: [libjvm.so+0x678d60], sa_mask[0]=0x7ffbfeff, sa_flags=0x10000004
SIGILL: [libjvm.so+0x678d60], sa_mask[0]=0x7ffbfeff, sa_flags=0x10000004
SIGUSR1: SIG_DFL, sa_mask[0]=0x00000000, sa_flags=0x00000000
SIGUSR2: [libjvm.so+0x67a250], sa_mask[0]=0x00000004, sa_flags=0x10000004
SIGHUP: [libjvm.so+0x67b3a0], sa_mask[0]=0x7ffbfeff, sa_flags=0x10000004
SIGINT: SIG_IGN, sa_mask[0]=0x00000000, sa_flags=0x00000000
SIGTERM: [libjvm.so+0x67b3a0], sa_mask[0]=0x7ffbfeff, sa_flags=0x10000004
SIGQUIT: [libjvm.so+0x67b3a0], sa_mask[0]=0x7ffbfeff, sa_flags=0x10000004


---------------  S Y S T E M  ---------------

OS:wheezy/sid

uname:Linux 3.8.0-44-generic #66~precise1-Ubuntu SMP Tue Jul 15 04:04:23 UTC 2014 i686
libc:glibc 2.15 NPTL 2.15 
rlimit: STACK 8192k, CORE 0k, NPROC 23009, NOFILE 4096, AS infinity
load average:2,73 2,36 1,68

/proc/meminfo:
MemTotal:        2962012 kB
MemFree:          930244 kB
Buffers:          121136 kB
Cached:           940044 kB
SwapCached:            0 kB
Active:          1103344 kB
Inactive:         837464 kB
Active(anon):     880612 kB
Inactive(anon):   242136 kB
Active(file):     222732 kB
Inactive(file):   595328 kB
Unevictable:           0 kB
Mlocked:               0 kB
HighTotal:       2089940 kB
HighFree:         253748 kB
LowTotal:         872072 kB
LowFree:          676496 kB
SwapTotal:       3002364 kB
SwapFree:        3002364 kB
Dirty:               436 kB
Writeback:            92 kB
AnonPages:        879824 kB
Mapped:           142732 kB
Shmem:            243004 kB
Slab:              50964 kB
SReclaimable:      31984 kB
SUnreclaim:        18980 kB
KernelStack:        4080 kB
PageTables:         9248 kB
NFS_Unstable:          0 kB
Bounce:                0 kB
WritebackTmp:          0 kB
CommitLimit:     4483368 kB
Committed_AS:    3815768 kB
VmallocTotal:     122880 kB
VmallocUsed:       15808 kB
VmallocChunk:     105432 kB
HardwareCorrupted:     0 kB
AnonHugePages:         0 kB
HugePages_Total:       0
HugePages_Free:        0
HugePages_Rsvd:        0
HugePages_Surp:        0
Hugepagesize:       2048 kB
DirectMap4k:       12280 kB
DirectMap2M:      901120 kB


CPU:total 4 (2 cores per cpu, 2 threads per core) family 6 model 37 stepping 2, cmov, cx8, fxsr, mmx, sse, sse2, sse3, ssse3, sse4.1, sse4.2, popcnt, ht, tsc, tscinvbit

/proc/cpuinfo:
processor	: 0
vendor_id	: GenuineIntel
cpu family	: 6
model		: 37
model name	: Intel(R) Core(TM) i3 CPU       M 330  @ 2.13GHz
stepping	: 2
microcode	: 0x9
cpu MHz		: 2133.000
cache size	: 3072 KB
physical id	: 0
siblings	: 4
core id		: 0
cpu cores	: 2
apicid		: 0
initial apicid	: 0
fdiv_bug	: no
hlt_bug		: no
f00f_bug	: no
coma_bug	: no
fpu		: yes
fpu_exception	: yes
cpuid level	: 11
wp		: yes
flags		: fpu vme de pse tsc msr pae mce cx8 apic sep mtrr pge mca cmov pat pse36 clflush dts acpi mmx fxsr sse sse2 ss ht tm pbe nx rdtscp lm constant_tsc arch_perfmon pebs bts xtopology nonstop_tsc aperfmperf pni dtes64 monitor ds_cpl vmx est tm2 ssse3 cx16 xtpr pdcm sse4_1 sse4_2 popcnt lahf_lm arat dtherm tpr_shadow vnmi flexpriority ept vpid
bogomips	: 4256.36
clflush size	: 64
cache_alignment	: 64
address sizes	: 36 bits physical, 48 bits virtual
power management:

processor	: 1
vendor_id	: GenuineIntel
cpu family	: 6
model		: 37
model name	: Intel(R) Core(TM) i3 CPU       M 330  @ 2.13GHz
stepping	: 2
microcode	: 0x9
cpu MHz		: 2133.000
cache size	: 3072 KB
physical id	: 0
siblings	: 4
core id		: 2
cpu cores	: 2
apicid		: 4
initial apicid	: 4
fdiv_bug	: no
hlt_bug		: no
f00f_bug	: no
coma_bug	: no
fpu		: yes
fpu_exception	: yes
cpuid level	: 11
wp		: yes
flags		: fpu vme de pse tsc msr pae mce cx8 apic sep mtrr pge mca cmov pat pse36 clflush dts acpi mmx fxsr sse sse2 ss ht tm pbe nx rdtscp lm constant_tsc arch_perfmon pebs bts xtopology nonstop_tsc aperfmperf pni dtes64 monitor ds_cpl vmx est tm2 ssse3 cx16 xtpr pdcm sse4_1 sse4_2 popcnt lahf_lm arat dtherm tpr_shadow vnmi flexpriority ept vpid
bogomips	: 4256.36
clflush size	: 64
cache_alignment	: 64
address sizes	: 36 bits physical, 48 bits virtual
power management:

processor	: 2
vendor_id	: GenuineIntel
cpu family	: 6
model		: 37
model name	: Intel(R) Core(TM) i3 CPU       M 330  @ 2.13GHz
stepping	: 2
microcode	: 0x9
cpu MHz		: 1066.000
cache size	: 3072 KB
physical id	: 0
siblings	: 4
core id		: 0
cpu cores	: 2
apicid		: 1
initial apicid	: 1
fdiv_bug	: no
hlt_bug		: no
f00f_bug	: no
coma_bug	: no
fpu		: yes
fpu_exception	: yes
cpuid level	: 11
wp		: yes
flags		: fpu vme de pse tsc msr pae mce cx8 apic sep mtrr pge mca cmov pat pse36 clflush dts acpi mmx fxsr sse sse2 ss ht tm pbe nx rdtscp lm constant_tsc arch_perfmon pebs bts xtopology nonstop_tsc aperfmperf pni dtes64 monitor ds_cpl vmx est tm2 ssse3 cx16 xtpr pdcm sse4_1 sse4_2 popcnt lahf_lm arat dtherm tpr_shadow vnmi flexpriority ept vpid
bogomips	: 4256.36
clflush size	: 64
cache_alignment	: 64
address sizes	: 36 bits physical, 48 bits virtual
power management:

processor	: 3
vendor_id	: GenuineIntel
cpu family	: 6
model		: 37
model name	: Intel(R) Core(TM) i3 CPU       M 330  @ 2.13GHz
stepping	: 2
microcode	: 0x9
cpu MHz		: 2133.000
cache size	: 3072 KB
physical id	: 0
siblings	: 4
core id		: 2
cpu cores	: 2
apicid		: 5
initial apicid	: 5
fdiv_bug	: no
hlt_bug		: no
f00f_bug	: no
coma_bug	: no
fpu		: yes
fpu_exception	: yes
cpuid level	: 11
wp		: yes
flags		: fpu vme de pse tsc msr pae mce cx8 apic sep mtrr pge mca cmov pat pse36 clflush dts acpi mmx fxsr sse sse2 ss ht tm pbe nx rdtscp lm constant_tsc arch_perfmon pebs bts xtopology nonstop_tsc aperfmperf pni dtes64 monitor ds_cpl vmx est tm2 ssse3 cx16 xtpr pdcm sse4_1 sse4_2 popcnt lahf_lm arat dtherm tpr_shadow vnmi flexpriority ept vpid
bogomips	: 4256.36
clflush size	: 64
cache_alignment	: 64
address sizes	: 36 bits physical, 48 bits virtual
power management:



Memory: 4k page, physical 2962012k(930244k free), swap 3002364k(3002364k free)

vm_info: Java HotSpot(TM) Server VM (24.51-b03) for linux-x86 JRE (1.7.0_51-b13), built on Dec 18 2013 18:45:30 by "java_re" with gcc 4.3.0 20080428 (Red Hat 4.3.0-8)

time: Sat Jun 25 16:57:44 2016
elapsed time: 3 seconds

