#
# A fatal error has been detected by the Java Runtime Environment:
#
#  SIGSEGV (0xb) at pc=0x891c5ac2, pid=6414, tid=2311600960
#
# JRE version: Java(TM) SE Runtime Environment (7.0_51-b13) (build 1.7.0_51-b13)
# Java VM: Java HotSpot(TM) Server VM (24.51-b03 mixed mode linux-x86 )
# Problematic frame:
# C  [libopenal.so+0x1bac2]  alcCreateContext+0xd2
#
# Failed to write core dump. Core dumps have been disabled. To enable core dumping, try "ulimit -c unlimited" before starting Java again
#
# If you would like to submit a bug report, please visit:
#   http://bugreport.sun.com/bugreport/crash.jsp
# The crash happened outside the Java Virtual Machine in native code.
# See problematic frame for where to report the bug.
#

---------------  T H R E A D  ---------------

Current thread (0x88b17800):  JavaThread "jME3 Audio Thread" daemon [_thread_in_native, id=6446, stack(0x89c33000,0x89c84000)]

siginfo:si_signo=SIGSEGV: si_errno=0, si_code=2 (SEGV_ACCERR), si_addr=0x8b0fa004

Registers:
EAX=0x8b0fa004, EBX=0x891f9ff4, ECX=0x000000ff, EDX=0x00000001
ESP=0x89c82c10, EBP=0x8b0f9ffc, ESI=0x8a139ac0, EDI=0x00000001
EIP=0x891c5ac2, EFLAGS=0x00210293, CR2=0x8b0fa004

Top of Stack: (sp=0x89c82c10)
0x89c82c10:   8dd5d764 8dd5d754 8dd5d754 fffffffe
0x89c82c20:   00000000 00000000 00000000 b35eab59
0x89c82c30:   00000008 b705fb68 8fa47a50 00000004
0x89c82c40:   00000000 90980195 00014cd7 00000000
0x89c82c50:   0000000d 8dd5d744 89c82d1c b35f5314
0x89c82c60:   b6a9288e 000000ff b6f36cb6 89c82c7c
0x89c82c70:   b70f6c18 89c82fb0 88b18670 89c82cbc
0x89c82c80:   b6cae2ee 89c82ca8 00000004 0000ac44 

Instructions: (pc=0x891c5ac2)
0x891c5aa2:   8d b6 00 00 00 00 8b 55 00 81 fa 11 10 00 00 74
0x891c5ab2:   3b 81 fa 03 00 02 00 75 07 8b 50 fc 89 54 24 78
0x891c5ac2:   8b 10 89 c5 83 c0 08 85 d2 74 3a 81 fa 07 10 00
0x891c5ad2:   00 75 d3 8b 50 fc 89 54 24 7c 83 8e cc 00 00 00 

Register to memory mapping:

EAX=0x8b0fa004 is an unknown value
EBX=0x891f9ff4: <offset 0x4fff4> in /home/nicolas/git_repo/arkanoide2/libopenal.so at 0x891aa000
ECX=0x000000ff is an unknown value
EDX=0x00000001 is an unknown value
ESP=0x89c82c10 is pointing into the stack for thread: 0x88b17800
EBP=0x8b0f9ffc is an unknown value
ESI=0x8a139ac0 is an unknown value
EDI=0x00000001 is an unknown value


Stack: [0x89c33000,0x89c84000],  sp=0x89c82c10,  free space=319k
Native frames: (J=compiled Java code, j=interpreted, Vv=VM code, C=native code)
C  [libopenal.so+0x1bac2]  alcCreateContext+0xd2

Java frames: (J=compiled Java code, j=interpreted, Vv=VM code)
j  org.lwjgl.openal.ALC10.nalcCreateContext(JJ)J+0
j  org.lwjgl.openal.ALC10.alcCreateContext(Lorg/lwjgl/openal/ALCdevice;Ljava/nio/IntBuffer;)Lorg/lwjgl/openal/ALCcontext;+8
j  org.lwjgl.openal.AL.init(Ljava/lang/String;IIZZ)V+69
j  org.lwjgl.openal.AL.create(Ljava/lang/String;IIZZ)V+227
j  org.lwjgl.openal.AL.create(Ljava/lang/String;IIZ)V+5
j  org.lwjgl.openal.AL.create()V+6
j  com.jme3.audio.lwjgl.LwjglAudioRenderer.initInThread()V+6
j  com.jme3.audio.lwjgl.LwjglAudioRenderer.run()V+1
j  java.lang.Thread.run()V+11
v  ~StubRoutines::call_stub

---------------  P R O C E S S  ---------------

Java Threads: ( => current thread )
=>0x88b17800 JavaThread "jME3 Audio Thread" daemon [_thread_in_native, id=6446, stack(0x89c33000,0x89c84000)]
  0x8d5d1400 JavaThread "process reaper" daemon [_thread_blocked, id=6442, stack(0x8a396000,0x8a3af000)]
  0xb6608000 JavaThread "DestroyJavaVM" [_thread_blocked, id=6418, stack(0xb67b7000,0xb6808000)]
  0x8d5b0400 JavaThread "LWJGL Renderer Thread" [_thread_blocked, id=6440, stack(0x8a3af000,0x8a400000)]
  0x8b06ac00 JavaThread "Image Fetcher 0" daemon [_thread_blocked, id=6439, stack(0x8a5df000,0x8a630000)]
  0x8db2d000 JavaThread "Timer-0" daemon [_thread_blocked, id=6435, stack(0x8d186000,0x8d1d7000)]
  0x8d58ec00 JavaThread "AWT-EventQueue-0" [_thread_blocked, id=6434, stack(0x8d1d7000,0x8d228000)]
  0x8d58dc00 JavaThread "AWT-Shutdown" [_thread_blocked, id=6433, stack(0x8d228000,0x8d279000)]
  0x8d58b400 JavaThread "AWT-XAWT" daemon [_thread_in_native, id=6432, stack(0x8d279000,0x8d2ca000)]
  0x8d576c00 JavaThread "Java2D Disposer" daemon [_thread_blocked, id=6431, stack(0x8d2ca000,0x8d31b000)]
  0x8df9a000 JavaThread "Service Thread" daemon [_thread_blocked, id=6429, stack(0x8d6fc000,0x8d74d000)]
  0x8df98400 JavaThread "C2 CompilerThread1" daemon [_thread_blocked, id=6428, stack(0x8d74d000,0x8d7ce000)]
  0x8df96400 JavaThread "C2 CompilerThread0" daemon [_thread_blocked, id=6427, stack(0x8dc2e000,0x8dcaf000)]
  0x8df94800 JavaThread "Signal Dispatcher" daemon [_thread_blocked, id=6426, stack(0x8dcaf000,0x8dd00000)]
  0x8df85000 JavaThread "Finalizer" daemon [_thread_blocked, id=6425, stack(0x8f72e000,0x8f77f000)]
  0x8df82800 JavaThread "Reference Handler" daemon [_thread_blocked, id=6424, stack(0x8de2e000,0x8de7f000)]

Other Threads:
  0x8df81000 VMThread [stack: 0x8de7f000,0x8df00000] [id=6423]
  0x8df9c000 WatcherThread [stack: 0x8d67b000,0x8d6fc000] [id=6430]

VM state:not at safepoint (normal execution)

VM Mutex/Monitor currently owned by a thread: None

Heap
 PSYoungGen      total 9472K, used 4488K [0xa8d80000, 0xaa000000, 0xb3500000)
  eden space 8192K, 39% used [0xa8d80000,0xa90a5458,0xa9580000)
  from space 1280K, 99% used [0xa9ec0000,0xa9ffcee0,0xaa000000)
  to   space 1280K, 0% used [0xa9580000,0xa9580000,0xa96c0000)
 ParOldGen       total 21248K, used 3723K [0x93f00000, 0x953c0000, 0xa8d80000)
  object space 21248K, 17% used [0x93f00000,0x942a2e08,0x953c0000)
 PSPermGen       total 16384K, used 12188K [0x8ff00000, 0x90f00000, 0x93f00000)
  object space 16384K, 74% used [0x8ff00000,0x90ae7198,0x90f00000)

Card table byte_map: [0x8fde4000,0x8ff00000] byte_map_base: 0x8f964800

Polling page: 0xb7719000

Code Cache  [0xb35e2000, 0xb3822000, 0xb65e2000)
 total_blobs=371 nmethods=78 adapters=247 free_code_cache=48648Kb largest_free_block=49800512

Compilation events (10 events):
Event: 2,495 Thread 0x8df98400   74             java.util.Hashtable::hash (10 bytes)
Event: 2,496 Thread 0x8df98400 nmethod 74 0xb365a508 code [0xb365a600, 0xb365a690]
Event: 2,530 Thread 0x8df96400   75             sun.nio.cs.UTF_8$Decoder::decodeArrayLoop (543 bytes)
Event: 2,540 Thread 0x8df98400   76             java.util.regex.Matcher::reset (83 bytes)
Event: 2,542 Thread 0x8df98400 nmethod 76 0xb365d208 code [0xb365d300, 0xb365d430]
Event: 2,554 Thread 0x8df96400 nmethod 75 0xb3662148 code [0xb3662360, 0xb3662e9c]
Event: 2,558 Thread 0x8df98400   77             java.lang.String::startsWith (7 bytes)
Event: 2,561 Thread 0x8df98400 nmethod 77 0xb365dac8 code [0xb365dbc0, 0xb365dd30]
Event: 2,573 Thread 0x8df96400   78             sun.misc.MetaIndex::mayContain (51 bytes)
Event: 2,580 Thread 0x8df96400 nmethod 78 0xb365e2c8 code [0xb365e3e0, 0xb365e65c]

GC Heap History (4 events):
Event: 0,803 GC heap before
{Heap before GC invocations=1 (full 0):
 PSYoungGen      total 9472K, used 8192K [0xa8d80000, 0xa9800000, 0xb3500000)
  eden space 8192K, 100% used [0xa8d80000,0xa9580000,0xa9580000)
  from space 1280K, 0% used [0xa96c0000,0xa96c0000,0xa9800000)
  to   space 1280K, 0% used [0xa9580000,0xa9580000,0xa96c0000)
 ParOldGen       total 21248K, used 0K [0x93f00000, 0x953c0000, 0xa8d80000)
  object space 21248K, 0% used [0x93f00000,0x93f00000,0x953c0000)
 PSPermGen       total 16384K, used 8324K [0x8ff00000, 0x90f00000, 0x93f00000)
  object space 16384K, 50% used [0x8ff00000,0x90721290,0x90f00000)
Event: 0,812 GC heap after
Heap after GC invocations=1 (full 0):
 PSYoungGen      total 9472K, used 1272K [0xa8d80000, 0xaa000000, 0xb3500000)
  eden space 8192K, 0% used [0xa8d80000,0xa8d80000,0xa9580000)
  from space 1280K, 99% used [0xa9580000,0xa96be060,0xa96c0000)
  to   space 1280K, 0% used [0xa9ec0000,0xa9ec0000,0xaa000000)
 ParOldGen       total 21248K, used 1841K [0x93f00000, 0x953c0000, 0xa8d80000)
  object space 21248K, 8% used [0x93f00000,0x940cc5f8,0x953c0000)
 PSPermGen       total 16384K, used 8324K [0x8ff00000, 0x90f00000, 0x93f00000)
  object space 16384K, 50% used [0x8ff00000,0x90721290,0x90f00000)
}
Event: 2,469 GC heap before
{Heap before GC invocations=2 (full 0):
 PSYoungGen      total 9472K, used 9464K [0xa8d80000, 0xaa000000, 0xb3500000)
  eden space 8192K, 100% used [0xa8d80000,0xa9580000,0xa9580000)
  from space 1280K, 99% used [0xa9580000,0xa96be060,0xa96c0000)
  to   space 1280K, 0% used [0xa9ec0000,0xa9ec0000,0xaa000000)
 ParOldGen       total 21248K, used 1841K [0x93f00000, 0x953c0000, 0xa8d80000)
  object space 21248K, 8% used [0x93f00000,0x940cc5f8,0x953c0000)
 PSPermGen       total 16384K, used 11425K [0x8ff00000, 0x90f00000, 0x93f00000)
  object space 16384K, 69% used [0x8ff00000,0x90a28608,0x90f00000)
Event: 2,480 GC heap after
Heap after GC invocations=2 (full 0):
 PSYoungGen      total 9472K, used 1267K [0xa8d80000, 0xaa000000, 0xb3500000)
  eden space 8192K, 0% used [0xa8d80000,0xa8d80000,0xa9580000)
  from space 1280K, 99% used [0xa9ec0000,0xa9ffcee0,0xaa000000)
  to   space 1280K, 0% used [0xa9580000,0xa9580000,0xa96c0000)
 ParOldGen       total 21248K, used 3723K [0x93f00000, 0x953c0000, 0xa8d80000)
  object space 21248K, 17% used [0x93f00000,0x942a2e08,0x953c0000)
 PSPermGen       total 16384K, used 11425K [0x8ff00000, 0x90f00000, 0x93f00000)
  object space 16384K, 69% used [0x8ff00000,0x90a28608,0x90f00000)
}

Deoptimization events (10 events):
Event: 0,527 Thread 0x8d58ec00 Uncommon trap: reason=class_check action=maybe_recompile pc=0xb363b0fc method=java.util.Properties$LineReader.readLine()I @ 62
Event: 0,528 Thread 0x8d58ec00 Uncommon trap: reason=class_check action=maybe_recompile pc=0xb363b0fc method=java.util.Properties$LineReader.readLine()I @ 62
Event: 0,530 Thread 0x8d58ec00 Uncommon trap: reason=class_check action=maybe_recompile pc=0xb363b0fc method=java.util.Properties$LineReader.readLine()I @ 62
Event: 0,532 Thread 0x8d58ec00 Uncommon trap: reason=class_check action=maybe_recompile pc=0xb363b0fc method=java.util.Properties$LineReader.readLine()I @ 62
Event: 0,757 Thread 0x8d58ec00 Uncommon trap: reason=class_check action=maybe_recompile pc=0xb3636a8c method=java.lang.String.equals(Ljava/lang/Object;)Z @ 8
Event: 0,757 Thread 0x8d58ec00 Uncommon trap: reason=class_check action=maybe_recompile pc=0xb3636a8c method=java.lang.String.equals(Ljava/lang/Object;)Z @ 8
Event: 0,757 Thread 0x8d58ec00 Uncommon trap: reason=class_check action=maybe_recompile pc=0xb3636a8c method=java.lang.String.equals(Ljava/lang/Object;)Z @ 8
Event: 0,757 Thread 0x8d58ec00 Uncommon trap: reason=class_check action=maybe_recompile pc=0xb3636a8c method=java.lang.String.equals(Ljava/lang/Object;)Z @ 8
Event: 1,888 Thread 0xb6608000 Uncommon trap: reason=unreached action=reinterpret pc=0xb364bb10 method=java.lang.AbstractStringBuilder.append(Ljava/lang/String;)Ljava/lang/AbstractStringBuilder; @ 1
Event: 1,888 Thread 0xb6608000 Uncommon trap: reason=unreached action=reinterpret pc=0xb36498d0 method=java.lang.AbstractStringBuilder.append(Ljava/lang/String;)Ljava/lang/AbstractStringBuilder; @ 1

Internal exceptions (10 events):
Event: 2,589 Thread 0x88b17800 Threw 0xa9089078 at /HUDSON/workspace/7u-2-build-linux-i586/jdk7u51/527/hotspot/src/share/vm/prims/jni.cpp:743
Event: 2,589 Thread 0x88b17800 Threw 0xa90894e8 at /HUDSON/workspace/7u-2-build-linux-i586/jdk7u51/527/hotspot/src/share/vm/prims/jni.cpp:743
Event: 2,589 Thread 0x88b17800 Threw 0xa90898b0 at /HUDSON/workspace/7u-2-build-linux-i586/jdk7u51/527/hotspot/src/share/vm/prims/jni.cpp:743
Event: 2,589 Thread 0x88b17800 Threw 0xa9089cf8 at /HUDSON/workspace/7u-2-build-linux-i586/jdk7u51/527/hotspot/src/share/vm/prims/jni.cpp:743
Event: 2,589 Thread 0x88b17800 Threw 0xa908a188 at /HUDSON/workspace/7u-2-build-linux-i586/jdk7u51/527/hotspot/src/share/vm/prims/jni.cpp:743
Event: 2,590 Thread 0x88b17800 Threw 0xa908a898 at /HUDSON/workspace/7u-2-build-linux-i586/jdk7u51/527/hotspot/src/share/vm/prims/jvm.cpp:1244
Event: 2,592 Thread 0x88b17800 Threw 0xa9094ee8 at /HUDSON/workspace/7u-2-build-linux-i586/jdk7u51/527/hotspot/src/share/vm/prims/jvm.cpp:1244
Event: 2,606 Thread 0x88b17800 Threw 0xa909b0d0 at /HUDSON/workspace/7u-2-build-linux-i586/jdk7u51/527/hotspot/src/share/vm/prims/jvm.cpp:1244
Event: 2,607 Thread 0x88b17800 Threw 0xa909e5e0 at /HUDSON/workspace/7u-2-build-linux-i586/jdk7u51/527/hotspot/src/share/vm/prims/jvm.cpp:1244
Event: 2,607 Thread 0x88b17800 Threw 0xa90a14f0 at /HUDSON/workspace/7u-2-build-linux-i586/jdk7u51/527/hotspot/src/share/vm/prims/jvm.cpp:1244

Events (10 events):
Event: 2,590 loading class 0x88ed19e0
Event: 2,590 loading class 0x88ed19e0 done
Event: 2,592 loading class 0x88ed1a30
Event: 2,592 loading class 0x88ed1a30 done
Event: 2,606 loading class 0x8b0ed8a8
Event: 2,606 loading class 0x8b0ed8a8 done
Event: 2,607 loading class 0x8b0aff50
Event: 2,607 loading class 0x8b0aff50 done
Event: 2,607 loading class 0x8b0ed8d8
Event: 2,607 loading class 0x8b0ed8d8 done


Dynamic libraries:
08048000-08049000 r-xp 00000000 08:06 164736     /home/nicolas/jmonkeyplatform/jdk/bin/java
08049000-0804a000 rw-p 00000000 08:06 164736     /home/nicolas/jmonkeyplatform/jdk/bin/java
0830c000-083ab000 rw-p 00000000 00:00 0          [heap]
84175000-84186000 r--p 00000000 08:06 543132     /usr/share/locale-langpack/es/LC_MESSAGES/pulseaudio.mo
84186000-88187000 rw-s 00000000 00:12 196936     /run/shm/pulse-shm-3655244324
88187000-88188000 ---p 00000000 00:00 0 
88188000-88988000 rw-p 00000000 00:00 0 
88988000-88aee000 r-xp 00000000 08:06 266786     /usr/lib/i386-linux-gnu/libvorbisenc.so.2.0.8
88aee000-88aff000 r--p 00165000 08:06 266786     /usr/lib/i386-linux-gnu/libvorbisenc.so.2.0.8
88aff000-88b00000 rw-p 00176000 08:06 266786     /usr/lib/i386-linux-gnu/libvorbisenc.so.2.0.8
88b00000-88b5b000 rw-p 00000000 00:00 0 
88b5b000-88c00000 ---p 00000000 00:00 0 
88c81000-88e00000 rw-p 00000000 00:00 0 
88e00000-88f00000 rw-p 00000000 00:00 0 
88f28000-88f94000 r-xp 00000000 08:06 264124     /usr/lib/i386-linux-gnu/libsndfile.so.1.0.25
88f94000-88f96000 r--p 0006b000 08:06 264124     /usr/lib/i386-linux-gnu/libsndfile.so.1.0.25
88f96000-88f97000 rw-p 0006d000 08:06 264124     /usr/lib/i386-linux-gnu/libsndfile.so.1.0.25
88f97000-88f9b000 rw-p 00000000 00:00 0 
88f9b000-88ffe000 r-xp 00000000 08:06 270389     /usr/lib/i386-linux-gnu/libpulsecommon-1.1.so
88ffe000-88fff000 r--p 00062000 08:06 270389     /usr/lib/i386-linux-gnu/libpulsecommon-1.1.so
88fff000-89000000 rw-p 00063000 08:06 270389     /usr/lib/i386-linux-gnu/libpulsecommon-1.1.so
89000000-890f9000 rw-p 00000000 00:00 0 
890f9000-89100000 ---p 00000000 00:00 0 
8910e000-8915a000 r-xp 00000000 08:06 261870     /usr/lib/i386-linux-gnu/libFLAC.so.8.2.0
8915a000-8915b000 r--p 0004b000 08:06 261870     /usr/lib/i386-linux-gnu/libFLAC.so.8.2.0
8915b000-8915c000 rw-p 0004c000 08:06 261870     /usr/lib/i386-linux-gnu/libFLAC.so.8.2.0
8915c000-891a8000 r-xp 00000000 08:06 266663     /usr/lib/i386-linux-gnu/libpulse.so.0.13.5
891a8000-891a9000 r--p 0004b000 08:06 266663     /usr/lib/i386-linux-gnu/libpulse.so.0.13.5
891a9000-891aa000 rw-p 0004c000 08:06 266663     /usr/lib/i386-linux-gnu/libpulse.so.0.13.5
891aa000-891f8000 r-xp 00000000 08:06 183532     /home/nicolas/git_repo/arkanoide2/libopenal.so
891f8000-891fa000 r--p 0004d000 08:06 183532     /home/nicolas/git_repo/arkanoide2/libopenal.so
891fa000-891fb000 rw-p 0004f000 08:06 183532     /home/nicolas/git_repo/arkanoide2/libopenal.so
891fb000-89b00000 rw-p 00000000 00:00 0 
89b00000-89bfc000 rw-p 00000000 00:00 0 
89bfc000-89c00000 ---p 00000000 00:00 0 
89c20000-89c28000 r-xp 00000000 08:06 1440012    /lib/i386-linux-gnu/libwrap.so.0.7.6
89c28000-89c29000 r--p 00007000 08:06 1440012    /lib/i386-linux-gnu/libwrap.so.0.7.6
89c29000-89c2a000 rw-p 00008000 08:06 1440012    /lib/i386-linux-gnu/libwrap.so.0.7.6
89c2a000-89c31000 r-xp 00000000 08:06 262752     /usr/lib/i386-linux-gnu/libjson.so.0.0.1
89c31000-89c32000 r--p 00006000 08:06 262752     /usr/lib/i386-linux-gnu/libjson.so.0.0.1
89c32000-89c33000 rw-p 00007000 08:06 262752     /usr/lib/i386-linux-gnu/libjson.so.0.0.1
89c33000-89c36000 ---p 00000000 00:00 0 
89c36000-89c84000 rw-p 00000000 00:00 0 
89c84000-89d5c000 r-xp 00000000 08:06 266743     /usr/lib/i386-linux-gnu/libstdc++.so.6.0.16
89d5c000-89d5d000 ---p 000d8000 08:06 266743     /usr/lib/i386-linux-gnu/libstdc++.so.6.0.16
89d5d000-89d61000 r--p 000d8000 08:06 266743     /usr/lib/i386-linux-gnu/libstdc++.so.6.0.16
89d61000-89d62000 rw-p 000dc000 08:06 266743     /usr/lib/i386-linux-gnu/libstdc++.so.6.0.16
89d62000-89d69000 rw-p 00000000 00:00 0 
89d69000-89e7e000 r-xp 00000000 08:06 263026     /usr/lib/i386-linux-gnu/dri/libglsl.so
89e7e000-89e83000 r--p 00114000 08:06 263026     /usr/lib/i386-linux-gnu/dri/libglsl.so
89e83000-89e85000 rw-p 00119000 08:06 263026     /usr/lib/i386-linux-gnu/dri/libglsl.so
89e85000-89e86000 rw-p 00000000 00:00 0 
89e86000-8a0e2000 r-xp 00000000 08:06 263022     /usr/lib/i386-linux-gnu/dri/libdricore.so
8a0e2000-8a0e3000 ---p 0025c000 08:06 263022     /usr/lib/i386-linux-gnu/dri/libdricore.so
8a0e3000-8a0e9000 r--p 0025c000 08:06 263022     /usr/lib/i386-linux-gnu/dri/libdricore.so
8a0e9000-8a0eb000 rw-p 00262000 08:06 263022     /usr/lib/i386-linux-gnu/dri/libdricore.so
8a0eb000-8a100000 rw-p 00000000 00:00 0 
8a100000-8a15a000 rw-p 00000000 00:00 0 
8a15a000-8a200000 ---p 00000000 00:00 0 
8a200000-8a205000 r-xp 00000000 08:06 266273     /usr/lib/i386-linux-gnu/libasyncns.so.0.3.1
8a205000-8a206000 r--p 00004000 08:06 266273     /usr/lib/i386-linux-gnu/libasyncns.so.0.3.1
8a206000-8a207000 rw-p 00005000 08:06 266273     /usr/lib/i386-linux-gnu/libasyncns.so.0.3.1
8a207000-8a210000 r-xp 00000000 08:06 262037     /usr/lib/i386-linux-gnu/libpciaccess.so.0.11.0
8a210000-8a211000 r--p 00008000 08:06 262037     /usr/lib/i386-linux-gnu/libpciaccess.so.0.11.0
8a211000-8a212000 rw-p 00009000 08:06 262037     /usr/lib/i386-linux-gnu/libpciaccess.so.0.11.0
8a212000-8a233000 r-xp 00000000 08:06 261905     /usr/lib/i386-linux-gnu/libdrm_intel.so.1.0.0
8a233000-8a234000 r--p 00020000 08:06 261905     /usr/lib/i386-linux-gnu/libdrm_intel.so.1.0.0
8a234000-8a235000 rw-p 00021000 08:06 261905     /usr/lib/i386-linux-gnu/libdrm_intel.so.1.0.0
8a235000-8a310000 r-xp 00000000 08:06 263028     /usr/lib/i386-linux-gnu/dri/i965_dri.so
8a310000-8a312000 r--p 000da000 08:06 263028     /usr/lib/i386-linux-gnu/dri/i965_dri.so
8a312000-8a314000 rw-p 000dc000 08:06 263028     /usr/lib/i386-linux-gnu/dri/i965_dri.so
8a314000-8a315000 rw-p 00000000 00:00 0 
8a315000-8a320000 r-xp 00000000 08:06 265513     /usr/lib/i386-linux-gnu/libdrm.so.2.4.0
8a320000-8a321000 r--p 0000a000 08:06 265513     /usr/lib/i386-linux-gnu/libdrm.so.2.4.0
8a321000-8a322000 rw-p 0000b000 08:06 265513     /usr/lib/i386-linux-gnu/libdrm.so.2.4.0
8a322000-8a338000 r-xp 00000000 08:06 263321     /usr/lib/i386-linux-gnu/libxcb-glx.so.0.0.0
8a338000-8a339000 r--p 00016000 08:06 263321     /usr/lib/i386-linux-gnu/libxcb-glx.so.0.0.0
8a339000-8a33a000 rw-p 00017000 08:06 263321     /usr/lib/i386-linux-gnu/libxcb-glx.so.0.0.0
8a33a000-8a33b000 r-xp 00000000 08:06 263034     /usr/lib/i386-linux-gnu/libX11-xcb.so.1.0.0
8a33b000-8a33c000 r--p 00000000 08:06 263034     /usr/lib/i386-linux-gnu/libX11-xcb.so.1.0.0
8a33c000-8a33d000 rw-p 00001000 08:06 263034     /usr/lib/i386-linux-gnu/libX11-xcb.so.1.0.0
8a33d000-8a38f000 r-xp 00000000 08:06 263301     /usr/lib/i386-linux-gnu/mesa/libGL.so.1.2
8a38f000-8a391000 r--p 00051000 08:06 263301     /usr/lib/i386-linux-gnu/mesa/libGL.so.1.2
8a391000-8a396000 rwxp 00053000 08:06 263301     /usr/lib/i386-linux-gnu/mesa/libGL.so.1.2
8a396000-8a399000 ---p 00000000 00:00 0 
8a399000-8a3af000 rw-p 00000000 00:00 0 
8a3af000-8a3b2000 ---p 00000000 00:00 0 
8a3b2000-8a400000 rw-p 00000000 00:00 0 
8a400000-8a42e000 rw-p 00000000 00:00 0 
8a42e000-8a500000 ---p 00000000 00:00 0 
8a501000-8a510000 r-xp 00000000 08:06 262470     /usr/lib/i386-linux-gnu/libglapi.so.0.0.0
8a510000-8a512000 r--p 0000f000 08:06 262470     /usr/lib/i386-linux-gnu/libglapi.so.0.0.0
8a512000-8a517000 rwxp 00011000 08:06 262470     /usr/lib/i386-linux-gnu/libglapi.so.0.0.0
8a517000-8a577000 rw-s 00000000 00:04 32669751   /SYSV00000000 (deleted)
8a577000-8a5d7000 r-xp 00000000 08:06 575829     /home/nicolas/jmonkeyplatform/jdk/jre/lib/i386/libt2k.so
8a5d7000-8a5db000 rw-p 0005f000 08:06 575829     /home/nicolas/jmonkeyplatform/jdk/jre/lib/i386/libt2k.so
8a5db000-8a5df000 rw-p 00000000 00:00 0 
8a5df000-8a5e2000 ---p 00000000 00:00 0 
8a5e2000-8a630000 rw-p 00000000 00:00 0 
8a630000-8a631000 ---p 00000000 00:00 0 
8a631000-8ae31000 rw-p 00000000 00:00 0 
8ae31000-8ae4b000 r-xp 00000000 08:06 266360     /usr/lib/i386-linux-gnu/libdbusmenu-glib.so.4.0.13
8ae4b000-8ae4c000 r--p 00019000 08:06 266360     /usr/lib/i386-linux-gnu/libdbusmenu-glib.so.4.0.13
8ae4c000-8ae4d000 rw-p 0001a000 08:06 266360     /usr/lib/i386-linux-gnu/libdbusmenu-glib.so.4.0.13
8ae4d000-8ae5e000 r-xp 00000000 08:06 263297     /usr/lib/i386-linux-gnu/libdbusmenu-gtk.so.4.0.13
8ae5e000-8ae5f000 r--p 00010000 08:06 263297     /usr/lib/i386-linux-gnu/libdbusmenu-gtk.so.4.0.13
8ae5f000-8ae60000 rw-p 00011000 08:06 263297     /usr/lib/i386-linux-gnu/libdbusmenu-gtk.so.4.0.13
8ae60000-8ae6e000 r-xp 00000000 08:06 1439979    /lib/i386-linux-gnu/libudev.so.0.13.0
8ae6e000-8ae6f000 r--p 0000e000 08:06 1439979    /lib/i386-linux-gnu/libudev.so.0.13.0
8ae6f000-8ae70000 rw-p 0000f000 08:06 1439979    /lib/i386-linux-gnu/libudev.so.0.13.0
8ae70000-8aeb7000 r-xp 00000000 08:06 1457784    /lib/i386-linux-gnu/libdbus-1.so.3.5.8
8aeb7000-8aeb8000 ---p 00047000 08:06 1457784    /lib/i386-linux-gnu/libdbus-1.so.3.5.8
8aeb8000-8aeb9000 r--p 00047000 08:06 1457784    /lib/i386-linux-gnu/libdbus-1.so.3.5.8
8aeb9000-8aeba000 rw-p 00048000 08:06 1457784    /lib/i386-linux-gnu/libdbus-1.so.3.5.8
8aeba000-8aecf000 r-xp 00000000 08:06 262064     /usr/lib/i386-linux-gnu/gvfs/libgvfscommon.so
8aecf000-8aed0000 r--p 00014000 08:06 262064     /usr/lib/i386-linux-gnu/gvfs/libgvfscommon.so
8aed0000-8aed1000 rw-p 00015000 08:06 262064     /usr/lib/i386-linux-gnu/gvfs/libgvfscommon.so
8aed1000-8aefa000 r-xp 00000000 08:06 262066     /usr/lib/i386-linux-gnu/gio/modules/libgvfsdbus.so
8aefa000-8aefb000 r--p 00028000 08:06 262066     /usr/lib/i386-linux-gnu/gio/modules/libgvfsdbus.so
8aefb000-8aefc000 rw-p 00029000 08:06 262066     /usr/lib/i386-linux-gnu/gio/modules/libgvfsdbus.so
8aefc000-8af40000 r-xp 00000000 08:06 266541     /usr/lib/i386-linux-gnu/libibus-1.0.so.0.401.0
8af40000-8af41000 r--p 00043000 08:06 266541     /usr/lib/i386-linux-gnu/libibus-1.0.so.0.401.0
8af41000-8af42000 rw-p 00044000 08:06 266541     /usr/lib/i386-linux-gnu/libibus-1.0.so.0.401.0
8af57000-8afa9000 r--p 00000000 08:06 789302     /usr/share/fonts/truetype/ttf-dejavu/DejaVuSansMono.ttf
8afa9000-8b000000 r--p 00000000 08:06 789331     /usr/share/fonts/truetype/ubuntu-font-family/Ubuntu-R.ttf
8b000000-8b0fa000 rw-p 00000000 00:00 0 
8b0fa000-8b100000 ---p 00000000 00:00 0 
8b100000-8b1f6000 rw-p 00000000 00:00 0 
8b1f6000-8b200000 ---p 00000000 00:00 0 
8b200000-8b204000 r-xp 00000000 08:06 263959     /usr/lib/i386-linux-gnu/libXxf86vm.so.1.0.0
8b204000-8b205000 r--p 00003000 08:06 263959     /usr/lib/i386-linux-gnu/libXxf86vm.so.1.0.0
8b205000-8b206000 rw-p 00004000 08:06 263959     /usr/lib/i386-linux-gnu/libXxf86vm.so.1.0.0
8b206000-8b20b000 r-xp 00000000 08:06 263047     /usr/lib/i386-linux-gnu/gtk-2.0/2.10.0/menuproxies/libappmenu.so
8b20b000-8b20c000 r--p 00004000 08:06 263047     /usr/lib/i386-linux-gnu/gtk-2.0/2.10.0/menuproxies/libappmenu.so
8b20c000-8b20d000 rw-p 00005000 08:06 263047     /usr/lib/i386-linux-gnu/gtk-2.0/2.10.0/menuproxies/libappmenu.so
8b20d000-8b20f000 r-xp 00000000 08:06 267507     /usr/lib/i386-linux-gnu/pango/1.6.0/modules/pango-basic-fc.so
8b20f000-8b210000 r--p 00001000 08:06 267507     /usr/lib/i386-linux-gnu/pango/1.6.0/modules/pango-basic-fc.so
8b210000-8b211000 rw-p 00002000 08:06 267507     /usr/lib/i386-linux-gnu/pango/1.6.0/modules/pango-basic-fc.so
8b211000-8b212000 r--s 00000000 08:06 409378     /var/cache/fontconfig/c05880de57d1f5e948fdfacc138775d9-le32d4.cache-3
8b212000-8b218000 r--s 00000000 08:06 403145     /var/cache/fontconfig/945677eb7aeaf62f1d50efc3fb3ec7d8-le32d4.cache-3
8b218000-8b21a000 r--s 00000000 08:06 409374     /var/cache/fontconfig/99e8ed0e538f840c565b6ed5dad60d56-le32d4.cache-3
8b21a000-8b21d000 r--s 00000000 08:06 409372     /var/cache/fontconfig/2cd17615ca594fa2959ae173292e504c-le32d4.cache-3
8b21d000-8b21e000 r--s 00000000 08:06 409370     /var/cache/fontconfig/e7071f4a29fa870f4323321c154eba04-le32d4.cache-3
8b21e000-8b21f000 r--s 00000000 08:06 409368     /var/cache/fontconfig/0d8c3b2ac0904cb8a57a757ad11a4a08-le32d4.cache-3
8b21f000-8b223000 r--s 00000000 08:06 409366     /var/cache/fontconfig/a755afe4a08bf5b97852ceb7400b47bc-le32d4.cache-3
8b223000-8b22a000 r--s 00000000 08:06 452031     /var/cache/fontconfig/6d41288fd70b0be22e8c3a91e032eec0-le32d4.cache-3
8b22a000-8b235000 r--s 00000000 08:06 409362     /var/cache/fontconfig/04aabc0a78ac019cf9454389977116d2-le32d4.cache-3
8b235000-8b238000 r--s 00000000 08:06 409360     /var/cache/fontconfig/385c0604a188198f04d133e54aba7fe7-le32d4.cache-3
8b238000-8b239000 r--s 00000000 08:06 409817     /var/cache/fontconfig/4794a0821666d79190d59a36cb4f44b5-le32d4.cache-3
8b239000-8b23c000 r--s 00000000 08:06 404604     /var/cache/fontconfig/8801497958630a81b71ace7c5f9b32a8-le32d4.cache-3
8b23c000-8b25e000 r--s 00000000 08:06 403122     /var/cache/fontconfig/365b55f210c0a22e9a19e35191240f32-le32d4.cache-3
8b25e000-8b262000 r--s 00000000 08:06 403149     /var/cache/fontconfig/3047814df9a2f067bd2d96a2b9c36e5a-le32d4.cache-3
8b262000-8b263000 r--s 00000000 08:06 403147     /var/cache/fontconfig/56cf4f4769d0f4abc89a4895d7bd3ae1-le32d4.cache-3
8b263000-8b264000 r--s 00000000 08:06 403142     /var/cache/fontconfig/b9d506c9ac06c20b433354fa67a72993-le32d4.cache-3
8b264000-8b268000 r--s 00000000 08:06 403133     /var/cache/fontconfig/b47c4e1ecd0709278f4910c18777a504-le32d4.cache-3
8b268000-8b275000 r--s 00000000 08:06 403131     /var/cache/fontconfig/d52a8644073d54c13679302ca1180695-le32d4.cache-3
8b275000-8b28e000 r--s 00000000 08:06 789404     /usr/share/fonts/type1/gsfonts/n021003l.pfb
8b28e000-8b2a4000 r--s 00000000 08:06 789413     /usr/share/fonts/type1/gsfonts/n021024l.pfb
8b2a4000-8b2fe000 r-xp 00000000 08:06 183404     /home/nicolas/git_repo/arkanoide2/liblwjgl.so
8b2fe000-8b2ff000 r--p 0005a000 08:06 183404     /home/nicolas/git_repo/arkanoide2/liblwjgl.so
8b2ff000-8b300000 rw-p 0005b000 08:06 183404     /home/nicolas/git_repo/arkanoide2/liblwjgl.so
8b300000-8b3f8000 rw-p 00000000 00:00 0 
8b3f8000-8b400000 ---p 00000000 00:00 0 
8b400000-8b406000 r-xp 00000000 08:06 267303     /usr/lib/i386-linux-gnu/gtk-2.0/2.10.0/immodules/im-ibus.so
8b406000-8b407000 r--p 00005000 08:06 267303     /usr/lib/i386-linux-gnu/gtk-2.0/2.10.0/immodules/im-ibus.so
8b407000-8b408000 rw-p 00006000 08:06 267303     /usr/lib/i386-linux-gnu/gtk-2.0/2.10.0/immodules/im-ibus.so
8b408000-8b41d000 r-xp 00000000 08:06 575803     /home/nicolas/jmonkeyplatform/jdk/jre/lib/i386/libnet.so
8b41d000-8b41e000 rw-p 00014000 08:06 575803     /home/nicolas/jmonkeyplatform/jdk/jre/lib/i386/libnet.so
8b41e000-8b43a000 r-xp 00000000 08:06 1439924    /lib/i386-linux-gnu/libgcc_s.so.1
8b43a000-8b43b000 r--p 0001b000 08:06 1439924    /lib/i386-linux-gnu/libgcc_s.so.1
8b43b000-8b43c000 rw-p 0001c000 08:06 1439924    /lib/i386-linux-gnu/libgcc_s.so.1
8b43c000-8b49d000 r-xp 00000000 08:06 575758     /home/nicolas/jmonkeyplatform/jdk/jre/lib/i386/libfontmanager.so
8b49d000-8b4a0000 rw-p 00060000 08:06 575758     /home/nicolas/jmonkeyplatform/jdk/jre/lib/i386/libfontmanager.so
8b4a0000-8b4a4000 rw-p 00000000 00:00 0 
8b4a4000-8b4aa000 r-xp 00000000 08:06 266626     /usr/lib/i386-linux-gnu/libogg.so.0.7.1
8b4aa000-8b4ab000 r--p 00005000 08:06 266626     /usr/lib/i386-linux-gnu/libogg.so.0.7.1
8b4ab000-8b4ac000 rw-p 00006000 08:06 266626     /usr/lib/i386-linux-gnu/libogg.so.0.7.1
8b4ac000-8b4d5000 r-xp 00000000 08:06 266784     /usr/lib/i386-linux-gnu/libvorbis.so.0.4.5
8b4d5000-8b4d6000 r--p 00028000 08:06 266784     /usr/lib/i386-linux-gnu/libvorbis.so.0.4.5
8b4d6000-8b4d7000 rw-p 00029000 08:06 266784     /usr/lib/i386-linux-gnu/libvorbis.so.0.4.5
8b4d7000-8b4df000 r-xp 00000000 08:06 266583     /usr/lib/i386-linux-gnu/libltdl.so.7.3.0
8b4df000-8b4e0000 r--p 00008000 08:06 266583     /usr/lib/i386-linux-gnu/libltdl.so.7.3.0
8b4e0000-8b4e1000 rw-p 00009000 08:06 266583     /usr/lib/i386-linux-gnu/libltdl.so.7.3.0
8b4e1000-8b4f2000 r-xp 00000000 08:06 266751     /usr/lib/i386-linux-gnu/libtdb.so.1.2.9
8b4f2000-8b4f3000 r--p 00010000 08:06 266751     /usr/lib/i386-linux-gnu/libtdb.so.1.2.9
8b4f3000-8b4f4000 rw-p 00011000 08:06 266751     /usr/lib/i386-linux-gnu/libtdb.so.1.2.9
8b4f4000-8b4fc000 r-xp 00000000 08:06 266788     /usr/lib/i386-linux-gnu/libvorbisfile.so.3.3.4
8b4fc000-8b4fd000 r--p 00007000 08:06 266788     /usr/lib/i386-linux-gnu/libvorbisfile.so.3.3.4
8b4fd000-8b4fe000 rw-p 00008000 08:06 266788     /usr/lib/i386-linux-gnu/libvorbisfile.so.3.3.4
8b4fe000-8b50d000 r-xp 00000000 08:06 266321     /usr/lib/i386-linux-gnu/libcanberra.so.0.2.5
8b50d000-8b50e000 r--p 0000e000 08:06 266321     /usr/lib/i386-linux-gnu/libcanberra.so.0.2.5
8b50e000-8b50f000 rw-p 0000f000 08:06 266321     /usr/lib/i386-linux-gnu/libcanberra.so.0.2.5
8b50f000-8b513000 r-xp 00000000 08:06 266317     /usr/lib/i386-linux-gnu/libcanberra-gtk.so.0.1.8
8b513000-8b514000 r--p 00003000 08:06 266317     /usr/lib/i386-linux-gnu/libcanberra-gtk.so.0.1.8
8b514000-8b515000 rw-p 00004000 08:06 266317     /usr/lib/i386-linux-gnu/libcanberra-gtk.so.0.1.8
8b515000-8b51b000 r--p 00000000 08:06 537828     /usr/share/locale-langpack/es/LC_MESSAGES/gdk-pixbuf.mo
8b51b000-8b529000 r-xp 00000000 08:06 575777     /home/nicolas/jmonkeyplatform/jdk/jre/lib/i386/libnio.so
8b529000-8b52a000 rw-p 0000e000 08:06 575777     /home/nicolas/jmonkeyplatform/jdk/jre/lib/i386/libnio.so
8b52a000-8b52f000 r-xp 00000000 08:06 267317     /usr/lib/i386-linux-gnu/gtk-2.0/modules/libcanberra-gtk-module.so
8b52f000-8b530000 r--p 00004000 08:06 267317     /usr/lib/i386-linux-gnu/gtk-2.0/modules/libcanberra-gtk-module.so
8b530000-8b531000 rw-p 00005000 08:06 267317     /usr/lib/i386-linux-gnu/gtk-2.0/modules/libcanberra-gtk-module.so
8b531000-8b566000 r-xp 00000000 08:06 267296     /usr/lib/i386-linux-gnu/gtk-2.0/2.10.0/engines/libmurrine.so
8b566000-8b567000 r--p 00034000 08:06 267296     /usr/lib/i386-linux-gnu/gtk-2.0/2.10.0/engines/libmurrine.so
8b567000-8b568000 rw-p 00035000 08:06 267296     /usr/lib/i386-linux-gnu/gtk-2.0/2.10.0/engines/libmurrine.so
8b568000-8b569000 ---p 00000000 00:00 0 
8b569000-8bd69000 rw-p 00000000 00:00 0 
8bd69000-8bd93000 r--p 00000000 08:06 537636     /usr/share/locale-langpack/es/LC_MESSAGES/gtk20-properties.mo
8bd93000-8bd94000 ---p 00000000 00:00 0 
8bd94000-8c594000 rw-p 00000000 00:00 0 
8c594000-8c59b000 r-xp 00000000 08:06 267159     /usr/lib/i386-linux-gnu/gio/modules/libdconfsettings.so
8c59b000-8c59c000 r--p 00006000 08:06 267159     /usr/lib/i386-linux-gnu/gio/modules/libdconfsettings.so
8c59c000-8c59d000 rw-p 00007000 08:06 267159     /usr/lib/i386-linux-gnu/gio/modules/libdconfsettings.so
8c59d000-8c5cb000 r--p 00000000 08:06 799689     /usr/share/glib-2.0/schemas/gschemas.compiled
8c5cb000-8c5e3000 r--p 00000000 08:06 537592     /usr/share/locale-langpack/es/LC_MESSAGES/glib20.mo
8c5e3000-8c5f3000 r-xp 00000000 08:06 264681     /usr/lib/liboverlay-scrollbar-0.2.so.0.0.16
8c5f3000-8c5f4000 r--p 0000f000 08:06 264681     /usr/lib/liboverlay-scrollbar-0.2.so.0.0.16
8c5f4000-8c5f5000 rw-p 00010000 08:06 264681     /usr/lib/liboverlay-scrollbar-0.2.so.0.0.16
8c5f5000-8c62f000 r-xp 00000000 08:06 1440019    /lib/i386-linux-gnu/libpcre.so.3.12.1
8c62f000-8c630000 r--p 00039000 08:06 1440019    /lib/i386-linux-gnu/libpcre.so.3.12.1
8c630000-8c631000 rw-p 0003a000 08:06 1440019    /lib/i386-linux-gnu/libpcre.so.3.12.1
8c631000-8c636000 r-xp 00000000 08:06 266401     /usr/lib/i386-linux-gnu/libffi.so.6.0.0
8c636000-8c637000 r--p 00004000 08:06 266401     /usr/lib/i386-linux-gnu/libffi.so.6.0.0
8c637000-8c638000 rw-p 00005000 08:06 266401     /usr/lib/i386-linux-gnu/libffi.so.6.0.0
8c638000-8c65e000 r-xp 00000000 08:06 1457396    /lib/i386-linux-gnu/libexpat.so.1.5.2
8c65e000-8c65f000 ---p 00026000 08:06 1457396    /lib/i386-linux-gnu/libexpat.so.1.5.2
8c65f000-8c661000 r--p 00026000 08:06 1457396    /lib/i386-linux-gnu/libexpat.so.1.5.2
8c661000-8c662000 rw-p 00028000 08:06 1457396    /lib/i386-linux-gnu/libexpat.so.1.5.2
8c662000-8c675000 r-xp 00000000 08:06 1457734    /lib/i386-linux-gnu/libresolv-2.15.so
8c675000-8c676000 ---p 00013000 08:06 1457734    /lib/i386-linux-gnu/libresolv-2.15.so
8c676000-8c677000 r--p 00013000 08:06 1457734    /lib/i386-linux-gnu/libresolv-2.15.so
8c677000-8c678000 rw-p 00014000 08:06 1457734    /lib/i386-linux-gnu/libresolv-2.15.so
8c678000-8c67a000 rw-p 00000000 00:00 0 
8c67a000-8c697000 r-xp 00000000 08:06 1439991    /lib/i386-linux-gnu/libselinux.so.1
8c697000-8c698000 r--p 0001c000 08:06 1439991    /lib/i386-linux-gnu/libselinux.so.1
8c698000-8c699000 rw-p 0001d000 08:06 1439991    /lib/i386-linux-gnu/libselinux.so.1
8c699000-8c6ad000 r-xp 00000000 08:06 1440014    /lib/i386-linux-gnu/libz.so.1.2.3.4
8c6ad000-8c6ae000 r--p 00013000 08:06 1440014    /lib/i386-linux-gnu/libz.so.1.2.3.4
8c6ae000-8c6af000 rw-p 00014000 08:06 1440014    /lib/i386-linux-gnu/libz.so.1.2.3.4
8c6af000-8c6b7000 r-xp 00000000 08:06 263969     /usr/lib/i386-linux-gnu/libxcb-render.so.0.0.0
8c6b7000-8c6b8000 r--p 00008000 08:06 263969     /usr/lib/i386-linux-gnu/libxcb-render.so.0.0.0
8c6b8000-8c6b9000 rw-p 00009000 08:06 263969     /usr/lib/i386-linux-gnu/libxcb-render.so.0.0.0
8c6b9000-8c6e1000 r-xp 00000000 08:06 1440022    /lib/i386-linux-gnu/libpng12.so.0.46.0
8c6e1000-8c6e2000 r--p 00027000 08:06 1440022    /lib/i386-linux-gnu/libpng12.so.0.46.0
8c6e2000-8c6e3000 rw-p 00028000 08:06 1440022    /lib/i386-linux-gnu/libpng12.so.0.46.0
8c6e3000-8c778000 r-xp 00000000 08:06 263811     /usr/lib/i386-linux-gnu/libpixman-1.so.0.30.2
8c778000-8c77d000 r--p 00095000 08:06 263811     /usr/lib/i386-linux-gnu/libpixman-1.so.0.30.2
8c77d000-8c77e000 rw-p 0009a000 08:06 263811     /usr/lib/i386-linux-gnu/libpixman-1.so.0.30.2
8c77e000-8c814000 r-xp 00000000 08:06 261665     /usr/lib/i386-linux-gnu/libfreetype.so.6.8.0
8c814000-8c818000 r--p 00095000 08:06 261665     /usr/lib/i386-linux-gnu/libfreetype.so.6.8.0
8c818000-8c819000 rw-p 00099000 08:06 261665     /usr/lib/i386-linux-gnu/libfreetype.so.6.8.0
8c819000-8c910000 r-xp 00000000 08:06 1452961    /lib/i386-linux-gnu/libglib-2.0.so.0.3200.4
8c910000-8c911000 r--p 000f6000 08:06 1452961    /lib/i386-linux-gnu/libglib-2.0.so.0.3200.4
8c911000-8c912000 rw-p 000f7000 08:06 1452961    /lib/i386-linux-gnu/libglib-2.0.so.0.3200.4
8c912000-8c95f000 r-xp 00000000 08:06 264162     /usr/lib/i386-linux-gnu/libgobject-2.0.so.0.3200.4
8c95f000-8c960000 r--p 0004c000 08:06 264162     /usr/lib/i386-linux-gnu/libgobject-2.0.so.0.3200.4
8c960000-8c961000 rw-p 0004d000 08:06 264162     /usr/lib/i386-linux-gnu/libgobject-2.0.so.0.3200.4
8c961000-8c993000 r-xp 00000000 08:06 265215     /usr/lib/i386-linux-gnu/libfontconfig.so.1.4.4
8c993000-8c994000 r--p 00032000 08:06 265215     /usr/lib/i386-linux-gnu/libfontconfig.so.1.4.4
8c994000-8c995000 rw-p 00033000 08:06 265215     /usr/lib/i386-linux-gnu/libfontconfig.so.1.4.4
8c995000-8c9dc000 r-xp 00000000 08:06 266638     /usr/lib/i386-linux-gnu/libpango-1.0.so.0.3000.0
8c9dc000-8c9dd000 ---p 00047000 08:06 266638     /usr/lib/i386-linux-gnu/libpango-1.0.so.0.3000.0
8c9dd000-8c9de000 r--p 00047000 08:06 266638     /usr/lib/i386-linux-gnu/libpango-1.0.so.0.3000.0
8c9de000-8c9df000 rw-p 00048000 08:06 266638     /usr/lib/i386-linux-gnu/libpango-1.0.so.0.3000.0
8c9df000-8ca09000 r-xp 00000000 08:06 266642     /usr/lib/i386-linux-gnu/libpangoft2-1.0.so.0.3000.0
8ca09000-8ca0a000 r--p 00029000 08:06 266642     /usr/lib/i386-linux-gnu/libpangoft2-1.0.so.0.3000.0
8ca0a000-8ca0b000 rw-p 0002a000 08:06 266642     /usr/lib/i386-linux-gnu/libpangoft2-1.0.so.0.3000.0
8ca0b000-8cb5e000 r-xp 00000000 08:06 264180     /usr/lib/i386-linux-gnu/libgio-2.0.so.0.3200.4
8cb5e000-8cb60000 r--p 00153000 08:06 264180     /usr/lib/i386-linux-gnu/libgio-2.0.so.0.3200.4
8cb60000-8cb61000 rw-p 00155000 08:06 264180     /usr/lib/i386-linux-gnu/libgio-2.0.so.0.3200.4
8cb61000-8cb62000 rw-p 00000000 00:00 0 
8cb62000-8cb82000 r-xp 00000000 08:06 312675     /usr/lib/i386-linux-gnu/libgdk_pixbuf-2.0.so.0.2600.1
8cb82000-8cb83000 r--p 0001f000 08:06 312675     /usr/lib/i386-linux-gnu/libgdk_pixbuf-2.0.so.0.2600.1
8cb83000-8cb84000 rw-p 00020000 08:06 312675     /usr/lib/i386-linux-gnu/libgdk_pixbuf-2.0.so.0.2600.1
8cb84000-8cc4b000 r-xp 00000000 08:06 266313     /usr/lib/i386-linux-gnu/libcairo.so.2.11000.2
8cc4b000-8cc4c000 r--p 000c7000 08:06 266313     /usr/lib/i386-linux-gnu/libcairo.so.2.11000.2
8cc4c000-8cc4d000 rw-p 000c8000 08:06 266313     /usr/lib/i386-linux-gnu/libcairo.so.2.11000.2
8cc4d000-8cc4f000 rw-p 00000000 00:00 0 
8cc4f000-8cc6c000 r-xp 00000000 08:06 266275     /usr/lib/i386-linux-gnu/libatk-1.0.so.0.20409.1
8cc6c000-8cc6e000 r--p 0001c000 08:06 266275     /usr/lib/i386-linux-gnu/libatk-1.0.so.0.20409.1
8cc6e000-8cc6f000 rw-p 0001e000 08:06 266275     /usr/lib/i386-linux-gnu/libatk-1.0.so.0.20409.1
8cc6f000-8cd1a000 r-xp 00000000 08:06 267137     /usr/lib/i386-linux-gnu/libgdk-x11-2.0.so.0.2400.10
8cd1a000-8cd1c000 r--p 000ab000 08:06 267137     /usr/lib/i386-linux-gnu/libgdk-x11-2.0.so.0.2400.10
8cd1c000-8cd1d000 rw-p 000ad000 08:06 267137     /usr/lib/i386-linux-gnu/libgdk-x11-2.0.so.0.2400.10
8cd1d000-8d17e000 r-xp 00000000 08:06 312683     /usr/lib/i386-linux-gnu/libgtk-x11-2.0.so.0.2400.10
8d17e000-8d182000 r--p 00461000 08:06 312683     /usr/lib/i386-linux-gnu/libgtk-x11-2.0.so.0.2400.10
8d182000-8d184000 rw-p 00465000 08:06 312683     /usr/lib/i386-linux-gnu/libgtk-x11-2.0.so.0.2400.10
8d184000-8d186000 rw-p 00000000 00:00 0 
8d186000-8d189000 ---p 00000000 00:00 0 
8d189000-8d1d7000 rw-p 00000000 00:00 0 
8d1d7000-8d1da000 ---p 00000000 00:00 0 
8d1da000-8d228000 rw-p 00000000 00:00 0 
8d228000-8d22b000 ---p 00000000 00:00 0 
8d22b000-8d279000 rw-p 00000000 00:00 0 
8d279000-8d27c000 ---p 00000000 00:00 0 
8d27c000-8d2ca000 rw-p 00000000 00:00 0 
8d2ca000-8d2cd000 ---p 00000000 00:00 0 
8d2cd000-8d31b000 rw-p 00000000 00:00 0 
8d31b000-8d44b000 r-xp 00000000 08:06 262277     /usr/lib/i386-linux-gnu/libX11.so.6.3.0
8d44b000-8d44c000 r--p 0012f000 08:06 262277     /usr/lib/i386-linux-gnu/libX11.so.6.3.0
8d44c000-8d44e000 rw-p 00130000 08:06 262277     /usr/lib/i386-linux-gnu/libX11.so.6.3.0
8d44e000-8d44f000 rw-p 00000000 00:00 0 
8d44f000-8d4d5000 r-xp 00000000 08:06 575776     /home/nicolas/jmonkeyplatform/jdk/jre/lib/i386/libawt.so
8d4d5000-8d4dc000 rw-p 00086000 08:06 575776     /home/nicolas/jmonkeyplatform/jdk/jre/lib/i386/libawt.so
8d4dc000-8d500000 rw-p 00000000 00:00 0 
8d500000-8d5fe000 rw-p 00000000 00:00 0 
8d5fe000-8d600000 ---p 00000000 00:00 0 
8d602000-8d60d000 r-xp 00000000 08:06 266640     /usr/lib/i386-linux-gnu/libpangocairo-1.0.so.0.3000.0
8d60d000-8d60e000 r--p 0000a000 08:06 266640     /usr/lib/i386-linux-gnu/libpangocairo-1.0.so.0.3000.0
8d60e000-8d60f000 rw-p 0000b000 08:06 266640     /usr/lib/i386-linux-gnu/libpangocairo-1.0.so.0.3000.0
8d60f000-8d618000 r-xp 00000000 08:06 266248     /usr/lib/i386-linux-gnu/libXcursor.so.1.0.2
8d618000-8d619000 r--p 00008000 08:06 266248     /usr/lib/i386-linux-gnu/libXcursor.so.1.0.2
8d619000-8d61a000 rw-p 00009000 08:06 266248     /usr/lib/i386-linux-gnu/libXcursor.so.1.0.2
8d61b000-8d620000 r--p 00000000 08:06 150642     /home/nicolas/.config/dconf/user
8d620000-8d62f000 r--p 00000000 08:06 537640     /usr/share/locale-langpack/es/LC_MESSAGES/gtk20.mo
8d62f000-8d678000 r-xp 00000000 08:06 575820     /home/nicolas/jmonkeyplatform/jdk/jre/lib/i386/xawt/libmawt.so
8d678000-8d67a000 rw-p 00049000 08:06 575820     /home/nicolas/jmonkeyplatform/jdk/jre/lib/i386/xawt/libmawt.so
8d67a000-8d67b000 rw-p 00000000 00:00 0 
8d67b000-8d67c000 ---p 00000000 00:00 0 
8d67c000-8d6fc000 rw-p 00000000 00:00 0 
8d6fc000-8d6ff000 ---p 00000000 00:00 0 
8d6ff000-8d74d000 rw-p 00000000 00:00 0 
8d74d000-8d750000 ---p 00000000 00:00 0 
8d750000-8d7ce000 rw-p 00000000 00:00 0 
8d7ce000-8d900000 r--p 005e3000 08:06 269989     /usr/lib/locale/locale-archive
8d900000-8db00000 r--p 00000000 08:06 269989     /usr/lib/locale/locale-archive
8db00000-8dbff000 rw-p 00000000 00:00 0 
8dbff000-8dc00000 ---p 00000000 00:00 0 
8dc00000-8dc01000 r-xp 00000000 08:06 575759     /home/nicolas/jmonkeyplatform/jdk/jre/lib/i386/libjawt.so
8dc01000-8dc02000 rw-p 00000000 08:06 575759     /home/nicolas/jmonkeyplatform/jdk/jre/lib/i386/libjawt.so
8dc02000-8dc04000 r--s 00000000 08:06 397451     /var/cache/fontconfig/e13b20fdb08344e0e664864cc2ede53d-le32d4.cache-3
8dc04000-8dc07000 r-xp 00000000 08:06 264620     /usr/lib/i386-linux-gnu/libgmodule-2.0.so.0.3200.4
8dc07000-8dc08000 r--p 00002000 08:06 264620     /usr/lib/i386-linux-gnu/libgmodule-2.0.so.0.3200.4
8dc08000-8dc09000 rw-p 00003000 08:06 264620     /usr/lib/i386-linux-gnu/libgmodule-2.0.so.0.3200.4
8dc09000-8dc2e000 r--p 00000000 08:06 543153     /usr/share/locale-langpack/es/LC_MESSAGES/libc.mo
8dc2e000-8dc31000 ---p 00000000 00:00 0 
8dc31000-8dcaf000 rw-p 00000000 00:00 0 
8dcaf000-8dcb2000 ---p 00000000 00:00 0 
8dcb2000-8dd00000 rw-p 00000000 00:00 0 
8dd00000-8ddfa000 rw-p 00000000 00:00 0 
8ddfa000-8de00000 ---p 00000000 00:00 0 
8de00000-8de02000 r-xp 00000000 08:06 266211     /usr/lib/i386-linux-gnu/libxcb-shm.so.0.0.0
8de02000-8de03000 r--p 00001000 08:06 266211     /usr/lib/i386-linux-gnu/libxcb-shm.so.0.0.0
8de03000-8de04000 rw-p 00002000 08:06 266211     /usr/lib/i386-linux-gnu/libxcb-shm.so.0.0.0
8de04000-8de0b000 r-xp 00000000 08:06 266242     /usr/lib/i386-linux-gnu/libXrandr.so.2.2.0
8de0b000-8de0c000 r--p 00006000 08:06 266242     /usr/lib/i386-linux-gnu/libXrandr.so.2.2.0
8de0c000-8de0d000 rw-p 00007000 08:06 266242     /usr/lib/i386-linux-gnu/libXrandr.so.2.2.0
8de0d000-8de2c000 r-xp 00000000 08:06 270372     /usr/lib/i386-linux-gnu/libxcb.so.1.1.0
8de2c000-8de2d000 r--p 0001f000 08:06 270372     /usr/lib/i386-linux-gnu/libxcb.so.1.1.0
8de2d000-8de2e000 rw-p 00020000 08:06 270372     /usr/lib/i386-linux-gnu/libxcb.so.1.1.0
8de2e000-8de31000 ---p 00000000 00:00 0 
8de31000-8de7f000 rw-p 00000000 00:00 0 
8de7f000-8de80000 ---p 00000000 00:00 0 
8de80000-8df00000 rw-p 00000000 00:00 0 
8df00000-8dffe000 rw-p 00000000 00:00 0 
8dffe000-8e000000 ---p 00000000 00:00 0 
8e000000-8e001000 rwxp 00000000 00:00 0 
8e001000-8e00b000 r--s 00250000 08:06 575835     /home/nicolas/jmonkeyplatform/jdk/jre/lib/resources.jar
8e00b000-8e010000 r-xp 00000000 08:06 266227     /usr/lib/i386-linux-gnu/libXdmcp.so.6.0.0
8e010000-8e011000 r--p 00004000 08:06 266227     /usr/lib/i386-linux-gnu/libXdmcp.so.6.0.0
8e011000-8e012000 rw-p 00005000 08:06 266227     /usr/lib/i386-linux-gnu/libXdmcp.so.6.0.0
8e012000-8e05d000 rw-p 00000000 00:00 0 
8e05d000-8e21a000 r--s 039bf000 08:06 575915     /home/nicolas/jmonkeyplatform/jdk/jre/lib/rt.jar
8e21a000-8f600000 rw-p 00000000 00:00 0 
8f600000-8f6fb000 rw-p 00000000 00:00 0 
8f6fb000-8f700000 ---p 00000000 00:00 0 
8f700000-8f702000 r-xp 00000000 08:06 266225     /usr/lib/i386-linux-gnu/libXdamage.so.1.1.0
8f702000-8f703000 r--p 00001000 08:06 266225     /usr/lib/i386-linux-gnu/libXdamage.so.1.1.0
8f703000-8f704000 rw-p 00002000 08:06 266225     /usr/lib/i386-linux-gnu/libXdamage.so.1.1.0
8f704000-8f713000 r-xp 00000000 08:06 261832     /usr/lib/i386-linux-gnu/libXi.so.6.1.0
8f713000-8f714000 r--p 0000e000 08:06 261832     /usr/lib/i386-linux-gnu/libXi.so.6.1.0
8f714000-8f715000 rw-p 0000f000 08:06 261832     /usr/lib/i386-linux-gnu/libXi.so.6.1.0
8f715000-8f71a000 r-xp 00000000 08:06 266250     /usr/lib/i386-linux-gnu/libXtst.so.6.1.0
8f71a000-8f71b000 r--p 00004000 08:06 266250     /usr/lib/i386-linux-gnu/libXtst.so.6.1.0
8f71b000-8f71c000 rw-p 00005000 08:06 266250     /usr/lib/i386-linux-gnu/libXtst.so.6.1.0
8f71c000-8f72c000 r-xp 00000000 08:06 266213     /usr/lib/i386-linux-gnu/libXext.so.6.4.0
8f72c000-8f72d000 r--p 0000f000 08:06 266213     /usr/lib/i386-linux-gnu/libXext.so.6.4.0
8f72d000-8f72e000 rw-p 00010000 08:06 266213     /usr/lib/i386-linux-gnu/libXext.so.6.4.0
8f72e000-8f731000 ---p 00000000 00:00 0 
8f731000-8f77f000 rw-p 00000000 00:00 0 
8f77f000-8f780000 ---p 00000000 00:00 0 
8f780000-8f800000 rw-p 00000000 00:00 0 
8f800000-8f821000 rw-p 00000000 00:00 0 
8f821000-8f900000 ---p 00000000 00:00 0 
8f900000-8f921000 rw-p 00000000 00:00 0 
8f921000-8fa00000 ---p 00000000 00:00 0 
8fa00000-8fa02000 r-xp 00000000 08:06 266216     /usr/lib/i386-linux-gnu/libXau.so.6.0.0
8fa02000-8fa03000 r--p 00001000 08:06 266216     /usr/lib/i386-linux-gnu/libXau.so.6.0.0
8fa03000-8fa04000 rw-p 00002000 08:06 266216     /usr/lib/i386-linux-gnu/libXau.so.6.0.0
8fa04000-8fa06000 r-xp 00000000 08:06 266221     /usr/lib/i386-linux-gnu/libXcomposite.so.1.0.0
8fa06000-8fa07000 r--p 00001000 08:06 266221     /usr/lib/i386-linux-gnu/libXcomposite.so.1.0.0
8fa07000-8fa08000 rw-p 00002000 08:06 266221     /usr/lib/i386-linux-gnu/libXcomposite.so.1.0.0
8fa08000-8fa0a000 r-xp 00000000 08:06 266234     /usr/lib/i386-linux-gnu/libXinerama.so.1.0.0
8fa0a000-8fa0b000 r--p 00001000 08:06 266234     /usr/lib/i386-linux-gnu/libXinerama.so.1.0.0
8fa0b000-8fa0c000 rw-p 00002000 08:06 266234     /usr/lib/i386-linux-gnu/libXinerama.so.1.0.0
8fa0c000-8fa10000 r-xp 00000000 08:06 263304     /usr/lib/i386-linux-gnu/libXfixes.so.3.1.0
8fa10000-8fa11000 r--p 00004000 08:06 263304     /usr/lib/i386-linux-gnu/libXfixes.so.3.1.0
8fa11000-8fa12000 rw-p 00005000 08:06 263304     /usr/lib/i386-linux-gnu/libXfixes.so.3.1.0
8fa12000-8fa19000 r--s 00000000 08:06 333336     /usr/lib/i386-linux-gnu/gconv/gconv-modules.cache
8fa19000-8fa24000 r--s 0037c000 08:06 575920     /home/nicolas/jmonkeyplatform/jdk/jre/lib/charsets.jar
8fa24000-8fa7f000 rw-p 00000000 00:00 0 
8fa7f000-8fa80000 ---p 00000000 00:00 0 
8fa80000-8fb00000 rw-p 00000000 00:00 0 
8fb00000-8fb21000 rw-p 00000000 00:00 0 
8fb21000-8fc00000 ---p 00000000 00:00 0 
8fc00000-8fc08000 r-xp 00000000 08:06 266256     /usr/lib/i386-linux-gnu/libXrender.so.1.3.0
8fc08000-8fc09000 r--p 00007000 08:06 266256     /usr/lib/i386-linux-gnu/libXrender.so.1.3.0
8fc09000-8fc0a000 rw-p 00008000 08:06 266256     /usr/lib/i386-linux-gnu/libXrender.so.1.3.0
8fc0a000-8fc0e000 r--s 000f7000 08:06 575905     /home/nicolas/jmonkeyplatform/jdk/jre/lib/ext/localedata.jar
8fc0e000-8fc15000 r--s 0286f000 08:06 446058     /home/nicolas/jmonkeyplatform/jmonkeyplatform/libs/jME3-testdata.jar
8fc15000-8fc18000 r--s 0001a000 08:06 446084     /home/nicolas/jmonkeyplatform/jmonkeyplatform/libs/xmlpull-xpp3.jar
8fc18000-8fc1a000 r--s 00012000 08:06 446185     /home/nicolas/jmonkeyplatform/jmonkeyplatform/libs/eventbus.jar
8fc1a000-8fc1c000 r--s 00010000 08:06 445976     /home/nicolas/jmonkeyplatform/jmonkeyplatform/libs/nifty-style-black.jar
8fc1c000-8fc24000 r--s 00039000 08:06 445856     /home/nicolas/jmonkeyplatform/jmonkeyplatform/libs/nifty-default-controls.jar
8fc24000-8fc30000 r--s 00076000 08:06 446255     /home/nicolas/jmonkeyplatform/jmonkeyplatform/libs/nifty.jar
8fc30000-8fc3a000 r--s 00079000 08:06 446212     /home/nicolas/jmonkeyplatform/jmonkeyplatform/libs/jbullet.jar
8fc3a000-8fc3b000 ---p 00000000 00:00 0 
8fc3b000-8fcbb000 rw-p 00000000 00:00 0 
8fcbb000-8fcbc000 ---p 00000000 00:00 0 
8fcbc000-8fd47000 rw-p 00000000 00:00 0 
8fd47000-8fde4000 rw-p 00000000 00:00 0 
8fde4000-8fdec000 rw-p 00000000 00:00 0 
8fdec000-8fe04000 rw-p 00000000 00:00 0 
8fe04000-8fe0f000 rw-p 00000000 00:00 0 
8fe0f000-8feab000 rw-p 00000000 00:00 0 
8feab000-8feb5000 rw-p 00000000 00:00 0 
8feb5000-8feff000 rw-p 00000000 00:00 0 
8feff000-90f00000 rw-p 00000000 00:00 0 
90f00000-93f00000 rw-p 00000000 00:00 0 
93f00000-953c0000 rw-p 00000000 00:00 0 
953c0000-a8d80000 rw-p 00000000 00:00 0 
a8d80000-aa000000 rw-p 00000000 00:00 0 
aa000000-b3500000 rw-p 00000000 00:00 0 
b3500000-b3503000 r--s 00000000 08:06 403123     /var/cache/fontconfig/7ef2298fde41cc6eeb7af42e48b7d293-le32d4.cache-3
b3503000-b3511000 r--s 000e2000 08:06 446251     /home/nicolas/jmonkeyplatform/jmonkeyplatform/libs/lwjgl.jar
b3511000-b3522000 r--s 0011b000 08:06 446159     /home/nicolas/jmonkeyplatform/jmonkeyplatform/libs/jME3-core.jar
b3522000-b352b000 rw-p 00000000 00:00 0 
b352b000-b35e2000 rw-p 00000000 00:00 0 
b35e2000-b3822000 rwxp 00000000 00:00 0 
b3822000-b65e2000 rw-p 00000000 00:00 0 
b65e2000-b65e9000 r-xp 00000000 08:06 1463396    /lib/i386-linux-gnu/libnss_compat-2.15.so
b65e9000-b65ea000 r--p 00006000 08:06 1463396    /lib/i386-linux-gnu/libnss_compat-2.15.so
b65ea000-b65eb000 rw-p 00007000 08:06 1463396    /lib/i386-linux-gnu/libnss_compat-2.15.so
b65eb000-b65ec000 r-xp 00000000 08:06 264433     /usr/lib/i386-linux-gnu/libgthread-2.0.so.0.3200.4
b65ec000-b65ed000 r--p 00000000 08:06 264433     /usr/lib/i386-linux-gnu/libgthread-2.0.so.0.3200.4
b65ed000-b65ee000 rw-p 00001000 08:06 264433     /usr/lib/i386-linux-gnu/libgthread-2.0.so.0.3200.4
b65ee000-b65ef000 r--s 00008000 08:06 446055     /home/nicolas/jmonkeyplatform/jmonkeyplatform/libs/jME3-niftygui.jar
b65ef000-b65f0000 r--s 0000b000 08:06 446112     /home/nicolas/jmonkeyplatform/jmonkeyplatform/libs/stack-alloc.jar
b65f0000-b65f2000 r--s 0003c000 08:06 446215     /home/nicolas/jmonkeyplatform/jmonkeyplatform/libs/vecmath.jar
b65f2000-b6600000 rw-p 00000000 00:00 0 
b6600000-b66f6000 rw-p 00000000 00:00 0 
b66f6000-b6700000 ---p 00000000 00:00 0 
b6700000-b6701000 r--s 00000000 08:06 150734     /home/nicolas/.cache/dconf/user
b6701000-b6705000 r--s 00025000 08:06 446077     /home/nicolas/jmonkeyplatform/jmonkeyplatform/libs/jME3-jbullet.jar
b6705000-b6709000 r--s 00030000 08:06 446234     /home/nicolas/jmonkeyplatform/jmonkeyplatform/libs/jinput.jar
b6709000-b670b000 r--s 00243000 08:06 445962     /home/nicolas/jmonkeyplatform/jmonkeyplatform/libs/jME3-lwjgl-natives.jar
b670b000-b6713000 rw-p 00000000 00:00 0 
b6713000-b672b000 rw-p 00000000 00:00 0 
b672b000-b6742000 r-xp 00000000 08:06 575808     /home/nicolas/jmonkeyplatform/jdk/jre/lib/i386/libzip.so
b6742000-b6743000 rw-p 00017000 08:06 575808     /home/nicolas/jmonkeyplatform/jdk/jre/lib/i386/libzip.so
b6743000-b674d000 r-xp 00000000 08:06 1463496    /lib/i386-linux-gnu/libnss_files-2.15.so
b674d000-b674e000 r--p 00009000 08:06 1463496    /lib/i386-linux-gnu/libnss_files-2.15.so
b674e000-b674f000 rw-p 0000a000 08:06 1463496    /lib/i386-linux-gnu/libnss_files-2.15.so
b674f000-b6759000 r-xp 00000000 08:06 1457653    /lib/i386-linux-gnu/libnss_nis-2.15.so
b6759000-b675a000 r--p 00009000 08:06 1457653    /lib/i386-linux-gnu/libnss_nis-2.15.so
b675a000-b675b000 rw-p 0000a000 08:06 1457653    /lib/i386-linux-gnu/libnss_nis-2.15.so
b675b000-b675d000 r--s 00017000 08:06 446141     /home/nicolas/jmonkeyplatform/jmonkeyplatform/libs/jME3-lwjgl.jar
b675d000-b6761000 r--s 00023000 08:06 446085     /home/nicolas/jmonkeyplatform/jmonkeyplatform/libs/jME3-terrain.jar
b6761000-b6762000 r--s 00009000 08:06 446056     /home/nicolas/jmonkeyplatform/jmonkeyplatform/libs/j-ogg-vorbisd.jar
b6762000-b6764000 r--s 00005000 08:06 446135     /home/nicolas/jmonkeyplatform/jmonkeyplatform/libs/j-ogg-oggd.jar
b6764000-b6765000 r--s 00002000 08:06 446163     /home/nicolas/jmonkeyplatform/jmonkeyplatform/libs/jME3-jogg.jar
b6765000-b6768000 r--s 0001c000 08:06 446010     /home/nicolas/jmonkeyplatform/jmonkeyplatform/libs/jME3-networking.jar
b6768000-b6770000 rw-s 00000000 08:06 1047998    /tmp/hsperfdata_nicolas/6414
b6770000-b6786000 r-xp 00000000 08:06 1463387    /lib/i386-linux-gnu/libnsl-2.15.so
b6786000-b6787000 r--p 00015000 08:06 1463387    /lib/i386-linux-gnu/libnsl-2.15.so
b6787000-b6788000 rw-p 00016000 08:06 1463387    /lib/i386-linux-gnu/libnsl-2.15.so
b6788000-b678a000 rw-p 00000000 00:00 0 
b678a000-b67ad000 r-xp 00000000 08:06 575809     /home/nicolas/jmonkeyplatform/jdk/jre/lib/i386/libjava.so
b67ad000-b67ae000 rw-p 00022000 08:06 575809     /home/nicolas/jmonkeyplatform/jdk/jre/lib/i386/libjava.so
b67ae000-b67b5000 r-xp 00000000 08:06 1457733    /lib/i386-linux-gnu/librt-2.15.so
b67b5000-b67b6000 r--p 00006000 08:06 1457733    /lib/i386-linux-gnu/librt-2.15.so
b67b6000-b67b7000 rw-p 00007000 08:06 1457733    /lib/i386-linux-gnu/librt-2.15.so
b67b7000-b67ba000 ---p 00000000 00:00 0 
b67ba000-b6808000 rw-p 00000000 00:00 0 
b6808000-b6832000 r-xp 00000000 08:06 1463497    /lib/i386-linux-gnu/libm-2.15.so
b6832000-b6833000 r--p 00029000 08:06 1463497    /lib/i386-linux-gnu/libm-2.15.so
b6833000-b6834000 rw-p 0002a000 08:06 1463497    /lib/i386-linux-gnu/libm-2.15.so
b6834000-b70ab000 r-xp 00000000 08:06 575813     /home/nicolas/jmonkeyplatform/jdk/jre/lib/i386/server/libjvm.so
b70ab000-b710f000 rw-p 00877000 08:06 575813     /home/nicolas/jmonkeyplatform/jdk/jre/lib/i386/server/libjvm.so
b710f000-b7533000 rw-p 00000000 00:00 0 
b7533000-b76d6000 r-xp 00000000 08:06 1461095    /lib/i386-linux-gnu/libc-2.15.so
b76d6000-b76d8000 r--p 001a3000 08:06 1461095    /lib/i386-linux-gnu/libc-2.15.so
b76d8000-b76d9000 rw-p 001a5000 08:06 1461095    /lib/i386-linux-gnu/libc-2.15.so
b76d9000-b76dc000 rw-p 00000000 00:00 0 
b76dc000-b76df000 r-xp 00000000 08:06 1457496    /lib/i386-linux-gnu/libdl-2.15.so
b76df000-b76e0000 r--p 00002000 08:06 1457496    /lib/i386-linux-gnu/libdl-2.15.so
b76e0000-b76e1000 rw-p 00003000 08:06 1457496    /lib/i386-linux-gnu/libdl-2.15.so
b76e1000-b76f4000 r-xp 00000000 08:06 576436     /home/nicolas/jmonkeyplatform/jdk/lib/i386/jli/libjli.so
b76f4000-b76f5000 rw-p 00012000 08:06 576436     /home/nicolas/jmonkeyplatform/jdk/lib/i386/jli/libjli.so
b76f5000-b76f6000 rw-p 00000000 00:00 0 
b76f6000-b770d000 r-xp 00000000 08:06 1463388    /lib/i386-linux-gnu/libpthread-2.15.so
b770d000-b770e000 r--p 00016000 08:06 1463388    /lib/i386-linux-gnu/libpthread-2.15.so
b770e000-b770f000 rw-p 00017000 08:06 1463388    /lib/i386-linux-gnu/libpthread-2.15.so
b770f000-b7711000 rw-p 00000000 00:00 0 
b7711000-b7714000 r--s 0007f000 08:06 446081     /home/nicolas/jmonkeyplatform/jmonkeyplatform/libs/jME3-effects.jar
b7714000-b7715000 r--s 00010000 08:06 446083     /home/nicolas/jmonkeyplatform/jmonkeyplatform/libs/jME3-plugins.jar
b7715000-b7718000 r--s 00035000 08:06 446078     /home/nicolas/jmonkeyplatform/jmonkeyplatform/libs/jME3-desktop.jar
b7718000-b7719000 rw-p 00000000 00:00 0 
b7719000-b771a000 r--p 00000000 00:00 0 
b771a000-b7725000 r-xp 00000000 08:06 575810     /home/nicolas/jmonkeyplatform/jdk/jre/lib/i386/libverify.so
b7725000-b7726000 rw-p 0000b000 08:06 575810     /home/nicolas/jmonkeyplatform/jdk/jre/lib/i386/libverify.so
b7726000-b7728000 rw-p 00000000 00:00 0 
b7728000-b7729000 r-xp 00000000 00:00 0          [vdso]
b7729000-b7749000 r-xp 00000000 08:06 1463394    /lib/i386-linux-gnu/ld-2.15.so
b7749000-b774a000 r--p 0001f000 08:06 1463394    /lib/i386-linux-gnu/ld-2.15.so
b774a000-b774b000 rw-p 00020000 08:06 1463394    /lib/i386-linux-gnu/ld-2.15.so
bfd8d000-bfdae000 rw-p 00000000 00:00 0          [stack]

VM Arguments:
jvm_args: -Dfile.encoding=UTF-8 
java_command: mygame.Main
Launcher Type: SUN_STANDARD

Environment Variables:
PATH=/usr/lib/lightdm/lightdm:/usr/local/sbin:/usr/local/bin:/usr/sbin:/usr/bin:/sbin:/bin:/usr/games
LD_LIBRARY_PATH=/home/nicolas/jmonkeyplatform/bin/../jdk/jre/lib/amd64:/home/nicolas/jmonkeyplatform/bin/../jdk/jre/lib/i386:
SHELL=/bin/bash
DISPLAY=:0.0

Signal Handlers:
SIGSEGV: [libjvm.so+0x7dd5e0], sa_mask[0]=0x7ffbfeff, sa_flags=0x10000004
SIGBUS: [libjvm.so+0x7dd5e0], sa_mask[0]=0x7ffbfeff, sa_flags=0x10000004
SIGFPE: [libjvm.so+0x678d60], sa_mask[0]=0x7ffbfeff, sa_flags=0x10000004
SIGPIPE: SIG_IGN, sa_mask[0]=0x00001000, sa_flags=0x10000000
SIGXFSZ: [libjvm.so+0x678d60], sa_mask[0]=0x7ffbfeff, sa_flags=0x10000004
SIGILL: [libjvm.so+0x678d60], sa_mask[0]=0x7ffbfeff, sa_flags=0x10000004
SIGUSR1: SIG_DFL, sa_mask[0]=0x00000000, sa_flags=0x00000000
SIGUSR2: [libjvm.so+0x67a250], sa_mask[0]=0x00000004, sa_flags=0x10000004
SIGHUP: [libjvm.so+0x67b3a0], sa_mask[0]=0x7ffbfeff, sa_flags=0x10000004
SIGINT: SIG_IGN, sa_mask[0]=0x00000000, sa_flags=0x00000000
SIGTERM: [libjvm.so+0x67b3a0], sa_mask[0]=0x7ffbfeff, sa_flags=0x10000004
SIGQUIT: [libjvm.so+0x67b3a0], sa_mask[0]=0x7ffbfeff, sa_flags=0x10000004


---------------  S Y S T E M  ---------------

OS:wheezy/sid

uname:Linux 3.2.0-107-generic-pae #148-Ubuntu SMP Mon Jul 18 20:44:42 UTC 2016 i686
libc:glibc 2.15 NPTL 2.15 
rlimit: STACK 8192k, CORE 0k, NPROC 15911, NOFILE 4096, AS infinity
load average:0,57 0,41 0,42

/proc/meminfo:
MemTotal:        2051308 kB
MemFree:          463380 kB
Buffers:           34304 kB
Cached:           414676 kB
SwapCached:        32068 kB
Active:           999316 kB
Inactive:         520900 kB
Active(anon):     869684 kB
Inactive(anon):   340144 kB
Active(file):     129632 kB
Inactive(file):   180756 kB
Unevictable:          16 kB
Mlocked:              16 kB
HighTotal:       1173704 kB
HighFree:          78360 kB
LowTotal:         877604 kB
LowFree:          385020 kB
SwapTotal:       1309260 kB
SwapFree:        1096764 kB
Dirty:               552 kB
Writeback:             0 kB
AnonPages:       1050572 kB
Mapped:            97532 kB
Shmem:            138592 kB
Slab:              38444 kB
SReclaimable:      19776 kB
SUnreclaim:        18668 kB
KernelStack:        3952 kB
PageTables:        10428 kB
NFS_Unstable:          0 kB
Bounce:                0 kB
WritebackTmp:          0 kB
CommitLimit:     2334912 kB
Committed_AS:    4051784 kB
VmallocTotal:     122880 kB
VmallocUsed:       11592 kB
VmallocChunk:     107248 kB
HardwareCorrupted:     0 kB
AnonHugePages:         0 kB
HugePages_Total:       0
HugePages_Free:        0
HugePages_Rsvd:        0
HugePages_Surp:        0
Hugepagesize:       2048 kB
DirectMap4k:       10232 kB
DirectMap2M:      903168 kB


CPU:total 4 (4 cores per cpu, 1 threads per core) family 6 model 15 stepping 11, cmov, cx8, fxsr, mmx, sse, sse2, sse3, ssse3, tsc

/proc/cpuinfo:
processor	: 0
vendor_id	: GenuineIntel
cpu family	: 6
model		: 15
model name	: Intel(R) Core(TM)2 Quad CPU    Q6600  @ 2.40GHz
stepping	: 11
microcode	: 0xb6
cpu MHz		: 2394.000
cache size	: 4096 KB
physical id	: 0
siblings	: 4
core id		: 0
cpu cores	: 4
apicid		: 0
initial apicid	: 0
fdiv_bug	: no
hlt_bug		: no
f00f_bug	: no
coma_bug	: no
fpu		: yes
fpu_exception	: yes
cpuid level	: 10
wp		: yes
flags		: fpu vme de pse tsc msr pae mce cx8 apic sep mtrr pge mca cmov pat pse36 clflush dts acpi mmx fxsr sse sse2 ss ht tm pbe nx lm constant_tsc arch_perfmon pebs bts aperfmperf pni dtes64 monitor ds_cpl vmx est tm2 ssse3 cx16 xtpr pdcm lahf_lm dtherm tpr_shadow vnmi flexpriority
bogomips	: 4775.99
clflush size	: 64
cache_alignment	: 64
address sizes	: 36 bits physical, 48 bits virtual
power management:

processor	: 1
vendor_id	: GenuineIntel
cpu family	: 6
model		: 15
model name	: Intel(R) Core(TM)2 Quad CPU    Q6600  @ 2.40GHz
stepping	: 11
microcode	: 0xb6
cpu MHz		: 2394.000
cache size	: 4096 KB
physical id	: 0
siblings	: 4
core id		: 2
cpu cores	: 4
apicid		: 2
initial apicid	: 2
fdiv_bug	: no
hlt_bug		: no
f00f_bug	: no
coma_bug	: no
fpu		: yes
fpu_exception	: yes
cpuid level	: 10
wp		: yes
flags		: fpu vme de pse tsc msr pae mce cx8 apic sep mtrr pge mca cmov pat pse36 clflush dts acpi mmx fxsr sse sse2 ss ht tm pbe nx lm constant_tsc arch_perfmon pebs bts aperfmperf pni dtes64 monitor ds_cpl vmx est tm2 ssse3 cx16 xtpr pdcm lahf_lm dtherm tpr_shadow vnmi flexpriority
bogomips	: 4776.00
clflush size	: 64
cache_alignment	: 64
address sizes	: 36 bits physical, 48 bits virtual
power management:

processor	: 2
vendor_id	: GenuineIntel
cpu family	: 6
model		: 15
model name	: Intel(R) Core(TM)2 Quad CPU    Q6600  @ 2.40GHz
stepping	: 11
microcode	: 0xb6
cpu MHz		: 1596.000
cache size	: 4096 KB
physical id	: 0
siblings	: 4
core id		: 1
cpu cores	: 4
apicid		: 1
initial apicid	: 1
fdiv_bug	: no
hlt_bug		: no
f00f_bug	: no
coma_bug	: no
fpu		: yes
fpu_exception	: yes
cpuid level	: 10
wp		: yes
flags		: fpu vme de pse tsc msr pae mce cx8 apic sep mtrr pge mca cmov pat pse36 clflush dts acpi mmx fxsr sse sse2 ss ht tm pbe nx lm constant_tsc arch_perfmon pebs bts aperfmperf pni dtes64 monitor ds_cpl vmx est tm2 ssse3 cx16 xtpr pdcm lahf_lm dtherm tpr_shadow vnmi flexpriority
bogomips	: 4775.98
clflush size	: 64
cache_alignment	: 64
address sizes	: 36 bits physical, 48 bits virtual
power management:

processor	: 3
vendor_id	: GenuineIntel
cpu family	: 6
model		: 15
model name	: Intel(R) Core(TM)2 Quad CPU    Q6600  @ 2.40GHz
stepping	: 11
microcode	: 0xb6
cpu MHz		: 2394.000
cache size	: 4096 KB
physical id	: 0
siblings	: 4
core id		: 3
cpu cores	: 4
apicid		: 3
initial apicid	: 3
fdiv_bug	: no
hlt_bug		: no
f00f_bug	: no
coma_bug	: no
fpu		: yes
fpu_exception	: yes
cpuid level	: 10
wp		: yes
flags		: fpu vme de pse tsc msr pae mce cx8 apic sep mtrr pge mca cmov pat pse36 clflush dts acpi mmx fxsr sse sse2 ss ht tm pbe nx lm constant_tsc arch_perfmon pebs bts aperfmperf pni dtes64 monitor ds_cpl vmx est tm2 ssse3 cx16 xtpr pdcm lahf_lm dtherm tpr_shadow vnmi flexpriority
bogomips	: 4775.99
clflush size	: 64
cache_alignment	: 64
address sizes	: 36 bits physical, 48 bits virtual
power management:



Memory: 4k page, physical 2051308k(463380k free), swap 1309260k(1096764k free)

vm_info: Java HotSpot(TM) Server VM (24.51-b03) for linux-x86 JRE (1.7.0_51-b13), built on Dec 18 2013 18:45:30 by "java_re" with gcc 4.3.0 20080428 (Red Hat 4.3.0-8)

time: Tue Aug 30 00:01:48 2016
elapsed time: 2 seconds

